### [bt]: This is batchtools v0.9.15
### [bt]: Starting calculation of 1 jobs
### [bt]: Setting working directory to '/Users/olivialiu/Documents/UBC/21Sum_RA/simul_for_three_models/src/src-final'
### [bt]: Memory measurement disabled
### [bt]: Starting job [batchtools job.id=144]
### [bt]: Generating problem instance for problem 'generate_data' ...
### [bt]: Applying algorithm 'fit_JMest' on problem 'generate_data' for job 144 (seed = 21071168) ...
[1] "get initial values for LME & GLM models --- done."
[1] "get initial values for GLME model --- done."
[1] "get initial values for survival models --- done."
[1] "estimate random effects --- done."
[1] "estimate fixed parameters --- done."
[1] "estimate dispersion parameters --- done."
############## Iteration: 1 ############### 
fixed.par: 2.63 0.67 -0.17 1.07 0.06 -1.67 0.32 -2.74 -1.28 2.81 1.52 -0.06 -0.47 -0.19 -0.94 -52.89 7.95 
FixedParDiff =  0.2621556 
likDiff =  1 
sigma: 0.95 0.09 -0.49 -0.05 1.95 
loglike: -5987.146 
########################################## 
[1] "estimate random effects --- done."
[1] "estimate fixed parameters --- done."
[1] "estimate dispersion parameters --- done."
############## Iteration: 2 ############### 
fixed.par: 2.21 0.96 -0.29 1.36 0.05 -1.7 0.31 -2.78 -1.24 2.69 1.55 -0.06 -0.54 -0.3 -1.13 -61.05 9.18 
FixedParDiff =  0.1924919 
likDiff =  0.006500517 
sigma: 0.97 0.1 -0.5 0.05 1.96 
loglike: -5948.227 
########################################## 
[1] "estimate random effects --- done."
[1] "estimate fixed parameters --- done."
[1] "estimate dispersion parameters --- done."
############## Iteration: 3 ############### 
fixed.par: 2.15 0.99 -0.31 1.39 0.06 -1.74 0.34 -2.78 -1.21 2.63 1.54 -0.07 -0.59 -0.44 -1.33 -68.85 10.36 
FixedParDiff =  0.09072213 
likDiff =  0.001068801 
sigma: 0.98 0.11 -0.49 0.14 1.98 
loglike: -5941.869 
########################################## 
[1] "estimate random effects --- done."
[1] "estimate fixed parameters --- done."
[1] "estimate dispersion parameters --- done."
############## Iteration: 4 ############### 
fixed.par: 2.14 1 -0.31 1.39 0.06 -1.74 0.34 -2.78 -1.19 2.58 1.52 -0.07 -0.63 -0.6 -1.53 -75.93 11.44 
FixedParDiff =  0.05751813 
likDiff =  0.000906225 
sigma: 0.98 0.1 -0.49 0.21 1.99 
loglike: -5936.485 
########################################## 
Successful convergence. Iteration stops because likDiff <= itertol.
Warning in sqrt(diag(solve(Hmat))) : NaNs produced

### [bt]: Job terminated successfully [batchtools job.id=144]
### [bt]: Calculation finished!
