### [bt]: This is batchtools v0.9.15
### [bt]: Starting calculation of 1 jobs
### [bt]: Setting working directory to '/Users/olivialiu/Documents/UBC/21Sum_RA/simul_for_three_models/src/src-final'
### [bt]: Memory measurement disabled
### [bt]: Starting job [batchtools job.id=225]
### [bt]: Generating problem instance for problem 'generate_data' ...
### [bt]: Applying algorithm 'fit_JMest' on problem 'generate_data' for job 225 (seed = 21071249) ...
[1] "get initial values for LME & GLM models --- done."
[1] "get initial values for GLME model --- done."
[1] "get initial values for survival models --- done."
[1] "estimate random effects --- done."
[1] "estimate fixed parameters --- done."
[1] "estimate dispersion parameters --- done."
############## Iteration: 1 ############### 
fixed.par: 2.63 0.67 -0.17 1.07 0.07 -1.7 0.34 -2.73 -1.28 2.81 1.52 -0.06 -0.48 -0.19 -0.97 -54.95 8.25 
FixedParDiff =  0.2686048 
likDiff =  1 
sigma: 0.95 0.09 -0.49 -0.05 1.95 
loglike: -5987.065 
########################################## 
[1] "estimate random effects --- done."
Warning in log(det(H/2/pi)) : NaNs produced
[1] "estimate fixed parameters --- done."
[1] "estimate dispersion parameters --- done."
############## Iteration: 2 ############### 
fixed.par: 2.2 0.96 -0.29 1.36 0.06 -1.72 0.32 -2.78 -1.23 2.68 1.54 -0.06 -0.54 -0.31 -1.16 -62.18 9.35 
FixedParDiff =  0.1904085 
likDiff =  0.006603469 
sigma: 0.97 0.1 -0.5 0.05 1.96 
loglike: -5947.529 
########################################## 
[1] "estimate random effects --- done."
[1] "estimate fixed parameters --- done."
[1] "estimate dispersion parameters --- done."
############## Iteration: 3 ############### 
fixed.par: 2.15 0.99 -0.31 1.39 0.06 -1.74 0.34 -2.78 -1.2 2.61 1.53 -0.07 -0.58 -0.44 -1.32 -67.88 10.22 
FixedParDiff =  0.06800144 
likDiff =  0.001031903 
sigma: 0.98 0.11 -0.49 0.15 1.98 
loglike: -5941.392 
########################################## 
[1] "estimate random effects --- done."
[1] "estimate fixed parameters --- done."
[1] "estimate dispersion parameters --- done."
############## Iteration: 4 ############### 
fixed.par: 2.14 1 -0.31 1.39 0.05 -1.72 0.33 -2.78 -1.2 2.59 1.53 -0.07 -0.64 -0.61 -1.54 -76.5 11.52 
FixedParDiff =  0.06408022 
likDiff =  0.0008262968 
sigma: 0.98 0.1 -0.49 0.21 1.99 
loglike: -5936.483 
########################################## 
Successful convergence. Iteration stops because likDiff <= itertol.
Warning in sqrt(diag(solve(Hmat))) : NaNs produced

### [bt]: Job terminated successfully [batchtools job.id=225]
### [bt]: Calculation finished!
