### [bt]: This is batchtools v0.9.15
### [bt]: Starting calculation of 1 jobs
### [bt]: Setting working directory to '/Users/olivialiu/Documents/UBC/21Sum_RA/simul_for_three_models/src/src-final'
### [bt]: Memory measurement disabled
### [bt]: Starting job [batchtools job.id=78]
### [bt]: Generating problem instance for problem 'generate_data' ...
### [bt]: Applying algorithm 'fit_JMest' on problem 'generate_data' for job 78 (seed = 21071102) ...
[1] "get initial values for LME & GLM models --- done."
[1] "get initial values for GLME model --- done."
[1] "get initial values for survival models --- done."
[1] "estimate random effects --- done."
[1] "estimate fixed parameters --- done."
[1] "estimate dispersion parameters --- done."
############## Iteration: 1 ############### 
fixed.par: 2.63 0.67 -0.17 1.07 0.06 -1.68 0.32 -2.74 -1.28 2.81 1.54 -0.06 -0.49 -0.19 -0.97 -55.06 8.27 
FixedParDiff =  0.2788294 
likDiff =  1 
sigma: 0.95 0.09 -0.49 -0.05 1.95 
loglike: -5987.07 
########################################## 
[1] "estimate random effects --- done."
[1] "estimate fixed parameters --- done."
[1] "estimate dispersion parameters --- done."
############## Iteration: 2 ############### 
fixed.par: 2.2 0.96 -0.29 1.36 0.06 -1.72 0.32 -2.78 -1.23 2.68 1.54 -0.06 -0.56 -0.31 -1.18 -63.67 9.58 
FixedParDiff =  0.1923638 
likDiff =  0.006611592 
sigma: 0.97 0.1 -0.5 0.05 1.96 
loglike: -5947.486 
########################################## 
[1] "estimate random effects --- done."
[1] "estimate fixed parameters --- done."
[1] "estimate dispersion parameters --- done."
############## Iteration: 3 ############### 
fixed.par: 2.15 0.99 -0.31 1.39 0.05 -1.73 0.33 -2.78 -1.2 2.6 1.53 -0.07 -0.6 -0.46 -1.37 -70.3 10.58 
FixedParDiff =  0.07213016 
likDiff =  0.001105193 
sigma: 0.98 0.11 -0.49 0.15 1.98 
loglike: -5940.913 
########################################## 
[1] "estimate random effects --- done."
[1] "estimate fixed parameters --- done."
[1] "estimate dispersion parameters --- done."
############## Iteration: 4 ############### 
fixed.par: 2.14 1 -0.31 1.4 0.05 -1.73 0.34 -2.78 -1.19 2.57 1.52 -0.07 -0.66 -0.63 -1.6 -79.01 11.9 
FixedParDiff =  0.06091269 
likDiff =  0.0008730014 
sigma: 0.98 0.1 -0.48 0.21 1.99 
loglike: -5935.726 
########################################## 
Successful convergence. Iteration stops because likDiff <= itertol.
Warning in sqrt(diag(solve(Hmat))) : NaNs produced

### [bt]: Job terminated successfully [batchtools job.id=78]
### [bt]: Calculation finished!
