### [bt]: This is batchtools v0.9.15
### [bt]: Starting calculation of 1 jobs
### [bt]: Setting working directory to '/Users/olivialiu/Documents/UBC/21Sum_RA/simul_for_three_models/src/src-final'
### [bt]: Memory measurement disabled
### [bt]: Starting job [batchtools job.id=287]
### [bt]: Generating problem instance for problem 'generate_data' ...
### [bt]: Applying algorithm 'fit_JMest' on problem 'generate_data' for job 287 (seed = 21071311) ...
[1] "get initial values for LME & GLM models --- done."
[1] "get initial values for GLME model --- done."
[1] "get initial values for survival models --- done."
[1] "estimate random effects --- done."
[1] "estimate fixed parameters --- done."
[1] "estimate dispersion parameters --- done."
############## Iteration: 1 ############### 
fixed.par: 2.63 0.67 -0.17 1.07 0.07 -1.69 0.33 -2.74 -1.27 2.81 1.52 -0.06 -0.48 -0.19 -0.96 -54.71 8.22 
FixedParDiff =  0.2694288 
likDiff =  1 
sigma: 0.95 0.09 -0.49 -0.05 1.95 
loglike: -5987.058 
########################################## 
[1] "estimate random effects --- done."
[1] "estimate fixed parameters --- done."
[1] "estimate dispersion parameters --- done."
############## Iteration: 2 ############### 
fixed.par: 2.2 0.96 -0.3 1.36 0.06 -1.73 0.33 -2.78 -1.24 2.68 1.55 -0.06 -0.54 -0.3 -1.15 -61.45 9.24 
FixedParDiff =  0.1848272 
likDiff =  0.006585815 
sigma: 0.97 0.1 -0.5 0.05 1.96 
loglike: -5947.629 
########################################## 
[1] "estimate random effects --- done."
[1] "estimate fixed parameters --- done."
[1] "estimate dispersion parameters --- done."
############## Iteration: 3 ############### 
fixed.par: 2.15 1 -0.31 1.39 0.06 -1.73 0.34 -2.78 -1.21 2.62 1.54 -0.07 -0.58 -0.44 -1.32 -68.02 10.24 
FixedParDiff =  0.07071693 
likDiff =  0.001011912 
sigma: 0.98 0.11 -0.49 0.15 1.98 
loglike: -5941.61 
########################################## 
[1] "estimate random effects --- done."
[1] "estimate fixed parameters --- done."
[1] "estimate dispersion parameters --- done."
############## Iteration: 4 ############### 
fixed.par: 2.14 1 -0.31 1.4 0.05 -1.72 0.33 -2.78 -1.2 2.59 1.52 -0.07 -0.64 -0.61 -1.54 -76.68 11.55 
FixedParDiff =  0.06474622 
likDiff =  0.0008527744 
sigma: 0.98 0.1 -0.49 0.21 1.99 
loglike: -5936.543 
########################################## 
Successful convergence. Iteration stops because likDiff <= itertol.
Warning in sqrt(diag(solve(Hmat))) : NaNs produced

### [bt]: Job terminated successfully [batchtools job.id=287]
### [bt]: Calculation finished!
