### [bt]: This is batchtools v0.9.15
### [bt]: Starting calculation of 1 jobs
### [bt]: Setting working directory to '/Users/olivialiu/Documents/UBC/21Sum_RA/simul_for_three_models/src/src-final'
### [bt]: Memory measurement disabled
### [bt]: Starting job [batchtools job.id=299]
### [bt]: Generating problem instance for problem 'generate_data' ...
### [bt]: Applying algorithm 'fit_JMest' on problem 'generate_data' for job 299 (seed = 21071323) ...
[1] "get initial values for LME & GLM models --- done."
[1] "get initial values for GLME model --- done."
[1] "get initial values for survival models --- done."
[1] "estimate random effects --- done."
[1] "estimate fixed parameters --- done."
[1] "estimate dispersion parameters --- done."
############## Iteration: 1 ############### 
fixed.par: 2.63 0.67 -0.17 1.07 0.07 -1.7 0.33 -2.73 -1.28 2.81 1.53 -0.06 -0.49 -0.19 -0.97 -54.96 8.26 
FixedParDiff =  0.2709415 
likDiff =  1 
sigma: 0.95 0.09 -0.49 -0.05 1.95 
loglike: -5987.072 
########################################## 
[1] "estimate random effects --- done."
[1] "estimate fixed parameters --- done."
[1] "estimate dispersion parameters --- done."
############## Iteration: 2 ############### 
fixed.par: 2.2 0.96 -0.29 1.36 0.05 -1.71 0.32 -2.78 -1.23 2.68 1.55 -0.06 -0.55 -0.31 -1.16 -62.62 9.42 
FixedParDiff =  0.1948976 
likDiff =  0.006608433 
sigma: 0.97 0.1 -0.5 0.05 1.96 
loglike: -5947.507 
########################################## 
[1] "estimate random effects --- done."
[1] "estimate fixed parameters --- done."
[1] "estimate dispersion parameters --- done."
############## Iteration: 3 ############### 
fixed.par: 2.15 0.99 -0.31 1.39 0.06 -1.73 0.34 -2.78 -1.21 2.61 1.54 -0.07 -0.6 -0.46 -1.37 -70.66 10.63 
FixedParDiff =  0.07880759 
likDiff =  0.001054096 
sigma: 0.98 0.11 -0.49 0.15 1.98 
loglike: -5941.238 
########################################## 
[1] "estimate random effects --- done."
[1] "estimate fixed parameters --- done."
[1] "estimate dispersion parameters --- done."
############## Iteration: 4 ############### 
fixed.par: 2.14 1 -0.31 1.4 0.06 -1.74 0.34 -2.78 -1.18 2.57 1.52 -0.07 -0.65 -0.63 -1.58 -78.15 11.77 
FixedParDiff =  0.05665747 
likDiff =  0.0009231388 
sigma: 0.98 0.1 -0.48 0.21 1.99 
loglike: -5935.753 
########################################## 
Successful convergence. Iteration stops because likDiff <= itertol.
Warning in sqrt(diag(solve(Hmat))) : NaNs produced

### [bt]: Job terminated successfully [batchtools job.id=299]
### [bt]: Calculation finished!
