### [bt]: This is batchtools v0.9.15
### [bt]: Starting calculation of 1 jobs
### [bt]: Setting working directory to '/Users/olivialiu/Documents/UBC/21Sum_RA/simul_for_three_models/src/src-final'
### [bt]: Memory measurement disabled
### [bt]: Starting job [batchtools job.id=288]
### [bt]: Generating problem instance for problem 'generate_data' ...
### [bt]: Applying algorithm 'fit_JMest' on problem 'generate_data' for job 288 (seed = 21071312) ...
[1] "get initial values for LME & GLM models --- done."
[1] "get initial values for GLME model --- done."
[1] "get initial values for survival models --- done."
[1] "estimate random effects --- done."
[1] "estimate fixed parameters --- done."
[1] "estimate dispersion parameters --- done."
############## Iteration: 1 ############### 
fixed.par: 2.63 0.67 -0.17 1.07 0.06 -1.68 0.33 -2.73 -1.28 2.81 1.53 -0.06 -0.49 -0.19 -0.97 -55.28 8.3 
FixedParDiff =  0.2790276 
likDiff =  1 
sigma: 0.95 0.09 -0.49 -0.05 1.95 
loglike: -5987.092 
########################################## 
[1] "estimate random effects --- done."
[1] "estimate fixed parameters --- done."
[1] "estimate dispersion parameters --- done."
############## Iteration: 2 ############### 
fixed.par: 2.2 0.96 -0.29 1.35 0.06 -1.72 0.32 -2.78 -1.23 2.67 1.54 -0.06 -0.54 -0.3 -1.15 -61.42 9.24 
FixedParDiff =  0.177769 
likDiff =  0.006620994 
sigma: 0.97 0.1 -0.5 0.05 1.96 
loglike: -5947.452 
########################################## 
[1] "estimate random effects --- done."
[1] "estimate fixed parameters --- done."
[1] "estimate dispersion parameters --- done."
############## Iteration: 3 ############### 
fixed.par: 2.15 0.99 -0.31 1.39 0.06 -1.74 0.34 -2.78 -1.21 2.62 1.53 -0.07 -0.59 -0.45 -1.34 -69.27 10.43 
FixedParDiff =  0.07639941 
likDiff =  0.0009975212 
sigma: 0.98 0.11 -0.49 0.15 1.98 
loglike: -5941.519 
########################################## 
Successful convergence. Iteration stops because likDiff <= itertol.

### [bt]: Job terminated successfully [batchtools job.id=288]
### [bt]: Calculation finished!
