### [bt]: This is batchtools v0.9.15
### [bt]: Starting calculation of 1 jobs
### [bt]: Setting working directory to '/Users/olivialiu/Documents/UBC/21Sum_RA/simul_for_three_models/src/src-final'
### [bt]: Memory measurement disabled
### [bt]: Starting job [batchtools job.id=51]
### [bt]: Generating problem instance for problem 'generate_data' ...
### [bt]: Applying algorithm 'fit_JMest' on problem 'generate_data' for job 51 (seed = 21071075) ...
[1] "get initial values for LME & GLM models --- done."
[1] "get initial values for GLME model --- done."
[1] "get initial values for survival models --- done."
[1] "estimate random effects --- done."
[1] "estimate fixed parameters --- done."
[1] "estimate dispersion parameters --- done."
############## Iteration: 1 ############### 
fixed.par: 2.63 0.67 -0.17 1.07 0.06 -1.67 0.32 -2.74 -1.28 2.81 1.53 -0.06 -0.48 -0.19 -0.96 -54.56 8.2 
FixedParDiff =  0.2759142 
likDiff =  1 
sigma: 0.95 0.09 -0.49 -0.05 1.95 
loglike: -5987.082 
########################################## 
[1] "estimate random effects --- done."
[1] "estimate fixed parameters --- done."
[1] "estimate dispersion parameters --- done."
############## Iteration: 2 ############### 
fixed.par: 2.2 0.96 -0.29 1.36 0.05 -1.7 0.31 -2.78 -1.24 2.68 1.55 -0.06 -0.55 -0.31 -1.17 -63 9.47 
FixedParDiff =  0.1944219 
likDiff =  0.006586171 
sigma: 0.97 0.1 -0.5 0.05 1.96 
loglike: -5947.65 
########################################## 
[1] "estimate random effects --- done."
[1] "estimate fixed parameters --- done."
[1] "estimate dispersion parameters --- done."
############## Iteration: 3 ############### 
fixed.par: 2.15 0.99 -0.31 1.39 0.06 -1.73 0.34 -2.78 -1.2 2.61 1.53 -0.07 -0.59 -0.45 -1.34 -69.02 10.39 
FixedParDiff =  0.0743649 
likDiff =  0.001091063 
sigma: 0.98 0.11 -0.49 0.15 1.98 
loglike: -5941.16 
########################################## 
[1] "estimate random effects --- done."
[1] "estimate fixed parameters --- done."
[1] "estimate dispersion parameters --- done."
############## Iteration: 4 ############### 
fixed.par: 2.14 1 -0.31 1.4 0.06 -1.74 0.34 -2.78 -1.19 2.58 1.53 -0.07 -0.65 -0.62 -1.56 -77.58 11.68 
FixedParDiff =  0.06091995 
likDiff =  0.0008457659 
sigma: 0.98 0.1 -0.49 0.21 1.99 
loglike: -5936.136 
########################################## 
Successful convergence. Iteration stops because likDiff <= itertol.
Warning in sqrt(diag(solve(Hmat))) : NaNs produced

### [bt]: Job terminated successfully [batchtools job.id=51]
### [bt]: Calculation finished!
