### [bt]: This is batchtools v0.9.15
### [bt]: Starting calculation of 1 jobs
### [bt]: Setting working directory to '/Users/olivialiu/Documents/UBC/21Sum_RA/simul_for_three_models/src/src-final'
### [bt]: Memory measurement disabled
### [bt]: Starting job [batchtools job.id=40]
### [bt]: Generating problem instance for problem 'generate_data' ...
### [bt]: Applying algorithm 'fit_JMest' on problem 'generate_data' for job 40 (seed = 21071064) ...
[1] "get initial values for LME & GLM models --- done."
[1] "get initial values for GLME model --- done."
[1] "get initial values for survival models --- done."
[1] "estimate random effects --- done."
[1] "estimate fixed parameters --- done."
[1] "estimate dispersion parameters --- done."
############## Iteration: 1 ############### 
fixed.par: 2.63 0.67 -0.17 1.07 0.07 -1.69 0.33 -2.73 -1.28 2.81 1.52 -0.06 -0.48 -0.19 -0.96 -54.82 8.24 
FixedParDiff =  0.2705285 
likDiff =  1 
sigma: 0.95 0.09 -0.49 -0.05 1.95 
loglike: -5987.087 
########################################## 
[1] "estimate random effects --- done."
[1] "estimate fixed parameters --- done."
[1] "estimate dispersion parameters --- done."
############## Iteration: 2 ############### 
fixed.par: 2.2 0.96 -0.3 1.36 0.06 -1.75 0.34 -2.78 -1.23 2.68 1.55 -0.06 -0.55 -0.31 -1.17 -63.07 9.49 
FixedParDiff =  0.1908654 
likDiff =  0.00660235 
sigma: 0.97 0.1 -0.5 0.05 1.96 
loglike: -5947.559 
########################################## 
[1] "estimate random effects --- done."
[1] "estimate fixed parameters --- done."
[1] "estimate dispersion parameters --- done."
############## Iteration: 3 ############### 
fixed.par: 2.15 0.99 -0.31 1.39 0.06 -1.75 0.35 -2.78 -1.2 2.61 1.53 -0.07 -0.59 -0.46 -1.36 -69.87 10.52 
FixedParDiff =  0.0719687 
likDiff =  0.001082562 
sigma: 0.98 0.11 -0.49 0.15 1.98 
loglike: -5941.12 
########################################## 
[1] "estimate random effects --- done."
[1] "estimate fixed parameters --- done."
[1] "estimate dispersion parameters --- done."
############## Iteration: 4 ############### 
fixed.par: 2.14 0.99 -0.31 1.4 0.05 -1.72 0.33 -2.78 -1.19 2.57 1.53 -0.07 -0.65 -0.62 -1.57 -77.61 11.69 
FixedParDiff =  0.06617518 
likDiff =  0.0008785084 
sigma: 0.98 0.1 -0.49 0.21 1.99 
loglike: -5935.901 
########################################## 
Successful convergence. Iteration stops because likDiff <= itertol.
Warning in sqrt(diag(solve(Hmat))) : NaNs produced

### [bt]: Job terminated successfully [batchtools job.id=40]
### [bt]: Calculation finished!
