### [bt]: This is batchtools v0.9.15
### [bt]: Starting calculation of 1 jobs
### [bt]: Setting working directory to '/Users/olivialiu/Documents/UBC/21Sum_RA/simul_for_three_models/src/src-final'
### [bt]: Memory measurement disabled
### [bt]: Starting job [batchtools job.id=239]
### [bt]: Generating problem instance for problem 'generate_data' ...
### [bt]: Applying algorithm 'fit_JMest' on problem 'generate_data' for job 239 (seed = 21071263) ...
[1] "get initial values for LME & GLM models --- done."
[1] "get initial values for GLME model --- done."
[1] "get initial values for survival models --- done."
[1] "estimate random effects --- done."
[1] "estimate fixed parameters --- done."
[1] "estimate dispersion parameters --- done."
############## Iteration: 1 ############### 
fixed.par: 2.63 0.67 -0.17 1.07 0.07 -1.69 0.33 -2.74 -1.28 2.81 1.54 -0.06 -0.47 -0.19 -0.94 -53.13 7.98 
FixedParDiff =  0.2606235 
likDiff =  1 
sigma: 0.95 0.09 -0.49 -0.05 1.95 
loglike: -5987.137 
########################################## 
[1] "estimate random effects --- done."
[1] "estimate fixed parameters --- done."
[1] "estimate dispersion parameters --- done."
############## Iteration: 2 ############### 
fixed.par: 2.2 0.96 -0.29 1.36 0.06 -1.72 0.32 -2.78 -1.24 2.69 1.55 -0.06 -0.55 -0.3 -1.16 -62.59 9.41 
FixedParDiff =  0.1974324 
likDiff =  0.006515515 
sigma: 0.97 0.1 -0.5 0.05 1.96 
loglike: -5948.128 
########################################## 
[1] "estimate random effects --- done."
[1] "estimate fixed parameters --- done."
[1] "estimate dispersion parameters --- done."
############## Iteration: 3 ############### 
fixed.par: 2.15 0.99 -0.31 1.39 0.06 -1.74 0.34 -2.78 -1.2 2.61 1.53 -0.07 -0.58 -0.44 -1.32 -68.11 10.25 
FixedParDiff =  0.06798211 
likDiff =  0.001123828 
sigma: 0.98 0.11 -0.49 0.14 1.98 
loglike: -5941.443 
########################################## 
[1] "estimate random effects --- done."
[1] "estimate fixed parameters --- done."
[1] "estimate dispersion parameters --- done."
############## Iteration: 4 ############### 
fixed.par: 2.14 1 -0.31 1.4 0.05 -1.73 0.34 -2.78 -1.2 2.59 1.53 -0.07 -0.63 -0.6 -1.53 -75.98 11.44 
FixedParDiff =  0.05928998 
likDiff =  0.0008329291 
sigma: 0.98 0.1 -0.49 0.21 1.99 
loglike: -5936.494 
########################################## 
Successful convergence. Iteration stops because likDiff <= itertol.
Warning in sqrt(diag(solve(Hmat))) : NaNs produced

### [bt]: Job terminated successfully [batchtools job.id=239]
### [bt]: Calculation finished!
