### [bt]: This is batchtools v0.9.15
### [bt]: Starting calculation of 1 jobs
### [bt]: Setting working directory to '/Users/olivialiu/Documents/UBC/21Sum_RA/simul_for_three_models/src/src-final'
### [bt]: Memory measurement disabled
### [bt]: Starting job [batchtools job.id=34]
### [bt]: Generating problem instance for problem 'generate_data' ...
### [bt]: Applying algorithm 'fit_JMest' on problem 'generate_data' for job 34 (seed = 21071058) ...
[1] "get initial values for LME & GLM models --- done."
[1] "get initial values for GLME model --- done."
[1] "get initial values for survival models --- done."
[1] "estimate random effects --- done."
[1] "estimate fixed parameters --- done."
[1] "estimate dispersion parameters --- done."
############## Iteration: 1 ############### 
fixed.par: 2.63 0.67 -0.17 1.07 0.06 -1.66 0.31 -2.74 -1.28 2.81 1.53 -0.06 -0.48 -0.19 -0.95 -54.16 8.14 
FixedParDiff =  0.2777398 
likDiff =  1 
sigma: 0.95 0.09 -0.49 -0.05 1.95 
loglike: -5987.057 
########################################## 
[1] "estimate random effects --- done."
[1] "estimate fixed parameters --- done."
[1] "estimate dispersion parameters --- done."
############## Iteration: 2 ############### 
fixed.par: 2.2 0.96 -0.3 1.36 0.06 -1.71 0.32 -2.78 -1.24 2.68 1.56 -0.06 -0.54 -0.3 -1.15 -61.76 9.29 
FixedParDiff =  0.1880217 
likDiff =  0.006558587 
sigma: 0.97 0.1 -0.5 0.05 1.96 
loglike: -5947.791 
########################################## 
[1] "estimate random effects --- done."
[1] "estimate fixed parameters --- done."
[1] "estimate dispersion parameters --- done."
############## Iteration: 3 ############### 
fixed.par: 2.15 0.99 -0.31 1.39 0.05 -1.72 0.33 -2.78 -1.21 2.62 1.53 -0.07 -0.58 -0.44 -1.33 -68.5 10.31 
FixedParDiff =  0.07042264 
likDiff =  0.001049689 
sigma: 0.98 0.11 -0.49 0.15 1.98 
loglike: -5941.548 
########################################## 
[1] "estimate random effects --- done."
[1] "estimate fixed parameters --- done."
[1] "estimate dispersion parameters --- done."
############## Iteration: 4 ############### 
fixed.par: 2.14 1 -0.31 1.4 0.06 -1.74 0.35 -2.78 -1.2 2.59 1.52 -0.07 -0.63 -0.6 -1.54 -76.26 11.48 
FixedParDiff =  0.06229611 
likDiff =  0.0008635629 
sigma: 0.98 0.1 -0.49 0.21 1.99 
loglike: -5936.417 
########################################## 
Successful convergence. Iteration stops because likDiff <= itertol.
Warning in sqrt(diag(solve(Hmat))) : NaNs produced

### [bt]: Job terminated successfully [batchtools job.id=34]
### [bt]: Calculation finished!
