### [bt]: This is batchtools v0.9.15
### [bt]: Starting calculation of 1 jobs
### [bt]: Setting working directory to '/Users/olivialiu/Documents/UBC/21Sum_RA/simul_for_three_models/src/src-final'
### [bt]: Memory measurement disabled
### [bt]: Starting job [batchtools job.id=151]
### [bt]: Generating problem instance for problem 'generate_data' ...
### [bt]: Applying algorithm 'fit_JMest' on problem 'generate_data' for job 151 (seed = 21071175) ...
[1] "get initial values for LME & GLM models --- done."
[1] "get initial values for GLME model --- done."
[1] "get initial values for survival models --- done."
[1] "estimate random effects --- done."
[1] "estimate fixed parameters --- done."
[1] "estimate dispersion parameters --- done."
############## Iteration: 1 ############### 
fixed.par: 2.63 0.67 -0.17 1.07 0.06 -1.67 0.31 -2.74 -1.29 2.81 1.55 -0.06 -0.47 -0.19 -0.94 -53.39 8.02 
FixedParDiff =  0.2695632 
likDiff =  1 
sigma: 0.95 0.09 -0.49 -0.05 1.95 
loglike: -5987.098 
########################################## 
[1] "estimate random effects --- done."
[1] "estimate fixed parameters --- done."
[1] "estimate dispersion parameters --- done."
############## Iteration: 2 ############### 
fixed.par: 2.2 0.96 -0.29 1.36 0.05 -1.69 0.3 -2.78 -1.24 2.69 1.54 -0.06 -0.54 -0.3 -1.15 -61.9 9.31 
FixedParDiff =  0.1949445 
likDiff =  0.006522083 
sigma: 0.97 0.1 -0.5 0.05 1.96 
loglike: -5948.049 
########################################## 
[1] "estimate random effects --- done."
[1] "estimate fixed parameters --- done."
[1] "estimate dispersion parameters --- done."
############## Iteration: 3 ############### 
fixed.par: 2.15 0.99 -0.31 1.39 0.05 -1.73 0.33 -2.78 -1.21 2.62 1.53 -0.07 -0.59 -0.44 -1.34 -69.21 10.42 
FixedParDiff =  0.08243119 
likDiff =  0.001088974 
sigma: 0.98 0.11 -0.49 0.14 1.98 
loglike: -5941.572 
########################################## 
[1] "estimate random effects --- done."
[1] "estimate fixed parameters --- done."
[1] "estimate dispersion parameters --- done."
############## Iteration: 4 ############### 
fixed.par: 2.14 1 -0.31 1.4 0.06 -1.74 0.35 -2.78 -1.19 2.58 1.52 -0.07 -0.65 -0.62 -1.57 -78.06 11.76 
FixedParDiff =  0.06600421 
likDiff =  0.000894234 
sigma: 0.98 0.1 -0.48 0.21 1.99 
loglike: -5936.259 
########################################## 
Successful convergence. Iteration stops because likDiff <= itertol.
Warning in sqrt(diag(solve(Hmat))) : NaNs produced

### [bt]: Job terminated successfully [batchtools job.id=151]
### [bt]: Calculation finished!
