### [bt]: This is batchtools v0.9.15
### [bt]: Starting calculation of 1 jobs
### [bt]: Setting working directory to '/Users/olivialiu/Documents/UBC/21Sum_RA/simul_for_three_models/src/src-final'
### [bt]: Memory measurement disabled
### [bt]: Starting job [batchtools job.id=130]
### [bt]: Generating problem instance for problem 'generate_data' ...
### [bt]: Applying algorithm 'fit_JMest' on problem 'generate_data' for job 130 (seed = 21071154) ...
[1] "get initial values for LME & GLM models --- done."
[1] "get initial values for GLME model --- done."
[1] "get initial values for survival models --- done."
[1] "estimate random effects --- done."
[1] "estimate fixed parameters --- done."
[1] "estimate dispersion parameters --- done."
############## Iteration: 1 ############### 
fixed.par: 2.63 0.67 -0.17 1.07 0.07 -1.72 0.35 -2.73 -1.28 2.81 1.53 -0.06 -0.47 -0.19 -0.94 -53.18 7.99 
FixedParDiff =  0.251443 
likDiff =  1 
sigma: 0.95 0.09 -0.49 -0.05 1.95 
loglike: -5987.152 
########################################## 
[1] "estimate random effects --- done."
[1] "estimate fixed parameters --- done."
[1] "estimate dispersion parameters --- done."
############## Iteration: 2 ############### 
fixed.par: 2.2 0.96 -0.3 1.36 0.05 -1.71 0.31 -2.78 -1.24 2.69 1.55 -0.06 -0.54 -0.3 -1.15 -62.13 9.34 
FixedParDiff =  0.2071457 
likDiff =  0.00652273 
sigma: 0.97 0.1 -0.5 0.05 1.96 
loglike: -5948.099 
########################################## 
[1] "estimate random effects --- done."
[1] "estimate fixed parameters --- done."
[1] "estimate dispersion parameters --- done."
############## Iteration: 3 ############### 
fixed.par: 2.15 0.99 -0.31 1.39 0.05 -1.72 0.33 -2.78 -1.21 2.62 1.53 -0.07 -0.58 -0.44 -1.33 -68.57 10.32 
FixedParDiff =  0.07010654 
likDiff =  0.001100316 
sigma: 0.98 0.11 -0.49 0.14 1.98 
loglike: -5941.554 
########################################## 
[1] "estimate random effects --- done."
[1] "estimate fixed parameters --- done."
[1] "estimate dispersion parameters --- done."
############## Iteration: 4 ############### 
fixed.par: 2.14 1 -0.31 1.4 0.05 -1.73 0.34 -2.78 -1.2 2.59 1.53 -0.07 -0.64 -0.61 -1.55 -76.88 11.58 
FixedParDiff =  0.06071745 
likDiff =  0.000864747 
sigma: 0.98 0.1 -0.48 0.21 1.99 
loglike: -5936.416 
########################################## 
Successful convergence. Iteration stops because likDiff <= itertol.
Warning in sqrt(diag(solve(Hmat))) : NaNs produced

### [bt]: Job terminated successfully [batchtools job.id=130]
### [bt]: Calculation finished!
