### [bt]: This is batchtools v0.9.15
### [bt]: Starting calculation of 1 jobs
### [bt]: Setting working directory to '/Users/olivialiu/Documents/UBC/21Sum_RA/simul_for_three_models/src/src-final'
### [bt]: Memory measurement disabled
### [bt]: Starting job [batchtools job.id=4]
### [bt]: Generating problem instance for problem 'generate_data' ...
### [bt]: Applying algorithm 'fit_JMest' on problem 'generate_data' for job 4 (seed = 21071028) ...
[1] "get initial values for LME & GLM models --- done."
[1] "get initial values for GLME model --- done."
[1] "get initial values for survival models --- done."
[1] "estimate random effects --- done."
[1] "estimate fixed parameters --- done."
[1] "estimate dispersion parameters --- done."
############## Iteration: 1 ############### 
fixed.par: 2.63 0.67 -0.17 1.07 0.07 -1.69 0.33 -2.73 -1.28 2.81 1.53 -0.06 -0.48 -0.19 -0.95 -54.09 8.13 
FixedParDiff =  0.2684367 
likDiff =  1 
sigma: 0.95 0.09 -0.49 -0.05 1.95 
loglike: -5987.083 
########################################## 
[1] "estimate random effects --- done."
[1] "estimate fixed parameters --- done."
[1] "estimate dispersion parameters --- done."
############## Iteration: 2 ############### 
fixed.par: 2.2 0.96 -0.29 1.36 0.05 -1.7 0.31 -2.78 -1.24 2.68 1.55 -0.06 -0.55 -0.3 -1.16 -62.35 9.38 
FixedParDiff =  0.1958058 
likDiff =  0.006563544 
sigma: 0.97 0.1 -0.5 0.05 1.96 
loglike: -5947.787 
########################################## 
[1] "estimate random effects --- done."
[1] "estimate fixed parameters --- done."
[1] "estimate dispersion parameters --- done."
############## Iteration: 3 ############### 
fixed.par: 2.15 0.99 -0.31 1.39 0.06 -1.73 0.34 -2.78 -1.21 2.61 1.54 -0.07 -0.58 -0.44 -1.32 -67.48 10.16 
FixedParDiff =  0.06980326 
likDiff =  0.001066175 
sigma: 0.98 0.11 -0.49 0.14 1.98 
loglike: -5941.445 
########################################## 
[1] "estimate random effects --- done."
[1] "estimate fixed parameters --- done."
[1] "estimate dispersion parameters --- done."
############## Iteration: 4 ############### 
fixed.par: 2.14 1 -0.31 1.39 0.05 -1.73 0.34 -2.78 -1.2 2.59 1.53 -0.07 -0.64 -0.6 -1.54 -76.49 11.52 
FixedParDiff =  0.06293409 
likDiff =  0.0008144271 
sigma: 0.98 0.1 -0.49 0.21 1.99 
loglike: -5936.607 
########################################## 
Successful convergence. Iteration stops because likDiff <= itertol.
Warning in sqrt(diag(solve(Hmat))) : NaNs produced

### [bt]: Job terminated successfully [batchtools job.id=4]
### [bt]: Calculation finished!
