### [bt]: This is batchtools v0.9.15
### [bt]: Starting calculation of 1 jobs
### [bt]: Setting working directory to '/Users/olivialiu/Documents/UBC/21Sum_RA/simul_for_three_models/src/src-final'
### [bt]: Memory measurement disabled
### [bt]: Starting job [batchtools job.id=229]
### [bt]: Generating problem instance for problem 'generate_data' ...
### [bt]: Applying algorithm 'fit_JMest' on problem 'generate_data' for job 229 (seed = 21071253) ...
[1] "get initial values for LME & GLM models --- done."
[1] "get initial values for GLME model --- done."
[1] "get initial values for survival models --- done."
[1] "estimate random effects --- done."
[1] "estimate fixed parameters --- done."
[1] "estimate dispersion parameters --- done."
############## Iteration: 1 ############### 
fixed.par: 2.63 0.67 -0.17 1.07 0.07 -1.71 0.34 -2.73 -1.28 2.81 1.54 -0.06 -0.48 -0.19 -0.96 -54.36 8.17 
FixedParDiff =  0.2626635 
likDiff =  1 
sigma: 0.95 0.09 -0.49 -0.05 1.95 
loglike: -5987.083 
########################################## 
[1] "estimate random effects --- done."
[1] "estimate fixed parameters --- done."
[1] "estimate dispersion parameters --- done."
############## Iteration: 2 ############### 
fixed.par: 2.21 0.96 -0.29 1.36 0.06 -1.72 0.32 -2.78 -1.23 2.68 1.55 -0.06 -0.56 -0.31 -1.18 -64.22 9.66 
FixedParDiff =  0.205183 
likDiff =  0.0065692 
sigma: 0.97 0.1 -0.5 0.05 1.96 
loglike: -5947.753 
########################################## 
[1] "estimate random effects --- done."
[1] "estimate fixed parameters --- done."
[1] "estimate dispersion parameters --- done."
############## Iteration: 3 ############### 
fixed.par: 2.15 0.99 -0.31 1.39 0.06 -1.73 0.33 -2.78 -1.2 2.6 1.53 -0.07 -0.6 -0.46 -1.37 -70.41 10.6 
FixedParDiff =  0.06981681 
likDiff =  0.001161405 
sigma: 0.98 0.11 -0.49 0.14 1.98 
loglike: -5940.845 
########################################## 
[1] "estimate random effects --- done."
[1] "estimate fixed parameters --- done."
[1] "estimate dispersion parameters --- done."
############## Iteration: 4 ############### 
fixed.par: 2.14 1 -0.31 1.4 0.06 -1.73 0.34 -2.78 -1.18 2.57 1.52 -0.07 -0.65 -0.63 -1.59 -78.59 11.84 
FixedParDiff =  0.05999207 
likDiff =  0.0008666523 
sigma: 0.98 0.1 -0.48 0.21 1.99 
loglike: -5935.697 
########################################## 
Successful convergence. Iteration stops because likDiff <= itertol.
Warning in sqrt(diag(solve(Hmat))) : NaNs produced

### [bt]: Job terminated successfully [batchtools job.id=229]
### [bt]: Calculation finished!
