### [bt]: This is batchtools v0.9.15
### [bt]: Starting calculation of 1 jobs
### [bt]: Setting working directory to '/Users/olivialiu/Documents/UBC/21Sum_RA/simul_for_three_models/src/src-final'
### [bt]: Memory measurement disabled
### [bt]: Starting job [batchtools job.id=260]
### [bt]: Generating problem instance for problem 'generate_data' ...
### [bt]: Applying algorithm 'fit_JMest' on problem 'generate_data' for job 260 (seed = 21071284) ...
[1] "get initial values for LME & GLM models --- done."
[1] "get initial values for GLME model --- done."
[1] "get initial values for survival models --- done."
[1] "estimate random effects --- done."
[1] "estimate fixed parameters --- done."
[1] "estimate dispersion parameters --- done."
############## Iteration: 1 ############### 
fixed.par: 2.63 0.67 -0.17 1.07 0.06 -1.67 0.31 -2.74 -1.28 2.81 1.53 -0.06 -0.49 -0.19 -0.97 -55 8.26 
FixedParDiff =  0.280535 
likDiff =  1 
sigma: 0.95 0.09 -0.49 -0.05 1.95 
loglike: -5987.084 
########################################## 
[1] "estimate random effects --- done."
[1] "estimate fixed parameters --- done."
[1] "estimate dispersion parameters --- done."
############## Iteration: 2 ############### 
fixed.par: 2.21 0.96 -0.29 1.36 0.06 -1.73 0.33 -2.78 -1.23 2.68 1.54 -0.06 -0.54 -0.3 -1.15 -61.59 9.26 
FixedParDiff =  0.1810279 
likDiff =  0.006603458 
sigma: 0.97 0.1 -0.5 0.05 1.96 
loglike: -5947.549 
########################################## 
[1] "estimate random effects --- done."
[1] "estimate fixed parameters --- done."
[1] "estimate dispersion parameters --- done."
############## Iteration: 3 ############### 
fixed.par: 2.15 0.99 -0.31 1.39 0.05 -1.72 0.33 -2.78 -1.21 2.62 1.53 -0.07 -0.58 -0.44 -1.33 -68.52 10.31 
FixedParDiff =  0.07323695 
likDiff =  0.001011395 
sigma: 0.98 0.11 -0.49 0.15 1.98 
loglike: -5941.533 
########################################## 
[1] "estimate random effects --- done."
[1] "estimate fixed parameters --- done."
[1] "estimate dispersion parameters --- done."
############## Iteration: 4 ############### 
fixed.par: 2.14 1 -0.31 1.4 0.05 -1.73 0.34 -2.78 -1.2 2.59 1.53 -0.07 -0.64 -0.61 -1.54 -76.65 11.54 
FixedParDiff =  0.06014362 
likDiff =  0.0008655122 
sigma: 0.98 0.1 -0.49 0.21 1.99 
loglike: -5936.391 
########################################## 
Successful convergence. Iteration stops because likDiff <= itertol.
Warning in sqrt(diag(solve(Hmat))) : NaNs produced

### [bt]: Job terminated successfully [batchtools job.id=260]
### [bt]: Calculation finished!
