### [bt]: This is batchtools v0.9.15
### [bt]: Starting calculation of 1 jobs
### [bt]: Setting working directory to '/Users/olivialiu/Documents/UBC/21Sum_RA/simul_for_three_models/src/src-final'
### [bt]: Memory measurement disabled
### [bt]: Starting job [batchtools job.id=2]
### [bt]: Generating problem instance for problem 'generate_data' ...
### [bt]: Applying algorithm 'fit_JMest' on problem 'generate_data' for job 2 (seed = 21071026) ...
[1] "get initial values for LME & GLM models --- done."
[1] "get initial values for GLME model --- done."
[1] "get initial values for survival models --- done."
[1] "estimate random effects --- done."
[1] "estimate fixed parameters --- done."
[1] "estimate dispersion parameters --- done."
############## Iteration: 1 ############### 
fixed.par: 2.63 0.67 -0.17 1.07 0.06 -1.68 0.32 -2.73 -1.29 2.81 1.54 -0.06 -0.49 -0.19 -0.97 -54.97 8.26 
FixedParDiff =  0.2784179 
likDiff =  1 
sigma: 0.95 0.09 -0.49 -0.05 1.95 
loglike: -5987.081 
########################################## 
[1] "estimate random effects --- done."
[1] "estimate fixed parameters --- done."
[1] "estimate dispersion parameters --- done."
############## Iteration: 2 ############### 
fixed.par: 2.21 0.96 -0.29 1.35 0.06 -1.72 0.32 -2.78 -1.23 2.68 1.55 -0.06 -0.54 -0.31 -1.15 -61.99 9.32 
FixedParDiff =  0.1829307 
likDiff =  0.006602913 
sigma: 0.97 0.1 -0.5 0.05 1.96 
loglike: -5947.549 
########################################## 
[1] "estimate random effects --- done."
[1] "estimate fixed parameters --- done."
[1] "estimate dispersion parameters --- done."
############## Iteration: 3 ############### 
fixed.par: 2.15 0.99 -0.31 1.39 0.05 -1.72 0.33 -2.78 -1.21 2.62 1.54 -0.07 -0.59 -0.45 -1.34 -69.46 10.45 
FixedParDiff =  0.07565688 
likDiff =  0.001033513 
sigma: 0.98 0.11 -0.49 0.15 1.98 
loglike: -5941.402 
########################################## 
[1] "estimate random effects --- done."
[1] "estimate fixed parameters --- done."
[1] "estimate dispersion parameters --- done."
############## Iteration: 4 ############### 
fixed.par: 2.14 1 -0.31 1.4 0.05 -1.73 0.34 -2.78 -1.19 2.58 1.52 -0.07 -0.64 -0.61 -1.55 -76.86 11.58 
FixedParDiff =  0.06038236 
likDiff =  0.0008925627 
sigma: 0.98 0.1 -0.48 0.21 1.99 
loglike: -5936.099 
########################################## 
Successful convergence. Iteration stops because likDiff <= itertol.
Warning in sqrt(diag(solve(Hmat))) : NaNs produced

### [bt]: Job terminated successfully [batchtools job.id=2]
### [bt]: Calculation finished!
