### [bt]: This is batchtools v0.9.15
### [bt]: Starting calculation of 1 jobs
### [bt]: Setting working directory to '/Users/olivialiu/Documents/UBC/21Sum_RA/simul_for_three_models/src/src-final'
### [bt]: Memory measurement disabled
### [bt]: Starting job [batchtools job.id=156]
### [bt]: Generating problem instance for problem 'generate_data' ...
### [bt]: Applying algorithm 'fit_JMest' on problem 'generate_data' for job 156 (seed = 21071180) ...
[1] "get initial values for LME & GLM models --- done."
[1] "get initial values for GLME model --- done."
[1] "get initial values for survival models --- done."
[1] "estimate random effects --- done."
[1] "estimate fixed parameters --- done."
[1] "estimate dispersion parameters --- done."
############## Iteration: 1 ############### 
fixed.par: 2.63 0.67 -0.17 1.07 0.07 -1.69 0.33 -2.74 -1.28 2.81 1.53 -0.06 -0.49 -0.19 -0.97 -54.93 8.25 
FixedParDiff =  0.2703142 
likDiff =  1 
sigma: 0.95 0.09 -0.49 -0.05 1.95 
loglike: -5987.083 
########################################## 
[1] "estimate random effects --- done."
[1] "estimate fixed parameters --- done."
[1] "estimate dispersion parameters --- done."
############## Iteration: 2 ############### 
fixed.par: 2.2 0.96 -0.29 1.36 0.06 -1.73 0.33 -2.78 -1.23 2.68 1.55 -0.06 -0.55 -0.31 -1.16 -62.69 9.43 
FixedParDiff =  0.1909082 
likDiff =  0.006605745 
sigma: 0.97 0.1 -0.5 0.05 1.96 
loglike: -5947.533 
########################################## 
[1] "estimate random effects --- done."
[1] "estimate fixed parameters --- done."
[1] "estimate dispersion parameters --- done."
############## Iteration: 3 ############### 
fixed.par: 2.15 0.99 -0.31 1.39 0.06 -1.74 0.34 -2.78 -1.2 2.61 1.54 -0.07 -0.58 -0.44 -1.32 -67.75 10.2 
FixedParDiff =  0.06378691 
likDiff =  0.001052641 
sigma: 0.98 0.11 -0.49 0.14 1.98 
loglike: -5941.273 
########################################## 
[1] "estimate random effects --- done."
[1] "estimate fixed parameters --- done."
[1] "estimate dispersion parameters --- done."
############## Iteration: 4 ############### 
fixed.par: 2.14 1 -0.31 1.4 0.06 -1.75 0.35 -2.77 -1.2 2.59 1.53 -0.07 -0.64 -0.61 -1.55 -77.27 11.64 
FixedParDiff =  0.06451599 
likDiff =  0.0008063824 
sigma: 0.98 0.1 -0.49 0.21 1.99 
loglike: -5936.482 
########################################## 
Successful convergence. Iteration stops because likDiff <= itertol.
Warning in sqrt(diag(solve(Hmat))) : NaNs produced

### [bt]: Job terminated successfully [batchtools job.id=156]
### [bt]: Calculation finished!
