### [bt]: This is batchtools v0.9.15
### [bt]: Starting calculation of 1 jobs
### [bt]: Setting working directory to '/Users/olivialiu/Documents/UBC/21Sum_RA/simul_for_three_models/src/src-final'
### [bt]: Memory measurement disabled
### [bt]: Starting job [batchtools job.id=121]
### [bt]: Generating problem instance for problem 'generate_data' ...
### [bt]: Applying algorithm 'fit_JMest' on problem 'generate_data' for job 121 (seed = 21071145) ...
[1] "get initial values for LME & GLM models --- done."
[1] "get initial values for GLME model --- done."
[1] "get initial values for survival models --- done."
[1] "estimate random effects --- done."
[1] "estimate fixed parameters --- done."
[1] "estimate dispersion parameters --- done."
############## Iteration: 1 ############### 
fixed.par: 2.63 0.67 -0.17 1.07 0.06 -1.67 0.31 -2.74 -1.29 2.81 1.55 -0.06 -0.49 -0.19 -0.97 -55.41 8.32 
FixedParDiff =  0.2866665 
likDiff =  1 
sigma: 0.95 0.09 -0.49 -0.05 1.95 
loglike: -5987.086 
########################################## 
[1] "estimate random effects --- done."
[1] "estimate fixed parameters --- done."
[1] "estimate dispersion parameters --- done."
############## Iteration: 2 ############### 
fixed.par: 2.2 0.96 -0.3 1.36 0.06 -1.72 0.32 -2.78 -1.23 2.67 1.55 -0.06 -0.56 -0.31 -1.18 -63.59 9.56 
FixedParDiff =  0.1914488 
likDiff =  0.006630756 
sigma: 0.97 0.1 -0.5 0.05 1.96 
loglike: -5947.387 
########################################## 
[1] "estimate random effects --- done."
[1] "estimate fixed parameters --- done."
[1] "estimate dispersion parameters --- done."
############## Iteration: 3 ############### 
fixed.par: 2.15 0.99 -0.31 1.39 0.05 -1.72 0.33 -2.78 -1.2 2.6 1.53 -0.07 -0.61 -0.46 -1.38 -71.09 10.7 
FixedParDiff =  0.07521624 
likDiff =  0.00108556 
sigma: 0.98 0.11 -0.49 0.15 1.98 
loglike: -5940.931 
########################################## 
[1] "estimate random effects --- done."
[1] "estimate fixed parameters --- done."
[1] "estimate dispersion parameters --- done."
############## Iteration: 4 ############### 
fixed.par: 2.14 1 -0.31 1.4 0.05 -1.73 0.34 -2.78 -1.18 2.56 1.52 -0.07 -0.64 -0.62 -1.56 -76.67 11.55 
FixedParDiff =  0.04884895 
likDiff =  0.0008977883 
sigma: 0.98 0.1 -0.48 0.21 1.99 
loglike: -5935.597 
########################################## 
Successful convergence. Iteration stops because likDiff <= itertol.
Warning in sqrt(diag(solve(Hmat))) : NaNs produced

### [bt]: Job terminated successfully [batchtools job.id=121]
### [bt]: Calculation finished!
