### [bt]: This is batchtools v0.9.15
### [bt]: Starting calculation of 1 jobs
### [bt]: Setting working directory to '/Users/olivialiu/Documents/UBC/21Sum_RA/simul_for_three_models/src/src-final'
### [bt]: Memory measurement disabled
### [bt]: Starting job [batchtools job.id=135]
### [bt]: Generating problem instance for problem 'generate_data' ...
### [bt]: Applying algorithm 'fit_JMest' on problem 'generate_data' for job 135 (seed = 21071159) ...
[1] "get initial values for LME & GLM models --- done."
[1] "get initial values for GLME model --- done."
[1] "get initial values for survival models --- done."
[1] "estimate random effects --- done."
[1] "estimate fixed parameters --- done."
[1] "estimate dispersion parameters --- done."
############## Iteration: 1 ############### 
fixed.par: 2.63 0.67 -0.17 1.07 0.07 -1.7 0.34 -2.73 -1.28 2.81 1.54 -0.06 -0.47 -0.19 -0.95 -53.64 8.06 
FixedParDiff =  0.26253 
likDiff =  1 
sigma: 0.95 0.09 -0.49 -0.05 1.95 
loglike: -5987.093 
########################################## 
[1] "estimate random effects --- done."
[1] "estimate fixed parameters --- done."
[1] "estimate dispersion parameters --- done."
############## Iteration: 2 ############### 
fixed.par: 2.2 0.96 -0.29 1.36 0.06 -1.72 0.33 -2.78 -1.24 2.69 1.56 -0.06 -0.55 -0.3 -1.16 -62.52 9.4 
FixedParDiff =  0.1964412 
likDiff =  0.006532695 
sigma: 0.97 0.1 -0.5 0.05 1.96 
loglike: -5947.981 
########################################## 
[1] "estimate random effects --- done."
[1] "estimate fixed parameters --- done."
[1] "estimate dispersion parameters --- done."
############## Iteration: 3 ############### 
fixed.par: 2.15 0.99 -0.31 1.39 0.06 -1.75 0.35 -2.78 -1.21 2.61 1.54 -0.07 -0.59 -0.45 -1.35 -69.51 10.46 
FixedParDiff =  0.0766656 
likDiff =  0.001104097 
sigma: 0.98 0.11 -0.49 0.14 1.98 
loglike: -5941.414 
########################################## 
[1] "estimate random effects --- done."
[1] "estimate fixed parameters --- done."
[1] "estimate dispersion parameters --- done."
############## Iteration: 4 ############### 
fixed.par: 2.14 1 -0.31 1.4 0.05 -1.73 0.34 -2.78 -1.19 2.58 1.52 -0.07 -0.64 -0.61 -1.55 -76.91 11.58 
FixedParDiff =  0.06016547 
likDiff =  0.0008874677 
sigma: 0.98 0.1 -0.48 0.21 1.99 
loglike: -5936.141 
########################################## 
Successful convergence. Iteration stops because likDiff <= itertol.
Warning in sqrt(diag(solve(Hmat))) : NaNs produced

### [bt]: Job terminated successfully [batchtools job.id=135]
### [bt]: Calculation finished!
