### [bt]: This is batchtools v0.9.15
### [bt]: Starting calculation of 1 jobs
### [bt]: Setting working directory to '/Users/olivialiu/Documents/UBC/21Sum_RA/simul_for_three_models/src/src-final'
### [bt]: Memory measurement disabled
### [bt]: Starting job [batchtools job.id=214]
### [bt]: Generating problem instance for problem 'generate_data' ...
### [bt]: Applying algorithm 'fit_JMest' on problem 'generate_data' for job 214 (seed = 21071238) ...
[1] "get initial values for LME & GLM models --- done."
[1] "get initial values for GLME model --- done."
[1] "get initial values for survival models --- done."
[1] "estimate random effects --- done."
[1] "estimate fixed parameters --- done."
[1] "estimate dispersion parameters --- done."
############## Iteration: 1 ############### 
fixed.par: 2.63 0.67 -0.17 1.07 0.06 -1.67 0.31 -2.74 -1.27 2.81 1.51 -0.06 -0.48 -0.19 -0.96 -54.73 8.22 
FixedParDiff =  0.2742569 
likDiff =  1 
sigma: 0.95 0.09 -0.49 -0.05 1.95 
loglike: -5987.074 
########################################## 
[1] "estimate random effects --- done."
[1] "estimate fixed parameters --- done."
[1] "estimate dispersion parameters --- done."
############## Iteration: 2 ############### 
fixed.par: 2.2 0.96 -0.29 1.36 0.06 -1.72 0.32 -2.78 -1.23 2.68 1.55 -0.06 -0.55 -0.31 -1.16 -62.46 9.39 
FixedParDiff =  0.1900381 
likDiff =  0.00659435 
sigma: 0.97 0.1 -0.5 0.05 1.96 
loglike: -5947.593 
########################################## 
[1] "estimate random effects --- done."
[1] "estimate fixed parameters --- done."
[1] "estimate dispersion parameters --- done."
############## Iteration: 3 ############### 
fixed.par: 2.15 0.99 -0.31 1.39 0.06 -1.74 0.34 -2.78 -1.2 2.61 1.53 -0.07 -0.59 -0.45 -1.35 -69.52 10.46 
FixedParDiff =  0.07516771 
likDiff =  0.001056747 
sigma: 0.98 0.11 -0.49 0.14 1.98 
loglike: -5941.308 
########################################## 
[1] "estimate random effects --- done."
[1] "estimate fixed parameters --- done."
[1] "estimate dispersion parameters --- done."
############## Iteration: 4 ############### 
fixed.par: 2.14 1 -0.31 1.4 0.06 -1.76 0.36 -2.77 -1.19 2.58 1.52 -0.07 -0.65 -0.62 -1.57 -77.73 11.71 
FixedParDiff =  0.06223862 
likDiff =  0.0008815819 
sigma: 0.98 0.1 -0.49 0.21 1.99 
loglike: -5936.07 
########################################## 
Successful convergence. Iteration stops because likDiff <= itertol.
Warning in sqrt(diag(solve(Hmat))) : NaNs produced

### [bt]: Job terminated successfully [batchtools job.id=214]
### [bt]: Calculation finished!
