### [bt]: This is batchtools v0.9.15
### [bt]: Starting calculation of 1 jobs
### [bt]: Setting working directory to '/Users/olivialiu/Documents/UBC/21Sum_RA/simul_for_three_models/src/src-final'
### [bt]: Memory measurement disabled
### [bt]: Starting job [batchtools job.id=39]
### [bt]: Generating problem instance for problem 'generate_data' ...
### [bt]: Applying algorithm 'fit_JMest' on problem 'generate_data' for job 39 (seed = 21071063) ...
[1] "get initial values for LME & GLM models --- done."
[1] "get initial values for GLME model --- done."
[1] "get initial values for survival models --- done."
[1] "estimate random effects --- done."
[1] "estimate fixed parameters --- done."
[1] "estimate dispersion parameters --- done."
############## Iteration: 1 ############### 
fixed.par: 2.63 0.67 -0.17 1.07 0.06 -1.67 0.32 -2.73 -1.28 2.81 1.53 -0.06 -0.49 -0.19 -0.97 -55.5 8.34 
FixedParDiff =  0.2829279 
likDiff =  1 
sigma: 0.95 0.09 -0.49 -0.05 1.95 
loglike: -5987.084 
########################################## 
[1] "estimate random effects --- done."
[1] "estimate fixed parameters --- done."
[1] "estimate dispersion parameters --- done."
############## Iteration: 2 ############### 
fixed.par: 2.2 0.96 -0.29 1.36 0.06 -1.73 0.33 -2.78 -1.23 2.67 1.55 -0.06 -0.55 -0.31 -1.17 -63.15 9.5 
FixedParDiff =  0.1878907 
likDiff =  0.00663838 
sigma: 0.97 0.1 -0.5 0.05 1.96 
loglike: -5947.34 
########################################## 
[1] "estimate random effects --- done."
[1] "estimate fixed parameters --- done."
[1] "estimate dispersion parameters --- done."
############## Iteration: 3 ############### 
fixed.par: 2.15 0.99 -0.31 1.39 0.05 -1.73 0.33 -2.78 -1.2 2.6 1.54 -0.07 -0.59 -0.46 -1.35 -69.64 10.48 
FixedParDiff =  0.07152007 
likDiff =  0.001060081 
sigma: 0.98 0.11 -0.49 0.15 1.98 
loglike: -5941.035 
########################################## 
[1] "estimate random effects --- done."
[1] "estimate fixed parameters --- done."
[1] "estimate dispersion parameters --- done."
############## Iteration: 4 ############### 
fixed.par: 2.14 1 -0.31 1.4 0.06 -1.74 0.35 -2.78 -1.19 2.58 1.52 -0.07 -0.64 -0.62 -1.56 -77.37 11.65 
FixedParDiff =  0.06034686 
likDiff =  0.0008572662 
sigma: 0.98 0.1 -0.49 0.21 1.99 
loglike: -5935.942 
########################################## 
Successful convergence. Iteration stops because likDiff <= itertol.
Warning in sqrt(diag(solve(Hmat))) : NaNs produced

### [bt]: Job terminated successfully [batchtools job.id=39]
### [bt]: Calculation finished!
