### [bt]: This is batchtools v0.9.15
### [bt]: Starting calculation of 1 jobs
### [bt]: Setting working directory to '/Users/olivialiu/Documents/UBC/21Sum_RA/simul_for_three_models/src/src-final'
### [bt]: Memory measurement disabled
### [bt]: Starting job [batchtools job.id=223]
### [bt]: Generating problem instance for problem 'generate_data' ...
### [bt]: Applying algorithm 'fit_JMest' on problem 'generate_data' for job 223 (seed = 21071247) ...
[1] "get initial values for LME & GLM models --- done."
[1] "get initial values for GLME model --- done."
[1] "get initial values for survival models --- done."
[1] "estimate random effects --- done."
[1] "estimate fixed parameters --- done."
[1] "estimate dispersion parameters --- done."
############## Iteration: 1 ############### 
fixed.par: 2.63 0.67 -0.17 1.07 0.06 -1.69 0.33 -2.74 -1.29 2.81 1.55 -0.06 -0.49 -0.19 -0.98 -55.63 8.36 
FixedParDiff =  0.2810874 
likDiff =  1 
sigma: 0.95 0.09 -0.49 -0.05 1.95 
loglike: -5987.08 
########################################## 
[1] "estimate random effects --- done."
[1] "estimate fixed parameters --- done."
[1] "estimate dispersion parameters --- done."
############## Iteration: 2 ############### 
fixed.par: 2.2 0.96 -0.3 1.36 0.05 -1.7 0.31 -2.78 -1.23 2.67 1.55 -0.06 -0.56 -0.31 -1.18 -63.61 9.57 
FixedParDiff =  0.1940068 
likDiff =  0.006641419 
sigma: 0.97 0.1 -0.5 0.05 1.96 
loglike: -5947.318 
########################################## 
[1] "estimate random effects --- done."
[1] "estimate fixed parameters --- done."
[1] "estimate dispersion parameters --- done."
############## Iteration: 3 ############### 
fixed.par: 2.15 0.99 -0.31 1.39 0.06 -1.72 0.33 -2.79 -1.2 2.6 1.54 -0.07 -0.6 -0.46 -1.37 -70.73 10.65 
FixedParDiff =  0.0754274 
likDiff =  0.001079795 
sigma: 0.98 0.11 -0.49 0.15 1.98 
loglike: -5940.896 
########################################## 
[1] "estimate random effects --- done."
[1] "estimate fixed parameters --- done."
[1] "estimate dispersion parameters --- done."
############## Iteration: 4 ############### 
fixed.par: 2.14 1 -0.31 1.4 0.05 -1.73 0.34 -2.78 -1.18 2.57 1.52 -0.07 -0.66 -0.64 -1.61 -79.59 11.99 
FixedParDiff =  0.06335832 
likDiff =  0.000889694 
sigma: 0.98 0.1 -0.49 0.21 1.99 
loglike: -5935.61 
########################################## 
Successful convergence. Iteration stops because likDiff <= itertol.
Warning in sqrt(diag(solve(Hmat))) : NaNs produced

### [bt]: Job terminated successfully [batchtools job.id=223]
### [bt]: Calculation finished!
