### [bt]: This is batchtools v0.9.15
### [bt]: Starting calculation of 1 jobs
### [bt]: Setting working directory to '/Users/olivialiu/Documents/UBC/21Sum_RA/simul_for_three_models/src/src-final'
### [bt]: Memory measurement disabled
### [bt]: Starting job [batchtools job.id=210]
### [bt]: Generating problem instance for problem 'generate_data' ...
### [bt]: Applying algorithm 'fit_JMest' on problem 'generate_data' for job 210 (seed = 21071234) ...
[1] "get initial values for LME & GLM models --- done."
[1] "get initial values for GLME model --- done."
[1] "get initial values for survival models --- done."
[1] "estimate random effects --- done."
[1] "estimate fixed parameters --- done."
[1] "estimate dispersion parameters --- done."
############## Iteration: 1 ############### 
fixed.par: 2.63 0.67 -0.17 1.07 0.07 -1.7 0.33 -2.73 -1.28 2.81 1.53 -0.06 -0.48 -0.19 -0.96 -54.66 8.21 
FixedParDiff =  0.2685973 
likDiff =  1 
sigma: 0.95 0.09 -0.49 -0.05 1.95 
loglike: -5987.075 
########################################## 
[1] "estimate random effects --- done."
[1] "estimate fixed parameters --- done."
[1] "estimate dispersion parameters --- done."
############## Iteration: 2 ############### 
fixed.par: 2.2 0.96 -0.3 1.36 0.06 -1.71 0.32 -2.78 -1.24 2.68 1.55 -0.06 -0.55 -0.31 -1.16 -62.24 9.36 
FixedParDiff =  0.1929144 
likDiff =  0.006590927 
sigma: 0.97 0.1 -0.5 0.05 1.96 
loglike: -5947.614 
########################################## 
[1] "estimate random effects --- done."
[1] "estimate fixed parameters --- done."
[1] "estimate dispersion parameters --- done."
############## Iteration: 3 ############### 
fixed.par: 2.15 0.99 -0.31 1.39 0.06 -1.74 0.34 -2.78 -1.2 2.61 1.53 -0.07 -0.58 -0.45 -1.33 -68.56 10.32 
FixedParDiff =  0.07219768 
likDiff =  0.001047467 
sigma: 0.98 0.11 -0.49 0.15 1.98 
loglike: -5941.384 
########################################## 
[1] "estimate random effects --- done."
[1] "estimate fixed parameters --- done."
[1] "estimate dispersion parameters --- done."
############## Iteration: 4 ############### 
fixed.par: 2.14 1 -0.31 1.4 0.06 -1.74 0.35 -2.78 -1.2 2.59 1.52 -0.07 -0.64 -0.61 -1.56 -77.23 11.63 
FixedParDiff =  0.06079957 
likDiff =  0.0008533426 
sigma: 0.98 0.1 -0.49 0.21 1.99 
loglike: -5936.314 
########################################## 
Successful convergence. Iteration stops because likDiff <= itertol.
Warning in sqrt(diag(solve(Hmat))) : NaNs produced

### [bt]: Job terminated successfully [batchtools job.id=210]
### [bt]: Calculation finished!
