### [bt]: This is batchtools v0.9.15
### [bt]: Starting calculation of 1 jobs
### [bt]: Setting working directory to '/Users/olivialiu/Documents/UBC/21Sum_RA/simul_for_three_models/src/src-final'
### [bt]: Memory measurement disabled
### [bt]: Starting job [batchtools job.id=74]
### [bt]: Generating problem instance for problem 'generate_data' ...
### [bt]: Applying algorithm 'fit_JMest' on problem 'generate_data' for job 74 (seed = 21071098) ...
[1] "get initial values for LME & GLM models --- done."
[1] "get initial values for GLME model --- done."
[1] "get initial values for survival models --- done."
[1] "estimate random effects --- done."
[1] "estimate fixed parameters --- done."
[1] "estimate dispersion parameters --- done."
############## Iteration: 1 ############### 
fixed.par: 2.63 0.67 -0.17 1.07 0.06 -1.66 0.3 -2.74 -1.28 2.81 1.54 -0.06 -0.49 -0.19 -0.97 -55.39 8.32 
FixedParDiff =  0.2860139 
likDiff =  1 
sigma: 0.95 0.09 -0.49 -0.05 1.95 
loglike: -5987.095 
########################################## 
[1] "estimate random effects --- done."
[1] "estimate fixed parameters --- done."
[1] "estimate dispersion parameters --- done."
############## Iteration: 2 ############### 
fixed.par: 2.2 0.96 -0.3 1.36 0.06 -1.71 0.31 -2.78 -1.23 2.67 1.55 -0.06 -0.54 -0.31 -1.15 -61.55 9.26 
FixedParDiff =  0.181461 
likDiff =  0.006627411 
sigma: 0.97 0.1 -0.5 0.05 1.96 
loglike: -5947.416 
########################################## 
[1] "estimate random effects --- done."
[1] "estimate fixed parameters --- done."
[1] "estimate dispersion parameters --- done."
############## Iteration: 3 ############### 
fixed.par: 2.15 0.99 -0.31 1.39 0.06 -1.73 0.34 -2.78 -1.21 2.62 1.53 -0.07 -0.59 -0.45 -1.34 -69.29 10.43 
FixedParDiff =  0.0780941 
likDiff =  0.0009972145 
sigma: 0.98 0.11 -0.49 0.15 1.98 
loglike: -5941.485 
########################################## 
Successful convergence. Iteration stops because likDiff <= itertol.

### [bt]: Job terminated successfully [batchtools job.id=74]
### [bt]: Calculation finished!
