### [bt]: This is batchtools v0.9.15
### [bt]: Starting calculation of 1 jobs
### [bt]: Setting working directory to '/Users/olivialiu/Documents/UBC/21Sum_RA/simul_for_three_models/src/src-final'
### [bt]: Memory measurement disabled
### [bt]: Starting job [batchtools job.id=125]
### [bt]: Generating problem instance for problem 'generate_data' ...
### [bt]: Applying algorithm 'fit_JMest' on problem 'generate_data' for job 125 (seed = 21071149) ...
[1] "get initial values for LME & GLM models --- done."
[1] "get initial values for GLME model --- done."
[1] "get initial values for survival models --- done."
[1] "estimate random effects --- done."
[1] "estimate fixed parameters --- done."
[1] "estimate dispersion parameters --- done."
############## Iteration: 1 ############### 
fixed.par: 2.63 0.67 -0.17 1.07 0.07 -1.7 0.34 -2.73 -1.28 2.81 1.54 -0.06 -0.48 -0.19 -0.96 -54.77 8.23 
FixedParDiff =  0.2691769 
likDiff =  1 
sigma: 0.95 0.09 -0.49 -0.05 1.95 
loglike: -5987.081 
########################################## 
[1] "estimate random effects --- done."
[1] "estimate fixed parameters --- done."
[1] "estimate dispersion parameters --- done."
############## Iteration: 2 ############### 
fixed.par: 2.2 0.96 -0.29 1.36 0.06 -1.72 0.32 -2.78 -1.23 2.68 1.54 -0.06 -0.55 -0.31 -1.17 -63.1 9.49 
FixedParDiff =  0.196562 
likDiff =  0.006596335 
sigma: 0.97 0.1 -0.5 0.05 1.96 
loglike: -5947.588 
########################################## 
[1] "estimate random effects --- done."
[1] "estimate fixed parameters --- done."
[1] "estimate dispersion parameters --- done."
############## Iteration: 3 ############### 
fixed.par: 2.15 0.99 -0.31 1.39 0.05 -1.72 0.32 -2.78 -1.2 2.61 1.53 -0.07 -0.59 -0.45 -1.35 -69.68 10.49 
FixedParDiff =  0.07030078 
likDiff =  0.001088622 
sigma: 0.98 0.11 -0.49 0.15 1.98 
loglike: -5941.113 
########################################## 
[1] "estimate random effects --- done."
[1] "estimate fixed parameters --- done."
[1] "estimate dispersion parameters --- done."
############## Iteration: 4 ############### 
fixed.par: 2.14 1 -0.31 1.39 0.06 -1.74 0.34 -2.78 -1.19 2.58 1.52 -0.07 -0.65 -0.63 -1.58 -78.6 11.84 
FixedParDiff =  0.06743816 
likDiff =  0.000868404 
sigma: 0.98 0.1 -0.49 0.21 1.99 
loglike: -5935.954 
########################################## 
Successful convergence. Iteration stops because likDiff <= itertol.
Warning in sqrt(diag(solve(Hmat))) : NaNs produced

### [bt]: Job terminated successfully [batchtools job.id=125]
### [bt]: Calculation finished!
