### [bt]: This is batchtools v0.9.15
### [bt]: Starting calculation of 1 jobs
### [bt]: Setting working directory to '/Users/olivialiu/Documents/UBC/21Sum_RA/simul_for_three_models/src/src-final'
### [bt]: Memory measurement disabled
### [bt]: Starting job [batchtools job.id=188]
### [bt]: Generating problem instance for problem 'generate_data' ...
### [bt]: Applying algorithm 'fit_JMest' on problem 'generate_data' for job 188 (seed = 21071212) ...
[1] "get initial values for LME & GLM models --- done."
[1] "get initial values for GLME model --- done."
[1] "get initial values for survival models --- done."
[1] "estimate random effects --- done."
[1] "estimate fixed parameters --- done."
[1] "estimate dispersion parameters --- done."
############## Iteration: 1 ############### 
fixed.par: 2.63 0.67 -0.17 1.07 0.06 -1.68 0.32 -2.73 -1.28 2.81 1.53 -0.06 -0.49 -0.19 -0.97 -55.17 8.29 
FixedParDiff =  0.2781287 
likDiff =  1 
sigma: 0.95 0.09 -0.49 -0.05 1.95 
loglike: -5987.088 
########################################## 
[1] "estimate random effects --- done."
[1] "estimate fixed parameters --- done."
[1] "estimate dispersion parameters --- done."
############## Iteration: 2 ############### 
fixed.par: 2.2 0.96 -0.3 1.36 0.06 -1.72 0.32 -2.78 -1.23 2.67 1.54 -0.06 -0.54 -0.31 -1.16 -62.19 9.35 
FixedParDiff =  0.1844614 
likDiff =  0.006619799 
sigma: 0.97 0.1 -0.5 0.05 1.96 
loglike: -5947.455 
########################################## 
[1] "estimate random effects --- done."
[1] "estimate fixed parameters --- done."
[1] "estimate dispersion parameters --- done."
############## Iteration: 3 ############### 
fixed.par: 2.15 0.99 -0.31 1.39 0.06 -1.73 0.33 -2.78 -1.21 2.61 1.54 -0.07 -0.58 -0.44 -1.33 -68.1 10.25 
FixedParDiff =  0.06522001 
likDiff =  0.001026459 
sigma: 0.98 0.11 -0.49 0.15 1.98 
loglike: -5941.35 
########################################## 
[1] "estimate random effects --- done."
[1] "estimate fixed parameters --- done."
[1] "estimate dispersion parameters --- done."
############## Iteration: 4 ############### 
fixed.par: 2.14 0.99 -0.31 1.4 0.05 -1.71 0.32 -2.78 -1.2 2.59 1.52 -0.07 -0.64 -0.61 -1.54 -76.69 11.55 
FixedParDiff =  0.06493464 
likDiff =  0.0008295594 
sigma: 0.98 0.1 -0.49 0.21 1.99 
loglike: -5936.421 
########################################## 
Successful convergence. Iteration stops because likDiff <= itertol.
Warning in sqrt(diag(solve(Hmat))) : NaNs produced

### [bt]: Job terminated successfully [batchtools job.id=188]
### [bt]: Calculation finished!
