### [bt]: This is batchtools v0.9.15
### [bt]: Starting calculation of 1 jobs
### [bt]: Setting working directory to '/Users/olivialiu/Documents/UBC/21Sum_RA/simul_for_three_models/src/src-final'
### [bt]: Memory measurement disabled
### [bt]: Starting job [batchtools job.id=505]
### [bt]: Generating problem instance for problem 'generate_data' ...
### [bt]: Applying algorithm 'fit_JMest' on problem 'generate_data' for job 505 (seed = 21071529) ...
[1] "get initial values for LME & GLM models --- done."
[1] "get initial values for GLME model --- done."
[1] "get initial values for survival models --- done."
[1] "estimate random effects --- done."
Warning in log(det(H/2/pi)) : NaNs produced
Warning in log(det(H/2/pi)) : NaNs produced
[1] "estimate fixed parameters --- done."
[1] "estimate dispersion parameters --- done."
############## Iteration: 1 ############### 
fixed.par: 2.63 0.67 -0.17 1.07 0.07 -1.69 0.33 -2.73 -1.29 2.84 1.54 -0.06 -0.38 -0.14 -0.77 
FixedParDiff =  0.2102148 
likDiff =  1 
sigma: 0.95 0.08 -0.49 -0.04 1.95 
loglike: -5823.991 
########################################## 
[1] "estimate random effects --- done."
Warning in log(det(H/2/pi)) : NaNs produced
[1] "estimate fixed parameters --- done."
[1] "estimate dispersion parameters --- done."
############## Iteration: 2 ############### 
fixed.par: 2.2 0.96 -0.29 1.36 0.06 -1.71 0.32 -2.78 -1.28 2.78 1.56 -0.06 -0.43 -0.21 -0.89 
FixedParDiff =  0.1886026 
likDiff =  0.006111345 
sigma: 0.97 0.1 -0.5 0.05 1.96 
loglike: -5788.399 
########################################## 
[1] "estimate random effects --- done."
[1] "estimate fixed parameters --- done."
[1] "estimate dispersion parameters --- done."
############## Iteration: 3 ############### 
fixed.par: 2.15 0.99 -0.31 1.39 0.06 -1.73 0.33 -2.79 -1.27 2.75 1.55 -0.07 -0.46 -0.31 -1.01 
FixedParDiff =  0.06127984 
likDiff =  0.000818228 
sigma: 0.98 0.11 -0.5 0.15 1.97 
loglike: -5783.663 
########################################## 
Successful convergence. Iteration stops because likDiff <= itertol.

### [bt]: Job terminated successfully [batchtools job.id=505]
### [bt]: Calculation finished!
