### [bt]: This is batchtools v0.9.15
### [bt]: Starting calculation of 1 jobs
### [bt]: Setting working directory to '/Users/olivialiu/Documents/UBC/21Sum_RA/simul_for_three_models/src/src-final'
### [bt]: Memory measurement disabled
### [bt]: Starting job [batchtools job.id=123]
### [bt]: Generating problem instance for problem 'generate_data' ...
### [bt]: Applying algorithm 'fit_JMest' on problem 'generate_data' for job 123 (seed = 21071147) ...
[1] "get initial values for LME & GLM models --- done."
[1] "get initial values for GLME model --- done."
[1] "get initial values for survival models --- done."
[1] "estimate random effects --- done."
[1] "estimate fixed parameters --- done."
[1] "estimate dispersion parameters --- done."
############## Iteration: 1 ############### 
fixed.par: 2.63 0.67 -0.17 1.07 0.06 -1.65 0.3 -2.74 -1.28 2.81 1.53 -0.06 -0.48 -0.19 -0.96 -54.17 8.14 
FixedParDiff =  0.2798082 
likDiff =  1 
sigma: 0.95 0.09 -0.49 -0.05 1.95 
loglike: -5987.089 
########################################## 
[1] "estimate random effects --- done."
[1] "estimate fixed parameters --- done."
[1] "estimate dispersion parameters --- done."
############## Iteration: 2 ############### 
fixed.par: 2.2 0.96 -0.3 1.35 0.06 -1.73 0.33 -2.78 -1.24 2.68 1.55 -0.06 -0.54 -0.3 -1.14 -61.43 9.24 
FixedParDiff =  0.1877069 
likDiff =  0.006557761 
sigma: 0.97 0.1 -0.5 0.05 1.96 
loglike: -5947.827 
########################################## 
[1] "estimate random effects --- done."
[1] "estimate fixed parameters --- done."
[1] "estimate dispersion parameters --- done."
############## Iteration: 3 ############### 
fixed.par: 2.15 0.99 -0.31 1.39 0.06 -1.73 0.33 -2.78 -1.21 2.62 1.54 -0.07 -0.59 -0.45 -1.34 -69.6 10.47 
FixedParDiff =  0.07796509 
likDiff =  0.001036314 
sigma: 0.98 0.11 -0.49 0.14 1.98 
loglike: -5941.663 
########################################## 
[1] "estimate random effects --- done."
[1] "estimate fixed parameters --- done."
[1] "estimate dispersion parameters --- done."
############## Iteration: 4 ############### 
fixed.par: 2.14 1 -0.31 1.4 0.06 -1.74 0.35 -2.78 -1.19 2.58 1.52 -0.07 -0.64 -0.61 -1.55 -76.52 11.53 
FixedParDiff =  0.05613216 
likDiff =  0.0009186831 
sigma: 0.98 0.1 -0.48 0.21 1.99 
loglike: -5936.205 
########################################## 
Successful convergence. Iteration stops because likDiff <= itertol.
Warning in sqrt(diag(solve(Hmat))) : NaNs produced

### [bt]: Job terminated successfully [batchtools job.id=123]
### [bt]: Calculation finished!
