### [bt]: This is batchtools v0.9.15
### [bt]: Starting calculation of 1 jobs
### [bt]: Setting working directory to '/Users/olivialiu/Documents/UBC/21Sum_RA/simul_for_three_models/src/src-final'
### [bt]: Memory measurement disabled
### [bt]: Starting job [batchtools job.id=207]
### [bt]: Generating problem instance for problem 'generate_data' ...
### [bt]: Applying algorithm 'fit_JMest' on problem 'generate_data' for job 207 (seed = 21071231) ...
[1] "get initial values for LME & GLM models --- done."
[1] "get initial values for GLME model --- done."
[1] "get initial values for survival models --- done."
[1] "estimate random effects --- done."
[1] "estimate fixed parameters --- done."
[1] "estimate dispersion parameters --- done."
############## Iteration: 1 ############### 
fixed.par: 2.63 0.67 -0.17 1.07 0.07 -1.69 0.33 -2.73 -1.29 2.81 1.55 -0.06 -0.48 -0.19 -0.96 -54.44 8.18 
FixedParDiff =  0.2727326 
likDiff =  1 
sigma: 0.95 0.09 -0.49 -0.05 1.95 
loglike: -5987.08 
########################################## 
[1] "estimate random effects --- done."
[1] "estimate fixed parameters --- done."
[1] "estimate dispersion parameters --- done."
############## Iteration: 2 ############### 
fixed.par: 2.2 0.96 -0.29 1.36 0.05 -1.7 0.31 -2.78 -1.23 2.68 1.54 -0.06 -0.56 -0.31 -1.17 -63.47 9.54 
FixedParDiff =  0.2014903 
likDiff =  0.006576537 
sigma: 0.97 0.1 -0.5 0.05 1.96 
loglike: -5947.706 
########################################## 
[1] "estimate random effects --- done."
[1] "estimate fixed parameters --- done."
[1] "estimate dispersion parameters --- done."
############## Iteration: 3 ############### 
fixed.par: 2.15 0.99 -0.31 1.39 0.05 -1.72 0.33 -2.78 -1.2 2.6 1.53 -0.07 -0.58 -0.45 -1.33 -68.38 10.29 
FixedParDiff =  0.06553976 
likDiff =  0.001115617 
sigma: 0.98 0.11 -0.49 0.15 1.98 
loglike: -5941.071 
########################################## 
[1] "estimate random effects --- done."
[1] "estimate fixed parameters --- done."
[1] "estimate dispersion parameters --- done."
############## Iteration: 4 ############### 
fixed.par: 2.14 1 -0.31 1.4 0.05 -1.71 0.32 -2.78 -1.19 2.59 1.52 -0.07 -0.64 -0.61 -1.54 -76.39 11.51 
FixedParDiff =  0.05930599 
likDiff =  0.0008113556 
sigma: 0.98 0.1 -0.49 0.21 1.99 
loglike: -5936.25 
########################################## 
Successful convergence. Iteration stops because likDiff <= itertol.
Warning in sqrt(diag(solve(Hmat))) : NaNs produced

### [bt]: Job terminated successfully [batchtools job.id=207]
### [bt]: Calculation finished!
