### [bt]: This is batchtools v0.9.15
### [bt]: Starting calculation of 1 jobs
### [bt]: Setting working directory to '/Users/olivialiu/Documents/UBC/21Sum_RA/simul_for_three_models/src/src-final'
### [bt]: Memory measurement disabled
### [bt]: Starting job [batchtools job.id=11]
### [bt]: Generating problem instance for problem 'generate_data' ...
### [bt]: Applying algorithm 'fit_JMest' on problem 'generate_data' for job 11 (seed = 21071035) ...
[1] "get initial values for LME & GLM models --- done."
[1] "get initial values for GLME model --- done."
[1] "get initial values for survival models --- done."
[1] "estimate random effects --- done."
[1] "estimate fixed parameters --- done."
[1] "estimate dispersion parameters --- done."
############## Iteration: 1 ############### 
fixed.par: 2.63 0.67 -0.17 1.07 0.06 -1.66 0.31 -2.73 -1.27 2.81 1.52 -0.06 -0.47 -0.19 -0.95 -53.67 8.06 
FixedParDiff =  0.2712188 
likDiff =  1 
sigma: 0.95 0.09 -0.49 -0.05 1.95 
loglike: -5987.123 
########################################## 
[1] "estimate random effects --- done."
[1] "estimate fixed parameters --- done."
[1] "estimate dispersion parameters --- done."
############## Iteration: 2 ############### 
fixed.par: 2.2 0.96 -0.29 1.36 0.06 -1.73 0.33 -2.78 -1.24 2.69 1.55 -0.06 -0.55 -0.3 -1.15 -62.33 9.37 
FixedParDiff =  0.1926052 
likDiff =  0.006543627 
sigma: 0.97 0.1 -0.5 0.05 1.96 
loglike: -5947.946 
########################################## 
[1] "estimate random effects --- done."
[1] "estimate fixed parameters --- done."
[1] "estimate dispersion parameters --- done."
############## Iteration: 3 ############### 
fixed.par: 2.15 0.99 -0.31 1.39 0.06 -1.73 0.34 -2.78 -1.21 2.61 1.54 -0.07 -0.58 -0.44 -1.32 -67.83 10.21 
FixedParDiff =  0.06615667 
likDiff =  0.001087062 
sigma: 0.98 0.11 -0.49 0.14 1.98 
loglike: -5941.48 
########################################## 
[1] "estimate random effects --- done."
[1] "estimate fixed parameters --- done."
[1] "estimate dispersion parameters --- done."
############## Iteration: 4 ############### 
fixed.par: 2.14 1 -0.31 1.4 0.06 -1.74 0.35 -2.78 -1.2 2.59 1.52 -0.07 -0.64 -0.61 -1.55 -77.21 11.63 
FixedParDiff =  0.06493048 
likDiff =  0.0008264271 
sigma: 0.98 0.1 -0.49 0.21 1.99 
loglike: -5936.57 
########################################## 
Successful convergence. Iteration stops because likDiff <= itertol.
Warning in sqrt(diag(solve(Hmat))) : NaNs produced

### [bt]: Job terminated successfully [batchtools job.id=11]
### [bt]: Calculation finished!
