### [bt]: This is batchtools v0.9.15
### [bt]: Starting calculation of 1 jobs
### [bt]: Setting working directory to '/Users/olivialiu/Documents/UBC/21Sum_RA/simul_for_three_models/src/src-final'
### [bt]: Memory measurement disabled
### [bt]: Starting job [batchtools job.id=253]
### [bt]: Generating problem instance for problem 'generate_data' ...
### [bt]: Applying algorithm 'fit_JMest' on problem 'generate_data' for job 253 (seed = 21071277) ...
[1] "get initial values for LME & GLM models --- done."
[1] "get initial values for GLME model --- done."
[1] "get initial values for survival models --- done."
[1] "estimate random effects --- done."
[1] "estimate fixed parameters --- done."
[1] "estimate dispersion parameters --- done."
############## Iteration: 1 ############### 
fixed.par: 2.63 0.67 -0.17 1.07 0.07 -1.69 0.33 -2.73 -1.28 2.81 1.54 -0.06 -0.5 -0.2 -0.98 -56 8.41 
FixedParDiff =  0.2830354 
likDiff =  1 
sigma: 0.95 0.09 -0.49 -0.05 1.95 
loglike: -5987.107 
########################################## 
[1] "estimate random effects --- done."
[1] "estimate fixed parameters --- done."
[1] "estimate dispersion parameters --- done."
############## Iteration: 2 ############### 
fixed.par: 2.2 0.96 -0.29 1.36 0.05 -1.7 0.31 -2.78 -1.23 2.67 1.55 -0.06 -0.56 -0.32 -1.19 -63.92 9.61 
FixedParDiff =  0.1952921 
likDiff =  0.006670379 
sigma: 0.97 0.1 -0.5 0.05 1.96 
loglike: -5947.17 
########################################## 
[1] "estimate random effects --- done."
[1] "estimate fixed parameters --- done."
[1] "estimate dispersion parameters --- done."
############## Iteration: 3 ############### 
fixed.par: 2.15 0.99 -0.31 1.39 0.06 -1.74 0.34 -2.78 -1.2 2.6 1.54 -0.07 -0.6 -0.47 -1.38 -70.85 10.66 
FixedParDiff =  0.07964736 
likDiff =  0.001078868 
sigma: 0.98 0.11 -0.49 0.15 1.98 
loglike: -5940.754 
########################################## 
[1] "estimate random effects --- done."
[1] "estimate fixed parameters --- done."
[1] "estimate dispersion parameters --- done."
############## Iteration: 4 ############### 
fixed.par: 2.14 1 -0.31 1.4 0.05 -1.72 0.33 -2.78 -1.18 2.57 1.52 -0.07 -0.66 -0.64 -1.6 -79.19 11.93 
FixedParDiff =  0.06446409 
likDiff =  0.0008845766 
sigma: 0.98 0.1 -0.48 0.21 1.99 
loglike: -5935.499 
########################################## 
Successful convergence. Iteration stops because likDiff <= itertol.
Warning in sqrt(diag(solve(Hmat))) : NaNs produced

### [bt]: Job terminated successfully [batchtools job.id=253]
### [bt]: Calculation finished!
