### [bt]: This is batchtools v0.9.15
### [bt]: Starting calculation of 1 jobs
### [bt]: Setting working directory to '/Users/olivialiu/Documents/UBC/21Sum_RA/simul_for_three_models/src/src-final'
### [bt]: Memory measurement disabled
### [bt]: Starting job [batchtools job.id=203]
### [bt]: Generating problem instance for problem 'generate_data' ...
### [bt]: Applying algorithm 'fit_JMest' on problem 'generate_data' for job 203 (seed = 21071227) ...
[1] "get initial values for LME & GLM models --- done."
[1] "get initial values for GLME model --- done."
[1] "get initial values for survival models --- done."
[1] "estimate random effects --- done."
[1] "estimate fixed parameters --- done."
[1] "estimate dispersion parameters --- done."
############## Iteration: 1 ############### 
fixed.par: 2.63 0.67 -0.17 1.07 0.07 -1.7 0.34 -2.73 -1.28 2.81 1.52 -0.06 -0.48 -0.19 -0.95 -53.67 8.06 
FixedParDiff =  0.2615376 
likDiff =  1 
sigma: 0.95 0.09 -0.49 -0.05 1.95 
loglike: -5987.115 
########################################## 
[1] "estimate random effects --- done."
[1] "estimate fixed parameters --- done."
[1] "estimate dispersion parameters --- done."
############## Iteration: 2 ############### 
fixed.par: 2.2 0.96 -0.29 1.36 0.05 -1.71 0.32 -2.78 -1.24 2.69 1.55 -0.06 -0.54 -0.3 -1.15 -61.9 9.31 
FixedParDiff =  0.196152 
likDiff =  0.006548164 
sigma: 0.97 0.1 -0.5 0.05 1.96 
loglike: -5947.911 
########################################## 
[1] "estimate random effects --- done."
[1] "estimate fixed parameters --- done."
[1] "estimate dispersion parameters --- done."
############## Iteration: 3 ############### 
fixed.par: 2.15 0.99 -0.31 1.39 0.06 -1.73 0.34 -2.78 -1.21 2.62 1.54 -0.07 -0.59 -0.45 -1.34 -69.47 10.45 
FixedParDiff =  0.07791575 
likDiff =  0.001072411 
sigma: 0.98 0.11 -0.49 0.15 1.98 
loglike: -5941.532 
########################################## 
[1] "estimate random effects --- done."
[1] "estimate fixed parameters --- done."
[1] "estimate dispersion parameters --- done."
############## Iteration: 4 ############### 
fixed.par: 2.14 1 -0.31 1.4 0.06 -1.73 0.34 -2.78 -1.19 2.58 1.51 -0.07 -0.65 -0.62 -1.57 -77.67 11.7 
FixedParDiff =  0.0610994 
likDiff =  0.0009033702 
sigma: 0.98 0.1 -0.49 0.21 1.99 
loglike: -5936.165 
########################################## 
Successful convergence. Iteration stops because likDiff <= itertol.
Warning in sqrt(diag(solve(Hmat))) : NaNs produced

### [bt]: Job terminated successfully [batchtools job.id=203]
### [bt]: Calculation finished!
