### [bt]: This is batchtools v0.9.15
### [bt]: Starting calculation of 1 jobs
### [bt]: Setting working directory to '/Users/olivialiu/Documents/UBC/21Sum_RA/simul_for_three_models/src/src-final'
### [bt]: Memory measurement disabled
### [bt]: Starting job [batchtools job.id=117]
### [bt]: Generating problem instance for problem 'generate_data' ...
### [bt]: Applying algorithm 'fit_JMest' on problem 'generate_data' for job 117 (seed = 21071141) ...
[1] "get initial values for LME & GLM models --- done."
[1] "get initial values for GLME model --- done."
[1] "get initial values for survival models --- done."
[1] "estimate random effects --- done."
[1] "estimate fixed parameters --- done."
[1] "estimate dispersion parameters --- done."
############## Iteration: 1 ############### 
fixed.par: 2.63 0.67 -0.17 1.07 0.06 -1.67 0.32 -2.73 -1.28 2.81 1.53 -0.06 -0.49 -0.19 -0.97 -55.05 8.27 
FixedParDiff =  0.2795093 
likDiff =  1 
sigma: 0.95 0.09 -0.49 -0.05 1.95 
loglike: -5987.07 
########################################## 
[1] "estimate random effects --- done."
[1] "estimate fixed parameters --- done."
[1] "estimate dispersion parameters --- done."
############## Iteration: 2 ############### 
fixed.par: 2.2 0.96 -0.3 1.36 0.05 -1.7 0.31 -2.78 -1.23 2.68 1.55 -0.06 -0.55 -0.31 -1.17 -63.16 9.5 
FixedParDiff =  0.1927884 
likDiff =  0.00661125 
sigma: 0.97 0.1 -0.5 0.05 1.96 
loglike: -5947.488 
########################################## 
[1] "estimate random effects --- done."
[1] "estimate fixed parameters --- done."
[1] "estimate dispersion parameters --- done."
############## Iteration: 3 ############### 
fixed.par: 2.15 0.99 -0.31 1.39 0.05 -1.72 0.32 -2.78 -1.2 2.61 1.54 -0.07 -0.6 -0.46 -1.36 -70.31 10.58 
FixedParDiff =  0.0735961 
likDiff =  0.001077263 
sigma: 0.98 0.11 -0.49 0.15 1.98 
loglike: -5941.081 
########################################## 
[1] "estimate random effects --- done."
[1] "estimate fixed parameters --- done."
[1] "estimate dispersion parameters --- done."
############## Iteration: 4 ############### 
fixed.par: 2.14 0.99 -0.31 1.4 0.05 -1.71 0.33 -2.78 -1.19 2.57 1.53 -0.07 -0.65 -0.63 -1.58 -78.36 11.8 
FixedParDiff =  0.05852753 
likDiff =  0.0008888429 
sigma: 0.98 0.1 -0.48 0.21 1.99 
loglike: -5935.8 
########################################## 
Successful convergence. Iteration stops because likDiff <= itertol.
Warning in sqrt(diag(solve(Hmat))) : NaNs produced

### [bt]: Job terminated successfully [batchtools job.id=117]
### [bt]: Calculation finished!
