### [bt]: This is batchtools v0.9.15
### [bt]: Starting calculation of 1 jobs
### [bt]: Setting working directory to '/Users/olivialiu/Documents/UBC/21Sum_RA/simul_for_three_models/src/src-final'
### [bt]: Memory measurement disabled
### [bt]: Starting job [batchtools job.id=38]
### [bt]: Generating problem instance for problem 'generate_data' ...
### [bt]: Applying algorithm 'fit_JMest' on problem 'generate_data' for job 38 (seed = 21071062) ...
[1] "get initial values for LME & GLM models --- done."
[1] "get initial values for GLME model --- done."
[1] "get initial values for survival models --- done."
[1] "estimate random effects --- done."
[1] "estimate fixed parameters --- done."
[1] "estimate dispersion parameters --- done."
############## Iteration: 1 ############### 
fixed.par: 2.63 0.67 -0.17 1.07 0.06 -1.66 0.31 -2.73 -1.28 2.81 1.54 -0.06 -0.47 -0.19 -0.95 -53.54 8.04 
FixedParDiff =  0.272308 
likDiff =  1 
sigma: 0.95 0.09 -0.49 -0.05 1.95 
loglike: -5987.106 
########################################## 
[1] "estimate random effects --- done."
[1] "estimate fixed parameters --- done."
[1] "estimate dispersion parameters --- done."
############## Iteration: 2 ############### 
fixed.par: 2.2 0.96 -0.3 1.36 0.06 -1.73 0.33 -2.78 -1.24 2.69 1.55 -0.06 -0.54 -0.3 -1.15 -62.09 9.34 
FixedParDiff =  0.1929336 
likDiff =  0.006530881 
sigma: 0.97 0.1 -0.5 0.05 1.96 
loglike: -5948.005 
########################################## 
[1] "estimate random effects --- done."
[1] "estimate fixed parameters --- done."
[1] "estimate dispersion parameters --- done."
############## Iteration: 3 ############### 
fixed.par: 2.15 0.99 -0.31 1.39 0.05 -1.73 0.33 -2.78 -1.21 2.62 1.54 -0.07 -0.59 -0.45 -1.34 -69.33 10.43 
FixedParDiff =  0.0741855 
likDiff =  0.001087385 
sigma: 0.98 0.11 -0.49 0.14 1.98 
loglike: -5941.537 
########################################## 
[1] "estimate random effects --- done."
[1] "estimate fixed parameters --- done."
[1] "estimate dispersion parameters --- done."
############## Iteration: 4 ############### 
fixed.par: 2.14 1 -0.31 1.4 0.05 -1.72 0.33 -2.78 -1.19 2.58 1.52 -0.07 -0.64 -0.61 -1.55 -76.93 11.59 
FixedParDiff =  0.05629282 
likDiff =  0.0008954025 
sigma: 0.98 0.1 -0.48 0.21 1.99 
loglike: -5936.217 
########################################## 
Successful convergence. Iteration stops because likDiff <= itertol.
Warning in sqrt(diag(solve(Hmat))) : NaNs produced

### [bt]: Job terminated successfully [batchtools job.id=38]
### [bt]: Calculation finished!
