### [bt]: This is batchtools v0.9.15
### [bt]: Starting calculation of 1 jobs
### [bt]: Setting working directory to '/Users/olivialiu/Documents/UBC/21Sum_RA/simul_for_three_models/src/src-final'
### [bt]: Memory measurement disabled
### [bt]: Starting job [batchtools job.id=14]
### [bt]: Generating problem instance for problem 'generate_data' ...
### [bt]: Applying algorithm 'fit_JMest' on problem 'generate_data' for job 14 (seed = 21071038) ...
[1] "get initial values for LME & GLM models --- done."
[1] "get initial values for GLME model --- done."
[1] "get initial values for survival models --- done."
[1] "estimate random effects --- done."
[1] "estimate fixed parameters --- done."
[1] "estimate dispersion parameters --- done."
############## Iteration: 1 ############### 
fixed.par: 2.63 0.67 -0.17 1.07 0.06 -1.68 0.32 -2.74 -1.27 2.81 1.52 -0.06 -0.48 -0.19 -0.96 -54.74 8.22 
FixedParDiff =  0.2731263 
likDiff =  1 
sigma: 0.95 0.09 -0.49 -0.05 1.95 
loglike: -5987.071 
########################################## 
[1] "estimate random effects --- done."
[1] "estimate fixed parameters --- done."
[1] "estimate dispersion parameters --- done."
############## Iteration: 2 ############### 
fixed.par: 2.2 0.96 -0.3 1.36 0.05 -1.69 0.3 -2.78 -1.23 2.68 1.55 -0.06 -0.55 -0.31 -1.17 -62.97 9.47 
FixedParDiff =  0.1992658 
likDiff =  0.006594777 
sigma: 0.97 0.1 -0.5 0.05 1.96 
loglike: -5947.588 
########################################## 
[1] "estimate random effects --- done."
[1] "estimate fixed parameters --- done."
[1] "estimate dispersion parameters --- done."
############## Iteration: 3 ############### 
fixed.par: 2.15 0.99 -0.31 1.39 0.06 -1.73 0.34 -2.78 -1.2 2.61 1.53 -0.07 -0.6 -0.46 -1.36 -70.54 10.62 
FixedParDiff =  0.08632321 
likDiff =  0.00107747 
sigma: 0.98 0.11 -0.49 0.15 1.98 
loglike: -5941.179 
########################################## 
[1] "estimate random effects --- done."
[1] "estimate fixed parameters --- done."
[1] "estimate dispersion parameters --- done."
############## Iteration: 4 ############### 
fixed.par: 2.14 1 -0.31 1.39 0.06 -1.74 0.34 -2.78 -1.19 2.57 1.52 -0.07 -0.67 -0.64 -1.61 -80.1 12.06 
FixedParDiff =  0.06537225 
likDiff =  0.0009028993 
sigma: 0.98 0.1 -0.49 0.21 1.99 
loglike: -5935.815 
########################################## 
Successful convergence. Iteration stops because likDiff <= itertol.
Warning in sqrt(diag(solve(Hmat))) : NaNs produced

### [bt]: Job terminated successfully [batchtools job.id=14]
### [bt]: Calculation finished!
