### [bt]: This is batchtools v0.9.15
### [bt]: Starting calculation of 1 jobs
### [bt]: Setting working directory to '/Users/olivialiu/Documents/UBC/21Sum_RA/simul_for_three_models/src/src-final'
### [bt]: Memory measurement disabled
### [bt]: Starting job [batchtools job.id=160]
### [bt]: Generating problem instance for problem 'generate_data' ...
### [bt]: Applying algorithm 'fit_JMest' on problem 'generate_data' for job 160 (seed = 21071184) ...
[1] "get initial values for LME & GLM models --- done."
[1] "get initial values for GLME model --- done."
[1] "get initial values for survival models --- done."
[1] "estimate random effects --- done."
[1] "estimate fixed parameters --- done."
[1] "estimate dispersion parameters --- done."
############## Iteration: 1 ############### 
fixed.par: 2.63 0.67 -0.17 1.07 0.07 -1.7 0.34 -2.73 -1.28 2.81 1.53 -0.06 -0.48 -0.19 -0.95 -53.91 8.1 
FixedParDiff =  0.2627392 
likDiff =  1 
sigma: 0.95 0.09 -0.49 -0.05 1.95 
loglike: -5987.097 
########################################## 
[1] "estimate random effects --- done."
[1] "estimate fixed parameters --- done."
[1] "estimate dispersion parameters --- done."
############## Iteration: 2 ############### 
fixed.par: 2.2 0.96 -0.29 1.36 0.06 -1.72 0.32 -2.78 -1.24 2.69 1.55 -0.06 -0.53 -0.3 -1.13 -60.9 9.16 
FixedParDiff =  0.186426 
likDiff =  0.006544081 
sigma: 0.97 0.1 -0.5 0.05 1.96 
loglike: -5947.917 
########################################## 
[1] "estimate random effects --- done."
[1] "estimate fixed parameters --- done."
[1] "estimate dispersion parameters --- done."
############## Iteration: 3 ############### 
fixed.par: 2.15 0.99 -0.31 1.39 0.06 -1.73 0.33 -2.78 -1.21 2.63 1.54 -0.07 -0.57 -0.43 -1.3 -66.71 10.04 
FixedParDiff =  0.06714569 
likDiff =  0.001013076 
sigma: 0.98 0.11 -0.49 0.14 1.98 
loglike: -5941.891 
########################################## 
[1] "estimate random effects --- done."
[1] "estimate fixed parameters --- done."
[1] "estimate dispersion parameters --- done."
############## Iteration: 4 ############### 
fixed.par: 2.14 0.99 -0.31 1.4 0.06 -1.74 0.35 -2.78 -1.2 2.6 1.52 -0.07 -0.62 -0.58 -1.49 -74.08 11.16 
FixedParDiff =  0.05962709 
likDiff =  0.0008205192 
sigma: 0.98 0.1 -0.49 0.21 1.99 
loglike: -5937.016 
########################################## 
Successful convergence. Iteration stops because likDiff <= itertol.
Warning in sqrt(diag(solve(Hmat))) : NaNs produced

### [bt]: Job terminated successfully [batchtools job.id=160]
### [bt]: Calculation finished!
