### [bt]: This is batchtools v0.9.15
### [bt]: Starting calculation of 1 jobs
### [bt]: Setting working directory to '/Users/olivialiu/Documents/UBC/21Sum_RA/simul_for_three_models/src/src-final'
### [bt]: Memory measurement disabled
### [bt]: Starting job [batchtools job.id=112]
### [bt]: Generating problem instance for problem 'generate_data' ...
### [bt]: Applying algorithm 'fit_JMest' on problem 'generate_data' for job 112 (seed = 21071136) ...
[1] "get initial values for LME & GLM models --- done."
[1] "get initial values for GLME model --- done."
[1] "get initial values for survival models --- done."
[1] "estimate random effects --- done."
[1] "estimate fixed parameters --- done."
[1] "estimate dispersion parameters --- done."
############## Iteration: 1 ############### 
fixed.par: 2.63 0.67 -0.17 1.07 0.06 -1.63 0.28 -2.74 -1.28 2.81 1.52 -0.06 -0.48 -0.19 -0.96 -54.41 8.17 
FixedParDiff =  0.284701 
likDiff =  1 
sigma: 0.95 0.09 -0.49 -0.05 1.95 
loglike: -5987.093 
########################################## 
[1] "estimate random effects --- done."
[1] "estimate fixed parameters --- done."
[1] "estimate dispersion parameters --- done."
############## Iteration: 2 ############### 
fixed.par: 2.2 0.96 -0.29 1.36 0.06 -1.71 0.32 -2.78 -1.24 2.68 1.55 -0.06 -0.54 -0.3 -1.15 -62.18 9.35 
FixedParDiff =  0.1922748 
likDiff =  0.00657799 
sigma: 0.97 0.1 -0.5 0.05 1.96 
loglike: -5947.71 
########################################## 
[1] "estimate random effects --- done."
[1] "estimate fixed parameters --- done."
[1] "estimate dispersion parameters --- done."
############## Iteration: 3 ############### 
fixed.par: 2.15 0.99 -0.31 1.39 0.06 -1.75 0.35 -2.78 -1.2 2.61 1.53 -0.07 -0.6 -0.46 -1.37 -70.89 10.67 
FixedParDiff =  0.08863336 
likDiff =  0.001053859 
sigma: 0.98 0.11 -0.49 0.15 1.98 
loglike: -5941.442 
########################################## 
[1] "estimate random effects --- done."
[1] "estimate fixed parameters --- done."
[1] "estimate dispersion parameters --- done."
############## Iteration: 4 ############### 
fixed.par: 2.14 1 -0.31 1.4 0.05 -1.73 0.34 -2.78 -1.18 2.57 1.52 -0.07 -0.65 -0.63 -1.59 -78.76 11.86 
FixedParDiff =  0.0644482 
likDiff =  0.0009531769 
sigma: 0.98 0.1 -0.48 0.21 1.99 
loglike: -5935.779 
########################################## 
Successful convergence. Iteration stops because likDiff <= itertol.
Warning in sqrt(diag(solve(Hmat))) : NaNs produced

### [bt]: Job terminated successfully [batchtools job.id=112]
### [bt]: Calculation finished!
