### [bt]: This is batchtools v0.9.15
### [bt]: Starting calculation of 1 jobs
### [bt]: Setting working directory to '/Users/olivialiu/Documents/UBC/21Sum_RA/simul_for_three_models/src/src-final'
### [bt]: Memory measurement disabled
### [bt]: Starting job [batchtools job.id=97]
### [bt]: Generating problem instance for problem 'generate_data' ...
### [bt]: Applying algorithm 'fit_JMest' on problem 'generate_data' for job 97 (seed = 21071121) ...
[1] "get initial values for LME & GLM models --- done."
[1] "get initial values for GLME model --- done."
[1] "get initial values for survival models --- done."
[1] "estimate random effects --- done."
[1] "estimate fixed parameters --- done."
[1] "estimate dispersion parameters --- done."
############## Iteration: 1 ############### 
fixed.par: 2.63 0.67 -0.17 1.07 0.06 -1.65 0.3 -2.74 -1.29 2.81 1.54 -0.06 -0.47 -0.19 -0.94 -53.11 7.98 
FixedParDiff =  0.2723328 
likDiff =  1 
sigma: 0.95 0.09 -0.49 -0.05 1.95 
loglike: -5987.147 
########################################## 
[1] "estimate random effects --- done."
[1] "estimate fixed parameters --- done."
[1] "estimate dispersion parameters --- done."
############## Iteration: 2 ############### 
fixed.par: 2.2 0.96 -0.29 1.36 0.06 -1.72 0.32 -2.78 -1.24 2.69 1.55 -0.06 -0.55 -0.3 -1.16 -62.71 9.43 
FixedParDiff =  0.1970235 
likDiff =  0.006512088 
sigma: 0.97 0.1 -0.5 0.05 1.96 
loglike: -5948.158 
########################################## 
[1] "estimate random effects --- done."
[1] "estimate fixed parameters --- done."
[1] "estimate dispersion parameters --- done."
############## Iteration: 3 ############### 
fixed.par: 2.15 0.99 -0.31 1.39 0.06 -1.74 0.34 -2.78 -1.2 2.61 1.53 -0.07 -0.6 -0.45 -1.37 -70.8 10.65 
FixedParDiff =  0.08242437 
likDiff =  0.001133778 
sigma: 0.98 0.11 -0.49 0.14 1.98 
loglike: -5941.414 
########################################## 
[1] "estimate random effects --- done."
[1] "estimate fixed parameters --- done."
[1] "estimate dispersion parameters --- done."
############## Iteration: 4 ############### 
fixed.par: 2.14 1 -0.31 1.4 0.05 -1.73 0.34 -2.78 -1.18 2.57 1.52 -0.07 -0.65 -0.62 -1.58 -78.34 11.8 
FixedParDiff =  0.06072819 
likDiff =  0.0009403143 
sigma: 0.98 0.1 -0.48 0.21 1.99 
loglike: -5935.827 
########################################## 
Successful convergence. Iteration stops because likDiff <= itertol.
Warning in sqrt(diag(solve(Hmat))) : NaNs produced

### [bt]: Job terminated successfully [batchtools job.id=97]
### [bt]: Calculation finished!
