### [bt]: This is batchtools v0.9.15
### [bt]: Starting calculation of 1 jobs
### [bt]: Setting working directory to '/Users/olivialiu/Documents/UBC/21Sum_RA/simul_for_three_models/src/src-final'
### [bt]: Memory measurement disabled
### [bt]: Starting job [batchtools job.id=205]
### [bt]: Generating problem instance for problem 'generate_data' ...
### [bt]: Applying algorithm 'fit_JMest' on problem 'generate_data' for job 205 (seed = 21071229) ...
[1] "get initial values for LME & GLM models --- done."
[1] "get initial values for GLME model --- done."
[1] "get initial values for survival models --- done."
[1] "estimate random effects --- done."
[1] "estimate fixed parameters --- done."
[1] "estimate dispersion parameters --- done."
############## Iteration: 1 ############### 
fixed.par: 2.63 0.67 -0.17 1.07 0.06 -1.66 0.31 -2.74 -1.28 2.81 1.53 -0.06 -0.48 -0.19 -0.97 -54.89 8.25 
FixedParDiff =  0.278962 
likDiff =  1 
sigma: 0.95 0.09 -0.49 -0.05 1.95 
loglike: -5987.08 
########################################## 
[1] "estimate random effects --- done."
[1] "estimate fixed parameters --- done."
[1] "estimate dispersion parameters --- done."
############## Iteration: 2 ############### 
fixed.par: 2.2 0.96 -0.29 1.36 0.06 -1.71 0.31 -2.78 -1.23 2.68 1.55 -0.06 -0.56 -0.31 -1.18 -63.84 9.6 
FixedParDiff =  0.1954644 
likDiff =  0.006600188 
sigma: 0.97 0.1 -0.5 0.05 1.96 
loglike: -5947.564 
########################################## 
[1] "estimate random effects --- done."
[1] "estimate fixed parameters --- done."
[1] "estimate dispersion parameters --- done."
############## Iteration: 3 ############### 
fixed.par: 2.15 0.99 -0.31 1.39 0.06 -1.74 0.35 -2.78 -1.2 2.6 1.53 -0.07 -0.6 -0.46 -1.36 -70.09 10.55 
FixedParDiff =  0.07714401 
likDiff =  0.00112178 
sigma: 0.98 0.11 -0.49 0.14 1.98 
loglike: -5940.892 
########################################## 
[1] "estimate random effects --- done."
[1] "estimate fixed parameters --- done."
[1] "estimate dispersion parameters --- done."
############## Iteration: 4 ############### 
fixed.par: 2.14 1 -0.31 1.4 0.05 -1.72 0.33 -2.78 -1.19 2.57 1.52 -0.07 -0.65 -0.63 -1.59 -78.56 11.83 
FixedParDiff =  0.06592669 
likDiff =  0.0008633621 
sigma: 0.98 0.1 -0.49 0.21 1.99 
loglike: -5935.763 
########################################## 
Successful convergence. Iteration stops because likDiff <= itertol.
Warning in sqrt(diag(solve(Hmat))) : NaNs produced

### [bt]: Job terminated successfully [batchtools job.id=205]
### [bt]: Calculation finished!
