### [bt]: This is batchtools v0.9.15
### [bt]: Starting calculation of 1 jobs
### [bt]: Setting working directory to '/Users/olivialiu/Documents/UBC/21Sum_RA/simul_for_three_models/src/src-final'
### [bt]: Memory measurement disabled
### [bt]: Starting job [batchtools job.id=298]
### [bt]: Generating problem instance for problem 'generate_data' ...
### [bt]: Applying algorithm 'fit_JMest' on problem 'generate_data' for job 298 (seed = 21071322) ...
[1] "get initial values for LME & GLM models --- done."
[1] "get initial values for GLME model --- done."
[1] "get initial values for survival models --- done."
[1] "estimate random effects --- done."
[1] "estimate fixed parameters --- done."
[1] "estimate dispersion parameters --- done."
############## Iteration: 1 ############### 
fixed.par: 2.63 0.67 -0.17 1.07 0.07 -1.71 0.35 -2.73 -1.28 2.81 1.53 -0.06 -0.48 -0.19 -0.96 -54.8 8.23 
FixedParDiff =  0.2649931 
likDiff =  1 
sigma: 0.95 0.09 -0.49 -0.05 1.95 
loglike: -5987.08 
########################################## 
[1] "estimate random effects --- done."
[1] "estimate fixed parameters --- done."
[1] "estimate dispersion parameters --- done."
############## Iteration: 2 ############### 
fixed.par: 2.2 0.96 -0.29 1.36 0.06 -1.73 0.33 -2.78 -1.23 2.68 1.55 -0.06 -0.55 -0.31 -1.17 -62.82 9.45 
FixedParDiff =  0.1960577 
likDiff =  0.006600178 
sigma: 0.97 0.1 -0.5 0.05 1.96 
loglike: -5947.564 
########################################## 
[1] "estimate random effects --- done."
[1] "estimate fixed parameters --- done."
[1] "estimate dispersion parameters --- done."
############## Iteration: 3 ############### 
fixed.par: 2.15 0.99 -0.31 1.39 0.06 -1.74 0.35 -2.78 -1.2 2.61 1.53 -0.07 -0.57 -0.44 -1.31 -66.9 10.07 
FixedParDiff =  0.06103278 
likDiff =  0.001052289 
sigma: 0.98 0.11 -0.49 0.14 1.98 
loglike: -5941.305 
########################################## 
[1] "estimate random effects --- done."
[1] "estimate fixed parameters --- done."
[1] "estimate dispersion parameters --- done."
############## Iteration: 4 ############### 
fixed.par: 2.14 1 -0.31 1.4 0.05 -1.73 0.34 -2.78 -1.2 2.6 1.53 -0.07 -0.63 -0.6 -1.53 -75.86 11.42 
FixedParDiff =  0.06521421 
likDiff =  0.0007774573 
sigma: 0.98 0.1 -0.49 0.21 1.99 
loglike: -5936.686 
########################################## 
Successful convergence. Iteration stops because likDiff <= itertol.
Warning in sqrt(diag(solve(Hmat))) : NaNs produced

### [bt]: Job terminated successfully [batchtools job.id=298]
### [bt]: Calculation finished!
