### [bt]: This is batchtools v0.9.15
### [bt]: Starting calculation of 1 jobs
### [bt]: Setting working directory to '/Users/olivialiu/Documents/UBC/21Sum_RA/simul_for_three_models/src/src-final'
### [bt]: Memory measurement disabled
### [bt]: Starting job [batchtools job.id=27]
### [bt]: Generating problem instance for problem 'generate_data' ...
### [bt]: Applying algorithm 'fit_JMest' on problem 'generate_data' for job 27 (seed = 21071051) ...
[1] "get initial values for LME & GLM models --- done."
[1] "get initial values for GLME model --- done."
[1] "get initial values for survival models --- done."
[1] "estimate random effects --- done."
[1] "estimate fixed parameters --- done."
[1] "estimate dispersion parameters --- done."
############## Iteration: 1 ############### 
fixed.par: 2.63 0.67 -0.17 1.07 0.07 -1.7 0.34 -2.73 -1.28 2.81 1.54 -0.06 -0.47 -0.19 -0.94 -53.22 8 
FixedParDiff =  0.2582664 
likDiff =  1 
sigma: 0.95 0.09 -0.49 -0.05 1.95 
loglike: -5987.148 
########################################## 
[1] "estimate random effects --- done."
[1] "estimate fixed parameters --- done."
[1] "estimate dispersion parameters --- done."
############## Iteration: 2 ############### 
fixed.par: 2.2 0.96 -0.29 1.36 0.06 -1.72 0.32 -2.78 -1.24 2.69 1.54 -0.06 -0.53 -0.3 -1.13 -60.71 9.13 
FixedParDiff =  0.1883403 
likDiff =  0.006515019 
sigma: 0.97 0.1 -0.5 0.05 1.96 
loglike: -5948.142 
########################################## 
[1] "estimate random effects --- done."
[1] "estimate fixed parameters --- done."
[1] "estimate dispersion parameters --- done."
############## Iteration: 3 ############### 
fixed.par: 2.15 0.99 -0.31 1.39 0.06 -1.74 0.34 -2.78 -1.22 2.63 1.55 -0.07 -0.58 -0.44 -1.32 -68.47 10.3 
FixedParDiff =  0.07753925 
likDiff =  0.00104213 
sigma: 0.98 0.11 -0.49 0.14 1.98 
loglike: -5941.943 
########################################## 
[1] "estimate random effects --- done."
[1] "estimate fixed parameters --- done."
[1] "estimate dispersion parameters --- done."
############## Iteration: 4 ############### 
fixed.par: 2.14 1 -0.31 1.4 0.06 -1.75 0.35 -2.78 -1.2 2.59 1.52 -0.07 -0.64 -0.6 -1.54 -76.29 11.49 
FixedParDiff =  0.0615792 
likDiff =  0.000901469 
sigma: 0.98 0.1 -0.48 0.21 1.99 
loglike: -5936.586 
########################################## 
Successful convergence. Iteration stops because likDiff <= itertol.
Warning in sqrt(diag(solve(Hmat))) : NaNs produced

### [bt]: Job terminated successfully [batchtools job.id=27]
### [bt]: Calculation finished!
