### [bt]: This is batchtools v0.9.15
### [bt]: Starting calculation of 1 jobs
### [bt]: Setting working directory to '/Users/olivialiu/Documents/UBC/21Sum_RA/simul_for_three_models/src/src-final'
### [bt]: Memory measurement disabled
### [bt]: Starting job [batchtools job.id=228]
### [bt]: Generating problem instance for problem 'generate_data' ...
### [bt]: Applying algorithm 'fit_JMest' on problem 'generate_data' for job 228 (seed = 21071252) ...
[1] "get initial values for LME & GLM models --- done."
[1] "get initial values for GLME model --- done."
[1] "get initial values for survival models --- done."
[1] "estimate random effects --- done."
[1] "estimate fixed parameters --- done."
[1] "estimate dispersion parameters --- done."
############## Iteration: 1 ############### 
fixed.par: 2.63 0.67 -0.17 1.07 0.07 -1.7 0.33 -2.73 -1.28 2.81 1.54 -0.06 -0.47 -0.19 -0.94 -52.8 7.93 
FixedParDiff =  0.2565165 
likDiff =  1 
sigma: 0.95 0.09 -0.49 -0.05 1.95 
loglike: -5987.158 
########################################## 
[1] "estimate random effects --- done."
[1] "estimate fixed parameters --- done."
[1] "estimate dispersion parameters --- done."
############## Iteration: 2 ############### 
fixed.par: 2.2 0.96 -0.29 1.36 0.06 -1.72 0.32 -2.78 -1.24 2.7 1.55 -0.06 -0.54 -0.3 -1.14 -61.31 9.22 
FixedParDiff =  0.1940677 
likDiff =  0.006498654 
sigma: 0.97 0.1 -0.5 0.05 1.96 
loglike: -5948.25 
########################################## 
[1] "estimate random effects --- done."
[1] "estimate fixed parameters --- done."
[1] "estimate dispersion parameters --- done."
############## Iteration: 3 ############### 
fixed.par: 2.15 0.99 -0.31 1.39 0.06 -1.74 0.34 -2.78 -1.21 2.62 1.54 -0.07 -0.58 -0.43 -1.32 -67.99 10.23 
FixedParDiff =  0.07208132 
likDiff =  0.001080804 
sigma: 0.98 0.11 -0.49 0.14 1.98 
loglike: -5941.821 
########################################## 
[1] "estimate random effects --- done."
[1] "estimate fixed parameters --- done."
[1] "estimate dispersion parameters --- done."
############## Iteration: 4 ############### 
fixed.par: 2.14 1 -0.31 1.4 0.06 -1.73 0.34 -2.78 -1.2 2.59 1.52 -0.07 -0.63 -0.59 -1.52 -75.6 11.39 
FixedParDiff =  0.05739042 
likDiff =  0.0008647038 
sigma: 0.98 0.1 -0.49 0.21 1.99 
loglike: -5936.683 
########################################## 
Successful convergence. Iteration stops because likDiff <= itertol.
Warning in sqrt(diag(solve(Hmat))) : NaNs produced

### [bt]: Job terminated successfully [batchtools job.id=228]
### [bt]: Calculation finished!
