### [bt]: This is batchtools v0.9.15
### [bt]: Starting calculation of 1 jobs
### [bt]: Setting working directory to '/Users/olivialiu/Documents/UBC/21Sum_RA/simul_for_three_models/src/src-final'
### [bt]: Memory measurement disabled
### [bt]: Starting job [batchtools job.id=29]
### [bt]: Generating problem instance for problem 'generate_data' ...
### [bt]: Applying algorithm 'fit_JMest' on problem 'generate_data' for job 29 (seed = 21071053) ...
[1] "get initial values for LME & GLM models --- done."
[1] "get initial values for GLME model --- done."
[1] "get initial values for survival models --- done."
[1] "estimate random effects --- done."
[1] "estimate fixed parameters --- done."
[1] "estimate dispersion parameters --- done."
############## Iteration: 1 ############### 
fixed.par: 2.63 0.67 -0.17 1.07 0.06 -1.68 0.32 -2.73 -1.28 2.81 1.52 -0.06 -0.49 -0.19 -0.97 -55.17 8.29 
FixedParDiff =  0.2775832 
likDiff =  1 
sigma: 0.95 0.09 -0.49 -0.05 1.95 
loglike: -5987.078 
########################################## 
[1] "estimate random effects --- done."
[1] "estimate fixed parameters --- done."
[1] "estimate dispersion parameters --- done."
############## Iteration: 2 ############### 
fixed.par: 2.2 0.96 -0.3 1.36 0.06 -1.71 0.32 -2.78 -1.23 2.67 1.54 -0.06 -0.55 -0.31 -1.17 -62.91 9.46 
FixedParDiff =  0.1901122 
likDiff =  0.006621115 
sigma: 0.97 0.1 -0.5 0.05 1.96 
loglike: -5947.437 
########################################## 
[1] "estimate random effects --- done."
[1] "estimate fixed parameters --- done."
[1] "estimate dispersion parameters --- done."
############## Iteration: 3 ############### 
fixed.par: 2.15 0.99 -0.31 1.39 0.05 -1.72 0.32 -2.78 -1.2 2.61 1.53 -0.07 -0.6 -0.46 -1.36 -70.16 10.56 
FixedParDiff =  0.07423724 
likDiff =  0.001061927 
sigma: 0.98 0.11 -0.49 0.15 1.98 
loglike: -5941.121 
########################################## 
[1] "estimate random effects --- done."
[1] "estimate fixed parameters --- done."
[1] "estimate dispersion parameters --- done."
############## Iteration: 4 ############### 
fixed.par: 2.14 1 -0.31 1.4 0.05 -1.73 0.34 -2.78 -1.19 2.57 1.52 -0.07 -0.66 -0.63 -1.6 -79.34 11.95 
FixedParDiff =  0.06594094 
likDiff =  0.0008885717 
sigma: 0.98 0.1 -0.48 0.21 1.99 
loglike: -5935.842 
########################################## 
Successful convergence. Iteration stops because likDiff <= itertol.
Warning in sqrt(diag(solve(Hmat))) : NaNs produced

### [bt]: Job terminated successfully [batchtools job.id=29]
### [bt]: Calculation finished!
