### [bt]: This is batchtools v0.9.15
### [bt]: Starting calculation of 1 jobs
### [bt]: Setting working directory to '/Users/olivialiu/Documents/UBC/21Sum_RA/simul_for_three_models/src/src-final'
### [bt]: Memory measurement disabled
### [bt]: Starting job [batchtools job.id=28]
### [bt]: Generating problem instance for problem 'generate_data' ...
### [bt]: Applying algorithm 'fit_JMest' on problem 'generate_data' for job 28 (seed = 21071052) ...
[1] "get initial values for LME & GLM models --- done."
[1] "get initial values for GLME model --- done."
[1] "get initial values for survival models --- done."
[1] "estimate random effects --- done."
[1] "estimate fixed parameters --- done."
[1] "estimate dispersion parameters --- done."
############## Iteration: 1 ############### 
fixed.par: 2.63 0.67 -0.17 1.07 0.07 -1.71 0.34 -2.74 -1.28 2.81 1.53 -0.06 -0.49 -0.19 -0.97 -55.15 8.28 
FixedParDiff =  0.268294 
likDiff =  1 
sigma: 0.95 0.09 -0.49 -0.05 1.95 
loglike: -5987.054 
########################################## 
[1] "estimate random effects --- done."
[1] "estimate fixed parameters --- done."
[1] "estimate dispersion parameters --- done."
############## Iteration: 2 ############### 
fixed.par: 2.2 0.96 -0.29 1.36 0.06 -1.72 0.33 -2.78 -1.23 2.67 1.55 -0.06 -0.56 -0.31 -1.18 -63.7 9.58 
FixedParDiff =  0.1991343 
likDiff =  0.006613622 
sigma: 0.97 0.1 -0.5 0.05 1.96 
loglike: -5947.458 
########################################## 
[1] "estimate random effects --- done."
[1] "estimate fixed parameters --- done."
[1] "estimate dispersion parameters --- done."
############## Iteration: 3 ############### 
fixed.par: 2.15 0.99 -0.31 1.39 0.06 -1.73 0.33 -2.78 -1.2 2.6 1.53 -0.07 -0.6 -0.46 -1.37 -70.45 10.6 
FixedParDiff =  0.07253692 
likDiff =  0.001100546 
sigma: 0.98 0.11 -0.49 0.14 1.98 
loglike: -5940.913 
########################################## 
[1] "estimate random effects --- done."
[1] "estimate fixed parameters --- done."
[1] "estimate dispersion parameters --- done."
############## Iteration: 4 ############### 
fixed.par: 2.14 1 -0.31 1.4 0.05 -1.73 0.34 -2.78 -1.19 2.57 1.53 -0.07 -0.66 -0.63 -1.59 -78.88 11.88 
FixedParDiff =  0.05950141 
likDiff =  0.0008805636 
sigma: 0.98 0.1 -0.48 0.21 1.99 
loglike: -5935.681 
########################################## 
Successful convergence. Iteration stops because likDiff <= itertol.
Warning in sqrt(diag(solve(Hmat))) : NaNs produced

### [bt]: Job terminated successfully [batchtools job.id=28]
### [bt]: Calculation finished!
