### [bt]: This is batchtools v0.9.15
### [bt]: Starting calculation of 1 jobs
### [bt]: Setting working directory to '/Users/olivialiu/Documents/UBC/21Sum_RA/simul_for_three_models/src/src-final'
### [bt]: Memory measurement disabled
### [bt]: Starting job [batchtools job.id=31]
### [bt]: Generating problem instance for problem 'generate_data' ...
### [bt]: Applying algorithm 'fit_JMest' on problem 'generate_data' for job 31 (seed = 21071055) ...
[1] "get initial values for LME & GLM models --- done."
[1] "get initial values for GLME model --- done."
[1] "get initial values for survival models --- done."
[1] "estimate random effects --- done."
[1] "estimate fixed parameters --- done."
[1] "estimate dispersion parameters --- done."
############## Iteration: 1 ############### 
fixed.par: 2.63 0.67 -0.17 1.07 0.06 -1.68 0.32 -2.73 -1.28 2.81 1.53 -0.06 -0.49 -0.19 -0.97 -54.98 8.26 
FixedParDiff =  0.2767787 
likDiff =  1 
sigma: 0.95 0.09 -0.49 -0.05 1.95 
loglike: -5987.078 
########################################## 
[1] "estimate random effects --- done."
[1] "estimate fixed parameters --- done."
[1] "estimate dispersion parameters --- done."
############## Iteration: 2 ############### 
fixed.par: 2.2 0.96 -0.3 1.36 0.05 -1.69 0.3 -2.78 -1.23 2.68 1.54 -0.06 -0.55 -0.31 -1.17 -63.16 9.5 
FixedParDiff =  0.1967499 
likDiff =  0.006610104 
sigma: 0.97 0.1 -0.5 0.05 1.96 
loglike: -5947.503 
########################################## 
[1] "estimate random effects --- done."
[1] "estimate fixed parameters --- done."
[1] "estimate dispersion parameters --- done."
############## Iteration: 3 ############### 
fixed.par: 2.15 0.99 -0.31 1.39 0.06 -1.73 0.33 -2.78 -1.2 2.6 1.54 -0.07 -0.61 -0.46 -1.38 -71.39 10.74 
FixedParDiff =  0.08640101 
likDiff =  0.001077205 
sigma: 0.98 0.11 -0.49 0.14 1.98 
loglike: -5941.097 
########################################## 
[1] "estimate random effects --- done."
[1] "estimate fixed parameters --- done."
[1] "estimate dispersion parameters --- done."
############## Iteration: 4 ############### 
fixed.par: 2.14 1 -0.31 1.4 0.05 -1.73 0.34 -2.78 -1.18 2.56 1.52 -0.07 -0.65 -0.63 -1.58 -77.83 11.72 
FixedParDiff =  0.05373999 
likDiff =  0.000932928 
sigma: 0.98 0.1 -0.48 0.21 1.99 
loglike: -5935.554 
########################################## 
Successful convergence. Iteration stops because likDiff <= itertol.
Warning in sqrt(diag(solve(Hmat))) : NaNs produced

### [bt]: Job terminated successfully [batchtools job.id=31]
### [bt]: Calculation finished!
