### [bt]: This is batchtools v0.9.15
### [bt]: Starting calculation of 1 jobs
### [bt]: Setting working directory to '/Users/olivialiu/Documents/UBC/21Sum_RA/simul_for_three_models/src/src-final'
### [bt]: Memory measurement disabled
### [bt]: Starting job [batchtools job.id=55]
### [bt]: Generating problem instance for problem 'generate_data' ...
### [bt]: Applying algorithm 'fit_JMest' on problem 'generate_data' for job 55 (seed = 21071079) ...
[1] "get initial values for LME & GLM models --- done."
[1] "get initial values for GLME model --- done."
[1] "get initial values for survival models --- done."
[1] "estimate random effects --- done."
[1] "estimate fixed parameters --- done."
[1] "estimate dispersion parameters --- done."
############## Iteration: 1 ############### 
fixed.par: 2.63 0.67 -0.17 1.07 0.07 -1.68 0.32 -2.74 -1.27 2.81 1.52 -0.06 -0.48 -0.19 -0.95 -53.85 8.09 
FixedParDiff =  0.2661448 
likDiff =  1 
sigma: 0.95 0.09 -0.49 -0.05 1.95 
loglike: -5987.093 
########################################## 
[1] "estimate random effects --- done."
[1] "estimate fixed parameters --- done."
[1] "estimate dispersion parameters --- done."
############## Iteration: 2 ############### 
fixed.par: 2.2 0.96 -0.29 1.36 0.05 -1.7 0.31 -2.78 -1.24 2.69 1.55 -0.06 -0.54 -0.3 -1.14 -61.35 9.23 
FixedParDiff =  0.1904551 
likDiff =  0.006544618 
sigma: 0.97 0.1 -0.5 0.05 1.96 
loglike: -5947.909 
########################################## 
[1] "estimate random effects --- done."
[1] "estimate fixed parameters --- done."
[1] "estimate dispersion parameters --- done."
############## Iteration: 3 ############### 
fixed.par: 2.15 0.99 -0.31 1.39 0.06 -1.74 0.34 -2.78 -1.21 2.62 1.54 -0.07 -0.58 -0.43 -1.31 -67.47 10.15 
FixedParDiff =  0.07451459 
likDiff =  0.001036321 
sigma: 0.98 0.11 -0.49 0.14 1.98 
loglike: -5941.746 
########################################## 
[1] "estimate random effects --- done."
[1] "estimate fixed parameters --- done."
[1] "estimate dispersion parameters --- done."
############## Iteration: 4 ############### 
fixed.par: 2.14 1 -0.31 1.4 0.05 -1.72 0.33 -2.78 -1.2 2.59 1.52 -0.07 -0.65 -0.61 -1.57 -78.36 11.8 
FixedParDiff =  0.07348272 
likDiff =  0.0008360345 
sigma: 0.98 0.1 -0.49 0.21 1.99 
loglike: -5936.778 
########################################## 
Successful convergence. Iteration stops because likDiff <= itertol.
Warning in sqrt(diag(solve(Hmat))) : NaNs produced

### [bt]: Job terminated successfully [batchtools job.id=55]
### [bt]: Calculation finished!
