### [bt]: This is batchtools v0.9.15
### [bt]: Starting calculation of 1 jobs
### [bt]: Setting working directory to '/Users/olivialiu/Documents/UBC/21Sum_RA/simul_for_three_models/src/src-final'
### [bt]: Memory measurement disabled
### [bt]: Starting job [batchtools job.id=257]
### [bt]: Generating problem instance for problem 'generate_data' ...
### [bt]: Applying algorithm 'fit_JMest' on problem 'generate_data' for job 257 (seed = 21071281) ...
[1] "get initial values for LME & GLM models --- done."
[1] "get initial values for GLME model --- done."
[1] "get initial values for survival models --- done."
[1] "estimate random effects --- done."
[1] "estimate fixed parameters --- done."
[1] "estimate dispersion parameters --- done."
############## Iteration: 1 ############### 
fixed.par: 2.63 0.67 -0.17 1.07 0.07 -1.68 0.32 -2.73 -1.28 2.81 1.53 -0.06 -0.48 -0.19 -0.96 -54.63 8.21 
FixedParDiff =  0.2726954 
likDiff =  1 
sigma: 0.95 0.09 -0.49 -0.05 1.95 
loglike: -5987.083 
########################################## 
[1] "estimate random effects --- done."
[1] "estimate fixed parameters --- done."
[1] "estimate dispersion parameters --- done."
############## Iteration: 2 ############### 
fixed.par: 2.2 0.96 -0.29 1.36 0.06 -1.72 0.32 -2.78 -1.24 2.68 1.55 -0.06 -0.54 -0.3 -1.15 -61.6 9.26 
FixedParDiff =  0.1845164 
likDiff =  0.006584546 
sigma: 0.97 0.1 -0.5 0.05 1.96 
loglike: -5947.66 
########################################## 
[1] "estimate random effects --- done."
[1] "estimate fixed parameters --- done."
[1] "estimate dispersion parameters --- done."
############## Iteration: 3 ############### 
fixed.par: 2.15 0.99 -0.31 1.39 0.05 -1.72 0.32 -2.78 -1.21 2.62 1.54 -0.07 -0.6 -0.45 -1.35 -70.1 10.55 
FixedParDiff =  0.07872496 
likDiff =  0.00102538 
sigma: 0.98 0.11 -0.49 0.14 1.98 
loglike: -5941.562 
########################################## 
[1] "estimate random effects --- done."
[1] "estimate fixed parameters --- done."
[1] "estimate dispersion parameters --- done."
############## Iteration: 4 ############### 
fixed.par: 2.14 0.99 -0.31 1.4 0.05 -1.73 0.34 -2.78 -1.19 2.57 1.52 -0.07 -0.64 -0.62 -1.57 -77.45 11.66 
FixedParDiff =  0.05934549 
likDiff =  0.0009373911 
sigma: 0.98 0.1 -0.48 0.21 1.99 
loglike: -5935.992 
########################################## 
Successful convergence. Iteration stops because likDiff <= itertol.
Warning in sqrt(diag(solve(Hmat))) : NaNs produced

### [bt]: Job terminated successfully [batchtools job.id=257]
### [bt]: Calculation finished!
