### [bt]: This is batchtools v0.9.15
### [bt]: Starting calculation of 1 jobs
### [bt]: Setting working directory to '/Users/olivialiu/Documents/UBC/21Sum_RA/simul_for_three_models/src/src-final'
### [bt]: Memory measurement disabled
### [bt]: Starting job [batchtools job.id=166]
### [bt]: Generating problem instance for problem 'generate_data' ...
### [bt]: Applying algorithm 'fit_JMest' on problem 'generate_data' for job 166 (seed = 21071190) ...
[1] "get initial values for LME & GLM models --- done."
[1] "get initial values for GLME model --- done."
[1] "get initial values for survival models --- done."
[1] "estimate random effects --- done."
[1] "estimate fixed parameters --- done."
[1] "estimate dispersion parameters --- done."
############## Iteration: 1 ############### 
fixed.par: 2.63 0.67 -0.17 1.07 0.06 -1.69 0.33 -2.73 -1.28 2.81 1.54 -0.06 -0.49 -0.19 -0.97 -55 8.26 
FixedParDiff =  0.2765478 
likDiff =  1 
sigma: 0.95 0.09 -0.49 -0.05 1.95 
loglike: -5987.099 
########################################## 
[1] "estimate random effects --- done."
[1] "estimate fixed parameters --- done."
[1] "estimate dispersion parameters --- done."
############## Iteration: 2 ############### 
fixed.par: 2.2 0.96 -0.29 1.36 0.06 -1.73 0.33 -2.78 -1.23 2.68 1.55 -0.06 -0.55 -0.31 -1.17 -62.81 9.45 
FixedParDiff =  0.1878802 
likDiff =  0.006612596 
sigma: 0.97 0.1 -0.5 0.05 1.96 
loglike: -5947.509 
########################################## 
[1] "estimate random effects --- done."
[1] "estimate fixed parameters --- done."
[1] "estimate dispersion parameters --- done."
############## Iteration: 3 ############### 
fixed.par: 2.15 1 -0.31 1.39 0.05 -1.7 0.31 -2.79 -1.2 2.61 1.54 -0.07 -0.6 -0.45 -1.35 -69.79 10.5 
FixedParDiff =  0.08079076 
likDiff =  0.00106344 
sigma: 0.98 0.11 -0.49 0.15 1.98 
loglike: -5941.184 
########################################## 
[1] "estimate random effects --- done."
[1] "estimate fixed parameters --- done."
[1] "estimate dispersion parameters --- done."
############## Iteration: 4 ############### 
fixed.par: 2.14 1 -0.31 1.4 0.05 -1.72 0.33 -2.78 -1.19 2.58 1.53 -0.07 -0.66 -0.63 -1.6 -79.45 11.97 
FixedParDiff =  0.06899132 
likDiff =  0.0008764723 
sigma: 0.98 0.1 -0.49 0.21 1.99 
loglike: -5935.977 
########################################## 
Successful convergence. Iteration stops because likDiff <= itertol.
Warning in sqrt(diag(solve(Hmat))) : NaNs produced

### [bt]: Job terminated successfully [batchtools job.id=166]
### [bt]: Calculation finished!
