### [bt]: This is batchtools v0.9.15
### [bt]: Starting calculation of 1 jobs
### [bt]: Setting working directory to '/Users/olivialiu/Documents/UBC/21Sum_RA/simul_for_three_models/src/src-final'
### [bt]: Memory measurement disabled
### [bt]: Starting job [batchtools job.id=3]
### [bt]: Generating problem instance for problem 'generate_data' ...
### [bt]: Applying algorithm 'fit_JMest' on problem 'generate_data' for job 3 (seed = 21071027) ...
[1] "get initial values for LME & GLM models --- done."
[1] "get initial values for GLME model --- done."
[1] "get initial values for survival models --- done."
[1] "estimate random effects --- done."
[1] "estimate fixed parameters --- done."
[1] "estimate dispersion parameters --- done."
############## Iteration: 1 ############### 
fixed.par: 2.63 0.67 -0.17 1.07 0.07 -1.7 0.34 -2.74 -1.28 2.81 1.54 -0.06 -0.49 -0.19 -0.97 -55.52 8.34 
FixedParDiff =  0.2721996 
likDiff =  1 
sigma: 0.95 0.09 -0.49 -0.05 1.95 
loglike: -5987.05 
########################################## 
[1] "estimate random effects --- done."
[1] "estimate fixed parameters --- done."
[1] "estimate dispersion parameters --- done."
############## Iteration: 2 ############### 
fixed.par: 2.21 0.96 -0.29 1.35 0.06 -1.73 0.33 -2.78 -1.23 2.67 1.55 -0.06 -0.55 -0.31 -1.17 -62.78 9.44 
FixedParDiff =  0.189047 
likDiff =  0.006630821 
sigma: 0.97 0.1 -0.5 0.05 1.96 
loglike: -5947.351 
########################################## 
[1] "estimate random effects --- done."
[1] "estimate fixed parameters --- done."
[1] "estimate dispersion parameters --- done."
############## Iteration: 3 ############### 
fixed.par: 2.15 0.99 -0.31 1.39 0.05 -1.72 0.33 -2.78 -1.2 2.61 1.54 -0.07 -0.6 -0.46 -1.36 -70.01 10.54 
FixedParDiff =  0.07417397 
likDiff =  0.00104529 
sigma: 0.98 0.11 -0.49 0.15 1.98 
loglike: -5941.134 
########################################## 
[1] "estimate random effects --- done."
[1] "estimate fixed parameters --- done."
[1] "estimate dispersion parameters --- done."
############## Iteration: 4 ############### 
fixed.par: 2.14 1 -0.31 1.4 0.05 -1.72 0.33 -2.78 -1.19 2.57 1.52 -0.07 -0.65 -0.62 -1.57 -77.84 11.72 
FixedParDiff =  0.05872812 
likDiff =  0.0008854435 
sigma: 0.98 0.1 -0.48 0.21 1.99 
loglike: -5935.874 
########################################## 
Successful convergence. Iteration stops because likDiff <= itertol.
Warning in sqrt(diag(solve(Hmat))) : NaNs produced

### [bt]: Job terminated successfully [batchtools job.id=3]
### [bt]: Calculation finished!
