### [bt]: This is batchtools v0.9.15
### [bt]: Starting calculation of 1 jobs
### [bt]: Setting working directory to '/data/home/mengwang/21-summer-project/src'
### [bt]: Memory measurement disabled
### [bt]: Starting job [batchtools job.id=385]
### [bt]: Generating problem instance for problem 'generate_data' ...
### [bt]: Applying algorithm 'fit_JMest' on problem 'generate_data' for job 385 (seed = 20071328) ...
[1] "get initial values for LME & GLM models --- done."
[1] "get initial values for GLME model --- done."
[1] "get initial values for survival models --- done."
[1] "estimate random effects --- done."
[1] "estimate fixed parameters --- done."
[1] "estimate dispersion parameters --- done."
############## Iteration: 1 ############### 
fixed.par: 2.63 0.67 -0.17 1.07 0.06 -1.68 0.32 -2.73 -1.21 2.89 1.17 -0.05 -0.52 -0.32 -1.04 -57.49 8.64 
FixedParDiff =  0.3024179 
likDiff =  1 
sigma: 0.95 0.09 -0.46 -0.29 2 
loglike: -5983.828 
########################################## 
[1] "estimate random effects --- done."
[1] "estimate fixed parameters --- done."
[1] "estimate dispersion parameters --- done."
############## Iteration: 2 ############### 
fixed.par: 2.2 0.96 -0.3 1.35 0.06 -1.73 0.34 -2.78 -1.15 2.74 1.23 -0.05 -0.6 -0.58 -1.43 -69.84 10.51 
FixedParDiff =  0.2207471 
likDiff =  0.007522486 
sigma: 0.97 0.1 -0.46 -0.29 2 
loglike: -5938.815 
########################################## 
[1] "estimate random effects --- done."
[1] "estimate fixed parameters --- done."
[1] "estimate dispersion parameters --- done."
############## Iteration: 3 ############### 
fixed.par: 2.15 0.99 -0.31 1.39 0.06 -1.74 0.36 -2.77 -1.11 2.66 1.24 -0.05 -0.73 -1.01 -2.05 -87.23 13.15 
FixedParDiff =  0.1302407 
likDiff =  0.002654111 
sigma: 0.98 0.1 -0.42 -0.29 2.01 
loglike: -5923.053 
########################################## 
[1] "estimate random effects --- done."
[1] "estimate fixed parameters --- done."
[1] "estimate dispersion parameters --- done."
############## Iteration: 4 ############### 
fixed.par: 2.15 1 -0.32 1.39 0.06 -1.74 0.36 -2.76 -1.07 2.59 1.25 -0.05 -1.13 -1.96 -3.59 -134.44 20.3 
FixedParDiff =  0.2013064 
likDiff =  0.004357521 
sigma: 0.98 0.08 -0.37 -0.31 2.01 
loglike: -5897.243 
########################################## 
[1] "estimate random effects --- done."
[1] "estimate fixed parameters --- done."
[1] "estimate dispersion parameters --- done."
############## Iteration: 5 ############### 
fixed.par: 2.15 1 -0.32 1.39 0.07 -1.74 0.38 -2.75 -1.01 2.45 1.24 -0.05 -2.6 -4.8 -8.79 -307.68 46.59 
FixedParDiff =  0.4178814 
likDiff =  0.009317211 
sigma: 0.98 0.05 -0.31 -0.36 2 
loglike: -5842.297 
########################################## 
Warning in JMfit_HL(glmeObject, survObject, long.data, surv.data, idVar,  :
  Iteration limit reached without covergence.

### [bt]: Job terminated successfully [batchtools job.id=385]
### [bt]: Calculation finished!
