### [bt]: This is batchtools v0.9.15
### [bt]: Starting calculation of 1 jobs
### [bt]: Setting working directory to '/data/home/mengwang/21-summer-project/src'
### [bt]: Memory measurement disabled
### [bt]: Starting job [batchtools job.id=68]
### [bt]: Generating problem instance for problem 'generate_data' ...
### [bt]: Applying algorithm 'fit_JMest' on problem 'generate_data' for job 68 (seed = 20071011) ...
[1] "get initial values for LME & GLM models --- done."
[1] "get initial values for GLME model --- done."
[1] "get initial values for survival models --- done."
[1] "estimate random effects --- done."
[1] "estimate fixed parameters --- done."
[1] "estimate dispersion parameters --- done."
############## Iteration: 1 ############### 
fixed.par: 2.63 0.67 -0.17 1.07 0.07 -1.71 0.35 -2.73 -1.21 2.89 1.16 -0.05 -0.52 -0.33 -1.05 -57.73 8.68 
FixedParDiff =  0.2930218 
likDiff =  1 
sigma: 0.95 0.09 -0.46 -0.29 2 
loglike: -5983.798 
########################################## 
[1] "estimate random effects --- done."
[1] "estimate fixed parameters --- done."
[1] "estimate dispersion parameters --- done."
############## Iteration: 2 ############### 
fixed.par: 2.2 0.96 -0.3 1.36 0.06 -1.73 0.34 -2.78 -1.15 2.74 1.22 -0.05 -0.61 -0.58 -1.44 -70.33 10.59 
FixedParDiff =  0.2232219 
likDiff =  0.007534899 
sigma: 0.97 0.1 -0.46 -0.29 2 
loglike: -5938.71 
########################################## 
[1] "estimate random effects --- done."
[1] "estimate fixed parameters --- done."
[1] "estimate dispersion parameters --- done."
############## Iteration: 3 ############### 
fixed.par: 2.15 1 -0.31 1.39 0.06 -1.74 0.35 -2.77 -1.11 2.65 1.23 -0.05 -0.73 -1.01 -2.05 -86.9 13.1 
FixedParDiff =  0.1231243 
likDiff =  0.002666366 
sigma: 0.98 0.1 -0.42 -0.29 2.01 
loglike: -5922.876 
########################################## 
[1] "estimate random effects --- done."
[1] "estimate fixed parameters --- done."
[1] "estimate dispersion parameters --- done."
############## Iteration: 4 ############### 
fixed.par: 2.14 1 -0.32 1.39 0.06 -1.74 0.37 -2.76 -1.07 2.59 1.23 -0.05 -1.1 -1.91 -3.51 -131.04 19.79 
FixedParDiff =  0.1951983 
likDiff =  0.004326509 
sigma: 0.98 0.08 -0.38 -0.31 2.01 
loglike: -5897.25 
########################################## 
[1] "estimate random effects --- done."
Warning in log(det(H/2/pi)) : NaNs produced
[1] "estimate fixed parameters --- done."
[1] "estimate dispersion parameters --- done."
############## Iteration: 5 ############### 
fixed.par: 2.15 1 -0.32 1.39 0.06 -1.73 0.37 -2.75 -1.02 2.46 1.24 -0.05 -2.27 -4.24 -7.72 -267.88 40.57 
FixedParDiff =  0.3397987 
likDiff =  0.008955521 
sigma: 0.98 0.05 -0.31 -0.36 2 
loglike: -5844.437 
########################################## 
Warning in JMfit_HL(glmeObject, survObject, long.data, surv.data, idVar,  :
  Iteration limit reached without covergence.

### [bt]: Job terminated successfully [batchtools job.id=68]
### [bt]: Calculation finished!
