### [bt]: This is batchtools v0.9.15
### [bt]: Starting calculation of 1 jobs
### [bt]: Setting working directory to '/data/home/mengwang/21-summer-project/src'
### [bt]: Memory measurement disabled
### [bt]: Starting job [batchtools job.id=351]
### [bt]: Generating problem instance for problem 'generate_data' ...
### [bt]: Applying algorithm 'fit_JMest' on problem 'generate_data' for job 351 (seed = 20071294) ...
[1] "get initial values for LME & GLM models --- done."
[1] "get initial values for GLME model --- done."
[1] "get initial values for survival models --- done."
[1] "estimate random effects --- done."
[1] "estimate fixed parameters --- done."
[1] "estimate dispersion parameters --- done."
############## Iteration: 1 ############### 
fixed.par: 2.63 0.67 -0.17 1.07 0.06 -1.68 0.33 -2.73 -1.21 2.89 1.17 -0.05 -0.51 -0.32 -1.04 -57.41 8.63 
FixedParDiff =  0.3006952 
likDiff =  1 
sigma: 0.95 0.09 -0.46 -0.29 2 
loglike: -5983.833 
########################################## 
[1] "estimate random effects --- done."
[1] "estimate fixed parameters --- done."
[1] "estimate dispersion parameters --- done."
############## Iteration: 2 ############### 
fixed.par: 2.2 0.96 -0.3 1.36 0.06 -1.73 0.35 -2.78 -1.15 2.74 1.22 -0.05 -0.6 -0.57 -1.42 -69.09 10.4 
FixedParDiff =  0.2162466 
likDiff =  0.007516907 
sigma: 0.97 0.1 -0.46 -0.29 2 
loglike: -5938.853 
########################################## 
[1] "estimate random effects --- done."
[1] "estimate fixed parameters --- done."
[1] "estimate dispersion parameters --- done."
############## Iteration: 3 ############### 
fixed.par: 2.15 0.99 -0.31 1.39 0.06 -1.75 0.36 -2.77 -1.11 2.66 1.24 -0.05 -0.74 -1.02 -2.07 -88.46 13.33 
FixedParDiff =  0.1374005 
likDiff =  0.002621292 
sigma: 0.98 0.1 -0.42 -0.29 2.01 
loglike: -5923.285 
########################################## 
[1] "estimate random effects --- done."
[1] "estimate fixed parameters --- done."
[1] "estimate dispersion parameters --- done."
############## Iteration: 4 ############### 
fixed.par: 2.15 1 -0.32 1.39 0.06 -1.75 0.37 -2.76 -1.07 2.58 1.25 -0.05 -1.15 -1.99 -3.67 -137.78 20.81 
FixedParDiff =  0.2086238 
likDiff =  0.004427683 
sigma: 0.98 0.08 -0.37 -0.31 2.01 
loglike: -5897.059 
########################################## 
[1] "estimate random effects --- done."
[1] "estimate fixed parameters --- done."
[1] "estimate dispersion parameters --- done."
############## Iteration: 5 ############### 
fixed.par: 2.15 1 -0.31 1.39 0.07 -1.74 0.38 -2.75 -1 2.43 1.24 -0.05 -2.46 -4.51 -8.31 -290.48 43.99 
FixedParDiff =  0.3624506 
likDiff =  0.009435445 
sigma: 0.98 0.05 -0.31 -0.36 2 
loglike: -5841.418 
########################################## 
Warning in JMfit_HL(glmeObject, survObject, long.data, surv.data, idVar,  :
  Iteration limit reached without covergence.

### [bt]: Job terminated successfully [batchtools job.id=351]
### [bt]: Calculation finished!
