### [bt]: This is batchtools v0.9.15
### [bt]: Starting calculation of 1 jobs
### [bt]: Setting working directory to '/data/home/mengwang/21-summer-project/src'
### [bt]: Memory measurement disabled
### [bt]: Starting job [batchtools job.id=201]
### [bt]: Generating problem instance for problem 'generate_data' ...
### [bt]: Applying algorithm 'fit_JMest' on problem 'generate_data' for job 201 (seed = 20071144) ...
[1] "get initial values for LME & GLM models --- done."
[1] "get initial values for GLME model --- done."
[1] "get initial values for survival models --- done."
[1] "estimate random effects --- done."
[1] "estimate fixed parameters --- done."
[1] "estimate dispersion parameters --- done."
############## Iteration: 1 ############### 
fixed.par: 2.63 0.67 -0.17 1.07 0.07 -1.69 0.34 -2.74 -1.21 2.89 1.18 -0.05 -0.5 -0.32 -1.03 -56.31 8.47 
FixedParDiff =  0.2894266 
likDiff =  1 
sigma: 0.95 0.09 -0.46 -0.29 2 
loglike: -5983.86 
########################################## 
[1] "estimate random effects --- done."
[1] "estimate fixed parameters --- done."
[1] "estimate dispersion parameters --- done."
############## Iteration: 2 ############### 
fixed.par: 2.2 0.96 -0.3 1.36 0.06 -1.72 0.34 -2.78 -1.16 2.75 1.22 -0.05 -0.6 -0.57 -1.41 -68.84 10.36 
FixedParDiff =  0.2216172 
likDiff =  0.007469743 
sigma: 0.97 0.1 -0.46 -0.29 2 
loglike: -5939.162 
########################################## 
[1] "estimate random effects --- done."
[1] "estimate fixed parameters --- done."
[1] "estimate dispersion parameters --- done."
############## Iteration: 3 ############### 
fixed.par: 2.15 1 -0.31 1.39 0.06 -1.74 0.36 -2.77 -1.11 2.67 1.24 -0.05 -0.75 -1.03 -2.08 -89.23 13.45 
FixedParDiff =  0.1469123 
likDiff =  0.002638166 
sigma: 0.98 0.1 -0.42 -0.29 2.01 
loglike: -5923.493 
########################################## 
[1] "estimate random effects --- done."
[1] "estimate fixed parameters --- done."
[1] "estimate dispersion parameters --- done."
############## Iteration: 4 ############### 
fixed.par: 2.15 1 -0.32 1.39 0.06 -1.75 0.37 -2.76 -1.07 2.58 1.24 -0.05 -1.1 -1.91 -3.53 -131.7 19.89 
FixedParDiff =  0.1857038 
likDiff =  0.004475065 
sigma: 0.98 0.08 -0.37 -0.31 2.01 
loglike: -5896.985 
########################################## 
[1] "estimate random effects --- done."
[1] "estimate fixed parameters --- done."
[1] "estimate dispersion parameters --- done."
############## Iteration: 5 ############### 
fixed.par: 2.15 1 -0.32 1.39 0.06 -1.74 0.37 -2.75 -1.01 2.45 1.24 -0.05 -2.28 -4.25 -7.77 -269.92 40.88 
FixedParDiff =  0.3418086 
likDiff =  0.008911858 
sigma: 0.98 0.05 -0.31 -0.36 2 
loglike: -5844.432 
########################################## 
Warning in JMfit_HL(glmeObject, survObject, long.data, surv.data, idVar,  :
  Iteration limit reached without covergence.

### [bt]: Job terminated successfully [batchtools job.id=201]
### [bt]: Calculation finished!
