### [bt]: This is batchtools v0.9.15
### [bt]: Starting calculation of 1 jobs
### [bt]: Setting working directory to '/data/home/mengwang/21-summer-project/src'
### [bt]: Memory measurement disabled
### [bt]: Starting job [batchtools job.id=237]
### [bt]: Generating problem instance for problem 'generate_data' ...
### [bt]: Applying algorithm 'fit_JMest' on problem 'generate_data' for job 237 (seed = 20071180) ...
[1] "get initial values for LME & GLM models --- done."
[1] "get initial values for GLME model --- done."
[1] "get initial values for survival models --- done."
[1] "estimate random effects --- done."
[1] "estimate fixed parameters --- done."
[1] "estimate dispersion parameters --- done."
############## Iteration: 1 ############### 
fixed.par: 2.63 0.67 -0.17 1.07 0.07 -1.68 0.33 -2.74 -1.22 2.89 1.18 -0.05 -0.5 -0.32 -1.02 -55.77 8.38 
FixedParDiff =  0.2888384 
likDiff =  1 
sigma: 0.95 0.09 -0.46 -0.29 2 
loglike: -5983.922 
########################################## 
[1] "estimate random effects --- done."
[1] "estimate fixed parameters --- done."
[1] "estimate dispersion parameters --- done."
############## Iteration: 2 ############### 
fixed.par: 2.2 0.96 -0.3 1.35 0.06 -1.73 0.34 -2.78 -1.16 2.76 1.22 -0.05 -0.6 -0.57 -1.41 -68.98 10.38 
FixedParDiff =  0.224983 
likDiff =  0.007443481 
sigma: 0.97 0.1 -0.46 -0.29 2 
loglike: -5939.381 
########################################## 
[1] "estimate random effects --- done."
[1] "estimate fixed parameters --- done."
[1] "estimate dispersion parameters --- done."
############## Iteration: 3 ############### 
fixed.par: 2.15 1 -0.31 1.39 0.06 -1.75 0.37 -2.77 -1.11 2.67 1.24 -0.05 -0.73 -1 -2.02 -86.17 12.99 
FixedParDiff =  0.1336116 
likDiff =  0.002668612 
sigma: 0.98 0.1 -0.42 -0.29 2.01 
loglike: -5923.531 
########################################## 
[1] "estimate random effects --- done."
[1] "estimate fixed parameters --- done."
[1] "estimate dispersion parameters --- done."
############## Iteration: 4 ############### 
fixed.par: 2.15 1 -0.32 1.39 0.06 -1.74 0.37 -2.76 -1.08 2.59 1.25 -0.05 -1.1 -1.92 -3.52 -131.27 19.82 
FixedParDiff =  0.1961866 
likDiff =  0.004334968 
sigma: 0.98 0.08 -0.38 -0.31 2.01 
loglike: -5897.852 
########################################## 
[1] "estimate random effects --- done."
[1] "estimate fixed parameters --- done."
[1] "estimate dispersion parameters --- done."
############## Iteration: 5 ############### 
fixed.par: 2.15 1 -0.31 1.39 0.06 -1.71 0.35 -2.75 -1.02 2.46 1.24 -0.05 -2.68 -4.97 -9.07 -316.67 47.95 
FixedParDiff =  0.4538575 
likDiff =  0.009079507 
sigma: 0.98 0.05 -0.31 -0.36 2 
loglike: -5844.303 
########################################## 
Warning in JMfit_HL(glmeObject, survObject, long.data, surv.data, idVar,  :
  Iteration limit reached without covergence.

### [bt]: Job terminated successfully [batchtools job.id=237]
### [bt]: Calculation finished!
