### [bt]: This is batchtools v0.9.15
### [bt]: Starting calculation of 1 jobs
### [bt]: Setting working directory to '/data/home/mengwang/21-summer-project/src'
### [bt]: Memory measurement disabled
### [bt]: Starting job [batchtools job.id=528]
### [bt]: Generating problem instance for problem 'generate_data' ...
### [bt]: Applying algorithm 'fit_JMest' on problem 'generate_data' for job 528 (seed = 20071471) ...
[1] "get initial values for LME & GLM models --- done."
[1] "get initial values for GLME model --- done."
[1] "get initial values for survival models --- done."
[1] "estimate random effects --- done."
[1] "estimate fixed parameters --- done."
[1] "estimate dispersion parameters --- done."
############## Iteration: 1 ############### 
fixed.par: 2.63 0.67 -0.17 1.07 0.07 -1.69 0.33 -2.74 -1.22 2.89 1.18 -0.05 -0.52 -0.32 -1.05 -57.55 8.65 
FixedParDiff =  0.2996623 
likDiff =  1 
sigma: 0.95 0.09 -0.46 -0.29 2 
loglike: -5983.824 
########################################## 
[1] "estimate random effects --- done."
[1] "estimate fixed parameters --- done."
[1] "estimate dispersion parameters --- done."
############## Iteration: 2 ############### 
fixed.par: 2.2 0.96 -0.3 1.36 0.06 -1.74 0.35 -2.78 -1.15 2.74 1.22 -0.05 -0.62 -0.59 -1.45 -71.25 10.72 
FixedParDiff =  0.2263309 
likDiff =  0.0075178 
sigma: 0.97 0.1 -0.46 -0.29 2 
loglike: -5938.839 
########################################## 
[1] "estimate random effects --- done."
[1] "estimate fixed parameters --- done."
[1] "estimate dispersion parameters --- done."
############## Iteration: 3 ############### 
fixed.par: 2.15 1 -0.31 1.39 0.06 -1.75 0.37 -2.77 -1.1 2.65 1.24 -0.05 -0.77 -1.06 -2.15 -91.84 13.84 
FixedParDiff =  0.1425623 
likDiff =  0.002720068 
sigma: 0.98 0.1 -0.42 -0.29 2.01 
loglike: -5922.684 
########################################## 
[1] "estimate random effects --- done."
[1] "estimate fixed parameters --- done."
[1] "estimate dispersion parameters --- done."
############## Iteration: 4 ############### 
fixed.par: 2.15 1 -0.31 1.39 0.06 -1.74 0.37 -2.76 -1.06 2.56 1.24 -0.05 -1.16 -1.98 -3.68 -138.35 20.9 
FixedParDiff =  0.1906226 
likDiff =  0.004534111 
sigma: 0.98 0.08 -0.37 -0.31 2.01 
loglike: -5895.83 
########################################## 
[1] "estimate random effects --- done."
[1] "estimate fixed parameters --- done."
[1] "estimate dispersion parameters --- done."
############## Iteration: 5 ############### 
fixed.par: 2.15 1 -0.31 1.39 0.07 -1.75 0.38 -2.75 -1 2.42 1.24 -0.05 -2.48 -4.51 -8.34 -292.74 44.34 
FixedParDiff =  0.3663134 
likDiff =  0.009292921 
sigma: 0.98 0.05 -0.31 -0.36 2 
loglike: -5841.041 
########################################## 
Warning in JMfit_HL(glmeObject, survObject, long.data, surv.data, idVar,  :
  Iteration limit reached without covergence.

### [bt]: Job terminated successfully [batchtools job.id=528]
### [bt]: Calculation finished!
