### [bt]: This is batchtools v0.9.15
### [bt]: Starting calculation of 1 jobs
### [bt]: Setting working directory to '/data/home/mengwang/21-summer-project/src'
### [bt]: Memory measurement disabled
### [bt]: Starting job [batchtools job.id=384]
### [bt]: Generating problem instance for problem 'generate_data' ...
### [bt]: Applying algorithm 'fit_JMest' on problem 'generate_data' for job 384 (seed = 20071327) ...
[1] "get initial values for LME & GLM models --- done."
[1] "get initial values for GLME model --- done."
[1] "get initial values for survival models --- done."
[1] "estimate random effects --- done."
[1] "estimate fixed parameters --- done."
[1] "estimate dispersion parameters --- done."
############## Iteration: 1 ############### 
fixed.par: 2.63 0.67 -0.17 1.07 0.07 -1.7 0.34 -2.73 -1.21 2.89 1.17 -0.05 -0.53 -0.33 -1.06 -58.75 8.83 
FixedParDiff =  0.3084978 
likDiff =  1 
sigma: 0.95 0.09 -0.46 -0.29 2 
loglike: -5983.835 
########################################## 
[1] "estimate random effects --- done."
[1] "estimate fixed parameters --- done."
[1] "estimate dispersion parameters --- done."
############## Iteration: 2 ############### 
fixed.par: 2.2 0.96 -0.3 1.36 0.06 -1.72 0.34 -2.78 -1.15 2.73 1.22 -0.05 -0.61 -0.59 -1.44 -70.29 10.58 
FixedParDiff =  0.2150787 
likDiff =  0.007590132 
sigma: 0.97 0.1 -0.46 -0.29 2 
loglike: -5938.417 
########################################## 
[1] "estimate random effects --- done."
[1] "estimate fixed parameters --- done."
[1] "estimate dispersion parameters --- done."
############## Iteration: 3 ############### 
fixed.par: 2.15 1 -0.31 1.39 0.06 -1.75 0.37 -2.77 -1.11 2.65 1.24 -0.05 -0.76 -1.05 -2.12 -90.85 13.69 
FixedParDiff =  0.1479027 
likDiff =  0.002630445 
sigma: 0.98 0.1 -0.42 -0.28 2.01 
loglike: -5922.797 
########################################## 
[1] "estimate random effects --- done."
[1] "estimate fixed parameters --- done."
[1] "estimate dispersion parameters --- done."
############## Iteration: 4 ############### 
fixed.par: 2.14 1 -0.32 1.39 0.06 -1.76 0.38 -2.76 -1.07 2.57 1.24 -0.05 -1.16 -1.98 -3.68 -138.12 20.86 
FixedParDiff =  0.1967333 
likDiff =  0.004506065 
sigma: 0.98 0.08 -0.37 -0.31 2.01 
loglike: -5896.108 
########################################## 
[1] "estimate random effects --- done."
[1] "estimate fixed parameters --- done."
[1] "estimate dispersion parameters --- done."
############## Iteration: 5 ############### 
fixed.par: 2.15 1 -0.32 1.39 0.06 -1.73 0.37 -2.75 -1 2.43 1.24 -0.05 -2.45 -4.47 -8.25 -289.26 43.81 
FixedParDiff =  0.3575292 
likDiff =  0.009304233 
sigma: 0.98 0.05 -0.31 -0.36 2 
loglike: -5841.249 
########################################## 
Warning in JMfit_HL(glmeObject, survObject, long.data, surv.data, idVar,  :
  Iteration limit reached without covergence.

### [bt]: Job terminated successfully [batchtools job.id=384]
### [bt]: Calculation finished!
