### [bt]: This is batchtools v0.9.15
### [bt]: Starting calculation of 1 jobs
### [bt]: Setting working directory to '/data/home/mengwang/21-summer-project/src'
### [bt]: Memory measurement disabled
### [bt]: Starting job [batchtools job.id=366]
### [bt]: Generating problem instance for problem 'generate_data' ...
### [bt]: Applying algorithm 'fit_JMest' on problem 'generate_data' for job 366 (seed = 20071309) ...
[1] "get initial values for LME & GLM models --- done."
[1] "get initial values for GLME model --- done."
[1] "get initial values for survival models --- done."
[1] "estimate random effects --- done."
[1] "estimate fixed parameters --- done."
[1] "estimate dispersion parameters --- done."
############## Iteration: 1 ############### 
fixed.par: 2.63 0.67 -0.17 1.07 0.06 -1.66 0.31 -2.73 -1.22 2.89 1.18 -0.05 -0.51 -0.32 -1.04 -57.45 8.64 
FixedParDiff =  0.3084471 
likDiff =  1 
sigma: 0.95 0.09 -0.46 -0.29 2 
loglike: -5983.824 
########################################## 
[1] "estimate random effects --- done."
[1] "estimate fixed parameters --- done."
[1] "estimate dispersion parameters --- done."
############## Iteration: 2 ############### 
fixed.par: 2.2 0.96 -0.3 1.36 0.06 -1.73 0.34 -2.78 -1.15 2.74 1.22 -0.05 -0.6 -0.58 -1.43 -69.68 10.49 
FixedParDiff =  0.2181793 
likDiff =  0.007512436 
sigma: 0.97 0.1 -0.46 -0.29 2 
loglike: -5938.871 
########################################## 
[1] "estimate random effects --- done."
[1] "estimate fixed parameters --- done."
[1] "estimate dispersion parameters --- done."
############## Iteration: 3 ############### 
fixed.par: 2.15 1 -0.31 1.39 0.06 -1.76 0.37 -2.77 -1.11 2.66 1.24 -0.05 -0.74 -1.02 -2.07 -88.16 13.29 
FixedParDiff =  0.1389674 
likDiff =  0.002645438 
sigma: 0.98 0.1 -0.42 -0.29 2.01 
loglike: -5923.16 
########################################## 
[1] "estimate random effects --- done."
[1] "estimate fixed parameters --- done."
[1] "estimate dispersion parameters --- done."
############## Iteration: 4 ############### 
fixed.par: 2.14 1 -0.32 1.39 0.06 -1.73 0.36 -2.76 -1.07 2.58 1.24 -0.05 -1.14 -1.97 -3.63 -136.09 20.55 
FixedParDiff =  0.2074579 
likDiff =  0.004398456 
sigma: 0.98 0.08 -0.37 -0.31 2.01 
loglike: -5897.108 
########################################## 
[1] "estimate random effects --- done."
[1] "estimate fixed parameters --- done."
[1] "estimate dispersion parameters --- done."
############## Iteration: 5 ############### 
fixed.par: 2.15 1 -0.31 1.39 0.06 -1.74 0.37 -2.75 -1.01 2.44 1.24 -0.05 -2.8 -5.11 -9.41 -330.83 50.1 
FixedParDiff =  0.4607836 
likDiff =  0.009355534 
sigma: 0.98 0.05 -0.31 -0.36 2 
loglike: -5841.937 
########################################## 
Warning in JMfit_HL(glmeObject, survObject, long.data, surv.data, idVar,  :
  Iteration limit reached without covergence.

### [bt]: Job terminated successfully [batchtools job.id=366]
### [bt]: Calculation finished!
