### [bt]: This is batchtools v0.9.15
### [bt]: Starting calculation of 1 jobs
### [bt]: Setting working directory to '/data/home/mengwang/21-summer-project/src'
### [bt]: Memory measurement disabled
### [bt]: Starting job [batchtools job.id=219]
### [bt]: Generating problem instance for problem 'generate_data' ...
### [bt]: Applying algorithm 'fit_JMest' on problem 'generate_data' for job 219 (seed = 20071162) ...
[1] "get initial values for LME & GLM models --- done."
[1] "get initial values for GLME model --- done."
[1] "get initial values for survival models --- done."
[1] "estimate random effects --- done."
[1] "estimate fixed parameters --- done."
[1] "estimate dispersion parameters --- done."
############## Iteration: 1 ############### 
fixed.par: 2.63 0.67 -0.17 1.07 0.06 -1.67 0.32 -2.74 -1.22 2.89 1.19 -0.05 -0.49 -0.31 -1 -54.46 8.19 
FixedParDiff =  0.2835577 
likDiff =  1 
sigma: 0.95 0.09 -0.46 -0.29 2 
loglike: -5984.107 
########################################## 
[1] "estimate random effects --- done."
[1] "estimate fixed parameters --- done."
[1] "estimate dispersion parameters --- done."
############## Iteration: 2 ############### 
fixed.par: 2.21 0.96 -0.3 1.36 0.06 -1.74 0.35 -2.78 -1.16 2.77 1.22 -0.05 -0.58 -0.55 -1.36 -66.52 10.01 
FixedParDiff =  0.2184626 
likDiff =  0.007388331 
sigma: 0.97 0.1 -0.46 -0.29 2 
loglike: -5939.894 
########################################## 
[1] "estimate random effects --- done."
[1] "estimate fixed parameters --- done."
[1] "estimate dispersion parameters --- done."
############## Iteration: 3 ############### 
fixed.par: 2.15 1 -0.31 1.39 0.06 -1.75 0.37 -2.77 -1.12 2.69 1.24 -0.05 -0.72 -0.98 -1.99 -85.08 12.82 
FixedParDiff =  0.1396106 
likDiff =  0.002602638 
sigma: 0.98 0.1 -0.42 -0.29 2 
loglike: -5924.435 
########################################## 
[1] "estimate random effects --- done."
[1] "estimate fixed parameters --- done."
[1] "estimate dispersion parameters --- done."
############## Iteration: 4 ############### 
fixed.par: 2.14 1 -0.32 1.39 0.06 -1.74 0.37 -2.76 -1.08 2.6 1.25 -0.05 -1.08 -1.89 -3.46 -128.95 19.47 
FixedParDiff =  0.1971078 
likDiff =  0.004365685 
sigma: 0.98 0.08 -0.38 -0.31 2.01 
loglike: -5898.571 
########################################## 
[1] "estimate random effects --- done."
[1] "estimate fixed parameters --- done."
[1] "estimate dispersion parameters --- done."
############## Iteration: 5 ############### 
fixed.par: 2.14 1 -0.32 1.39 0.06 -1.74 0.37 -2.75 -1.02 2.47 1.24 -0.05 -2.41 -4.52 -8.23 -284.8 43.12 
FixedParDiff =  0.3915794 
likDiff =  0.009002372 
sigma: 0.98 0.06 -0.31 -0.37 2 
loglike: -5845.47 
########################################## 
Warning in JMfit_HL(glmeObject, survObject, long.data, surv.data, idVar,  :
  Iteration limit reached without covergence.

### [bt]: Job terminated successfully [batchtools job.id=219]
### [bt]: Calculation finished!
