### [bt]: This is batchtools v0.9.15
### [bt]: Starting calculation of 1 jobs
### [bt]: Setting working directory to '/data/home/mengwang/21-summer-project/src'
### [bt]: Memory measurement disabled
### [bt]: Starting job [batchtools job.id=387]
### [bt]: Generating problem instance for problem 'generate_data' ...
### [bt]: Applying algorithm 'fit_JMest' on problem 'generate_data' for job 387 (seed = 20071330) ...
[1] "get initial values for LME & GLM models --- done."
[1] "get initial values for GLME model --- done."
[1] "get initial values for survival models --- done."
[1] "estimate random effects --- done."
[1] "estimate fixed parameters --- done."
[1] "estimate dispersion parameters --- done."
############## Iteration: 1 ############### 
fixed.par: 2.63 0.67 -0.17 1.07 0.07 -1.7 0.34 -2.74 -1.22 2.89 1.18 -0.05 -0.52 -0.32 -1.05 -57.61 8.66 
FixedParDiff =  0.2966934 
likDiff =  1 
sigma: 0.95 0.09 -0.46 -0.29 2 
loglike: -5983.83 
########################################## 
[1] "estimate random effects --- done."
[1] "estimate fixed parameters --- done."
[1] "estimate dispersion parameters --- done."
############## Iteration: 2 ############### 
fixed.par: 2.2 0.96 -0.3 1.36 0.06 -1.73 0.34 -2.78 -1.15 2.74 1.22 -0.05 -0.6 -0.57 -1.42 -69.04 10.39 
FixedParDiff =  0.214359 
likDiff =  0.007526585 
sigma: 0.97 0.1 -0.46 -0.29 2 
loglike: -5938.792 
########################################## 
[1] "estimate random effects --- done."
[1] "estimate fixed parameters --- done."
[1] "estimate dispersion parameters --- done."
############## Iteration: 3 ############### 
fixed.par: 2.15 1 -0.31 1.39 0.06 -1.74 0.36 -2.77 -1.11 2.66 1.24 -0.05 -0.72 -0.99 -2.01 -85.42 12.88 
FixedParDiff =  0.1259836 
likDiff =  0.002604031 
sigma: 0.98 0.1 -0.42 -0.29 2.01 
loglike: -5923.327 
########################################## 
[1] "estimate random effects --- done."
[1] "estimate fixed parameters --- done."
[1] "estimate dispersion parameters --- done."
############## Iteration: 4 ############### 
fixed.par: 2.14 1 -0.32 1.39 0.06 -1.74 0.37 -2.76 -1.08 2.6 1.25 -0.05 -1.07 -1.88 -3.44 -127.9 19.32 
FixedParDiff =  0.1904663 
likDiff =  0.004286263 
sigma: 0.98 0.08 -0.38 -0.31 2.01 
loglike: -5897.938 
########################################## 
[1] "estimate random effects --- done."
[1] "estimate fixed parameters --- done."
[1] "estimate dispersion parameters --- done."
############## Iteration: 5 ############### 
fixed.par: 2.15 1 -0.32 1.39 0.06 -1.72 0.36 -2.75 -1.02 2.47 1.25 -0.05 -2.25 -4.24 -7.68 -265.52 40.21 
FixedParDiff =  0.3493104 
likDiff =  0.008847052 
sigma: 0.98 0.06 -0.31 -0.36 2 
loglike: -5845.759 
########################################## 
Warning in JMfit_HL(glmeObject, survObject, long.data, surv.data, idVar,  :
  Iteration limit reached without covergence.

### [bt]: Job terminated successfully [batchtools job.id=387]
### [bt]: Calculation finished!
