### [bt]: This is batchtools v0.9.15
### [bt]: Starting calculation of 1 jobs
### [bt]: Setting working directory to '/data/home/mengwang/21-summer-project/src'
### [bt]: Memory measurement disabled
### [bt]: Starting job [batchtools job.id=380]
### [bt]: Generating problem instance for problem 'generate_data' ...
### [bt]: Applying algorithm 'fit_JMest' on problem 'generate_data' for job 380 (seed = 20071323) ...
[1] "get initial values for LME & GLM models --- done."
[1] "get initial values for GLME model --- done."
[1] "get initial values for survival models --- done."
[1] "estimate random effects --- done."
[1] "estimate fixed parameters --- done."
[1] "estimate dispersion parameters --- done."
############## Iteration: 1 ############### 
fixed.par: 2.63 0.67 -0.17 1.07 0.07 -1.69 0.33 -2.73 -1.22 2.89 1.19 -0.05 -0.52 -0.33 -1.05 -57.96 8.71 
FixedParDiff =  0.304012 
likDiff =  1 
sigma: 0.95 0.09 -0.46 -0.29 2 
loglike: -5983.825 
########################################## 
[1] "estimate random effects --- done."
[1] "estimate fixed parameters --- done."
[1] "estimate dispersion parameters --- done."
############## Iteration: 2 ############### 
fixed.par: 2.2 0.96 -0.3 1.36 0.06 -1.74 0.35 -2.78 -1.15 2.74 1.21 -0.05 -0.61 -0.58 -1.44 -70.16 10.56 
FixedParDiff =  0.2170152 
likDiff =  0.007543772 
sigma: 0.97 0.1 -0.46 -0.29 2 
loglike: -5938.684 
########################################## 
[1] "estimate random effects --- done."
[1] "estimate fixed parameters --- done."
[1] "estimate dispersion parameters --- done."
############## Iteration: 3 ############### 
fixed.par: 2.15 0.99 -0.31 1.39 0.06 -1.74 0.36 -2.77 -1.11 2.65 1.24 -0.05 -0.75 -1.03 -2.09 -89.1 13.43 
FixedParDiff =  0.1334677 
likDiff =  0.002660372 
sigma: 0.98 0.1 -0.42 -0.29 2.01 
loglike: -5922.885 
########################################## 
[1] "estimate random effects --- done."
[1] "estimate fixed parameters --- done."
[1] "estimate dispersion parameters --- done."
############## Iteration: 4 ############### 
fixed.par: 2.15 1 -0.32 1.39 0.06 -1.76 0.38 -2.76 -1.07 2.58 1.25 -0.05 -1.16 -2 -3.69 -138.46 20.91 
FixedParDiff =  0.2113407 
likDiff =  0.004430139 
sigma: 0.98 0.08 -0.37 -0.31 2.01 
loglike: -5896.646 
########################################## 
[1] "estimate random effects --- done."
[1] "estimate fixed parameters --- done."
[1] "estimate dispersion parameters --- done."
############## Iteration: 5 ############### 
fixed.par: 2.15 1 -0.31 1.39 0.06 -1.72 0.36 -2.75 -1 2.43 1.24 -0.05 -2.72 -4.96 -9.15 -321.67 48.72 
FixedParDiff =  0.4271092 
likDiff =  0.009533226 
sigma: 0.98 0.05 -0.31 -0.37 2 
loglike: -5840.432 
########################################## 
Warning in JMfit_HL(glmeObject, survObject, long.data, surv.data, idVar,  :
  Iteration limit reached without covergence.

### [bt]: Job terminated successfully [batchtools job.id=380]
### [bt]: Calculation finished!
