### [bt]: This is batchtools v0.9.15
### [bt]: Starting calculation of 1 jobs
### [bt]: Setting working directory to '/data/home/mengwang/21-summer-project/src'
### [bt]: Memory measurement disabled
### [bt]: Starting job [batchtools job.id=240]
### [bt]: Generating problem instance for problem 'generate_data' ...
### [bt]: Applying algorithm 'fit_JMest' on problem 'generate_data' for job 240 (seed = 20071183) ...
[1] "get initial values for LME & GLM models --- done."
[1] "get initial values for GLME model --- done."
[1] "get initial values for survival models --- done."
[1] "estimate random effects --- done."
[1] "estimate fixed parameters --- done."
[1] "estimate dispersion parameters --- done."
############## Iteration: 1 ############### 
fixed.par: 2.63 0.67 -0.17 1.07 0.06 -1.67 0.32 -2.74 -1.22 2.89 1.18 -0.05 -0.51 -0.32 -1.04 -57.37 8.62 
FixedParDiff =  0.3039382 
likDiff =  1 
sigma: 0.95 0.09 -0.46 -0.29 2 
loglike: -5983.835 
########################################## 
[1] "estimate random effects --- done."
[1] "estimate fixed parameters --- done."
[1] "estimate dispersion parameters --- done."
############## Iteration: 2 ############### 
fixed.par: 2.2 0.96 -0.3 1.36 0.06 -1.72 0.33 -2.78 -1.15 2.75 1.22 -0.05 -0.6 -0.58 -1.42 -69.28 10.43 
FixedParDiff =  0.2188048 
likDiff =  0.007513473 
sigma: 0.97 0.1 -0.46 -0.29 2 
loglike: -5938.875 
########################################## 
[1] "estimate random effects --- done."
[1] "estimate fixed parameters --- done."
[1] "estimate dispersion parameters --- done."
############## Iteration: 3 ############### 
fixed.par: 2.15 1 -0.32 1.39 0.06 -1.74 0.36 -2.77 -1.11 2.66 1.24 -0.05 -0.74 -1.01 -2.06 -87.57 13.2 
FixedParDiff =  0.1387872 
likDiff =  0.002636397 
sigma: 0.98 0.1 -0.42 -0.29 2.01 
loglike: -5923.218 
########################################## 
[1] "estimate random effects --- done."
[1] "estimate fixed parameters --- done."
[1] "estimate dispersion parameters --- done."
############## Iteration: 4 ############### 
fixed.par: 2.14 1 -0.32 1.39 0.06 -1.74 0.37 -2.76 -1.07 2.59 1.24 -0.05 -1.1 -1.91 -3.52 -131.29 19.83 
FixedParDiff =  0.1901726 
likDiff =  0.004383328 
sigma: 0.98 0.08 -0.37 -0.31 2.01 
loglike: -5897.255 
########################################## 
[1] "estimate random effects --- done."
[1] "estimate fixed parameters --- done."
[1] "estimate dispersion parameters --- done."
############## Iteration: 5 ############### 
fixed.par: 2.14 1 -0.32 1.39 0.06 -1.72 0.36 -2.75 -1.02 2.46 1.24 -0.05 -2.39 -4.45 -8.13 -282.9 42.84 
FixedParDiff =  0.3726615 
likDiff =  0.009028975 
sigma: 0.98 0.05 -0.31 -0.36 2 
loglike: -5844.009 
########################################## 
Warning in JMfit_HL(glmeObject, survObject, long.data, surv.data, idVar,  :
  Iteration limit reached without covergence.

### [bt]: Job terminated successfully [batchtools job.id=240]
### [bt]: Calculation finished!
