### [bt]: This is batchtools v0.9.15
### [bt]: Starting calculation of 1 jobs
### [bt]: Setting working directory to '/data/home/mengwang/21-summer-project/src'
### [bt]: Memory measurement disabled
### [bt]: Starting job [batchtools job.id=203]
### [bt]: Generating problem instance for problem 'generate_data' ...
### [bt]: Applying algorithm 'fit_JMest' on problem 'generate_data' for job 203 (seed = 20071146) ...
[1] "get initial values for LME & GLM models --- done."
[1] "get initial values for GLME model --- done."
[1] "get initial values for survival models --- done."
[1] "estimate random effects --- done."
[1] "estimate fixed parameters --- done."
[1] "estimate dispersion parameters --- done."
############## Iteration: 1 ############### 
fixed.par: 2.63 0.67 -0.17 1.07 0.06 -1.66 0.31 -2.74 -1.21 2.89 1.17 -0.05 -0.51 -0.32 -1.04 -57.2 8.6 
FixedParDiff =  0.3059618 
likDiff =  1 
sigma: 0.95 0.09 -0.46 -0.29 2 
loglike: -5983.825 
########################################## 
[1] "estimate random effects --- done."
[1] "estimate fixed parameters --- done."
[1] "estimate dispersion parameters --- done."
############## Iteration: 2 ############### 
fixed.par: 2.2 0.96 -0.3 1.36 0.06 -1.74 0.35 -2.78 -1.16 2.75 1.22 -0.05 -0.61 -0.58 -1.43 -70.12 10.55 
FixedParDiff =  0.2240631 
likDiff =  0.007505412 
sigma: 0.97 0.1 -0.46 -0.29 2 
loglike: -5938.914 
########################################## 
[1] "estimate random effects --- done."
[1] "estimate fixed parameters --- done."
[1] "estimate dispersion parameters --- done."
############## Iteration: 3 ############### 
fixed.par: 2.15 1 -0.31 1.39 0.06 -1.75 0.36 -2.77 -1.11 2.66 1.24 -0.05 -0.74 -1.02 -2.07 -87.94 13.26 
FixedParDiff =  0.1308951 
likDiff =  0.002676005 
sigma: 0.98 0.1 -0.42 -0.29 2.01 
loglike: -5923.021 
########################################## 
[1] "estimate random effects --- done."
[1] "estimate fixed parameters --- done."
[1] "estimate dispersion parameters --- done."
############## Iteration: 4 ############### 
fixed.par: 2.14 1 -0.32 1.39 0.06 -1.75 0.37 -2.76 -1.07 2.58 1.25 -0.05 -1.12 -1.94 -3.56 -133.19 20.12 
FixedParDiff =  0.1944204 
likDiff =  0.004381724 
sigma: 0.98 0.08 -0.37 -0.31 2.01 
loglike: -5897.068 
########################################## 
[1] "estimate random effects --- done."
[1] "estimate fixed parameters --- done."
[1] "estimate dispersion parameters --- done."
############## Iteration: 5 ############### 
fixed.par: 2.15 1 -0.31 1.39 0.06 -1.73 0.37 -2.75 -1.01 2.45 1.24 -0.05 -2.42 -4.48 -8.21 -286.12 43.33 
FixedParDiff =  0.3725653 
likDiff =  0.009151493 
sigma: 0.98 0.05 -0.31 -0.36 2 
loglike: -5843.101 
########################################## 
Warning in JMfit_HL(glmeObject, survObject, long.data, surv.data, idVar,  :
  Iteration limit reached without covergence.

### [bt]: Job terminated successfully [batchtools job.id=203]
### [bt]: Calculation finished!
