### [bt]: This is batchtools v0.9.15
### [bt]: Starting calculation of 1 jobs
### [bt]: Setting working directory to '/data/home/mengwang/21-summer-project/src'
### [bt]: Memory measurement disabled
### [bt]: Starting job [batchtools job.id=215]
### [bt]: Generating problem instance for problem 'generate_data' ...
### [bt]: Applying algorithm 'fit_JMest' on problem 'generate_data' for job 215 (seed = 20071158) ...
[1] "get initial values for LME & GLM models --- done."
[1] "get initial values for GLME model --- done."
[1] "get initial values for survival models --- done."
[1] "estimate random effects --- done."
[1] "estimate fixed parameters --- done."
[1] "estimate dispersion parameters --- done."
############## Iteration: 1 ############### 
fixed.par: 2.63 0.67 -0.17 1.07 0.06 -1.68 0.32 -2.74 -1.22 2.89 1.18 -0.05 -0.53 -0.33 -1.07 -58.99 8.87 
FixedParDiff =  0.3152843 
likDiff =  1 
sigma: 0.95 0.09 -0.46 -0.29 2 
loglike: -5983.83 
########################################## 
[1] "estimate random effects --- done."
[1] "estimate fixed parameters --- done."
[1] "estimate dispersion parameters --- done."
############## Iteration: 2 ############### 
fixed.par: 2.2 0.96 -0.3 1.35 0.06 -1.75 0.36 -2.77 -1.15 2.73 1.22 -0.05 -0.61 -0.59 -1.45 -70.92 10.68 
FixedParDiff =  0.217932 
likDiff =  0.007602902 
sigma: 0.97 0.1 -0.46 -0.29 2 
loglike: -5938.335 
########################################## 
[1] "estimate random effects --- done."
[1] "estimate fixed parameters --- done."
[1] "estimate dispersion parameters --- done."
############## Iteration: 3 ############### 
fixed.par: 2.15 0.99 -0.31 1.39 0.06 -1.75 0.37 -2.77 -1.11 2.65 1.24 -0.05 -0.73 -1.01 -2.05 -86.51 13.04 
FixedParDiff =  0.1174839 
likDiff =  0.002654187 
sigma: 0.98 0.1 -0.42 -0.29 2.01 
loglike: -5922.574 
########################################## 
[1] "estimate random effects --- done."
[1] "estimate fixed parameters --- done."
[1] "estimate dispersion parameters --- done."
############## Iteration: 4 ############### 
fixed.par: 2.14 1 -0.32 1.39 0.06 -1.74 0.37 -2.76 -1.07 2.59 1.24 -0.05 -1.12 -1.95 -3.58 -133.67 20.19 
FixedParDiff =  0.201239 
likDiff =  0.004306017 
sigma: 0.98 0.08 -0.37 -0.31 2.01 
loglike: -5897.071 
########################################## 
[1] "estimate random effects --- done."
[1] "estimate fixed parameters --- done."
[1] "estimate dispersion parameters --- done."
############## Iteration: 5 ############### 
fixed.par: 2.15 1 -0.31 1.39 0.06 -1.72 0.36 -2.75 -1.01 2.45 1.24 -0.05 -2.55 -4.72 -8.62 -301.33 45.63 
FixedParDiff =  0.4025078 
likDiff =  0.009293925 
sigma: 0.98 0.05 -0.31 -0.36 2 
loglike: -5842.264 
########################################## 
Warning in JMfit_HL(glmeObject, survObject, long.data, surv.data, idVar,  :
  Iteration limit reached without covergence.

### [bt]: Job terminated successfully [batchtools job.id=215]
### [bt]: Calculation finished!
