### [bt]: This is batchtools v0.9.15
### [bt]: Starting calculation of 1 jobs
### [bt]: Setting working directory to '/data/home/mengwang/21-summer-project/src'
### [bt]: Memory measurement disabled
### [bt]: Starting job [batchtools job.id=249]
### [bt]: Generating problem instance for problem 'generate_data' ...
### [bt]: Applying algorithm 'fit_JMest' on problem 'generate_data' for job 249 (seed = 20071192) ...
[1] "get initial values for LME & GLM models --- done."
[1] "get initial values for GLME model --- done."
[1] "get initial values for survival models --- done."
[1] "estimate random effects --- done."
[1] "estimate fixed parameters --- done."
[1] "estimate dispersion parameters --- done."
############## Iteration: 1 ############### 
fixed.par: 2.63 0.67 -0.17 1.07 0.07 -1.71 0.35 -2.73 -1.21 2.89 1.17 -0.05 -0.52 -0.33 -1.06 -58.3 8.76 
FixedParDiff =  0.2968584 
likDiff =  1 
sigma: 0.95 0.09 -0.46 -0.29 2 
loglike: -5983.81 
########################################## 
[1] "estimate random effects --- done."
[1] "estimate fixed parameters --- done."
[1] "estimate dispersion parameters --- done."
############## Iteration: 2 ############### 
fixed.par: 2.2 0.96 -0.3 1.36 0.06 -1.73 0.34 -2.78 -1.15 2.74 1.22 -0.05 -0.6 -0.58 -1.42 -68.95 10.38 
FixedParDiff =  0.2126733 
likDiff =  0.007556441 
sigma: 0.97 0.1 -0.46 -0.29 2 
loglike: -5938.594 
########################################## 
[1] "estimate random effects --- done."
[1] "estimate fixed parameters --- done."
[1] "estimate dispersion parameters --- done."
############## Iteration: 3 ############### 
fixed.par: 2.15 0.99 -0.31 1.39 0.06 -1.75 0.36 -2.77 -1.11 2.66 1.23 -0.05 -0.75 -1.03 -2.09 -89.18 13.44 
FixedParDiff =  0.1421917 
likDiff =  0.002584311 
sigma: 0.98 0.1 -0.42 -0.29 2.01 
loglike: -5923.247 
########################################## 
[1] "estimate random effects --- done."
[1] "estimate fixed parameters --- done."
[1] "estimate dispersion parameters --- done."
############## Iteration: 4 ############### 
fixed.par: 2.14 1 -0.32 1.39 0.06 -1.75 0.37 -2.76 -1.07 2.58 1.25 -0.05 -1.16 -1.99 -3.68 -138.17 20.87 
FixedParDiff =  0.2069808 
likDiff =  0.004466508 
sigma: 0.98 0.08 -0.37 -0.31 2.01 
loglike: -5896.79 
########################################## 
[1] "estimate random effects --- done."
[1] "estimate fixed parameters --- done."
[1] "estimate dispersion parameters --- done."
############## Iteration: 5 ############### 
fixed.par: 2.15 1 -0.31 1.39 0.06 -1.73 0.37 -2.75 -1.01 2.43 1.25 -0.05 -2.68 -4.9 -9.03 -317.2 48.04 
FixedParDiff =  0.4166903 
likDiff =  0.009504734 
sigma: 0.98 0.05 -0.31 -0.37 2 
loglike: -5840.743 
########################################## 
Warning in JMfit_HL(glmeObject, survObject, long.data, surv.data, idVar,  :
  Iteration limit reached without covergence.

### [bt]: Job terminated successfully [batchtools job.id=249]
### [bt]: Calculation finished!
