### [bt]: This is batchtools v0.9.15
### [bt]: Starting calculation of 1 jobs
### [bt]: Setting working directory to '/data/home/mengwang/21-summer-project/src'
### [bt]: Memory measurement disabled
### [bt]: Starting job [batchtools job.id=405]
### [bt]: Generating problem instance for problem 'generate_data' ...
### [bt]: Applying algorithm 'fit_JMest' on problem 'generate_data' for job 405 (seed = 20071348) ...
[1] "get initial values for LME & GLM models --- done."
[1] "get initial values for GLME model --- done."
[1] "get initial values for survival models --- done."
[1] "estimate random effects --- done."
[1] "estimate fixed parameters --- done."
[1] "estimate dispersion parameters --- done."
############## Iteration: 1 ############### 
fixed.par: 1.77 1.19 -0.39 1.64 0.06 -1.64 0.28 -2.74 -1.16 2.73 1.13 -0.04 2.58 -0.17 -0.22 1.15 
FixedParDiff =  4.486556 
likDiff =  1 
sigma: 1.16 0 -0.52 -0.62 1.52 
loglike: -8539.66 
########################################## 
[1] "estimate random effects --- done."
[1] "estimate fixed parameters --- done."
[1] "estimate dispersion parameters --- done."
############## Iteration: 2 ############### 
fixed.par: 1.78 1.19 -0.39 1.64 0.05 -1.69 0.28 -2.79 -1.15 2.52 1.33 -0.06 2.6 -0.42 -0.44 1.15 
FixedParDiff =  0.2100425 
likDiff =  0.2979383 
sigma: 1.16 0.01 -0.49 -0.63 1.52 
loglike: -5995.368 
########################################## 
[1] "estimate random effects --- done."
[1] "estimate fixed parameters --- done."
[1] "estimate dispersion parameters --- done."
############## Iteration: 3 ############### 
fixed.par: 1.78 1.19 -0.39 1.64 0.05 -1.73 0.33 -2.78 -1.14 2.53 1.4 -0.06 2.67 -1.74 -1.86 1.15 
FixedParDiff =  0.4210112 
likDiff =  0.007530865 
sigma: 1.16 0.01 -0.41 -0.74 1.51 
loglike: -5950.218 
########################################## 
[1] "estimate random effects --- done."
[1] "estimate fixed parameters --- done."
Warning in log(det(H/2/pi)) : NaNs produced
[1] "estimate dispersion parameters --- done."
############## Iteration: 4 ############### 
fixed.par: 1.8 1.18 -0.39 1.63 0.06 -1.73 0.36 -2.75 -1.14 2.53 1.46 -0.05 3.56 -14.2 -14.71 1.15 
FixedParDiff =  0.924703 
likDiff =  0.01878194 
sigma: 1.15 0.01 -0.29 -0.81 1.51 
loglike: -5838.461 
########################################## 
[1] "estimate random effects --- done."
[1] "estimate fixed parameters --- done."
Warning in log(det(H/2/pi)) : NaNs produced
Warning in log(det(H/2/pi)) : NaNs produced
Warning in log(det(H/2/pi)) : NaNs produced
Warning in log(det(H/2/pi)) : NaNs produced
Warning in log(det(H/2/pi)) : NaNs produced
Error in estDisp(RespLog, Jdisp, sigma0, invSIGMA0, Dpars = c(Jraneff,  : 
  Iteration stops because dispersion parameters can not be successfully estimated. 
         The Hessian matrix of random effects and fixed parameters may not be invertible. 
         It's probably because the random effects are highly correlated with each other.

### [bt]: Job terminated with an exception [batchtools job.id=405]
### [bt]: Calculation finished!
