### [bt]: This is batchtools v0.9.15
### [bt]: Starting calculation of 1 jobs
### [bt]: Setting working directory to '/data/home/mengwang/21-summer-project/src'
### [bt]: Memory measurement disabled
### [bt]: Starting job [batchtools job.id=544]
### [bt]: Generating problem instance for problem 'generate_data' ...
### [bt]: Applying algorithm 'fit_JMest' on problem 'generate_data' for job 544 (seed = 20071487) ...
[1] "get initial values for LME & GLM models --- done."
[1] "get initial values for GLME model --- done."
[1] "get initial values for survival models --- done."
[1] "estimate random effects --- done."
[1] "estimate fixed parameters --- done."
[1] "estimate dispersion parameters --- done."
############## Iteration: 1 ############### 
fixed.par: 2.63 0.67 -0.17 1.07 0.07 -1.7 0.34 -2.74 -1.21 2.89 1.16 -0.05 -0.53 -0.33 -1.06 -58.62 8.81 
FixedParDiff =  0.3020247 
likDiff =  1 
sigma: 0.95 0.09 -0.46 -0.29 2 
loglike: -5983.832 
########################################## 
[1] "estimate random effects --- done."
[1] "estimate fixed parameters --- done."
[1] "estimate dispersion parameters --- done."
############## Iteration: 2 ############### 
fixed.par: 2.2 0.97 -0.3 1.36 0.06 -1.74 0.35 -2.77 -1.15 2.73 1.22 -0.05 -0.59 -0.58 -1.42 -68.61 10.33 
FixedParDiff =  0.211587 
likDiff =  0.007575844 
sigma: 0.97 0.1 -0.46 -0.29 2 
loglike: -5938.5 
########################################## 
[1] "estimate random effects --- done."
[1] "estimate fixed parameters --- done."
[1] "estimate dispersion parameters --- done."
############## Iteration: 3 ############### 
fixed.par: 2.15 1 -0.31 1.39 0.06 -1.73 0.35 -2.77 -1.11 2.66 1.24 -0.05 -0.73 -1 -2.03 -86.1 12.98 
FixedParDiff =  0.1260463 
likDiff =  0.002563817 
sigma: 0.98 0.1 -0.42 -0.29 2.01 
loglike: -5923.275 
########################################## 
[1] "estimate random effects --- done."
[1] "estimate fixed parameters --- done."
[1] "estimate dispersion parameters --- done."
############## Iteration: 4 ############### 
fixed.par: 2.14 1 -0.32 1.39 0.06 -1.75 0.38 -2.76 -1.08 2.6 1.25 -0.05 -1.11 -1.94 -3.55 -132.69 20.04 
FixedParDiff =  0.2099322 
likDiff =  0.004320529 
sigma: 0.98 0.08 -0.38 -0.31 2.01 
loglike: -5897.683 
########################################## 
[1] "estimate random effects --- done."
[1] "estimate fixed parameters --- done."
[1] "estimate dispersion parameters --- done."
############## Iteration: 5 ############### 
fixed.par: 2.14 1 -0.32 1.39 0.06 -1.74 0.37 -2.75 -1.01 2.45 1.24 -0.05 -2.58 -4.77 -8.71 -304.19 46.06 
FixedParDiff =  0.4149287 
likDiff =  0.009239271 
sigma: 0.98 0.05 -0.31 -0.36 2 
loglike: -5843.193 
########################################## 
Warning in JMfit_HL(glmeObject, survObject, long.data, surv.data, idVar,  :
  Iteration limit reached without covergence.

### [bt]: Job terminated successfully [batchtools job.id=544]
### [bt]: Calculation finished!
