### [bt]: This is batchtools v0.9.15
### [bt]: Starting calculation of 1 jobs
### [bt]: Setting working directory to '/data/home/mengwang/21-summer-project/src'
### [bt]: Memory measurement disabled
### [bt]: Starting job [batchtools job.id=278]
### [bt]: Generating problem instance for problem 'generate_data' ...
### [bt]: Applying algorithm 'fit_JMest' on problem 'generate_data' for job 278 (seed = 20071221) ...
[1] "get initial values for LME & GLM models --- done."
[1] "get initial values for GLME model --- done."
[1] "get initial values for survival models --- done."
[1] "estimate random effects --- done."
[1] "estimate fixed parameters --- done."
[1] "estimate dispersion parameters --- done."
############## Iteration: 1 ############### 
fixed.par: 1.77 1.2 -0.39 1.64 0.06 -1.65 0.29 -2.73 -1.16 2.73 1.13 -0.04 2.58 -0.17 -0.2 1.15 
FixedParDiff =  4.441705 
likDiff =  1 
sigma: 1.16 0 -0.52 -0.62 1.52 
loglike: -8539.642 
########################################## 
[1] "estimate random effects --- done."
[1] "estimate fixed parameters --- done."
[1] "estimate dispersion parameters --- done."
############## Iteration: 2 ############### 
fixed.par: 1.77 1.19 -0.39 1.64 0.05 -1.71 0.3 -2.79 -1.15 2.52 1.33 -0.06 2.59 -0.4 -0.42 1.15 
FixedParDiff =  0.2044193 
likDiff =  0.2979341 
sigma: 1.16 0.01 -0.49 -0.63 1.52 
loglike: -5995.391 
########################################## 
[1] "estimate random effects --- done."
[1] "estimate fixed parameters --- done."
[1] "estimate dispersion parameters --- done."
############## Iteration: 3 ############### 
fixed.par: 1.78 1.19 -0.39 1.64 0.05 -1.72 0.33 -2.78 -1.14 2.53 1.4 -0.06 2.66 -1.52 -1.62 1.15 
FixedParDiff =  0.3707274 
likDiff =  0.007504655 
sigma: 1.16 0.01 -0.41 -0.74 1.51 
loglike: -5950.398 
########################################## 
[1] "estimate random effects --- done."
[1] "estimate fixed parameters --- done."
[1] "estimate dispersion parameters --- done."
############## Iteration: 4 ############### 
fixed.par: 1.79 1.18 -0.39 1.63 0.06 -1.71 0.34 -2.75 -1.14 2.53 1.47 -0.05 3.39 -13.38 -13.86 1.15 
FixedParDiff =  0.9924615 
likDiff =  0.018973 
sigma: 1.15 0.01 -0.29 -0.81 1.51 
loglike: -5837.501 
########################################## 
[1] "estimate random effects --- done."
[1] "estimate fixed parameters --- done."
Warning in log(det(H/2/pi)) : NaNs produced
Warning in log(det(H/2/pi)) : NaNs produced
Warning in log(det(H/2/pi)) : NaNs produced
Error in estDisp(RespLog, Jdisp, sigma0, invSIGMA0, Dpars = c(Jraneff,  : 
  Iteration stops because dispersion parameters can not be successfully estimated. 
         The Hessian matrix of random effects and fixed parameters may not be invertible. 
         It's probably because the random effects are highly correlated with each other.

### [bt]: Job terminated with an exception [batchtools job.id=278]
### [bt]: Calculation finished!
