### [bt]: This is batchtools v0.9.15
### [bt]: Starting calculation of 1 jobs
### [bt]: Setting working directory to '/data/home/mengwang/21-summer-project/src'
### [bt]: Memory measurement disabled
### [bt]: Starting job [batchtools job.id=518]
### [bt]: Generating problem instance for problem 'generate_data' ...
### [bt]: Applying algorithm 'fit_JMest' on problem 'generate_data' for job 518 (seed = 20071461) ...
[1] "get initial values for LME & GLM models --- done."
[1] "get initial values for GLME model --- done."
[1] "get initial values for survival models --- done."
[1] "estimate random effects --- done."
[1] "estimate fixed parameters --- done."
[1] "estimate dispersion parameters --- done."
############## Iteration: 1 ############### 
fixed.par: 2.63 0.67 -0.17 1.07 0.06 -1.68 0.33 -2.73 -1.22 2.89 1.18 -0.05 -0.52 -0.33 -1.06 -58.44 8.78 
FixedParDiff =  0.3098194 
likDiff =  1 
sigma: 0.95 0.09 -0.46 -0.29 2 
loglike: -5983.84 
########################################## 
[1] "estimate random effects --- done."
[1] "estimate fixed parameters --- done."
[1] "estimate dispersion parameters --- done."
############## Iteration: 2 ############### 
fixed.par: 2.2 0.96 -0.3 1.35 0.06 -1.73 0.34 -2.78 -1.15 2.74 1.23 -0.05 -0.63 -0.6 -1.47 -72.22 10.87 
FixedParDiff =  0.2263393 
likDiff =  0.007566128 
sigma: 0.97 0.1 -0.46 -0.29 2 
loglike: -5938.565 
########################################## 
[1] "estimate random effects --- done."
[1] "estimate fixed parameters --- done."
[1] "estimate dispersion parameters --- done."
############## Iteration: 3 ############### 
fixed.par: 2.15 0.99 -0.31 1.39 0.06 -1.75 0.37 -2.77 -1.1 2.64 1.24 -0.05 -0.75 -1.03 -2.1 -89.04 13.42 
FixedParDiff =  0.1263819 
likDiff =  0.00274884 
sigma: 0.98 0.1 -0.42 -0.28 2.01 
loglike: -5922.241 
########################################## 
[1] "estimate random effects --- done."
[1] "estimate fixed parameters --- done."
[1] "estimate dispersion parameters --- done."
############## Iteration: 4 ############### 
fixed.par: 2.14 1 -0.32 1.39 0.06 -1.74 0.37 -2.76 -1.07 2.57 1.24 -0.05 -1.17 -2.01 -3.72 -139.65 21.09 
FixedParDiff =  0.2088005 
likDiff =  0.004370359 
sigma: 0.98 0.08 -0.37 -0.31 2.01 
loglike: -5896.359 
########################################## 
[1] "estimate random effects --- done."
[1] "estimate fixed parameters --- done."
[1] "estimate dispersion parameters --- done."
############## Iteration: 5 ############### 
fixed.par: 2.15 1 -0.31 1.39 0.07 -1.74 0.37 -2.75 -1 2.42 1.24 -0.05 -2.78 -5.05 -9.31 -328.26 49.72 
FixedParDiff =  0.434179 
likDiff =  0.009630978 
sigma: 0.98 0.05 -0.31 -0.36 2 
loglike: -5839.571 
########################################## 
Warning in JMfit_HL(glmeObject, survObject, long.data, surv.data, idVar,  :
  Iteration limit reached without covergence.

### [bt]: Job terminated successfully [batchtools job.id=518]
### [bt]: Calculation finished!
