### [bt]: This is batchtools v0.9.15
### [bt]: Starting calculation of 1 jobs
### [bt]: Setting working directory to '/data/home/mengwang/21-summer-project/src'
### [bt]: Memory measurement disabled
### [bt]: Starting job [batchtools job.id=108]
### [bt]: Generating problem instance for problem 'generate_data' ...
### [bt]: Applying algorithm 'fit_JMest' on problem 'generate_data' for job 108 (seed = 20071051) ...
[1] "get initial values for LME & GLM models --- done."
[1] "get initial values for GLME model --- done."
[1] "get initial values for survival models --- done."
[1] "estimate random effects --- done."
[1] "estimate fixed parameters --- done."
[1] "estimate dispersion parameters --- done."
############## Iteration: 1 ############### 
fixed.par: 1.77 1.2 -0.39 1.64 0.06 -1.64 0.28 -2.74 -1.16 2.73 1.13 -0.04 2.58 -0.18 -0.22 1.15 
FixedParDiff =  4.505262 
likDiff =  1 
sigma: 1.16 0 -0.52 -0.62 1.52 
loglike: -8539.707 
########################################## 
[1] "estimate random effects --- done."
[1] "estimate fixed parameters --- done."
[1] "estimate dispersion parameters --- done."
############## Iteration: 2 ############### 
fixed.par: 1.77 1.19 -0.39 1.64 0.05 -1.71 0.3 -2.79 -1.15 2.52 1.33 -0.06 2.6 -0.44 -0.47 1.15 
FixedParDiff =  0.2178758 
likDiff =  0.2979424 
sigma: 1.16 0.01 -0.49 -0.63 1.52 
loglike: -5995.366 
########################################## 
[1] "estimate random effects --- done."
[1] "estimate fixed parameters --- done."
[1] "estimate dispersion parameters --- done."
############## Iteration: 3 ############### 
fixed.par: 1.78 1.19 -0.39 1.64 0.05 -1.72 0.32 -2.78 -1.14 2.53 1.39 -0.06 2.69 -1.83 -1.97 1.15 
FixedParDiff =  0.4111655 
likDiff =  0.007550656 
sigma: 1.16 0.01 -0.41 -0.74 1.51 
loglike: -5950.097 
########################################## 
[1] "estimate random effects --- done."
[1] "estimate fixed parameters --- done."
Warning in log(det(H/2/pi)) : NaNs produced
Warning in log(det(H/2/pi)) : NaNs produced
[1] "estimate dispersion parameters --- done."
############## Iteration: 4 ############### 
fixed.par: 1.8 1.18 -0.39 1.63 0.06 -1.72 0.34 -2.75 -1.14 2.54 1.46 -0.05 3.6 -13.59 -14.1 1.15 
FixedParDiff =  0.830984 
likDiff =  0.01867525 
sigma: 1.15 0.01 -0.29 -0.81 1.51 
loglike: -5838.977 
########################################## 
[1] "estimate random effects --- done."
[1] "estimate fixed parameters --- done."
Warning in log(det(H/2/pi)) : NaNs produced
[1] "estimate dispersion parameters --- done."
############## Iteration: 5 ############### 
fixed.par: 1.86 1.15 -0.37 1.58 0.07 -1.71 0.36 -2.73 -1.11 2.51 1.5 -0.05 8.26 -90.15 -90.62 1.12 
FixedParDiff =  0.8053823 
likDiff =  0.01658877 
sigma: 1.12 0.01 -0.22 -0.83 1.51 
loglike: -5742.116 
########################################## 
Warning in JMfit_HL(glmeObject, survObject, long.data, surv.data, idVar,  :
  Iteration limit reached without covergence.
Warning in sqrt(sd2) : NaNs produced
Warning in sqrt(diag(solve(Hmat))) : NaNs produced

### [bt]: Job terminated successfully [batchtools job.id=108]
### [bt]: Calculation finished!
