### [bt]: This is batchtools v0.9.15
### [bt]: Starting calculation of 1 jobs
### [bt]: Setting working directory to '/data/home/mengwang/21-summer-project/src'
### [bt]: Memory measurement disabled
### [bt]: Starting job [batchtools job.id=146]
### [bt]: Generating problem instance for problem 'generate_data' ...
### [bt]: Applying algorithm 'fit_JMest' on problem 'generate_data' for job 146 (seed = 20071089) ...
[1] "get initial values for LME & GLM models --- done."
[1] "get initial values for GLME model --- done."
[1] "get initial values for survival models --- done."
[1] "estimate random effects --- done."
[1] "estimate fixed parameters --- done."
[1] "estimate dispersion parameters --- done."
############## Iteration: 1 ############### 
fixed.par: 1.77 1.19 -0.39 1.64 0.06 -1.65 0.29 -2.74 -1.16 2.73 1.13 -0.04 2.57 -0.17 -0.22 1.15 
FixedParDiff =  4.443188 
likDiff =  1 
sigma: 1.16 0 -0.52 -0.62 1.52 
loglike: -8539.657 
########################################## 
[1] "estimate random effects --- done."
[1] "estimate fixed parameters --- done."
[1] "estimate dispersion parameters --- done."
############## Iteration: 2 ############### 
fixed.par: 1.77 1.19 -0.39 1.64 0.05 -1.7 0.29 -2.79 -1.15 2.52 1.33 -0.06 2.6 -0.43 -0.46 1.15 
FixedParDiff =  0.2202059 
likDiff =  0.2979508 
sigma: 1.16 0.01 -0.49 -0.63 1.52 
loglike: -5995.259 
########################################## 
[1] "estimate random effects --- done."
[1] "estimate fixed parameters --- done."
[1] "estimate dispersion parameters --- done."
############## Iteration: 3 ############### 
fixed.par: 1.78 1.19 -0.39 1.64 0.05 -1.7 0.31 -2.78 -1.14 2.53 1.4 -0.06 2.68 -1.74 -1.87 1.15 
FixedParDiff =  0.3945622 
likDiff =  0.00757106 
sigma: 1.16 0.01 -0.41 -0.74 1.51 
loglike: -5949.869 
########################################## 
[1] "estimate random effects --- done."
[1] "estimate fixed parameters --- done."
[1] "estimate dispersion parameters --- done."
############## Iteration: 4 ############### 
fixed.par: 1.8 1.18 -0.39 1.63 0.06 -1.73 0.36 -2.76 -1.14 2.53 1.48 -0.05 3.53 -13.63 -14.13 1.15 
FixedParDiff =  0.8931788 
likDiff =  0.01884332 
sigma: 1.15 0.01 -0.29 -0.81 1.51 
loglike: -5837.754 
########################################## 
[1] "estimate random effects --- done."
[1] "estimate fixed parameters --- done."
Warning in log(det(H/2/pi)) : NaNs produced
[1] "estimate dispersion parameters --- done."
############## Iteration: 5 ############### 
fixed.par: 1.86 1.15 -0.37 1.58 0.07 -1.72 0.36 -2.73 -1.12 2.51 1.51 -0.05 7.96 -86.56 -87.04 1.12 
FixedParDiff =  0.763653 
likDiff =  0.0169297 
sigma: 1.12 0.01 -0.22 -0.83 1.51 
loglike: -5738.922 
########################################## 
Warning in JMfit_HL(glmeObject, survObject, long.data, surv.data, idVar,  :
  Iteration limit reached without covergence.
Warning in sqrt(sd2) : NaNs produced

### [bt]: Job terminated successfully [batchtools job.id=146]
### [bt]: Calculation finished!
