### [bt]: This is batchtools v0.9.15
### [bt]: Starting calculation of 1 jobs
### [bt]: Setting working directory to '/data/home/mengwang/21-summer-project/src'
### [bt]: Memory measurement disabled
### [bt]: Starting job [batchtools job.id=208]
### [bt]: Generating problem instance for problem 'generate_data' ...
### [bt]: Applying algorithm 'fit_JMest' on problem 'generate_data' for job 208 (seed = 20071151) ...
[1] "get initial values for LME & GLM models --- done."
[1] "get initial values for GLME model --- done."
[1] "get initial values for survival models --- done."
[1] "estimate random effects --- done."
[1] "estimate fixed parameters --- done."
[1] "estimate dispersion parameters --- done."
############## Iteration: 1 ############### 
fixed.par: 2.63 0.67 -0.17 1.07 0.06 -1.68 0.32 -2.74 -1.21 2.89 1.17 -0.05 -0.53 -0.33 -1.06 -58.69 8.82 
FixedParDiff =  0.3113149 
likDiff =  1 
sigma: 0.95 0.09 -0.46 -0.29 2 
loglike: -5983.84 
########################################## 
[1] "estimate random effects --- done."
[1] "estimate fixed parameters --- done."
[1] "estimate dispersion parameters --- done."
############## Iteration: 2 ############### 
fixed.par: 2.2 0.96 -0.3 1.35 0.05 -1.7 0.32 -2.78 -1.15 2.73 1.21 -0.05 -0.63 -0.6 -1.48 -72.44 10.9 
FixedParDiff =  0.227154 
likDiff =  0.007575831 
sigma: 0.97 0.1 -0.46 -0.29 2 
loglike: -5938.507 
########################################## 
[1] "estimate random effects --- done."
[1] "estimate fixed parameters --- done."
[1] "estimate dispersion parameters --- done."
############## Iteration: 3 ############### 
fixed.par: 2.15 0.99 -0.31 1.39 0.06 -1.75 0.36 -2.77 -1.1 2.64 1.23 -0.05 -0.76 -1.04 -2.12 -90.16 13.59 
FixedParDiff =  0.1413882 
likDiff =  0.00275038 
sigma: 0.98 0.1 -0.42 -0.28 2.01 
loglike: -5922.174 
########################################## 
[1] "estimate random effects --- done."
[1] "estimate fixed parameters --- done."
[1] "estimate dispersion parameters --- done."
############## Iteration: 4 ############### 
fixed.par: 2.14 1 -0.32 1.39 0.06 -1.76 0.38 -2.76 -1.06 2.57 1.24 -0.05 -1.15 -1.98 -3.67 -137.65 20.79 
FixedParDiff =  0.2010469 
likDiff =  0.004414113 
sigma: 0.98 0.08 -0.37 -0.31 2.01 
loglike: -5896.033 
########################################## 
[1] "estimate random effects --- done."
[1] "estimate fixed parameters --- done."
[1] "estimate dispersion parameters --- done."
############## Iteration: 5 ############### 
fixed.par: 2.14 1 -0.32 1.39 0.07 -1.75 0.39 -2.75 -1 2.43 1.23 -0.05 -2.34 -4.29 -7.89 -276.28 41.85 
FixedParDiff =  0.3314951 
likDiff =  0.009170637 
sigma: 0.98 0.05 -0.31 -0.36 2 
loglike: -5841.963 
########################################## 
Warning in JMfit_HL(glmeObject, survObject, long.data, surv.data, idVar,  :
  Iteration limit reached without covergence.

### [bt]: Job terminated successfully [batchtools job.id=208]
### [bt]: Calculation finished!
