### [bt]: This is batchtools v0.9.15
### [bt]: Starting calculation of 1 jobs
### [bt]: Setting working directory to '/data/home/mengwang/21-summer-project/src'
### [bt]: Memory measurement disabled
### [bt]: Starting job [batchtools job.id=407]
### [bt]: Generating problem instance for problem 'generate_data' ...
### [bt]: Applying algorithm 'fit_JMest' on problem 'generate_data' for job 407 (seed = 20071350) ...
[1] "get initial values for LME & GLM models --- done."
[1] "get initial values for GLME model --- done."
[1] "get initial values for survival models --- done."
[1] "estimate random effects --- done."
[1] "estimate fixed parameters --- done."
[1] "estimate dispersion parameters --- done."
############## Iteration: 1 ############### 
fixed.par: 1.77 1.2 -0.4 1.64 0.06 -1.67 0.3 -2.73 -1.16 2.73 1.13 -0.04 2.58 -0.18 -0.21 1.15 
FixedParDiff =  4.485497 
likDiff =  1 
sigma: 1.16 0 -0.52 -0.62 1.52 
loglike: -8539.486 
########################################## 
[1] "estimate random effects --- done."
[1] "estimate fixed parameters --- done."
Warning in log(det(H/2/pi)) : NaNs produced
[1] "estimate dispersion parameters --- done."
############## Iteration: 2 ############### 
fixed.par: 1.77 1.19 -0.39 1.64 0.05 -1.69 0.29 -2.79 -1.15 2.52 1.33 -0.06 2.59 -0.4 -0.42 1.15 
FixedParDiff =  0.2013908 
likDiff =  0.2979231 
sigma: 1.16 0.01 -0.49 -0.63 1.52 
loglike: -5995.376 
########################################## 
[1] "estimate random effects --- done."
[1] "estimate fixed parameters --- done."
[1] "estimate dispersion parameters --- done."
############## Iteration: 3 ############### 
fixed.par: 1.78 1.19 -0.39 1.64 0.05 -1.71 0.32 -2.78 -1.14 2.53 1.4 -0.06 2.67 -1.54 -1.65 1.15 
FixedParDiff =  0.3731046 
likDiff =  0.007504599 
sigma: 1.16 0.01 -0.41 -0.74 1.51 
loglike: -5950.383 
########################################## 
[1] "estimate random effects --- done."
[1] "estimate fixed parameters --- done."
[1] "estimate dispersion parameters --- done."
############## Iteration: 4 ############### 
fixed.par: 1.79 1.19 -0.39 1.63 0.06 -1.71 0.34 -2.75 -1.14 2.53 1.47 -0.05 3.4 -13.28 -13.76 1.15 
FixedParDiff =  0.9732974 
likDiff =  0.01894465 
sigma: 1.15 0.01 -0.29 -0.81 1.51 
loglike: -5837.655 
########################################## 
[1] "estimate random effects --- done."
[1] "estimate fixed parameters --- done."
[1] "estimate dispersion parameters --- done."
############## Iteration: 5 ############### 
fixed.par: 1.85 1.15 -0.38 1.59 0.07 -1.71 0.35 -2.73 -1.12 2.51 1.51 -0.05 7.49 -84.5 -84.97 1.12 
FixedParDiff =  0.7659307 
likDiff =  0.0177442 
sigma: 1.13 0.01 -0.22 -0.83 1.51 
loglike: -5734.071 
########################################## 
Warning in JMfit_HL(glmeObject, survObject, long.data, surv.data, idVar,  :
  Iteration limit reached without covergence.
Warning in sqrt(sd2) : NaNs produced
Warning in sqrt(diag(solve(Hmat))) : NaNs produced

### [bt]: Job terminated successfully [batchtools job.id=407]
### [bt]: Calculation finished!
