### [bt]: This is batchtools v0.9.15
### [bt]: Starting calculation of 1 jobs
### [bt]: Setting working directory to '/data/home/mengwang/21-summer-project/src'
### [bt]: Memory measurement disabled
### [bt]: Starting job [batchtools job.id=97]
### [bt]: Generating problem instance for problem 'generate_data' ...
### [bt]: Applying algorithm 'fit_JMest' on problem 'generate_data' for job 97 (seed = 20071040) ...
[1] "get initial values for LME & GLM models --- done."
[1] "get initial values for GLME model --- done."
[1] "get initial values for survival models --- done."
[1] "estimate random effects --- done."
[1] "estimate fixed parameters --- done."
[1] "estimate dispersion parameters --- done."
############## Iteration: 1 ############### 
fixed.par: 2.63 0.67 -0.17 1.07 0.06 -1.67 0.32 -2.74 -1.21 2.89 1.17 -0.05 -0.51 -0.32 -1.03 -56.79 8.54 
FixedParDiff =  0.2998908 
likDiff =  1 
sigma: 0.95 0.09 -0.46 -0.29 2 
loglike: -5983.867 
########################################## 
[1] "estimate random effects --- done."
[1] "estimate fixed parameters --- done."
[1] "estimate dispersion parameters --- done."
############## Iteration: 2 ############### 
fixed.par: 2.2 0.96 -0.3 1.36 0.06 -1.73 0.34 -2.78 -1.16 2.75 1.22 -0.05 -0.59 -0.57 -1.4 -68.01 10.24 
FixedParDiff =  0.2145296 
likDiff =  0.007482783 
sigma: 0.97 0.1 -0.46 -0.29 2 
loglike: -5939.091 
########################################## 
[1] "estimate random effects --- done."
[1] "estimate fixed parameters --- done."
[1] "estimate dispersion parameters --- done."
############## Iteration: 3 ############### 
fixed.par: 2.15 1 -0.31 1.39 0.06 -1.76 0.37 -2.77 -1.12 2.67 1.24 -0.05 -0.73 -1 -2.03 -86.77 13.08 
FixedParDiff =  0.1433868 
likDiff =  0.002595091 
sigma: 0.98 0.1 -0.42 -0.29 2.01 
loglike: -5923.679 
########################################## 
[1] "estimate random effects --- done."
Warning in log(det(H/2/pi)) : NaNs produced
[1] "estimate fixed parameters --- done."
[1] "estimate dispersion parameters --- done."
############## Iteration: 4 ############### 
fixed.par: 2.14 1 -0.32 1.39 0.06 -1.73 0.36 -2.76 -1.08 2.59 1.25 -0.05 -1.05 -1.85 -3.39 -125.92 19.02 
FixedParDiff =  0.1799014 
likDiff =  0.004370445 
sigma: 0.98 0.08 -0.38 -0.31 2.01 
loglike: -5897.79 
########################################## 
[1] "estimate random effects --- done."
[1] "estimate fixed parameters --- done."
[1] "estimate dispersion parameters --- done."
############## Iteration: 5 ############### 
fixed.par: 2.14 1 -0.32 1.39 0.06 -1.73 0.37 -2.75 -1.02 2.48 1.24 -0.05 -2.22 -4.19 -7.59 -262.14 39.69 
FixedParDiff =  0.3526267 
likDiff =  0.008670127 
sigma: 0.98 0.06 -0.32 -0.36 2 
loglike: -5846.655 
########################################## 
Warning in JMfit_HL(glmeObject, survObject, long.data, surv.data, idVar,  :
  Iteration limit reached without covergence.

### [bt]: Job terminated successfully [batchtools job.id=97]
### [bt]: Calculation finished!
