### [bt]: This is batchtools v0.9.15
### [bt]: Starting calculation of 1 jobs
### [bt]: Setting working directory to '/data/home/mengwang/21-summer-project/src'
### [bt]: Memory measurement disabled
### [bt]: Starting job [batchtools job.id=359]
### [bt]: Generating problem instance for problem 'generate_data' ...
### [bt]: Applying algorithm 'fit_JMest' on problem 'generate_data' for job 359 (seed = 20071302) ...
[1] "get initial values for LME & GLM models --- done."
[1] "get initial values for GLME model --- done."
[1] "get initial values for survival models --- done."
[1] "estimate random effects --- done."
[1] "estimate fixed parameters --- done."
[1] "estimate dispersion parameters --- done."
############## Iteration: 1 ############### 
fixed.par: 2.63 0.67 -0.17 1.07 0.07 -1.7 0.34 -2.73 -1.21 2.89 1.17 -0.05 -0.51 -0.32 -1.05 -57.52 8.65 
FixedParDiff =  0.2957406 
likDiff =  1 
sigma: 0.95 0.09 -0.46 -0.29 2 
loglike: -5983.83 
########################################## 
[1] "estimate random effects --- done."
[1] "estimate fixed parameters --- done."
[1] "estimate dispersion parameters --- done."
############## Iteration: 2 ############### 
fixed.par: 2.2 0.96 -0.3 1.35 0.06 -1.73 0.34 -2.78 -1.15 2.74 1.22 -0.05 -0.6 -0.58 -1.43 -69.67 10.49 
FixedParDiff =  0.2179315 
likDiff =  0.007527901 
sigma: 0.97 0.1 -0.46 -0.29 2 
loglike: -5938.784 
########################################## 
[1] "estimate random effects --- done."
[1] "estimate fixed parameters --- done."
[1] "estimate dispersion parameters --- done."
############## Iteration: 3 ############### 
fixed.par: 2.15 1 -0.31 1.39 0.06 -1.75 0.36 -2.77 -1.11 2.66 1.23 -0.05 -0.76 -1.04 -2.1 -89.8 13.53 
FixedParDiff =  0.1416127 
likDiff =  0.002646735 
sigma: 0.98 0.1 -0.42 -0.29 2.01 
loglike: -5923.066 
########################################## 
[1] "estimate random effects --- done."
[1] "estimate fixed parameters --- done."
[1] "estimate dispersion parameters --- done."
############## Iteration: 4 ############### 
fixed.par: 2.14 1 -0.32 1.39 0.06 -1.75 0.37 -2.76 -1.07 2.57 1.25 -0.05 -1.18 -2.02 -3.74 -140.38 21.2 
FixedParDiff =  0.2106908 
likDiff =  0.004484168 
sigma: 0.98 0.08 -0.37 -0.31 2.01 
loglike: -5896.506 
########################################## 
[1] "estimate random effects --- done."
[1] "estimate fixed parameters --- done."
[1] "estimate dispersion parameters --- done."
############## Iteration: 5 ############### 
fixed.par: 2.15 1 -0.32 1.39 0.06 -1.73 0.37 -2.75 -1 2.42 1.24 -0.05 -2.73 -4.96 -9.18 -323.06 48.93 
FixedParDiff =  0.4176648 
likDiff =  0.009663143 
sigma: 0.98 0.05 -0.31 -0.37 2 
loglike: -5839.527 
########################################## 
Warning in JMfit_HL(glmeObject, survObject, long.data, surv.data, idVar,  :
  Iteration limit reached without covergence.

### [bt]: Job terminated successfully [batchtools job.id=359]
### [bt]: Calculation finished!
