### [bt]: This is batchtools v0.9.15
### [bt]: Starting calculation of 1 jobs
### [bt]: Setting working directory to '/data/home/mengwang/21-summer-project/src'
### [bt]: Memory measurement disabled
### [bt]: Starting job [batchtools job.id=74]
### [bt]: Generating problem instance for problem 'generate_data' ...
### [bt]: Applying algorithm 'fit_JMest' on problem 'generate_data' for job 74 (seed = 20071017) ...
[1] "get initial values for LME & GLM models --- done."
[1] "get initial values for GLME model --- done."
[1] "get initial values for survival models --- done."
[1] "estimate random effects --- done."
[1] "estimate fixed parameters --- done."
[1] "estimate dispersion parameters --- done."
############## Iteration: 1 ############### 
fixed.par: 2.63 0.67 -0.17 1.07 0.07 -1.69 0.33 -2.74 -1.22 2.89 1.18 -0.05 -0.52 -0.32 -1.05 -57.63 8.66 
FixedParDiff =  0.2996138 
likDiff =  1 
sigma: 0.95 0.09 -0.46 -0.29 2 
loglike: -5983.817 
########################################## 
[1] "estimate random effects --- done."
[1] "estimate fixed parameters --- done."
[1] "estimate dispersion parameters --- done."
############## Iteration: 2 ############### 
fixed.par: 2.2 0.96 -0.3 1.36 0.06 -1.73 0.34 -2.78 -1.15 2.74 1.21 -0.05 -0.61 -0.58 -1.44 -70.28 10.58 
FixedParDiff =  0.220814 
likDiff =  0.007529944 
sigma: 0.97 0.1 -0.46 -0.29 2 
loglike: -5938.759 
########################################## 
[1] "estimate random effects --- done."
[1] "estimate fixed parameters --- done."
[1] "estimate dispersion parameters --- done."
############## Iteration: 3 ############### 
fixed.par: 2.15 0.99 -0.31 1.39 0.06 -1.73 0.35 -2.77 -1.11 2.65 1.24 -0.05 -0.74 -1.02 -2.07 -88.01 13.27 
FixedParDiff =  0.1282546 
likDiff =  0.002676233 
sigma: 0.98 0.1 -0.42 -0.29 2.01 
loglike: -5922.866 
########################################## 
[1] "estimate random effects --- done."
[1] "estimate fixed parameters --- done."
[1] "estimate dispersion parameters --- done."
############## Iteration: 4 ############### 
fixed.par: 2.14 1 -0.32 1.39 0.06 -1.74 0.37 -2.76 -1.07 2.58 1.24 -0.05 -1.11 -1.93 -3.56 -132.89 20.07 
FixedParDiff =  0.1942526 
likDiff =  0.004386819 
sigma: 0.98 0.08 -0.37 -0.31 2.01 
loglike: -5896.883 
########################################## 
[1] "estimate random effects --- done."
[1] "estimate fixed parameters --- done."
[1] "estimate dispersion parameters --- done."
############## Iteration: 5 ############### 
fixed.par: 2.15 1 -0.31 1.39 0.06 -1.74 0.37 -2.75 -1.01 2.45 1.24 -0.05 -2.48 -4.58 -8.39 -292.6 44.31 
FixedParDiff =  0.3888671 
likDiff =  0.009155262 
sigma: 0.98 0.05 -0.31 -0.36 2 
loglike: -5842.896 
########################################## 
Warning in JMfit_HL(glmeObject, survObject, long.data, surv.data, idVar,  :
  Iteration limit reached without covergence.

### [bt]: Job terminated successfully [batchtools job.id=74]
### [bt]: Calculation finished!
