### [bt]: This is batchtools v0.9.15
### [bt]: Starting calculation of 1 jobs
### [bt]: Setting working directory to '/data/home/mengwang/21-summer-project/src'
### [bt]: Memory measurement disabled
### [bt]: Starting job [batchtools job.id=549]
### [bt]: Generating problem instance for problem 'generate_data' ...
### [bt]: Applying algorithm 'fit_JMest' on problem 'generate_data' for job 549 (seed = 20071492) ...
[1] "get initial values for LME & GLM models --- done."
[1] "get initial values for GLME model --- done."
[1] "get initial values for survival models --- done."
[1] "estimate random effects --- done."
[1] "estimate fixed parameters --- done."
[1] "estimate dispersion parameters --- done."
############## Iteration: 1 ############### 
fixed.par: 2.63 0.67 -0.17 1.07 0.07 -1.71 0.35 -2.73 -1.21 2.89 1.17 -0.05 -0.52 -0.33 -1.05 -58.12 8.74 
FixedParDiff =  0.2958668 
likDiff =  1 
sigma: 0.95 0.09 -0.46 -0.29 2 
loglike: -5983.827 
########################################## 
[1] "estimate random effects --- done."
[1] "estimate fixed parameters --- done."
[1] "estimate dispersion parameters --- done."
############## Iteration: 2 ############### 
fixed.par: 2.2 0.96 -0.3 1.36 0.06 -1.74 0.35 -2.77 -1.15 2.74 1.22 -0.05 -0.61 -0.58 -1.44 -70.25 10.57 
FixedParDiff =  0.2196278 
likDiff =  0.007548696 
sigma: 0.97 0.1 -0.46 -0.29 2 
loglike: -5938.657 
########################################## 
[1] "estimate random effects --- done."
[1] "estimate fixed parameters --- done."
[1] "estimate dispersion parameters --- done."
############## Iteration: 3 ############### 
fixed.par: 2.15 0.99 -0.31 1.39 0.06 -1.74 0.36 -2.77 -1.11 2.65 1.24 -0.05 -0.73 -1.01 -2.04 -86.47 13.04 
FixedParDiff =  0.1213388 
likDiff =  0.002645532 
sigma: 0.98 0.1 -0.42 -0.29 2.01 
loglike: -5922.946 
########################################## 
[1] "estimate random effects --- done."
[1] "estimate fixed parameters --- done."
[1] "estimate dispersion parameters --- done."
############## Iteration: 4 ############### 
fixed.par: 2.14 1 -0.32 1.39 0.07 -1.76 0.39 -2.76 -1.07 2.59 1.24 -0.05 -1.12 -1.95 -3.59 -134.24 20.27 
FixedParDiff =  0.2124483 
likDiff =  0.0043054 
sigma: 0.98 0.08 -0.38 -0.31 2.01 
loglike: -5897.445 
########################################## 
[1] "estimate random effects --- done."
[1] "estimate fixed parameters --- done."
[1] "estimate dispersion parameters --- done."
############## Iteration: 5 ############### 
fixed.par: 2.15 1 -0.32 1.39 0.06 -1.74 0.37 -2.75 -1.01 2.45 1.24 -0.05 -2.56 -4.73 -8.66 -302.71 45.84 
FixedParDiff =  0.4054023 
likDiff =  0.009319299 
sigma: 0.98 0.05 -0.31 -0.36 2 
loglike: -5842.485 
########################################## 
Warning in JMfit_HL(glmeObject, survObject, long.data, surv.data, idVar,  :
  Iteration limit reached without covergence.

### [bt]: Job terminated successfully [batchtools job.id=549]
### [bt]: Calculation finished!
