### [bt]: This is batchtools v0.9.15
### [bt]: Starting calculation of 1 jobs
### [bt]: Setting working directory to '/data/home/mengwang/21-summer-project/src'
### [bt]: Memory measurement disabled
### [bt]: Starting job [batchtools job.id=235]
### [bt]: Generating problem instance for problem 'generate_data' ...
### [bt]: Applying algorithm 'fit_JMest' on problem 'generate_data' for job 235 (seed = 20071178) ...
[1] "get initial values for LME & GLM models --- done."
[1] "get initial values for GLME model --- done."
[1] "get initial values for survival models --- done."
[1] "estimate random effects --- done."
[1] "estimate fixed parameters --- done."
[1] "estimate dispersion parameters --- done."
############## Iteration: 1 ############### 
fixed.par: 2.63 0.67 -0.17 1.07 0.07 -1.73 0.36 -2.73 -1.22 2.89 1.18 -0.05 -0.5 -0.32 -1.02 -56.11 8.43 
FixedParDiff =  0.2800998 
likDiff =  1 
sigma: 0.95 0.09 -0.46 -0.29 2 
loglike: -5983.88 
########################################## 
[1] "estimate random effects --- done."
[1] "estimate fixed parameters --- done."
[1] "estimate dispersion parameters --- done."
############## Iteration: 2 ############### 
fixed.par: 2.2 0.96 -0.3 1.36 0.06 -1.74 0.35 -2.77 -1.16 2.75 1.22 -0.05 -0.6 -0.57 -1.42 -69.5 10.46 
FixedParDiff =  0.2261698 
likDiff =  0.007456771 
sigma: 0.97 0.1 -0.46 -0.29 2 
loglike: -5939.26 
########################################## 
[1] "estimate random effects --- done."
[1] "estimate fixed parameters --- done."
[1] "estimate dispersion parameters --- done."
############## Iteration: 3 ############### 
fixed.par: 2.15 0.99 -0.31 1.39 0.06 -1.75 0.36 -2.77 -1.11 2.66 1.24 -0.05 -0.74 -1.02 -2.06 -88.18 13.29 
FixedParDiff =  0.1346841 
likDiff =  0.002678494 
sigma: 0.98 0.1 -0.42 -0.29 2.01 
loglike: -5923.352 
########################################## 
[1] "estimate random effects --- done."
[1] "estimate fixed parameters --- done."
[1] "estimate dispersion parameters --- done."
############## Iteration: 4 ############### 
fixed.par: 2.14 1 -0.32 1.39 0.06 -1.74 0.37 -2.76 -1.07 2.58 1.24 -0.05 -1.11 -1.93 -3.55 -132.73 20.05 
FixedParDiff =  0.1922322 
likDiff =  0.004411934 
sigma: 0.98 0.08 -0.37 -0.31 2.01 
loglike: -5897.218 
########################################## 
[1] "estimate random effects --- done."
[1] "estimate fixed parameters --- done."
[1] "estimate dispersion parameters --- done."
############## Iteration: 5 ############### 
fixed.par: 2.15 1 -0.31 1.39 0.06 -1.73 0.37 -2.75 -1.01 2.45 1.24 -0.05 -2.54 -4.69 -8.59 -300.09 45.44 
FixedParDiff =  0.4058564 
likDiff =  0.009136352 
sigma: 0.98 0.05 -0.31 -0.36 2 
loglike: -5843.339 
########################################## 
Warning in JMfit_HL(glmeObject, survObject, long.data, surv.data, idVar,  :
  Iteration limit reached without covergence.

### [bt]: Job terminated successfully [batchtools job.id=235]
### [bt]: Calculation finished!
