### [bt]: This is batchtools v0.9.15
### [bt]: Starting calculation of 1 jobs
### [bt]: Setting working directory to '/data/home/mengwang/21-summer-project/src'
### [bt]: Memory measurement disabled
### [bt]: Starting job [batchtools job.id=512]
### [bt]: Generating problem instance for problem 'generate_data' ...
### [bt]: Applying algorithm 'fit_JMest' on problem 'generate_data' for job 512 (seed = 20071455) ...
[1] "get initial values for LME & GLM models --- done."
[1] "get initial values for GLME model --- done."
[1] "get initial values for survival models --- done."
[1] "estimate random effects --- done."
[1] "estimate fixed parameters --- done."
[1] "estimate dispersion parameters --- done."
############## Iteration: 1 ############### 
fixed.par: 2.63 0.67 -0.17 1.07 0.06 -1.67 0.31 -2.74 -1.22 2.89 1.18 -0.05 -0.52 -0.32 -1.04 -57.55 8.65 
FixedParDiff =  0.3060401 
likDiff =  1 
sigma: 0.95 0.09 -0.46 -0.29 2 
loglike: -5983.821 
########################################## 
[1] "estimate random effects --- done."
[1] "estimate fixed parameters --- done."
[1] "estimate dispersion parameters --- done."
############## Iteration: 2 ############### 
fixed.par: 2.2 0.96 -0.3 1.35 0.06 -1.73 0.34 -2.78 -1.15 2.74 1.23 -0.05 -0.59 -0.57 -1.41 -68.55 10.32 
FixedParDiff =  0.2132479 
likDiff =  0.007518667 
sigma: 0.97 0.1 -0.46 -0.29 2 
loglike: -5938.831 
########################################## 
[1] "estimate random effects --- done."
[1] "estimate fixed parameters --- done."
[1] "estimate dispersion parameters --- done."
############## Iteration: 3 ############### 
fixed.par: 2.15 0.99 -0.31 1.39 0.06 -1.74 0.36 -2.77 -1.11 2.67 1.24 -0.05 -0.73 -1 -2.04 -86.71 13.07 
FixedParDiff =  0.1344825 
likDiff =  0.002590363 
sigma: 0.98 0.1 -0.42 -0.29 2.01 
loglike: -5923.447 
########################################## 
[1] "estimate random effects --- done."
[1] "estimate fixed parameters --- done."
[1] "estimate dispersion parameters --- done."
############## Iteration: 4 ############### 
fixed.par: 2.15 1 -0.32 1.39 0.06 -1.75 0.38 -2.76 -1.07 2.59 1.24 -0.05 -1.13 -1.97 -3.61 -135.35 20.44 
FixedParDiff =  0.2107041 
likDiff =  0.004360738 
sigma: 0.98 0.08 -0.37 -0.31 2.01 
loglike: -5897.616 
########################################## 
[1] "estimate random effects --- done."
[1] "estimate fixed parameters --- done."
[1] "estimate dispersion parameters --- done."
############## Iteration: 5 ############### 
fixed.par: 2.15 1 -0.32 1.39 0.06 -1.73 0.37 -2.75 -1.01 2.44 1.24 -0.05 -2.54 -4.7 -8.61 -300.8 45.55 
FixedParDiff =  0.3941482 
likDiff =  0.009392658 
sigma: 0.98 0.05 -0.31 -0.36 2 
loglike: -5842.222 
########################################## 
Warning in JMfit_HL(glmeObject, survObject, long.data, surv.data, idVar,  :
  Iteration limit reached without covergence.

### [bt]: Job terminated successfully [batchtools job.id=512]
### [bt]: Calculation finished!
