### [bt]: This is batchtools v0.9.15
### [bt]: Starting calculation of 1 jobs
### [bt]: Setting working directory to '/data/home/mengwang/21-summer-project/src'
### [bt]: Memory measurement disabled
### [bt]: Starting job [batchtools job.id=504]
### [bt]: Generating problem instance for problem 'generate_data' ...
### [bt]: Applying algorithm 'fit_JMest' on problem 'generate_data' for job 504 (seed = 20071447) ...
[1] "get initial values for LME & GLM models --- done."
[1] "get initial values for GLME model --- done."
[1] "get initial values for survival models --- done."
[1] "estimate random effects --- done."
[1] "estimate fixed parameters --- done."
[1] "estimate dispersion parameters --- done."
############## Iteration: 1 ############### 
fixed.par: 2.63 0.67 -0.17 1.07 0.07 -1.72 0.36 -2.73 -1.21 2.89 1.17 -0.05 -0.52 -0.32 -1.05 -57.58 8.66 
FixedParDiff =  0.290089 
likDiff =  1 
sigma: 0.95 0.09 -0.46 -0.29 2 
loglike: -5983.823 
########################################## 
[1] "estimate random effects --- done."
[1] "estimate fixed parameters --- done."
[1] "estimate dispersion parameters --- done."
############## Iteration: 2 ############### 
fixed.par: 2.2 0.96 -0.3 1.36 0.06 -1.73 0.34 -2.78 -1.15 2.74 1.22 -0.05 -0.61 -0.58 -1.44 -70.2 10.57 
FixedParDiff =  0.2248491 
likDiff =  0.007523451 
sigma: 0.97 0.1 -0.46 -0.29 2 
loglike: -5938.804 
########################################## 
[1] "estimate random effects --- done."
[1] "estimate fixed parameters --- done."
[1] "estimate dispersion parameters --- done."
############## Iteration: 3 ############### 
fixed.par: 2.15 0.99 -0.31 1.39 0.06 -1.75 0.36 -2.77 -1.1 2.65 1.23 -0.05 -0.74 -1.02 -2.08 -88.36 13.32 
FixedParDiff =  0.1342614 
likDiff =  0.002675345 
sigma: 0.98 0.1 -0.42 -0.29 2.01 
loglike: -5922.916 
########################################## 
[1] "estimate random effects --- done."
[1] "estimate fixed parameters --- done."
[1] "estimate dispersion parameters --- done."
############## Iteration: 4 ############### 
fixed.par: 2.15 1 -0.31 1.39 0.06 -1.75 0.38 -2.76 -1.07 2.58 1.24 -0.05 -1.12 -1.93 -3.56 -133.01 20.09 
FixedParDiff =  0.1937463 
likDiff =  0.004399437 
sigma: 0.98 0.08 -0.37 -0.31 2.01 
loglike: -5896.858 
########################################## 
[1] "estimate random effects --- done."
[1] "estimate fixed parameters --- done."
[1] "estimate dispersion parameters --- done."
############## Iteration: 5 ############### 
fixed.par: 2.15 1 -0.31 1.39 0.07 -1.75 0.38 -2.75 -1.01 2.45 1.24 -0.05 -2.35 -4.36 -7.97 -277.65 42.05 
FixedParDiff =  0.3531725 
likDiff =  0.009068451 
sigma: 0.98 0.05 -0.31 -0.36 2 
loglike: -5843.383 
########################################## 
Warning in JMfit_HL(glmeObject, survObject, long.data, surv.data, idVar,  :
  Iteration limit reached without covergence.

### [bt]: Job terminated successfully [batchtools job.id=504]
### [bt]: Calculation finished!
