### [bt]: This is batchtools v0.9.15
### [bt]: Starting calculation of 1 jobs
### [bt]: Setting working directory to '/data/home/mengwang/21-summer-project/src'
### [bt]: Memory measurement disabled
### [bt]: Starting job [batchtools job.id=82]
### [bt]: Generating problem instance for problem 'generate_data' ...
### [bt]: Applying algorithm 'fit_JMest' on problem 'generate_data' for job 82 (seed = 20071025) ...
[1] "get initial values for LME & GLM models --- done."
[1] "get initial values for GLME model --- done."
[1] "get initial values for survival models --- done."
[1] "estimate random effects --- done."
[1] "estimate fixed parameters --- done."
[1] "estimate dispersion parameters --- done."
############## Iteration: 1 ############### 
fixed.par: 2.63 0.67 -0.17 1.07 0.07 -1.71 0.35 -2.74 -1.21 2.89 1.18 -0.05 -0.53 -0.33 -1.07 -59.34 8.92 
FixedParDiff =  0.3056724 
likDiff =  1 
sigma: 0.95 0.09 -0.46 -0.29 2 
loglike: -5983.845 
########################################## 
[1] "estimate random effects --- done."
[1] "estimate fixed parameters --- done."
[1] "estimate dispersion parameters --- done."
############## Iteration: 2 ############### 
fixed.par: 2.2 0.96 -0.3 1.36 0.06 -1.74 0.35 -2.77 -1.14 2.73 1.22 -0.05 -0.61 -0.59 -1.45 -70.41 10.6 
FixedParDiff =  0.2127313 
likDiff =  0.007617235 
sigma: 0.97 0.1 -0.46 -0.29 2 
loglike: -5938.265 
########################################## 
[1] "estimate random effects --- done."
[1] "estimate fixed parameters --- done."
[1] "estimate dispersion parameters --- done."
############## Iteration: 3 ############### 
fixed.par: 2.15 1 -0.31 1.39 0.06 -1.75 0.37 -2.77 -1.11 2.65 1.24 -0.05 -0.73 -1.01 -2.05 -87.08 13.13 
FixedParDiff =  0.1253321 
likDiff =  0.002615481 
sigma: 0.98 0.1 -0.42 -0.28 2.01 
loglike: -5922.733 
########################################## 
[1] "estimate random effects --- done."
[1] "estimate fixed parameters --- done."
[1] "estimate dispersion parameters --- done."
############## Iteration: 4 ############### 
fixed.par: 2.14 1 -0.32 1.39 0.06 -1.75 0.37 -2.76 -1.07 2.59 1.24 -0.05 -1.13 -1.96 -3.61 -135.13 20.41 
FixedParDiff =  0.2041993 
likDiff =  0.004319775 
sigma: 0.98 0.08 -0.38 -0.31 2.01 
loglike: -5897.148 
########################################## 
[1] "estimate random effects --- done."
[1] "estimate fixed parameters --- done."
[1] "estimate dispersion parameters --- done."
############## Iteration: 5 ############### 
fixed.par: 2.15 1 -0.31 1.39 0.06 -1.73 0.37 -2.75 -1.01 2.44 1.24 -0.05 -2.47 -4.56 -8.34 -291.81 44.19 
FixedParDiff =  0.3749692 
likDiff =  0.009315405 
sigma: 0.98 0.05 -0.31 -0.36 2 
loglike: -5842.214 
########################################## 
Warning in JMfit_HL(glmeObject, survObject, long.data, surv.data, idVar,  :
  Iteration limit reached without covergence.

### [bt]: Job terminated successfully [batchtools job.id=82]
### [bt]: Calculation finished!
