### [bt]: This is batchtools v0.9.15
### [bt]: Starting calculation of 1 jobs
### [bt]: Setting working directory to '/data/home/mengwang/21-summer-project/src'
### [bt]: Memory measurement disabled
### [bt]: Starting job [batchtools job.id=230]
### [bt]: Generating problem instance for problem 'generate_data' ...
### [bt]: Applying algorithm 'fit_JMest' on problem 'generate_data' for job 230 (seed = 20071173) ...
[1] "get initial values for LME & GLM models --- done."
[1] "get initial values for GLME model --- done."
[1] "get initial values for survival models --- done."
[1] "estimate random effects --- done."
[1] "estimate fixed parameters --- done."
[1] "estimate dispersion parameters --- done."
############## Iteration: 1 ############### 
fixed.par: 2.63 0.67 -0.17 1.07 0.07 -1.71 0.35 -2.73 -1.21 2.89 1.16 -0.05 -0.52 -0.33 -1.05 -57.95 8.71 
FixedParDiff =  0.2946283 
likDiff =  1 
sigma: 0.95 0.09 -0.46 -0.29 2 
loglike: -5983.816 
########################################## 
[1] "estimate random effects --- done."
[1] "estimate fixed parameters --- done."
[1] "estimate dispersion parameters --- done."
############## Iteration: 2 ############### 
fixed.par: 2.2 0.96 -0.3 1.36 0.06 -1.73 0.34 -2.78 -1.15 2.74 1.22 -0.05 -0.6 -0.58 -1.42 -69.03 10.39 
FixedParDiff =  0.2132607 
likDiff =  0.007541949 
sigma: 0.97 0.1 -0.46 -0.29 2 
loglike: -5938.687 
########################################## 
[1] "estimate random effects --- done."
[1] "estimate fixed parameters --- done."
[1] "estimate dispersion parameters --- done."
############## Iteration: 3 ############### 
fixed.par: 2.15 1 -0.32 1.39 0.06 -1.74 0.36 -2.77 -1.11 2.66 1.24 -0.05 -0.72 -1 -2.03 -86.14 12.99 
FixedParDiff =  0.1292042 
likDiff =  0.00260608 
sigma: 0.98 0.1 -0.42 -0.29 2.01 
loglike: -5923.21 
########################################## 
[1] "estimate random effects --- done."
[1] "estimate fixed parameters --- done."
[1] "estimate dispersion parameters --- done."
############## Iteration: 4 ############### 
fixed.par: 2.14 1 -0.32 1.39 0.06 -1.75 0.37 -2.76 -1.08 2.59 1.24 -0.05 -1.12 -1.95 -3.57 -133.51 20.16 
FixedParDiff =  0.2066008 
likDiff =  0.004330285 
sigma: 0.98 0.08 -0.37 -0.31 2.01 
loglike: -5897.561 
########################################## 
[1] "estimate random effects --- done."
[1] "estimate fixed parameters --- done."
[1] "estimate dispersion parameters --- done."
############## Iteration: 5 ############### 
fixed.par: 2.15 1 -0.32 1.39 0.06 -1.72 0.36 -2.75 -1.01 2.45 1.24 -0.05 -2.63 -4.86 -8.89 -310.5 47.02 
FixedParDiff =  0.4247833 
likDiff =  0.009325103 
sigma: 0.98 0.05 -0.31 -0.36 2 
loglike: -5842.565 
########################################## 
Warning in JMfit_HL(glmeObject, survObject, long.data, surv.data, idVar,  :
  Iteration limit reached without covergence.

### [bt]: Job terminated successfully [batchtools job.id=230]
### [bt]: Calculation finished!
