### [bt]: This is batchtools v0.9.15
### [bt]: Starting calculation of 1 jobs
### [bt]: Setting working directory to '/data/home/mengwang/21-summer-project/src'
### [bt]: Memory measurement disabled
### [bt]: Starting job [batchtools job.id=77]
### [bt]: Generating problem instance for problem 'generate_data' ...
### [bt]: Applying algorithm 'fit_JMest' on problem 'generate_data' for job 77 (seed = 20071020) ...
[1] "get initial values for LME & GLM models --- done."
[1] "get initial values for GLME model --- done."
[1] "get initial values for survival models --- done."
[1] "estimate random effects --- done."
[1] "estimate fixed parameters --- done."
[1] "estimate dispersion parameters --- done."
############## Iteration: 1 ############### 
fixed.par: 2.63 0.67 -0.17 1.07 0.07 -1.72 0.35 -2.73 -1.22 2.89 1.18 -0.05 -0.53 -0.33 -1.07 -59.09 8.88 
FixedParDiff =  0.3037385 
likDiff =  1 
sigma: 0.95 0.09 -0.46 -0.29 2 
loglike: -5983.832 
########################################## 
[1] "estimate random effects --- done."
[1] "estimate fixed parameters --- done."
[1] "estimate dispersion parameters --- done."
############## Iteration: 2 ############### 
fixed.par: 2.2 0.96 -0.3 1.36 0.06 -1.73 0.34 -2.78 -1.15 2.73 1.22 -0.05 -0.61 -0.59 -1.44 -70.37 10.59 
FixedParDiff =  0.2147165 
likDiff =  0.007602087 
sigma: 0.97 0.1 -0.46 -0.29 2 
loglike: -5938.343 
########################################## 
[1] "estimate random effects --- done."
[1] "estimate fixed parameters --- done."
[1] "estimate dispersion parameters --- done."
############## Iteration: 3 ############### 
fixed.par: 2.15 0.99 -0.31 1.39 0.06 -1.76 0.37 -2.77 -1.11 2.65 1.24 -0.05 -0.73 -1.01 -2.05 -86.96 13.11 
FixedParDiff =  0.1293339 
likDiff =  0.002624509 
sigma: 0.98 0.1 -0.42 -0.28 2.01 
loglike: -5922.757 
########################################## 
[1] "estimate random effects --- done."
[1] "estimate fixed parameters --- done."
[1] "estimate dispersion parameters --- done."
############## Iteration: 4 ############### 
fixed.par: 2.15 1 -0.32 1.39 0.06 -1.73 0.36 -2.76 -1.07 2.59 1.24 -0.05 -1.12 -1.94 -3.56 -133.18 20.12 
FixedParDiff =  0.2010625 
likDiff =  0.004321814 
sigma: 0.98 0.08 -0.38 -0.31 2.01 
loglike: -5897.16 
########################################## 
[1] "estimate random effects --- done."
[1] "estimate fixed parameters --- done."
[1] "estimate dispersion parameters --- done."
############## Iteration: 5 ############### 
fixed.par: 2.15 1 -0.31 1.39 0.07 -1.74 0.38 -2.75 -1.02 2.45 1.24 -0.05 -2.5 -4.62 -8.44 -294.81 44.65 
FixedParDiff =  0.3947936 
likDiff =  0.009200769 
sigma: 0.98 0.05 -0.31 -0.36 2 
loglike: -5842.902 
########################################## 
Warning in JMfit_HL(glmeObject, survObject, long.data, surv.data, idVar,  :
  Iteration limit reached without covergence.

### [bt]: Job terminated successfully [batchtools job.id=77]
### [bt]: Calculation finished!
