### [bt]: This is batchtools v0.9.15
### [bt]: Starting calculation of 1 jobs
### [bt]: Setting working directory to '/data/home/mengwang/21-summer-project/src'
### [bt]: Memory measurement disabled
### [bt]: Starting job [batchtools job.id=386]
### [bt]: Generating problem instance for problem 'generate_data' ...
### [bt]: Applying algorithm 'fit_JMest' on problem 'generate_data' for job 386 (seed = 20071329) ...
[1] "get initial values for LME & GLM models --- done."
[1] "get initial values for GLME model --- done."
[1] "get initial values for survival models --- done."
[1] "estimate random effects --- done."
[1] "estimate fixed parameters --- done."
[1] "estimate dispersion parameters --- done."
############## Iteration: 1 ############### 
fixed.par: 2.63 0.67 -0.17 1.07 0.06 -1.66 0.31 -2.74 -1.22 2.89 1.18 -0.05 -0.52 -0.33 -1.05 -57.86 8.7 
FixedParDiff =  0.3093644 
likDiff =  1 
sigma: 0.95 0.09 -0.46 -0.29 2 
loglike: -5983.825 
########################################## 
[1] "estimate random effects --- done."
[1] "estimate fixed parameters --- done."
[1] "estimate dispersion parameters --- done."
############## Iteration: 2 ############### 
fixed.par: 2.2 0.96 -0.3 1.36 0.06 -1.72 0.34 -2.78 -1.15 2.74 1.22 -0.05 -0.61 -0.59 -1.44 -70.51 10.61 
FixedParDiff =  0.2223713 
likDiff =  0.007538166 
sigma: 0.97 0.1 -0.46 -0.29 2 
loglike: -5938.718 
########################################## 
[1] "estimate random effects --- done."
[1] "estimate fixed parameters --- done."
[1] "estimate dispersion parameters --- done."
############## Iteration: 3 ############### 
fixed.par: 2.15 0.99 -0.31 1.39 0.06 -1.75 0.36 -2.77 -1.1 2.65 1.23 -0.05 -0.74 -1.02 -2.06 -87.68 13.22 
FixedParDiff =  0.1314651 
likDiff =  0.002676139 
sigma: 0.98 0.1 -0.42 -0.29 2.01 
loglike: -5922.825 
########################################## 
[1] "estimate random effects --- done."
[1] "estimate fixed parameters --- done."
[1] "estimate dispersion parameters --- done."
############## Iteration: 4 ############### 
fixed.par: 2.14 1 -0.32 1.39 0.07 -1.77 0.39 -2.76 -1.07 2.58 1.25 -0.05 -1.09 -1.9 -3.5 -130.47 19.71 
FixedParDiff =  0.1957207 
likDiff =  0.004343988 
sigma: 0.98 0.08 -0.38 -0.31 2.01 
loglike: -5897.096 
########################################## 
[1] "estimate random effects --- done."
[1] "estimate fixed parameters --- done."
[1] "estimate dispersion parameters --- done."
############## Iteration: 5 ############### 
fixed.par: 2.15 1 -0.31 1.39 0.06 -1.73 0.37 -2.75 -1.02 2.46 1.25 -0.05 -2.36 -4.39 -8 -278.52 42.18 
FixedParDiff =  0.3734089 
likDiff =  0.0089365 
sigma: 0.98 0.05 -0.31 -0.36 2 
loglike: -5844.397 
########################################## 
Warning in JMfit_HL(glmeObject, survObject, long.data, surv.data, idVar,  :
  Iteration limit reached without covergence.

### [bt]: Job terminated successfully [batchtools job.id=386]
### [bt]: Calculation finished!
