### [bt]: This is batchtools v0.9.15
### [bt]: Starting calculation of 1 jobs
### [bt]: Setting working directory to '/data/home/mengwang/21-summer-project/src'
### [bt]: Memory measurement disabled
### [bt]: Starting job [batchtools job.id=64]
### [bt]: Generating problem instance for problem 'generate_data' ...
### [bt]: Applying algorithm 'fit_JMest' on problem 'generate_data' for job 64 (seed = 20071007) ...
[1] "get initial values for LME & GLM models --- done."
[1] "get initial values for GLME model --- done."
[1] "get initial values for survival models --- done."
[1] "estimate random effects --- done."
[1] "estimate fixed parameters --- done."
[1] "estimate dispersion parameters --- done."
############## Iteration: 1 ############### 
fixed.par: 2.63 0.67 -0.17 1.07 0.07 -1.7 0.34 -2.73 -1.21 2.89 1.17 -0.05 -0.51 -0.32 -1.04 -57.31 8.61 
FixedParDiff =  0.2957954 
likDiff =  1 
sigma: 0.95 0.09 -0.46 -0.29 2 
loglike: -5983.842 
########################################## 
[1] "estimate random effects --- done."
[1] "estimate fixed parameters --- done."
[1] "estimate dispersion parameters --- done."
############## Iteration: 2 ############### 
fixed.par: 2.2 0.97 -0.3 1.36 0.06 -1.71 0.33 -2.78 -1.15 2.75 1.22 -0.05 -0.6 -0.57 -1.42 -69.19 10.42 
FixedParDiff =  0.2208821 
likDiff =  0.007507753 
sigma: 0.97 0.1 -0.46 -0.29 2 
loglike: -5938.917 
########################################## 
[1] "estimate random effects --- done."
[1] "estimate fixed parameters --- done."
[1] "estimate dispersion parameters --- done."
############## Iteration: 3 ############### 
fixed.par: 2.15 1 -0.31 1.39 0.06 -1.75 0.36 -2.77 -1.11 2.66 1.24 -0.05 -0.73 -1.01 -2.05 -87.26 13.15 
FixedParDiff =  0.1397858 
likDiff =  0.002626335 
sigma: 0.98 0.1 -0.42 -0.29 2.01 
loglike: -5923.319 
########################################## 
[1] "estimate random effects --- done."
[1] "estimate fixed parameters --- done."
[1] "estimate dispersion parameters --- done."
############## Iteration: 4 ############### 
fixed.par: 2.15 1 -0.31 1.39 0.06 -1.74 0.37 -2.76 -1.07 2.59 1.25 -0.05 -1.1 -1.91 -3.51 -131.05 19.79 
FixedParDiff =  0.1887271 
likDiff =  0.004363239 
sigma: 0.98 0.08 -0.37 -0.31 2.01 
loglike: -5897.474 
########################################## 
[1] "estimate random effects --- done."
[1] "estimate fixed parameters --- done."
[1] "estimate dispersion parameters --- done."
############## Iteration: 5 ############### 
fixed.par: 2.15 1 -0.31 1.39 0.06 -1.72 0.36 -2.75 -1.01 2.46 1.24 -0.05 -2.37 -4.42 -8.06 -280.46 42.47 
FixedParDiff =  0.3699116 
likDiff =  0.009000609 
sigma: 0.98 0.05 -0.31 -0.36 2 
loglike: -5844.393 
########################################## 
Warning in JMfit_HL(glmeObject, survObject, long.data, surv.data, idVar,  :
  Iteration limit reached without covergence.

### [bt]: Job terminated successfully [batchtools job.id=64]
### [bt]: Calculation finished!
