### [bt]: This is batchtools v0.9.15
### [bt]: Starting calculation of 1 jobs
### [bt]: Setting working directory to '/data/home/mengwang/21-summer-project/src'
### [bt]: Memory measurement disabled
### [bt]: Starting job [batchtools job.id=80]
### [bt]: Generating problem instance for problem 'generate_data' ...
### [bt]: Applying algorithm 'fit_JMest' on problem 'generate_data' for job 80 (seed = 20071023) ...
[1] "get initial values for LME & GLM models --- done."
[1] "get initial values for GLME model --- done."
[1] "get initial values for survival models --- done."
[1] "estimate random effects --- done."
[1] "estimate fixed parameters --- done."
[1] "estimate dispersion parameters --- done."
############## Iteration: 1 ############### 
fixed.par: 2.63 0.67 -0.17 1.07 0.07 -1.7 0.34 -2.74 -1.22 2.89 1.19 -0.05 -0.52 -0.33 -1.06 -58.31 8.76 
FixedParDiff =  0.3028613 
likDiff =  1 
sigma: 0.95 0.09 -0.46 -0.29 2 
loglike: -5983.82 
########################################## 
[1] "estimate random effects --- done."
[1] "estimate fixed parameters --- done."
[1] "estimate dispersion parameters --- done."
############## Iteration: 2 ############### 
fixed.par: 2.2 0.96 -0.3 1.36 0.06 -1.72 0.33 -2.78 -1.15 2.74 1.22 -0.05 -0.62 -0.59 -1.45 -71.21 10.72 
FixedParDiff =  0.222383 
likDiff =  0.00756084 
sigma: 0.97 0.1 -0.46 -0.29 2 
loglike: -5938.578 
########################################## 
[1] "estimate random effects --- done."
[1] "estimate fixed parameters --- done."
[1] "estimate dispersion parameters --- done."
############## Iteration: 3 ############### 
fixed.par: 2.15 1 -0.31 1.39 0.06 -1.76 0.37 -2.77 -1.1 2.65 1.24 -0.05 -0.76 -1.04 -2.12 -90.25 13.61 
FixedParDiff =  0.1454338 
likDiff =  0.002702617 
sigma: 0.98 0.1 -0.42 -0.29 2.01 
loglike: -5922.528 
########################################## 
[1] "estimate random effects --- done."
[1] "estimate fixed parameters --- done."
[1] "estimate dispersion parameters --- done."
############## Iteration: 4 ############### 
fixed.par: 2.15 1 -0.32 1.39 0.06 -1.74 0.37 -2.76 -1.06 2.57 1.24 -0.05 -1.15 -1.98 -3.66 -137.15 20.72 
FixedParDiff =  0.1968025 
likDiff =  0.004466618 
sigma: 0.98 0.08 -0.37 -0.31 2.01 
loglike: -5896.074 
########################################## 
[1] "estimate random effects --- done."
[1] "estimate fixed parameters --- done."
[1] "estimate dispersion parameters --- done."
############## Iteration: 5 ############### 
fixed.par: 2.14 1 -0.32 1.39 0.06 -1.73 0.37 -2.75 -1 2.43 1.24 -0.05 -2.63 -4.79 -8.82 -309.82 46.92 
FixedParDiff =  0.4044149 
likDiff =  0.009380741 
sigma: 0.98 0.05 -0.31 -0.36 2 
loglike: -5840.765 
########################################## 
Warning in JMfit_HL(glmeObject, survObject, long.data, surv.data, idVar,  :
  Iteration limit reached without covergence.

### [bt]: Job terminated successfully [batchtools job.id=80]
### [bt]: Calculation finished!
