### [bt]: This is batchtools v0.9.15
### [bt]: Starting calculation of 1 jobs
### [bt]: Setting working directory to '/data/home/mengwang/21-summer-project/src'
### [bt]: Memory measurement disabled
### [bt]: Starting job [batchtools job.id=550]
### [bt]: Generating problem instance for problem 'generate_data' ...
### [bt]: Applying algorithm 'fit_JMest' on problem 'generate_data' for job 550 (seed = 20071493) ...
[1] "get initial values for LME & GLM models --- done."
[1] "get initial values for GLME model --- done."
[1] "get initial values for survival models --- done."
[1] "estimate random effects --- done."
[1] "estimate fixed parameters --- done."
[1] "estimate dispersion parameters --- done."
############## Iteration: 1 ############### 
fixed.par: 2.63 0.67 -0.17 1.07 0.07 -1.71 0.34 -2.74 -1.22 2.89 1.18 -0.05 -0.52 -0.32 -1.04 -57.49 8.64 
FixedParDiff =  0.2941269 
likDiff =  1 
sigma: 0.95 0.09 -0.46 -0.29 2 
loglike: -5983.807 
########################################## 
[1] "estimate random effects --- done."
[1] "estimate fixed parameters --- done."
[1] "estimate dispersion parameters --- done."
############## Iteration: 2 ############### 
fixed.par: 2.2 0.96 -0.3 1.36 0.06 -1.73 0.34 -2.77 -1.15 2.74 1.22 -0.05 -0.6 -0.57 -1.41 -68.96 10.38 
FixedParDiff =  0.2157199 
likDiff =  0.007515277 
sigma: 0.97 0.1 -0.46 -0.29 2 
loglike: -5938.837 
########################################## 
[1] "estimate random effects --- done."
[1] "estimate fixed parameters --- done."
[1] "estimate dispersion parameters --- done."
############## Iteration: 3 ############### 
fixed.par: 2.15 1 -0.31 1.39 0.06 -1.74 0.36 -2.77 -1.11 2.66 1.23 -0.05 -0.75 -1.03 -2.08 -88.96 13.41 
FixedParDiff =  0.1411669 
likDiff =  0.002607087 
sigma: 0.98 0.1 -0.42 -0.29 2.01 
loglike: -5923.354 
########################################## 
[1] "estimate random effects --- done."
[1] "estimate fixed parameters --- done."
[1] "estimate dispersion parameters --- done."
############## Iteration: 4 ############### 
fixed.par: 2.15 1 -0.31 1.39 0.06 -1.75 0.37 -2.76 -1.07 2.58 1.24 -0.05 -1.1 -1.9 -3.51 -130.79 19.76 
FixedParDiff =  0.1839086 
likDiff =  0.004444641 
sigma: 0.98 0.08 -0.37 -0.31 2.01 
loglike: -5897.026 
########################################## 
[1] "estimate random effects --- done."
[1] "estimate fixed parameters --- done."
[1] "estimate dispersion parameters --- done."
############## Iteration: 5 ############### 
fixed.par: 2.15 1 -0.31 1.39 0.06 -1.74 0.37 -2.75 -1.02 2.45 1.24 -0.05 -2.64 -4.87 -8.9 -311.7 47.2 
FixedParDiff =  0.440005 
likDiff =  0.008950169 
sigma: 0.98 0.05 -0.31 -0.36 2 
loglike: -5844.247 
########################################## 
Warning in JMfit_HL(glmeObject, survObject, long.data, surv.data, idVar,  :
  Iteration limit reached without covergence.

### [bt]: Job terminated successfully [batchtools job.id=550]
### [bt]: Calculation finished!
