### [bt]: This is batchtools v0.9.15
### [bt]: Starting calculation of 1 jobs
### [bt]: Setting working directory to '/data/home/mengwang/21-summer-project/src'
### [bt]: Memory measurement disabled
### [bt]: Starting job [batchtools job.id=276]
### [bt]: Generating problem instance for problem 'generate_data' ...
### [bt]: Applying algorithm 'fit_JMest' on problem 'generate_data' for job 276 (seed = 20071219) ...
[1] "get initial values for LME & GLM models --- done."
[1] "get initial values for GLME model --- done."
[1] "get initial values for survival models --- done."
[1] "estimate random effects --- done."
[1] "estimate fixed parameters --- done."
Warning in log(det(H/2/pi)) : NaNs produced
[1] "estimate dispersion parameters --- done."
############## Iteration: 1 ############### 
fixed.par: 1.77 1.2 -0.39 1.64 0.06 -1.67 0.3 -2.73 -1.16 2.73 1.13 -0.04 2.58 -0.15 -0.2 1.15 
FixedParDiff =  4.37521 
likDiff =  1 
sigma: 1.16 0 -0.52 -0.62 1.52 
loglike: -8539.654 
########################################## 
[1] "estimate random effects --- done."
[1] "estimate fixed parameters --- done."
Warning in log(det(H/2/pi)) : NaNs produced
[1] "estimate dispersion parameters --- done."
############## Iteration: 2 ############### 
fixed.par: 1.77 1.19 -0.39 1.64 0.05 -1.7 0.3 -2.79 -1.15 2.52 1.34 -0.06 2.59 -0.38 -0.4 1.15 
FixedParDiff =  0.2110495 
likDiff =  0.2979373 
sigma: 1.16 0.01 -0.49 -0.63 1.52 
loglike: -5995.372 
########################################## 
[1] "estimate random effects --- done."
[1] "estimate fixed parameters --- done."
[1] "estimate dispersion parameters --- done."
############## Iteration: 3 ############### 
fixed.par: 1.78 1.19 -0.39 1.64 0.05 -1.72 0.33 -2.77 -1.14 2.52 1.41 -0.06 2.66 -1.59 -1.7 1.15 
FixedParDiff =  0.4200423 
likDiff =  0.007491186 
sigma: 1.16 0.01 -0.41 -0.74 1.51 
loglike: -5950.46 
########################################## 
[1] "estimate random effects --- done."
[1] "estimate fixed parameters --- done."
Warning in log(det(H/2/pi)) : NaNs produced
[1] "estimate dispersion parameters --- done."
############## Iteration: 4 ############### 
fixed.par: 1.79 1.18 -0.39 1.63 0.06 -1.73 0.36 -2.75 -1.14 2.53 1.47 -0.05 3.43 -13.4 -13.89 1.15 
FixedParDiff =  0.9565775 
likDiff =  0.01890924 
sigma: 1.15 0.01 -0.29 -0.81 1.51 
loglike: -5837.941 
########################################## 
[1] "estimate random effects --- done."
[1] "estimate fixed parameters --- done."
Warning in log(det(H/2/pi)) : NaNs produced
[1] "estimate dispersion parameters --- done."
############## Iteration: 5 ############### 
fixed.par: 1.86 1.15 -0.38 1.58 0.07 -1.72 0.36 -2.73 -1.12 2.51 1.51 -0.05 7.87 -95.98 -96.43 1.12 
FixedParDiff =  0.8680128 
likDiff =  0.01763067 
sigma: 1.12 0.01 -0.22 -0.83 1.51 
loglike: -5735.014 
########################################## 
Warning in JMfit_HL(glmeObject, survObject, long.data, surv.data, idVar,  :
  Iteration limit reached without covergence.
Warning in sqrt(sd2) : NaNs produced
Warning in sqrt(diag(solve(Hmat))) : NaNs produced

### [bt]: Job terminated successfully [batchtools job.id=276]
### [bt]: Calculation finished!
