### [bt]: This is batchtools v0.9.15
### [bt]: Starting calculation of 1 jobs
### [bt]: Setting working directory to '/data/home/mengwang/21-summer-project/src'
### [bt]: Memory measurement disabled
### [bt]: Starting job [batchtools job.id=85]
### [bt]: Generating problem instance for problem 'generate_data' ...
### [bt]: Applying algorithm 'fit_JMest' on problem 'generate_data' for job 85 (seed = 20071028) ...
[1] "get initial values for LME & GLM models --- done."
[1] "get initial values for GLME model --- done."
[1] "get initial values for survival models --- done."
[1] "estimate random effects --- done."
[1] "estimate fixed parameters --- done."
[1] "estimate dispersion parameters --- done."
############## Iteration: 1 ############### 
fixed.par: 2.63 0.67 -0.17 1.07 0.06 -1.67 0.32 -2.74 -1.21 2.89 1.18 -0.05 -0.53 -0.33 -1.06 -58.59 8.81 
FixedParDiff =  0.3136279 
likDiff =  1 
sigma: 0.95 0.09 -0.46 -0.29 2 
loglike: -5983.82 
########################################## 
[1] "estimate random effects --- done."
[1] "estimate fixed parameters --- done."
[1] "estimate dispersion parameters --- done."
############## Iteration: 2 ############### 
fixed.par: 2.2 0.96 -0.3 1.36 0.06 -1.72 0.33 -2.78 -1.15 2.73 1.22 -0.05 -0.6 -0.58 -1.42 -69.04 10.39 
FixedParDiff =  0.2096144 
likDiff =  0.007576653 
sigma: 0.97 0.1 -0.46 -0.29 2 
loglike: -5938.483 
########################################## 
[1] "estimate random effects --- done."
[1] "estimate fixed parameters --- done."
[1] "estimate dispersion parameters --- done."
############## Iteration: 3 ############### 
fixed.par: 2.15 1 -0.31 1.39 0.06 -1.76 0.37 -2.77 -1.11 2.66 1.23 -0.05 -0.74 -1.03 -2.08 -88.5 13.34 
FixedParDiff =  0.1495642 
likDiff =  0.002588555 
sigma: 0.98 0.1 -0.42 -0.29 2.01 
loglike: -5923.111 
########################################## 
[1] "estimate random effects --- done."
[1] "estimate fixed parameters --- done."
[1] "estimate dispersion parameters --- done."
############## Iteration: 4 ############### 
fixed.par: 2.14 1 -0.32 1.39 0.06 -1.74 0.37 -2.76 -1.07 2.58 1.24 -0.05 -1.14 -1.97 -3.62 -135.6 20.48 
FixedParDiff =  0.2029919 
likDiff =  0.004430236 
sigma: 0.98 0.08 -0.37 -0.31 2.01 
loglike: -5896.87 
########################################## 
[1] "estimate random effects --- done."
[1] "estimate fixed parameters --- done."
[1] "estimate dispersion parameters --- done."
############## Iteration: 5 ############### 
fixed.par: 2.15 1 -0.31 1.39 0.06 -1.73 0.36 -2.75 -1.01 2.44 1.24 -0.05 -2.66 -4.89 -8.97 -314.79 47.67 
FixedParDiff =  0.4233319 
likDiff =  0.009348481 
sigma: 0.98 0.05 -0.31 -0.36 2 
loglike: -5841.743 
########################################## 
Warning in JMfit_HL(glmeObject, survObject, long.data, surv.data, idVar,  :
  Iteration limit reached without covergence.

### [bt]: Job terminated successfully [batchtools job.id=85]
### [bt]: Calculation finished!
