### [bt]: This is batchtools v0.9.15
### [bt]: Starting calculation of 1 jobs
### [bt]: Setting working directory to '/data/home/mengwang/21-summer-project/src'
### [bt]: Memory measurement disabled
### [bt]: Starting job [batchtools job.id=363]
### [bt]: Generating problem instance for problem 'generate_data' ...
### [bt]: Applying algorithm 'fit_JMest' on problem 'generate_data' for job 363 (seed = 20071306) ...
[1] "get initial values for LME & GLM models --- done."
[1] "get initial values for GLME model --- done."
[1] "get initial values for survival models --- done."
[1] "estimate random effects --- done."
[1] "estimate fixed parameters --- done."
[1] "estimate dispersion parameters --- done."
############## Iteration: 1 ############### 
fixed.par: 2.63 0.67 -0.17 1.07 0.07 -1.71 0.34 -2.74 -1.22 2.89 1.18 -0.05 -0.54 -0.34 -1.08 -60.26 9.06 
FixedParDiff =  0.3148874 
likDiff =  1 
sigma: 0.95 0.09 -0.46 -0.29 2 
loglike: -5983.915 
########################################## 
[1] "estimate random effects --- done."
[1] "estimate fixed parameters --- done."
[1] "estimate dispersion parameters --- done."
############## Iteration: 2 ############### 
fixed.par: 2.2 0.96 -0.3 1.35 0.06 -1.72 0.33 -2.78 -1.14 2.72 1.22 -0.05 -0.6 -0.59 -1.44 -69.9 10.52 
FixedParDiff =  0.2091101 
likDiff =  0.007672536 
sigma: 0.97 0.1 -0.46 -0.29 2 
loglike: -5938.003 
########################################## 
[1] "estimate random effects --- done."
[1] "estimate fixed parameters --- done."
[1] "estimate dispersion parameters --- done."
############## Iteration: 3 ############### 
fixed.par: 2.15 1 -0.31 1.39 0.06 -1.75 0.36 -2.77 -1.11 2.65 1.23 -0.05 -0.74 -1.03 -2.08 -88.52 13.34 
FixedParDiff =  0.1392972 
likDiff =  0.002579634 
sigma: 0.98 0.1 -0.42 -0.28 2.01 
loglike: -5922.685 
########################################## 
[1] "estimate random effects --- done."
[1] "estimate fixed parameters --- done."
[1] "estimate dispersion parameters --- done."
############## Iteration: 4 ############### 
fixed.par: 2.15 1 -0.32 1.39 0.06 -1.74 0.37 -2.76 -1.07 2.58 1.24 -0.05 -1.14 -1.98 -3.64 -136.64 20.64 
FixedParDiff =  0.2003153 
likDiff =  0.004411811 
sigma: 0.98 0.08 -0.37 -0.31 2.01 
loglike: -5896.555 
########################################## 
[1] "estimate random effects --- done."
[1] "estimate fixed parameters --- done."
[1] "estimate dispersion parameters --- done."
############## Iteration: 5 ############### 
fixed.par: 2.15 1 -0.31 1.39 0.06 -1.73 0.36 -2.75 -1.01 2.44 1.24 -0.05 -2.67 -4.89 -8.98 -315.56 47.79 
FixedParDiff =  0.4196262 
likDiff =  0.009417697 
sigma: 0.98 0.05 -0.31 -0.36 2 
loglike: -5841.023 
########################################## 
Warning in JMfit_HL(glmeObject, survObject, long.data, surv.data, idVar,  :
  Iteration limit reached without covergence.

### [bt]: Job terminated successfully [batchtools job.id=363]
### [bt]: Calculation finished!
