### [bt]: This is batchtools v0.9.15
### [bt]: Starting calculation of 1 jobs
### [bt]: Setting working directory to '/data/home/mengwang/21-summer-project/src'
### [bt]: Memory measurement disabled
### [bt]: Starting job [batchtools job.id=213]
### [bt]: Generating problem instance for problem 'generate_data' ...
### [bt]: Applying algorithm 'fit_JMest' on problem 'generate_data' for job 213 (seed = 20071156) ...
[1] "get initial values for LME & GLM models --- done."
[1] "get initial values for GLME model --- done."
[1] "get initial values for survival models --- done."
[1] "estimate random effects --- done."
[1] "estimate fixed parameters --- done."
[1] "estimate dispersion parameters --- done."
############## Iteration: 1 ############### 
fixed.par: 2.63 0.67 -0.17 1.07 0.07 -1.69 0.33 -2.73 -1.22 2.89 1.19 -0.05 -0.52 -0.32 -1.05 -57.52 8.65 
FixedParDiff =  0.300532 
likDiff =  1 
sigma: 0.95 0.09 -0.46 -0.29 2 
loglike: -5983.842 
########################################## 
[1] "estimate random effects --- done."
[1] "estimate fixed parameters --- done."
[1] "estimate dispersion parameters --- done."
############## Iteration: 2 ############### 
fixed.par: 2.2 0.96 -0.3 1.36 0.06 -1.73 0.34 -2.78 -1.16 2.74 1.23 -0.05 -0.61 -0.58 -1.44 -70.33 10.59 
FixedParDiff =  0.2212308 
likDiff =  0.007520822 
sigma: 0.97 0.1 -0.46 -0.29 2 
loglike: -5938.839 
########################################## 
[1] "estimate random effects --- done."
[1] "estimate fixed parameters --- done."
[1] "estimate dispersion parameters --- done."
############## Iteration: 3 ############### 
fixed.par: 2.15 1 -0.31 1.39 0.06 -1.75 0.36 -2.77 -1.11 2.65 1.24 -0.05 -0.75 -1.03 -2.1 -89.53 13.5 
FixedParDiff =  0.1391515 
likDiff =  0.002679792 
sigma: 0.98 0.1 -0.42 -0.29 2.01 
loglike: -5922.924 
########################################## 
[1] "estimate random effects --- done."
[1] "estimate fixed parameters --- done."
[1] "estimate dispersion parameters --- done."
############## Iteration: 4 ############### 
fixed.par: 2.14 1 -0.32 1.39 0.06 -1.75 0.37 -2.76 -1.07 2.57 1.24 -0.05 -1.08 -1.88 -3.48 -129.45 19.56 
FixedParDiff =  0.1752375 
likDiff =  0.004421395 
sigma: 0.98 0.08 -0.37 -0.31 2.01 
loglike: -5896.736 
########################################## 
[1] "estimate random effects --- done."
[1] "estimate fixed parameters --- done."
[1] "estimate dispersion parameters --- done."
############## Iteration: 5 ############### 
fixed.par: 2.15 1 -0.31 1.39 0.06 -1.73 0.37 -2.75 -1.02 2.46 1.24 -0.05 -2.52 -4.67 -8.51 -297.32 45.02 
FixedParDiff =  0.4144303 
likDiff =  0.008859238 
sigma: 0.98 0.05 -0.31 -0.36 2 
loglike: -5844.496 
########################################## 
Warning in JMfit_HL(glmeObject, survObject, long.data, surv.data, idVar,  :
  Iteration limit reached without covergence.

### [bt]: Job terminated successfully [batchtools job.id=213]
### [bt]: Calculation finished!
