### [bt]: This is batchtools v0.9.15
### [bt]: Starting calculation of 1 jobs
### [bt]: Setting working directory to '/data/home/mengwang/21-summer-project/src'
### [bt]: Memory measurement disabled
### [bt]: Starting job [batchtools job.id=88]
### [bt]: Generating problem instance for problem 'generate_data' ...
### [bt]: Applying algorithm 'fit_JMest' on problem 'generate_data' for job 88 (seed = 20071031) ...
[1] "get initial values for LME & GLM models --- done."
[1] "get initial values for GLME model --- done."
[1] "get initial values for survival models --- done."
[1] "estimate random effects --- done."
[1] "estimate fixed parameters --- done."
[1] "estimate dispersion parameters --- done."
############## Iteration: 1 ############### 
fixed.par: 2.63 0.67 -0.17 1.07 0.06 -1.69 0.33 -2.73 -1.21 2.89 1.17 -0.05 -0.53 -0.33 -1.06 -58.51 8.79 
FixedParDiff =  0.3082085 
likDiff =  1 
sigma: 0.95 0.09 -0.46 -0.29 2 
loglike: -5983.819 
########################################## 
[1] "estimate random effects --- done."
[1] "estimate fixed parameters --- done."
[1] "estimate dispersion parameters --- done."
############## Iteration: 2 ############### 
fixed.par: 2.2 0.96 -0.3 1.36 0.06 -1.72 0.33 -2.78 -1.15 2.74 1.21 -0.05 -0.61 -0.59 -1.45 -70.54 10.62 
FixedParDiff =  0.2171431 
likDiff =  0.007575526 
sigma: 0.97 0.1 -0.46 -0.29 2 
loglike: -5938.488 
########################################## 
[1] "estimate random effects --- done."
[1] "estimate fixed parameters --- done."
[1] "estimate dispersion parameters --- done."
############## Iteration: 3 ############### 
fixed.par: 2.15 1 -0.31 1.39 0.06 -1.74 0.36 -2.77 -1.1 2.65 1.23 -0.05 -0.75 -1.04 -2.1 -89.49 13.49 
FixedParDiff =  0.1367757 
likDiff =  0.002661305 
sigma: 0.98 0.1 -0.42 -0.28 2.01 
loglike: -5922.684 
########################################## 
[1] "estimate random effects --- done."
[1] "estimate fixed parameters --- done."
[1] "estimate dispersion parameters --- done."
############## Iteration: 4 ############### 
fixed.par: 2.14 1 -0.32 1.39 0.06 -1.74 0.36 -2.76 -1.07 2.57 1.24 -0.05 -1.11 -1.93 -3.56 -132.99 20.09 
FixedParDiff =  0.1854035 
likDiff =  0.004419641 
sigma: 0.98 0.08 -0.37 -0.31 2.01 
loglike: -5896.508 
########################################## 
[1] "estimate random effects --- done."
[1] "estimate fixed parameters --- done."
[1] "estimate dispersion parameters --- done."
############## Iteration: 5 ############### 
fixed.par: 2.15 1 -0.31 1.39 0.06 -1.74 0.37 -2.75 -1.01 2.45 1.24 -0.05 -2.59 -4.76 -8.71 -305.34 46.24 
FixedParDiff =  0.4186206 
likDiff =  0.009106001 
sigma: 0.98 0.05 -0.31 -0.36 2 
loglike: -5842.814 
########################################## 
Warning in JMfit_HL(glmeObject, survObject, long.data, surv.data, idVar,  :
  Iteration limit reached without covergence.

### [bt]: Job terminated successfully [batchtools job.id=88]
### [bt]: Calculation finished!
