### [bt]: This is batchtools v0.9.15
### [bt]: Starting calculation of 1 jobs
### [bt]: Setting working directory to '/data/home/mengwang/21-summer-project/src'
### [bt]: Memory measurement disabled
### [bt]: Starting job [batchtools job.id=232]
### [bt]: Generating problem instance for problem 'generate_data' ...
### [bt]: Applying algorithm 'fit_JMest' on problem 'generate_data' for job 232 (seed = 20071175) ...
[1] "get initial values for LME & GLM models --- done."
[1] "get initial values for GLME model --- done."
[1] "get initial values for survival models --- done."
[1] "estimate random effects --- done."
[1] "estimate fixed parameters --- done."
[1] "estimate dispersion parameters --- done."
############## Iteration: 1 ############### 
fixed.par: 2.63 0.67 -0.17 1.07 0.07 -1.7 0.34 -2.73 -1.22 2.89 1.18 -0.05 -0.51 -0.32 -1.04 -57.44 8.63 
FixedParDiff =  0.2970941 
likDiff =  1 
sigma: 0.95 0.09 -0.46 -0.29 2 
loglike: -5983.829 
########################################## 
[1] "estimate random effects --- done."
[1] "estimate fixed parameters --- done."
[1] "estimate dispersion parameters --- done."
############## Iteration: 2 ############### 
fixed.par: 2.2 0.96 -0.3 1.36 0.06 -1.74 0.35 -2.78 -1.15 2.74 1.22 -0.05 -0.61 -0.58 -1.44 -70.33 10.59 
FixedParDiff =  0.2208818 
likDiff =  0.007517433 
sigma: 0.97 0.1 -0.46 -0.29 2 
loglike: -5938.846 
########################################## 
[1] "estimate random effects --- done."
[1] "estimate fixed parameters --- done."
[1] "estimate dispersion parameters --- done."
############## Iteration: 3 ############### 
fixed.par: 2.15 1 -0.32 1.39 0.06 -1.75 0.36 -2.77 -1.11 2.65 1.23 -0.05 -0.74 -1.02 -2.08 -88.46 13.33 
FixedParDiff =  0.1313759 
likDiff =  0.002682054 
sigma: 0.98 0.1 -0.42 -0.29 2.01 
loglike: -5922.918 
########################################## 
[1] "estimate random effects --- done."
[1] "estimate fixed parameters --- done."
[1] "estimate dispersion parameters --- done."
############## Iteration: 4 ############### 
fixed.par: 2.15 1 -0.32 1.39 0.06 -1.75 0.37 -2.76 -1.07 2.58 1.24 -0.05 -1.09 -1.9 -3.5 -130.38 19.69 
FixedParDiff =  0.1823068 
likDiff =  0.004378446 
sigma: 0.98 0.08 -0.37 -0.31 2.01 
loglike: -5896.985 
########################################## 
[1] "estimate random effects --- done."
[1] "estimate fixed parameters --- done."
[1] "estimate dispersion parameters --- done."
############## Iteration: 5 ############### 
fixed.par: 2.15 1 -0.31 1.39 0.06 -1.73 0.37 -2.75 -1.02 2.46 1.24 -0.05 -2.68 -4.94 -9.03 -316.24 47.88 
FixedParDiff =  0.4528575 
likDiff =  0.008937215 
sigma: 0.98 0.05 -0.31 -0.36 2 
loglike: -5844.282 
########################################## 
Warning in JMfit_HL(glmeObject, survObject, long.data, surv.data, idVar,  :
  Iteration limit reached without covergence.

### [bt]: Job terminated successfully [batchtools job.id=232]
### [bt]: Calculation finished!
