### [bt]: This is batchtools v0.9.15
### [bt]: Starting calculation of 1 jobs
### [bt]: Setting working directory to '/data/home/mengwang/21-summer-project/src'
### [bt]: Memory measurement disabled
### [bt]: Starting job [batchtools job.id=548]
### [bt]: Generating problem instance for problem 'generate_data' ...
### [bt]: Applying algorithm 'fit_JMest' on problem 'generate_data' for job 548 (seed = 20071491) ...
[1] "get initial values for LME & GLM models --- done."
[1] "get initial values for GLME model --- done."
[1] "get initial values for survival models --- done."
[1] "estimate random effects --- done."
[1] "estimate fixed parameters --- done."
[1] "estimate dispersion parameters --- done."
############## Iteration: 1 ############### 
fixed.par: 2.63 0.67 -0.17 1.07 0.06 -1.67 0.31 -2.74 -1.22 2.89 1.18 -0.05 -0.5 -0.32 -1.02 -55.76 8.38 
FixedParDiff =  0.2928184 
likDiff =  1 
sigma: 0.95 0.09 -0.46 -0.29 2 
loglike: -5983.929 
########################################## 
[1] "estimate random effects --- done."
[1] "estimate fixed parameters --- done."
[1] "estimate dispersion parameters --- done."
############## Iteration: 2 ############### 
fixed.par: 2.2 0.96 -0.3 1.36 0.06 -1.72 0.33 -2.78 -1.16 2.76 1.23 -0.05 -0.59 -0.57 -1.4 -68.7 10.34 
FixedParDiff =  0.2242848 
likDiff =  0.007442217 
sigma: 0.97 0.1 -0.46 -0.29 2 
loglike: -5939.395 
########################################## 
[1] "estimate random effects --- done."
[1] "estimate fixed parameters --- done."
[1] "estimate dispersion parameters --- done."
############## Iteration: 3 ############### 
fixed.par: 2.15 1 -0.31 1.39 0.07 -1.78 0.39 -2.77 -1.12 2.67 1.24 -0.05 -0.72 -0.99 -2 -85.05 12.82 
FixedParDiff =  0.1420134 
likDiff =  0.002655402 
sigma: 0.98 0.1 -0.42 -0.29 2.01 
loglike: -5923.624 
########################################## 
[1] "estimate random effects --- done."
[1] "estimate fixed parameters --- done."
[1] "estimate dispersion parameters --- done."
############## Iteration: 4 ############### 
fixed.par: 2.15 1 -0.31 1.39 0.06 -1.74 0.37 -2.76 -1.08 2.6 1.25 -0.05 -1.08 -1.9 -3.48 -129.63 19.58 
FixedParDiff =  0.2025911 
likDiff =  0.004302195 
sigma: 0.98 0.08 -0.38 -0.31 2.01 
loglike: -5898.139 
########################################## 
[1] "estimate random effects --- done."
[1] "estimate fixed parameters --- done."
[1] "estimate dispersion parameters --- done."
############## Iteration: 5 ############### 
fixed.par: 2.15 1 -0.32 1.39 0.06 -1.72 0.36 -2.75 -1.02 2.47 1.24 -0.05 -2.32 -4.36 -7.93 -274.25 41.53 
FixedParDiff =  0.3631755 
likDiff =  0.009015128 
sigma: 0.98 0.06 -0.31 -0.36 2 
loglike: -5844.966 
########################################## 
Warning in JMfit_HL(glmeObject, survObject, long.data, surv.data, idVar,  :
  Iteration limit reached without covergence.

### [bt]: Job terminated successfully [batchtools job.id=548]
### [bt]: Calculation finished!
