### [bt]: This is batchtools v0.9.15
### [bt]: Starting calculation of 1 jobs
### [bt]: Setting working directory to '/data/home/mengwang/21-summer-project/src'
### [bt]: Memory measurement disabled
### [bt]: Starting job [batchtools job.id=63]
### [bt]: Generating problem instance for problem 'generate_data' ...
### [bt]: Applying algorithm 'fit_JMest' on problem 'generate_data' for job 63 (seed = 20071006) ...
[1] "get initial values for LME & GLM models --- done."
[1] "get initial values for GLME model --- done."
[1] "get initial values for survival models --- done."
[1] "estimate random effects --- done."
[1] "estimate fixed parameters --- done."
[1] "estimate dispersion parameters --- done."
############## Iteration: 1 ############### 
fixed.par: 2.63 0.67 -0.17 1.07 0.07 -1.7 0.34 -2.74 -1.22 2.89 1.17 -0.05 -0.51 -0.32 -1.03 -56.77 8.53 
FixedParDiff =  0.2905588 
likDiff =  1 
sigma: 0.95 0.09 -0.46 -0.29 2 
loglike: -5983.856 
########################################## 
[1] "estimate random effects --- done."
[1] "estimate fixed parameters --- done."
[1] "estimate dispersion parameters --- done."
############## Iteration: 2 ############### 
fixed.par: 2.2 0.96 -0.3 1.36 0.06 -1.74 0.35 -2.77 -1.16 2.75 1.22 -0.05 -0.6 -0.57 -1.41 -69.02 10.39 
FixedParDiff =  0.2198868 
likDiff =  0.007483199 
sigma: 0.97 0.1 -0.46 -0.29 2 
loglike: -5939.078 
########################################## 
[1] "estimate random effects --- done."
[1] "estimate fixed parameters --- done."
[1] "estimate dispersion parameters --- done."
############## Iteration: 3 ############### 
fixed.par: 2.15 1 -0.31 1.39 0.06 -1.75 0.37 -2.77 -1.11 2.66 1.24 -0.05 -0.75 -1.02 -2.07 -88.62 13.36 
FixedParDiff =  0.1390355 
likDiff =  0.002631788 
sigma: 0.98 0.1 -0.42 -0.29 2.01 
loglike: -5923.447 
########################################## 
[1] "estimate random effects --- done."
[1] "estimate fixed parameters --- done."
[1] "estimate dispersion parameters --- done."
############## Iteration: 4 ############### 
fixed.par: 2.14 1 -0.32 1.39 0.06 -1.75 0.37 -2.76 -1.07 2.58 1.24 -0.05 -1.1 -1.91 -3.52 -131.45 19.86 
FixedParDiff =  0.1871105 
likDiff =  0.004433286 
sigma: 0.98 0.08 -0.37 -0.31 2.01 
loglike: -5897.187 
########################################## 
[1] "estimate random effects --- done."
[1] "estimate fixed parameters --- done."
[1] "estimate dispersion parameters --- done."
############## Iteration: 5 ############### 
fixed.par: 2.15 0.99 -0.31 1.39 0.07 -1.75 0.38 -2.75 -1.01 2.45 1.24 -0.05 -2.53 -4.67 -8.55 -298.64 45.22 
FixedParDiff =  0.4126623 
likDiff =  0.009021247 
sigma: 0.98 0.05 -0.31 -0.36 2 
loglike: -5843.987 
########################################## 
Warning in JMfit_HL(glmeObject, survObject, long.data, surv.data, idVar,  :
  Iteration limit reached without covergence.

### [bt]: Job terminated successfully [batchtools job.id=63]
### [bt]: Calculation finished!
