### [bt]: This is batchtools v0.9.15
### [bt]: Starting calculation of 1 jobs
### [bt]: Setting working directory to '/data/home/mengwang/21-summer-project/src'
### [bt]: Memory measurement disabled
### [bt]: Starting job [batchtools job.id=393]
### [bt]: Generating problem instance for problem 'generate_data' ...
### [bt]: Applying algorithm 'fit_JMest' on problem 'generate_data' for job 393 (seed = 20071336) ...
[1] "get initial values for LME & GLM models --- done."
[1] "get initial values for GLME model --- done."
[1] "get initial values for survival models --- done."
[1] "estimate random effects --- done."
[1] "estimate fixed parameters --- done."
[1] "estimate dispersion parameters --- done."
############## Iteration: 1 ############### 
fixed.par: 2.63 0.67 -0.17 1.07 0.07 -1.74 0.37 -2.73 -1.21 2.89 1.17 -0.05 -0.52 -0.32 -1.04 -57.43 8.63 
FixedParDiff =  0.2888155 
likDiff =  1 
sigma: 0.95 0.09 -0.46 -0.29 2 
loglike: -5983.836 
########################################## 
[1] "estimate random effects --- done."
[1] "estimate fixed parameters --- done."
[1] "estimate dispersion parameters --- done."
############## Iteration: 2 ############### 
fixed.par: 2.2 0.96 -0.3 1.36 0.06 -1.74 0.35 -2.78 -1.15 2.74 1.22 -0.05 -0.61 -0.58 -1.43 -70.07 10.55 
FixedParDiff =  0.2260793 
likDiff =  0.007521609 
sigma: 0.97 0.1 -0.46 -0.29 2 
loglike: -5938.828 
########################################## 
[1] "estimate random effects --- done."
[1] "estimate fixed parameters --- done."
[1] "estimate dispersion parameters --- done."
############## Iteration: 3 ############### 
fixed.par: 2.15 1 -0.31 1.39 0.06 -1.74 0.36 -2.77 -1.11 2.65 1.24 -0.05 -0.72 -0.99 -2.02 -85.27 12.85 
FixedParDiff =  0.1173739 
likDiff =  0.00265413 
sigma: 0.98 0.1 -0.42 -0.29 2.01 
loglike: -5923.066 
########################################## 
[1] "estimate random effects --- done."
[1] "estimate fixed parameters --- done."
[1] "estimate dispersion parameters --- done."
############## Iteration: 4 ############### 
fixed.par: 2.15 1 -0.32 1.39 0.06 -1.74 0.37 -2.76 -1.08 2.6 1.24 -0.05 -1.11 -1.93 -3.54 -132.13 19.96 
FixedParDiff =  0.2047413 
likDiff =  0.004267867 
sigma: 0.98 0.08 -0.38 -0.31 2.01 
loglike: -5897.787 
########################################## 
[1] "estimate random effects --- done."
[1] "estimate fixed parameters --- done."
[1] "estimate dispersion parameters --- done."
############## Iteration: 5 ############### 
fixed.par: 2.15 1 -0.32 1.39 0.07 -1.74 0.37 -2.75 -1.01 2.46 1.24 -0.05 -2.45 -4.57 -8.34 -290.18 43.94 
FixedParDiff =  0.3890953 
likDiff =  0.009213058 
sigma: 0.98 0.05 -0.31 -0.36 2 
loglike: -5843.45 
########################################## 
Warning in JMfit_HL(glmeObject, survObject, long.data, surv.data, idVar,  :
  Iteration limit reached without covergence.

### [bt]: Job terminated successfully [batchtools job.id=393]
### [bt]: Calculation finished!
