### [bt]: This is batchtools v0.9.15
### [bt]: Starting calculation of 1 jobs
### [bt]: Setting working directory to '/data/home/mengwang/21-summer-project/src'
### [bt]: Memory measurement disabled
### [bt]: Starting job [batchtools job.id=52]
### [bt]: Generating problem instance for problem 'generate_data' ...
### [bt]: Applying algorithm 'fit_JMest' on problem 'generate_data' for job 52 (seed = 20070995) ...
[1] "get initial values for LME & GLM models --- done."
[1] "get initial values for GLME model --- done."
[1] "get initial values for survival models --- done."
[1] "estimate random effects --- done."
[1] "estimate fixed parameters --- done."
[1] "estimate dispersion parameters --- done."
############## Iteration: 1 ############### 
fixed.par: 2.63 0.67 -0.17 1.07 0.07 -1.71 0.34 -2.74 -1.21 2.89 1.16 -0.05 -0.52 -0.32 -1.05 -57.73 8.68 
FixedParDiff =  0.2929243 
likDiff =  1 
sigma: 0.95 0.09 -0.46 -0.29 2 
loglike: -5983.809 
########################################## 
[1] "estimate random effects --- done."
[1] "estimate fixed parameters --- done."
[1] "estimate dispersion parameters --- done."
############## Iteration: 2 ############### 
fixed.par: 2.2 0.96 -0.3 1.36 0.06 -1.74 0.35 -2.78 -1.15 2.74 1.22 -0.05 -0.61 -0.58 -1.44 -70.23 10.57 
FixedParDiff =  0.2211402 
likDiff =  0.007534347 
sigma: 0.97 0.1 -0.46 -0.29 2 
loglike: -5938.725 
########################################## 
[1] "estimate random effects --- done."
[1] "estimate fixed parameters --- done."
[1] "estimate dispersion parameters --- done."
############## Iteration: 3 ############### 
fixed.par: 2.15 1 -0.31 1.39 0.06 -1.74 0.36 -2.77 -1.11 2.65 1.23 -0.05 -0.74 -1.02 -2.08 -88.56 13.35 
FixedParDiff =  0.1328317 
likDiff =  0.002668736 
sigma: 0.98 0.1 -0.42 -0.29 2.01 
loglike: -5922.876 
########################################## 
[1] "estimate random effects --- done."
[1] "estimate fixed parameters --- done."
[1] "estimate dispersion parameters --- done."
############## Iteration: 4 ############### 
fixed.par: 2.15 1 -0.32 1.39 0.06 -1.75 0.38 -2.76 -1.07 2.58 1.24 -0.05 -1.18 -2.03 -3.74 -140.61 21.24 
FixedParDiff =  0.220175 
likDiff =  0.004387245 
sigma: 0.98 0.08 -0.37 -0.31 2.01 
loglike: -5896.891 
########################################## 
[1] "estimate random effects --- done."
[1] "estimate fixed parameters --- done."
[1] "estimate dispersion parameters --- done."
############## Iteration: 5 ############### 
fixed.par: 2.15 1 -0.32 1.39 0.07 -1.75 0.38 -2.75 -1 2.42 1.24 -0.05 -2.65 -4.83 -8.93 -313.63 47.5 
FixedParDiff =  0.3984914 
likDiff =  0.009710773 
sigma: 0.98 0.05 -0.31 -0.37 2 
loglike: -5839.627 
########################################## 
Warning in JMfit_HL(glmeObject, survObject, long.data, surv.data, idVar,  :
  Iteration limit reached without covergence.

### [bt]: Job terminated successfully [batchtools job.id=52]
### [bt]: Calculation finished!
