### [bt]: This is batchtools v0.9.15
### [bt]: Starting calculation of 1 jobs
### [bt]: Setting working directory to '/data/home/mengwang/21-summer-project/src'
### [bt]: Memory measurement disabled
### [bt]: Starting job [batchtools job.id=553]
### [bt]: Generating problem instance for problem 'generate_data' ...
### [bt]: Applying algorithm 'fit_JMest' on problem 'generate_data' for job 553 (seed = 20071496) ...
[1] "get initial values for LME & GLM models --- done."
[1] "get initial values for GLME model --- done."
[1] "get initial values for survival models --- done."
[1] "estimate random effects --- done."
[1] "estimate fixed parameters --- done."
Warning in log(det(H/2/pi)) : NaNs produced
Warning in log(det(H/2/pi)) : NaNs produced
Warning in log(det(H/2/pi)) : NaNs produced
[1] "estimate dispersion parameters --- done."
############## Iteration: 1 ############### 
fixed.par: 1.77 1.2 -0.39 1.64 0.06 -1.67 0.3 -2.73 -1.16 2.73 1.13 -0.04 2.58 -0.18 -0.23 1.15 
FixedParDiff =  4.522613 
likDiff =  1 
sigma: 1.16 0 -0.52 -0.62 1.52 
loglike: -8539.536 
########################################## 
[1] "estimate random effects --- done."
[1] "estimate fixed parameters --- done."
[1] "estimate dispersion parameters --- done."
############## Iteration: 2 ############### 
fixed.par: 1.77 1.19 -0.39 1.64 0.05 -1.7 0.29 -2.79 -1.15 2.52 1.34 -0.06 2.6 -0.46 -0.49 1.15 
FixedParDiff =  0.2203266 
likDiff =  0.297935 
sigma: 1.16 0.01 -0.49 -0.63 1.52 
loglike: -5995.309 
########################################## 
[1] "estimate random effects --- done."
[1] "estimate fixed parameters --- done."
[1] "estimate dispersion parameters --- done."
############## Iteration: 3 ############### 
fixed.par: 1.78 1.19 -0.39 1.64 0.05 -1.71 0.32 -2.78 -1.14 2.53 1.4 -0.06 2.7 -1.87 -2.02 1.15 
FixedParDiff =  0.4079556 
likDiff =  0.007586719 
sigma: 1.16 0.01 -0.41 -0.74 1.51 
loglike: -5949.825 
########################################## 
[1] "estimate random effects --- done."
[1] "estimate fixed parameters --- done."
Warning in log(det(H/2/pi)) : NaNs produced
[1] "estimate dispersion parameters --- done."
############## Iteration: 4 ############### 
fixed.par: 1.8 1.18 -0.39 1.62 0.06 -1.71 0.34 -2.75 -1.14 2.54 1.46 -0.05 3.66 -14.24 -14.76 1.14 
FixedParDiff =  0.8548748 
likDiff =  0.01866294 
sigma: 1.15 0.01 -0.29 -0.81 1.51 
loglike: -5838.783 
########################################## 
[1] "estimate random effects --- done."
[1] "estimate fixed parameters --- done."
[1] "estimate dispersion parameters --- done."
############## Iteration: 5 ############### 
fixed.par: 1.87 1.14 -0.37 1.58 0.07 -1.71 0.35 -2.73 -1.12 2.51 1.51 -0.05 8.86 -95.27 -95.72 1.12 
FixedParDiff =  0.8178861 
likDiff =  0.01645566 
sigma: 1.12 0.01 -0.22 -0.83 1.51 
loglike: -5742.702 
########################################## 
Warning in JMfit_HL(glmeObject, survObject, long.data, surv.data, idVar,  :
  Iteration limit reached without covergence.
Warning in sqrt(sd2) : NaNs produced
Warning in sqrt(diag(solve(Hmat))) : NaNs produced

### [bt]: Job terminated successfully [batchtools job.id=553]
### [bt]: Calculation finished!
