### [bt]: This is batchtools v0.9.15
### [bt]: Starting calculation of 1 jobs
### [bt]: Setting working directory to '/data/home/mengwang/21-summer-project/src'
### [bt]: Memory measurement disabled
### [bt]: Starting job [batchtools job.id=260]
### [bt]: Generating problem instance for problem 'generate_data' ...
### [bt]: Applying algorithm 'fit_JMest' on problem 'generate_data' for job 260 (seed = 20071203) ...
[1] "get initial values for LME & GLM models --- done."
[1] "get initial values for GLME model --- done."
[1] "get initial values for survival models --- done."
[1] "estimate random effects --- done."
[1] "estimate fixed parameters --- done."
[1] "estimate dispersion parameters --- done."
############## Iteration: 1 ############### 
fixed.par: 1.77 1.19 -0.39 1.64 0.06 -1.66 0.29 -2.74 -1.16 2.73 1.13 -0.04 2.58 -0.18 -0.24 1.15 
FixedParDiff =  4.529502 
likDiff =  1 
sigma: 1.16 0 -0.52 -0.62 1.52 
loglike: -8539.687 
########################################## 
[1] "estimate random effects --- done."
[1] "estimate fixed parameters --- done."
[1] "estimate dispersion parameters --- done."
############## Iteration: 2 ############### 
fixed.par: 1.77 1.19 -0.39 1.64 0.05 -1.69 0.29 -2.79 -1.15 2.52 1.33 -0.06 2.6 -0.45 -0.49 1.15 
FixedParDiff =  0.2156316 
likDiff =  0.2979482 
sigma: 1.16 0.01 -0.49 -0.63 1.52 
loglike: -5995.303 
########################################## 
[1] "estimate random effects --- done."
[1] "estimate fixed parameters --- done."
[1] "estimate dispersion parameters --- done."
############## Iteration: 3 ############### 
fixed.par: 1.78 1.19 -0.39 1.64 0.05 -1.73 0.33 -2.77 -1.14 2.53 1.39 -0.06 2.7 -1.83 -1.98 1.15 
FixedParDiff =  0.4032694 
likDiff =  0.007591317 
sigma: 1.16 0.01 -0.41 -0.74 1.51 
loglike: -5949.79 
########################################## 
[1] "estimate random effects --- done."
[1] "estimate fixed parameters --- done."
Warning in log(det(H/2/pi)) : NaNs produced
Warning in log(det(H/2/pi)) : NaNs produced
[1] "estimate dispersion parameters --- done."
############## Iteration: 4 ############### 
fixed.par: 1.8 1.18 -0.39 1.63 0.06 -1.71 0.34 -2.75 -1.14 2.54 1.46 -0.05 3.61 -13.62 -14.13 1.15 
FixedParDiff =  0.8271618 
likDiff =  0.01871186 
sigma: 1.15 0.01 -0.29 -0.81 1.51 
loglike: -5838.459 
########################################## 
[1] "estimate random effects --- done."
[1] "estimate fixed parameters --- done."
[1] "estimate dispersion parameters --- done."
############## Iteration: 5 ############### 
fixed.par: 1.86 1.15 -0.38 1.58 0.07 -1.71 0.36 -2.73 -1.12 2.51 1.51 -0.05 8.18 -87.17 -87.65 1.12 
FixedParDiff =  0.7729188 
likDiff =  0.01651655 
sigma: 1.12 0.01 -0.22 -0.83 1.51 
loglike: -5742.028 
########################################## 
Warning in JMfit_HL(glmeObject, survObject, long.data, surv.data, idVar,  :
  Iteration limit reached without covergence.
Warning in sqrt(sd2) : NaNs produced
Warning in sqrt(diag(solve(Hmat))) : NaNs produced

### [bt]: Job terminated successfully [batchtools job.id=260]
### [bt]: Calculation finished!
