### [bt]: This is batchtools v0.9.15
### [bt]: Starting calculation of 1 jobs
### [bt]: Setting working directory to '/data/home/mengwang/21-summer-project/src'
### [bt]: Memory measurement disabled
### [bt]: Starting job [batchtools job.id=210]
### [bt]: Generating problem instance for problem 'generate_data' ...
### [bt]: Applying algorithm 'fit_JMest' on problem 'generate_data' for job 210 (seed = 20071153) ...
[1] "get initial values for LME & GLM models --- done."
[1] "get initial values for GLME model --- done."
[1] "get initial values for survival models --- done."
[1] "estimate random effects --- done."
[1] "estimate fixed parameters --- done."
[1] "estimate dispersion parameters --- done."
############## Iteration: 1 ############### 
fixed.par: 2.63 0.67 -0.17 1.07 0.07 -1.73 0.36 -2.73 -1.22 2.89 1.18 -0.05 -0.54 -0.34 -1.08 -60.22 9.05 
FixedParDiff =  0.3112627 
likDiff =  1 
sigma: 0.95 0.09 -0.46 -0.29 2 
loglike: -5983.927 
########################################## 
[1] "estimate random effects --- done."
[1] "estimate fixed parameters --- done."
[1] "estimate dispersion parameters --- done."
############## Iteration: 2 ############### 
fixed.par: 2.2 0.96 -0.3 1.36 0.06 -1.74 0.35 -2.77 -1.14 2.72 1.22 -0.05 -0.62 -0.6 -1.47 -71.56 10.77 
FixedParDiff =  0.2162231 
likDiff =  0.007676808 
sigma: 0.97 0.1 -0.46 -0.29 2 
loglike: -5937.989 
########################################## 
[1] "estimate random effects --- done."
[1] "estimate fixed parameters --- done."
[1] "estimate dispersion parameters --- done."
############## Iteration: 3 ############### 
fixed.par: 2.15 1 -0.31 1.39 0.06 -1.75 0.37 -2.77 -1.1 2.64 1.24 -0.05 -0.78 -1.07 -2.16 -92.26 13.91 
FixedParDiff =  0.1430612 
likDiff =  0.002662975 
sigma: 0.98 0.1 -0.42 -0.28 2.01 
loglike: -5922.176 
########################################## 
[1] "estimate random effects --- done."
[1] "estimate fixed parameters --- done."
[1] "estimate dispersion parameters --- done."
############## Iteration: 4 ############### 
fixed.par: 2.15 1 -0.32 1.39 0.06 -1.75 0.38 -2.76 -1.06 2.56 1.24 -0.05 -1.17 -2 -3.72 -139.65 21.1 
FixedParDiff =  0.1927873 
likDiff =  0.00453658 
sigma: 0.98 0.08 -0.37 -0.31 2.01 
loglike: -5895.31 
########################################## 
[1] "estimate random effects --- done."
[1] "estimate fixed parameters --- done."
[1] "estimate dispersion parameters --- done."
############## Iteration: 5 ############### 
fixed.par: 2.15 1 -0.32 1.39 0.06 -1.73 0.36 -2.75 -1 2.42 1.24 -0.05 -3.01 -5.41 -10 -354.8 53.73 
FixedParDiff =  0.4874505 
likDiff =  0.00942781 
sigma: 0.98 0.05 -0.31 -0.36 2 
loglike: -5839.73 
########################################## 
Warning in JMfit_HL(glmeObject, survObject, long.data, surv.data, idVar,  :
  Iteration limit reached without covergence.

### [bt]: Job terminated successfully [batchtools job.id=210]
### [bt]: Calculation finished!
