### [bt]: This is batchtools v0.9.15
### [bt]: Starting calculation of 1 jobs
### [bt]: Setting working directory to '/data/home/mengwang/21-summer-project/src'
### [bt]: Memory measurement disabled
### [bt]: Starting job [batchtools job.id=87]
### [bt]: Generating problem instance for problem 'generate_data' ...
### [bt]: Applying algorithm 'fit_JMest' on problem 'generate_data' for job 87 (seed = 20071030) ...
[1] "get initial values for LME & GLM models --- done."
[1] "get initial values for GLME model --- done."
[1] "get initial values for survival models --- done."
[1] "estimate random effects --- done."
[1] "estimate fixed parameters --- done."
[1] "estimate dispersion parameters --- done."
############## Iteration: 1 ############### 
fixed.par: 2.63 0.67 -0.17 1.07 0.07 -1.72 0.35 -2.73 -1.21 2.89 1.17 -0.05 -0.52 -0.33 -1.05 -58.16 8.74 
FixedParDiff =  0.2960628 
likDiff =  1 
sigma: 0.95 0.09 -0.46 -0.29 2 
loglike: -5983.825 
########################################## 
[1] "estimate random effects --- done."
[1] "estimate fixed parameters --- done."
[1] "estimate dispersion parameters --- done."
############## Iteration: 2 ############### 
fixed.par: 2.2 0.96 -0.3 1.36 0.06 -1.74 0.35 -2.78 -1.15 2.74 1.22 -0.05 -0.6 -0.58 -1.43 -69.52 10.46 
FixedParDiff =  0.2152161 
likDiff =  0.007556411 
sigma: 0.97 0.1 -0.46 -0.29 2 
loglike: -5938.609 
########################################## 
[1] "estimate random effects --- done."
[1] "estimate fixed parameters --- done."
[1] "estimate dispersion parameters --- done."
############## Iteration: 3 ############### 
fixed.par: 2.15 1 -0.31 1.39 0.06 -1.73 0.35 -2.77 -1.11 2.66 1.24 -0.05 -0.72 -1 -2.03 -85.82 12.94 
FixedParDiff =  0.1235484 
likDiff =  0.002610042 
sigma: 0.98 0.1 -0.42 -0.29 2.01 
loglike: -5923.109 
########################################## 
[1] "estimate random effects --- done."
[1] "estimate fixed parameters --- done."
[1] "estimate dispersion parameters --- done."
############## Iteration: 4 ############### 
fixed.par: 2.14 1 -0.32 1.39 0.06 -1.74 0.37 -2.76 -1.08 2.59 1.25 -0.05 -1.06 -1.86 -3.4 -126.09 19.04 
FixedParDiff =  0.1872226 
likDiff =  0.004276962 
sigma: 0.98 0.08 -0.38 -0.31 2.01 
loglike: -5897.776 
########################################## 
[1] "estimate random effects --- done."
[1] "estimate fixed parameters --- done."
[1] "estimate dispersion parameters --- done."
############## Iteration: 5 ############### 
fixed.par: 2.15 1 -0.31 1.39 0.07 -1.74 0.38 -2.75 -1.02 2.48 1.24 -0.05 -2.3 -4.34 -7.85 -271.79 41.15 
FixedParDiff =  0.3779942 
likDiff =  0.008752063 
sigma: 0.98 0.06 -0.32 -0.36 2 
loglike: -5846.158 
########################################## 
Warning in JMfit_HL(glmeObject, survObject, long.data, surv.data, idVar,  :
  Iteration limit reached without covergence.

### [bt]: Job terminated successfully [batchtools job.id=87]
### [bt]: Calculation finished!
