### [bt]: This is batchtools v0.9.15
### [bt]: Starting calculation of 1 jobs
### [bt]: Setting working directory to '/data/home/mengwang/21-summer-project/src'
### [bt]: Memory measurement disabled
### [bt]: Starting job [batchtools job.id=95]
### [bt]: Generating problem instance for problem 'generate_data' ...
### [bt]: Applying algorithm 'fit_JMest' on problem 'generate_data' for job 95 (seed = 20071038) ...
[1] "get initial values for LME & GLM models --- done."
[1] "get initial values for GLME model --- done."
[1] "get initial values for survival models --- done."
[1] "estimate random effects --- done."
[1] "estimate fixed parameters --- done."
[1] "estimate dispersion parameters --- done."
############## Iteration: 1 ############### 
fixed.par: 2.63 0.67 -0.17 1.07 0.07 -1.72 0.35 -2.73 -1.21 2.89 1.17 -0.05 -0.52 -0.32 -1.04 -57.5 8.64 
FixedParDiff =  0.290899 
likDiff =  1 
sigma: 0.95 0.09 -0.46 -0.29 2 
loglike: -5983.827 
########################################## 
[1] "estimate random effects --- done."
[1] "estimate fixed parameters --- done."
[1] "estimate dispersion parameters --- done."
############## Iteration: 2 ############### 
fixed.par: 2.2 0.96 -0.3 1.35 0.06 -1.75 0.35 -2.77 -1.15 2.74 1.22 -0.05 -0.6 -0.58 -1.43 -69.92 10.52 
FixedParDiff =  0.2185056 
likDiff =  0.007519487 
sigma: 0.97 0.1 -0.46 -0.29 2 
loglike: -5938.832 
########################################## 
[1] "estimate random effects --- done."
[1] "estimate fixed parameters --- done."
[1] "estimate dispersion parameters --- done."
############## Iteration: 3 ############### 
fixed.par: 2.15 1 -0.31 1.39 0.06 -1.76 0.38 -2.77 -1.11 2.66 1.24 -0.05 -0.74 -1.02 -2.06 -87.85 13.24 
FixedParDiff =  0.1335655 
likDiff =  0.002658303 
sigma: 0.98 0.1 -0.42 -0.29 2.01 
loglike: -5923.044 
########################################## 
[1] "estimate random effects --- done."
[1] "estimate fixed parameters --- done."
[1] "estimate dispersion parameters --- done."
############## Iteration: 4 ############### 
fixed.par: 2.14 1 -0.32 1.39 0.06 -1.75 0.38 -2.76 -1.07 2.58 1.24 -0.05 -1.13 -1.96 -3.6 -134.67 20.34 
FixedParDiff =  0.1985383 
likDiff =  0.00438547 
sigma: 0.98 0.08 -0.37 -0.31 2.01 
loglike: -5897.069 
########################################## 
[1] "estimate random effects --- done."
[1] "estimate fixed parameters --- done."
[1] "estimate dispersion parameters --- done."
############## Iteration: 5 ############### 
fixed.par: 2.15 1 -0.32 1.39 0.06 -1.73 0.37 -2.75 -1.01 2.44 1.24 -0.05 -2.8 -5.13 -9.41 -330.64 50.07 
FixedParDiff =  0.4628385 
likDiff =  0.009251054 
sigma: 0.98 0.05 -0.31 -0.36 2 
loglike: -5842.515 
########################################## 
Warning in JMfit_HL(glmeObject, survObject, long.data, surv.data, idVar,  :
  Iteration limit reached without covergence.

### [bt]: Job terminated successfully [batchtools job.id=95]
### [bt]: Calculation finished!
