### [bt]: This is batchtools v0.9.15
### [bt]: Starting calculation of 1 jobs
### [bt]: Setting working directory to '/data/home/mengwang/21-summer-project/src'
### [bt]: Memory measurement disabled
### [bt]: Starting job [batchtools job.id=535]
### [bt]: Generating problem instance for problem 'generate_data' ...
### [bt]: Applying algorithm 'fit_JMest' on problem 'generate_data' for job 535 (seed = 20071478) ...
[1] "get initial values for LME & GLM models --- done."
[1] "get initial values for GLME model --- done."
[1] "get initial values for survival models --- done."
[1] "estimate random effects --- done."
[1] "estimate fixed parameters --- done."
[1] "estimate dispersion parameters --- done."
############## Iteration: 1 ############### 
fixed.par: 2.63 0.67 -0.17 1.07 0.07 -1.69 0.33 -2.74 -1.22 2.89 1.18 -0.05 -0.52 -0.33 -1.05 -58.12 8.74 
FixedParDiff =  0.304182 
likDiff =  1 
sigma: 0.95 0.09 -0.46 -0.29 2 
loglike: -5983.834 
########################################## 
[1] "estimate random effects --- done."
[1] "estimate fixed parameters --- done."
[1] "estimate dispersion parameters --- done."
############## Iteration: 2 ############### 
fixed.par: 2.2 0.96 -0.3 1.36 0.06 -1.72 0.34 -2.77 -1.15 2.74 1.22 -0.05 -0.6 -0.58 -1.43 -69.9 10.52 
FixedParDiff =  0.2180315 
likDiff =  0.007553088 
sigma: 0.97 0.1 -0.46 -0.29 2 
loglike: -5938.638 
########################################## 
[1] "estimate random effects --- done."
[1] "estimate fixed parameters --- done."
[1] "estimate dispersion parameters --- done."
############## Iteration: 3 ############### 
fixed.par: 2.15 1 -0.31 1.39 0.06 -1.75 0.37 -2.77 -1.11 2.66 1.24 -0.05 -0.74 -1.02 -2.07 -88.19 13.29 
FixedParDiff =  0.1386286 
likDiff =  0.002645381 
sigma: 0.98 0.1 -0.42 -0.29 2.01 
loglike: -5922.928 
########################################## 
[1] "estimate random effects --- done."
[1] "estimate fixed parameters --- done."
[1] "estimate dispersion parameters --- done."
############## Iteration: 4 ############### 
fixed.par: 2.14 1 -0.32 1.39 0.06 -1.75 0.37 -2.76 -1.07 2.58 1.25 -0.05 -1.13 -1.96 -3.62 -135.47 20.46 
FixedParDiff =  0.2006144 
likDiff =  0.004394965 
sigma: 0.98 0.08 -0.37 -0.31 2.01 
loglike: -5896.897 
########################################## 
[1] "estimate random effects --- done."
[1] "estimate fixed parameters --- done."
[1] "estimate dispersion parameters --- done."
############## Iteration: 5 ############### 
fixed.par: 2.15 1 -0.31 1.39 0.06 -1.73 0.36 -2.75 -1.01 2.44 1.24 -0.05 -2.46 -4.53 -8.31 -290.29 43.96 
FixedParDiff =  0.3714992 
likDiff =  0.009297 
sigma: 0.98 0.05 -0.31 -0.36 2 
loglike: -5842.073 
########################################## 
Warning in JMfit_HL(glmeObject, survObject, long.data, surv.data, idVar,  :
  Iteration limit reached without covergence.

### [bt]: Job terminated successfully [batchtools job.id=535]
### [bt]: Calculation finished!
