### [bt]: This is batchtools v0.9.15
### [bt]: Starting calculation of 1 jobs
### [bt]: Setting working directory to '/data/home/mengwang/21-summer-project/src'
### [bt]: Memory measurement disabled
### [bt]: Starting job [batchtools job.id=228]
### [bt]: Generating problem instance for problem 'generate_data' ...
### [bt]: Applying algorithm 'fit_JMest' on problem 'generate_data' for job 228 (seed = 20071171) ...
[1] "get initial values for LME & GLM models --- done."
[1] "get initial values for GLME model --- done."
[1] "get initial values for survival models --- done."
[1] "estimate random effects --- done."
[1] "estimate fixed parameters --- done."
[1] "estimate dispersion parameters --- done."
############## Iteration: 1 ############### 
fixed.par: 2.63 0.67 -0.17 1.07 0.06 -1.67 0.32 -2.73 -1.21 2.89 1.17 -0.05 -0.51 -0.32 -1.03 -56.56 8.5 
FixedParDiff =  0.297589 
likDiff =  1 
sigma: 0.95 0.09 -0.46 -0.29 2 
loglike: -5983.852 
########################################## 
[1] "estimate random effects --- done."
[1] "estimate fixed parameters --- done."
[1] "estimate dispersion parameters --- done."
############## Iteration: 2 ############### 
fixed.par: 2.2 0.96 -0.3 1.36 0.06 -1.74 0.35 -2.77 -1.15 2.75 1.22 -0.05 -0.6 -0.58 -1.42 -69.75 10.5 
FixedParDiff =  0.2241507 
likDiff =  0.007470369 
sigma: 0.97 0.1 -0.46 -0.29 2 
loglike: -5939.15 
########################################## 
[1] "estimate random effects --- done."
[1] "estimate fixed parameters --- done."
[1] "estimate dispersion parameters --- done."
############## Iteration: 3 ############### 
fixed.par: 2.15 1 -0.31 1.39 0.06 -1.74 0.36 -2.77 -1.11 2.66 1.23 -0.05 -0.73 -1 -2.04 -86.7 13.07 
FixedParDiff =  0.1254618 
likDiff =  0.002674672 
sigma: 0.98 0.1 -0.42 -0.29 2.01 
loglike: -5923.265 
########################################## 
[1] "estimate random effects --- done."
[1] "estimate fixed parameters --- done."
[1] "estimate dispersion parameters --- done."
############## Iteration: 4 ############### 
fixed.par: 2.15 1 -0.32 1.39 0.06 -1.75 0.38 -2.76 -1.07 2.59 1.24 -0.05 -1.15 -1.99 -3.66 -137.53 20.77 
FixedParDiff =  0.2195344 
likDiff =  0.004310685 
sigma: 0.98 0.08 -0.38 -0.31 2.01 
loglike: -5897.731 
########################################## 
[1] "estimate random effects --- done."
[1] "estimate fixed parameters --- done."
[1] "estimate dispersion parameters --- done."
############## Iteration: 5 ############### 
fixed.par: 2.15 1 -0.31 1.39 0.07 -1.75 0.38 -2.75 -1.01 2.43 1.24 -0.05 -2.4 -4.42 -8.13 -283.85 42.99 
FixedParDiff =  0.3488439 
likDiff =  0.009453418 
sigma: 0.98 0.05 -0.31 -0.37 2 
loglike: -5841.978 
########################################## 
Warning in JMfit_HL(glmeObject, survObject, long.data, surv.data, idVar,  :
  Iteration limit reached without covergence.

### [bt]: Job terminated successfully [batchtools job.id=228]
### [bt]: Calculation finished!
