### [bt]: This is batchtools v0.9.15
### [bt]: Starting calculation of 1 jobs
### [bt]: Setting working directory to '/data/home/mengwang/21-summer-project/src'
### [bt]: Memory measurement disabled
### [bt]: Starting job [batchtools job.id=520]
### [bt]: Generating problem instance for problem 'generate_data' ...
### [bt]: Applying algorithm 'fit_JMest' on problem 'generate_data' for job 520 (seed = 20071463) ...
[1] "get initial values for LME & GLM models --- done."
[1] "get initial values for GLME model --- done."
[1] "get initial values for survival models --- done."
[1] "estimate random effects --- done."
[1] "estimate fixed parameters --- done."
[1] "estimate dispersion parameters --- done."
############## Iteration: 1 ############### 
fixed.par: 2.63 0.67 -0.17 1.07 0.06 -1.67 0.32 -2.73 -1.21 2.89 1.17 -0.05 -0.5 -0.32 -1.02 -56.07 8.43 
FixedParDiff =  0.2948783 
likDiff =  1 
sigma: 0.95 0.09 -0.46 -0.29 2 
loglike: -5983.886 
########################################## 
[1] "estimate random effects --- done."
[1] "estimate fixed parameters --- done."
[1] "estimate dispersion parameters --- done."
############## Iteration: 2 ############### 
fixed.par: 2.2 0.96 -0.3 1.36 0.06 -1.73 0.34 -2.77 -1.16 2.76 1.23 -0.05 -0.58 -0.56 -1.38 -67.42 10.15 
FixedParDiff =  0.2145256 
likDiff =  0.00744806 
sigma: 0.97 0.1 -0.46 -0.29 2 
loglike: -5939.318 
########################################## 
[1] "estimate random effects --- done."
[1] "estimate fixed parameters --- done."
[1] "estimate dispersion parameters --- done."
############## Iteration: 3 ############### 
fixed.par: 2.15 1 -0.31 1.39 0.06 -1.75 0.36 -2.77 -1.12 2.68 1.24 -0.05 -0.72 -0.99 -2.01 -86.03 12.97 
FixedParDiff =  0.1377457 
likDiff =  0.002583302 
sigma: 0.98 0.1 -0.42 -0.29 2.01 
loglike: -5923.975 
########################################## 
[1] "estimate random effects --- done."
[1] "estimate fixed parameters --- done."
[1] "estimate dispersion parameters --- done."
############## Iteration: 4 ############### 
fixed.par: 2.14 1 -0.32 1.39 0.06 -1.74 0.37 -2.76 -1.08 2.6 1.25 -0.05 -1.1 -1.92 -3.53 -131.61 19.87 
FixedParDiff =  0.2005053 
likDiff =  0.004368679 
sigma: 0.98 0.08 -0.37 -0.31 2.01 
loglike: -5898.095 
########################################## 
[1] "estimate random effects --- done."
[1] "estimate fixed parameters --- done."
[1] "estimate dispersion parameters --- done."
############## Iteration: 5 ############### 
fixed.par: 2.15 1 -0.32 1.39 0.07 -1.75 0.38 -2.75 -1.02 2.46 1.25 -0.05 -2.59 -4.82 -8.81 -306.9 46.47 
FixedParDiff =  0.4321815 
likDiff =  0.009151353 
sigma: 0.98 0.05 -0.31 -0.37 2 
loglike: -5844.119 
########################################## 
Warning in JMfit_HL(glmeObject, survObject, long.data, surv.data, idVar,  :
  Iteration limit reached without covergence.

### [bt]: Job terminated successfully [batchtools job.id=520]
### [bt]: Calculation finished!
