### [bt]: This is batchtools v0.9.15
### [bt]: Starting calculation of 1 jobs
### [bt]: Setting working directory to '/data/home/mengwang/21-summer-project/src'
### [bt]: Memory measurement disabled
### [bt]: Starting job [batchtools job.id=274]
### [bt]: Generating problem instance for problem 'generate_data' ...
### [bt]: Applying algorithm 'fit_JMest' on problem 'generate_data' for job 274 (seed = 20071217) ...
[1] "get initial values for LME & GLM models --- done."
[1] "get initial values for GLME model --- done."
[1] "get initial values for survival models --- done."
[1] "estimate random effects --- done."
[1] "estimate fixed parameters --- done."
Warning in log(det(H/2/pi)) : NaNs produced
[1] "estimate dispersion parameters --- done."
############## Iteration: 1 ############### 
fixed.par: 1.77 1.19 -0.39 1.64 0.06 -1.64 0.28 -2.74 -1.16 2.73 1.13 -0.04 2.57 -0.15 -0.2 1.15 
FixedParDiff =  4.369492 
likDiff =  1 
sigma: 1.16 0 -0.52 -0.62 1.52 
loglike: -8539.577 
########################################## 
[1] "estimate random effects --- done."
[1] "estimate fixed parameters --- done."
[1] "estimate dispersion parameters --- done."
############## Iteration: 2 ############### 
fixed.par: 1.77 1.19 -0.39 1.64 0.05 -1.7 0.29 -2.79 -1.15 2.52 1.33 -0.06 2.59 -0.4 -0.42 1.15 
FixedParDiff =  0.2238958 
likDiff =  0.2979267 
sigma: 1.16 0.01 -0.49 -0.63 1.52 
loglike: -5995.409 
########################################## 
[1] "estimate random effects --- done."
[1] "estimate fixed parameters --- done."
Warning in log(det(H/2/pi)) : NaNs produced
[1] "estimate dispersion parameters --- done."
############## Iteration: 3 ############### 
fixed.par: 1.78 1.19 -0.39 1.64 0.05 -1.72 0.32 -2.78 -1.14 2.53 1.4 -0.06 2.67 -1.61 -1.73 1.15 
FixedParDiff =  0.3998981 
likDiff =  0.007504965 
sigma: 1.16 0.01 -0.41 -0.74 1.51 
loglike: -5950.413 
########################################## 
[1] "estimate random effects --- done."
[1] "estimate fixed parameters --- done."
Warning in log(det(H/2/pi)) : NaNs produced
Warning in log(det(H/2/pi)) : NaNs produced
[1] "estimate dispersion parameters --- done."
############## Iteration: 4 ############### 
fixed.par: 1.79 1.18 -0.39 1.63 0.06 -1.72 0.35 -2.75 -1.14 2.53 1.47 -0.05 3.44 -13.28 -13.77 1.15 
FixedParDiff =  0.9307383 
likDiff =  0.01888534 
sigma: 1.15 0.01 -0.29 -0.81 1.51 
loglike: -5838.038 
########################################## 
[1] "estimate random effects --- done."
[1] "estimate fixed parameters --- done."
Warning in log(det(H/2/pi)) : NaNs produced
[1] "estimate dispersion parameters --- done."
############## Iteration: 5 ############### 
fixed.par: 1.86 1.15 -0.38 1.59 0.07 -1.7 0.35 -2.73 -1.12 2.51 1.51 -0.05 7.58 -83.55 -84.03 1.12 
FixedParDiff =  0.7530681 
likDiff =  0.01747027 
sigma: 1.12 0.01 -0.22 -0.83 1.51 
loglike: -5736.046 
########################################## 
Warning in JMfit_HL(glmeObject, survObject, long.data, surv.data, idVar,  :
  Iteration limit reached without covergence.
Warning in sqrt(sd2) : NaNs produced
Warning in sqrt(diag(solve(Hmat))) : NaNs produced

### [bt]: Job terminated successfully [batchtools job.id=274]
### [bt]: Calculation finished!
