### [bt]: This is batchtools v0.9.15
### [bt]: Starting calculation of 1 jobs
### [bt]: Setting working directory to '/data/home/mengwang/21-summer-project/src'
### [bt]: Memory measurement disabled
### [bt]: Starting job [batchtools job.id=374]
### [bt]: Generating problem instance for problem 'generate_data' ...
### [bt]: Applying algorithm 'fit_JMest' on problem 'generate_data' for job 374 (seed = 20071317) ...
[1] "get initial values for LME & GLM models --- done."
[1] "get initial values for GLME model --- done."
[1] "get initial values for survival models --- done."
[1] "estimate random effects --- done."
[1] "estimate fixed parameters --- done."
[1] "estimate dispersion parameters --- done."
############## Iteration: 1 ############### 
fixed.par: 2.63 0.67 -0.17 1.07 0.06 -1.67 0.32 -2.74 -1.22 2.89 1.18 -0.05 -0.52 -0.33 -1.05 -57.95 8.71 
FixedParDiff =  0.3082859 
likDiff =  1 
sigma: 0.95 0.09 -0.46 -0.29 2 
loglike: -5983.819 
########################################## 
[1] "estimate random effects --- done."
[1] "estimate fixed parameters --- done."
[1] "estimate dispersion parameters --- done."
############## Iteration: 2 ############### 
fixed.par: 2.2 0.96 -0.3 1.36 0.06 -1.74 0.35 -2.78 -1.15 2.74 1.22 -0.05 -0.61 -0.58 -1.43 -70.08 10.55 
FixedParDiff =  0.2206981 
likDiff =  0.007543857 
sigma: 0.97 0.1 -0.46 -0.29 2 
loglike: -5938.678 
########################################## 
[1] "estimate random effects --- done."
[1] "estimate fixed parameters --- done."
[1] "estimate dispersion parameters --- done."
############## Iteration: 3 ############### 
fixed.par: 2.15 1 -0.31 1.39 0.06 -1.76 0.37 -2.77 -1.11 2.65 1.23 -0.05 -0.74 -1.02 -2.07 -88.13 13.28 
FixedParDiff =  0.1313499 
likDiff =  0.00265693 
sigma: 0.98 0.1 -0.42 -0.29 2.01 
loglike: -5922.899 
########################################## 
[1] "estimate random effects --- done."
[1] "estimate fixed parameters --- done."
[1] "estimate dispersion parameters --- done."
############## Iteration: 4 ############### 
fixed.par: 2.15 1 -0.32 1.39 0.06 -1.74 0.37 -2.76 -1.07 2.58 1.24 -0.05 -1.17 -2.02 -3.71 -139.51 21.07 
FixedParDiff =  0.2140725 
likDiff =  0.004378197 
sigma: 0.98 0.08 -0.37 -0.31 2.01 
loglike: -5896.968 
########################################## 
[1] "estimate random effects --- done."
[1] "estimate fixed parameters --- done."
[1] "estimate dispersion parameters --- done."
############## Iteration: 5 ############### 
fixed.par: 2.15 1 -0.32 1.39 0.06 -1.74 0.37 -2.75 -1 2.43 1.24 -0.05 -2.69 -4.91 -9.06 -318.46 48.23 
FixedParDiff =  0.413283 
likDiff =  0.009664937 
sigma: 0.98 0.05 -0.31 -0.37 2 
loglike: -5839.974 
########################################## 
Warning in JMfit_HL(glmeObject, survObject, long.data, surv.data, idVar,  :
  Iteration limit reached without covergence.

### [bt]: Job terminated successfully [batchtools job.id=374]
### [bt]: Calculation finished!
