### [bt]: This is batchtools v0.9.15
### [bt]: Starting calculation of 1 jobs
### [bt]: Setting working directory to '/data/home/mengwang/21-summer-project/src'
### [bt]: Memory measurement disabled
### [bt]: Starting job [batchtools job.id=526]
### [bt]: Generating problem instance for problem 'generate_data' ...
### [bt]: Applying algorithm 'fit_JMest' on problem 'generate_data' for job 526 (seed = 20071469) ...
[1] "get initial values for LME & GLM models --- done."
[1] "get initial values for GLME model --- done."
[1] "get initial values for survival models --- done."
[1] "estimate random effects --- done."
[1] "estimate fixed parameters --- done."
[1] "estimate dispersion parameters --- done."
############## Iteration: 1 ############### 
fixed.par: 2.63 0.67 -0.17 1.07 0.07 -1.71 0.35 -2.73 -1.22 2.89 1.18 -0.05 -0.52 -0.33 -1.05 -57.8 8.69 
FixedParDiff =  0.298073 
likDiff =  1 
sigma: 0.95 0.09 -0.46 -0.29 2 
loglike: -5983.818 
########################################## 
[1] "estimate random effects --- done."
[1] "estimate fixed parameters --- done."
[1] "estimate dispersion parameters --- done."
############## Iteration: 2 ############### 
fixed.par: 2.2 0.96 -0.3 1.36 0.06 -1.73 0.34 -2.78 -1.15 2.74 1.22 -0.05 -0.59 -0.57 -1.41 -68.8 10.36 
FixedParDiff =  0.2116466 
likDiff =  0.007532536 
sigma: 0.97 0.1 -0.46 -0.29 2 
loglike: -5938.745 
########################################## 
[1] "estimate random effects --- done."
[1] "estimate fixed parameters --- done."
[1] "estimate dispersion parameters --- done."
############## Iteration: 3 ############### 
fixed.par: 2.15 1 -0.31 1.39 0.06 -1.75 0.36 -2.77 -1.11 2.66 1.24 -0.05 -0.74 -1.01 -2.05 -87.53 13.19 
FixedParDiff =  0.1362266 
likDiff =  0.002594625 
sigma: 0.98 0.1 -0.42 -0.29 2.01 
loglike: -5923.336 
########################################## 
[1] "estimate random effects --- done."
[1] "estimate fixed parameters --- done."
[1] "estimate dispersion parameters --- done."
############## Iteration: 4 ############### 
fixed.par: 2.15 1 -0.31 1.39 0.06 -1.75 0.37 -2.76 -1.07 2.59 1.24 -0.05 -1.06 -1.85 -3.4 -126.33 19.08 
FixedParDiff =  0.1735247 
likDiff =  0.004365289 
sigma: 0.98 0.08 -0.37 -0.31 2.01 
loglike: -5897.479 
########################################## 
[1] "estimate random effects --- done."
[1] "estimate fixed parameters --- done."
[1] "estimate dispersion parameters --- done."
############## Iteration: 5 ############### 
fixed.par: 2.15 1 -0.32 1.39 0.06 -1.73 0.37 -2.75 -1.02 2.47 1.24 -0.05 -2.54 -4.75 -8.62 -300.27 45.46 
FixedParDiff =  0.4387864 
likDiff =  0.008702496 
sigma: 0.98 0.06 -0.31 -0.36 2 
loglike: -5846.156 
########################################## 
Warning in JMfit_HL(glmeObject, survObject, long.data, surv.data, idVar,  :
  Iteration limit reached without covergence.

### [bt]: Job terminated successfully [batchtools job.id=526]
### [bt]: Calculation finished!
