### [bt]: This is batchtools v0.9.15
### [bt]: Starting calculation of 1 jobs
### [bt]: Setting working directory to '/data/home/mengwang/21-summer-project/src'
### [bt]: Memory measurement disabled
### [bt]: Starting job [batchtools job.id=53]
### [bt]: Generating problem instance for problem 'generate_data' ...
### [bt]: Applying algorithm 'fit_JMest' on problem 'generate_data' for job 53 (seed = 20070996) ...
[1] "get initial values for LME & GLM models --- done."
[1] "get initial values for GLME model --- done."
[1] "get initial values for survival models --- done."
[1] "estimate random effects --- done."
[1] "estimate fixed parameters --- done."
[1] "estimate dispersion parameters --- done."
############## Iteration: 1 ############### 
fixed.par: 2.63 0.67 -0.17 1.07 0.07 -1.7 0.34 -2.73 -1.22 2.89 1.18 -0.05 -0.49 -0.31 -1 -54.66 8.22 
FixedParDiff =  0.2768558 
likDiff =  1 
sigma: 0.95 0.09 -0.46 -0.29 2 
loglike: -5984.077 
########################################## 
[1] "estimate random effects --- done."
[1] "estimate fixed parameters --- done."
[1] "estimate dispersion parameters --- done."
############## Iteration: 2 ############### 
fixed.par: 2.2 0.96 -0.3 1.36 0.06 -1.73 0.34 -2.78 -1.16 2.77 1.22 -0.05 -0.59 -0.56 -1.38 -67.93 10.22 
FixedParDiff =  0.2230849 
likDiff =  0.007397106 
sigma: 0.97 0.1 -0.46 -0.29 2 
loglike: -5939.812 
########################################## 
[1] "estimate random effects --- done."
[1] "estimate fixed parameters --- done."
[1] "estimate dispersion parameters --- done."
############## Iteration: 3 ############### 
fixed.par: 2.15 0.99 -0.31 1.39 0.06 -1.76 0.37 -2.77 -1.12 2.68 1.24 -0.05 -0.71 -0.97 -1.98 -84.18 12.69 
FixedParDiff =  0.1316607 
likDiff =  0.002645495 
sigma: 0.98 0.1 -0.42 -0.29 2.01 
loglike: -5924.098 
########################################## 
[1] "estimate random effects --- done."
[1] "estimate fixed parameters --- done."
[1] "estimate dispersion parameters --- done."
############## Iteration: 4 ############### 
fixed.par: 2.14 1 -0.32 1.39 0.06 -1.74 0.37 -2.76 -1.09 2.61 1.25 -0.05 -1.07 -1.88 -3.44 -128.26 19.37 
FixedParDiff =  0.1987642 
likDiff =  0.004264607 
sigma: 0.98 0.08 -0.38 -0.31 2.01 
loglike: -5898.834 
########################################## 
[1] "estimate random effects --- done."
[1] "estimate fixed parameters --- done."
[1] "estimate dispersion parameters --- done."
############## Iteration: 5 ############### 
fixed.par: 2.15 1 -0.32 1.39 0.07 -1.75 0.38 -2.74 -1.02 2.47 1.25 -0.05 -2.37 -4.47 -8.12 -281.01 42.55 
FixedParDiff =  0.3893487 
likDiff =  0.008965253 
sigma: 0.98 0.06 -0.31 -0.36 2 
loglike: -5845.95 
########################################## 
Warning in JMfit_HL(glmeObject, survObject, long.data, surv.data, idVar,  :
  Iteration limit reached without covergence.

### [bt]: Job terminated successfully [batchtools job.id=53]
### [bt]: Calculation finished!
