### [bt]: This is batchtools v0.9.15
### [bt]: Starting calculation of 1 jobs
### [bt]: Setting working directory to '/data/home/mengwang/21-summer-project/src'
### [bt]: Memory measurement disabled
### [bt]: Starting job [batchtools job.id=536]
### [bt]: Generating problem instance for problem 'generate_data' ...
### [bt]: Applying algorithm 'fit_JMest' on problem 'generate_data' for job 536 (seed = 20071479) ...
[1] "get initial values for LME & GLM models --- done."
[1] "get initial values for GLME model --- done."
[1] "get initial values for survival models --- done."
[1] "estimate random effects --- done."
[1] "estimate fixed parameters --- done."
[1] "estimate dispersion parameters --- done."
############## Iteration: 1 ############### 
fixed.par: 2.63 0.67 -0.17 1.07 0.07 -1.71 0.35 -2.73 -1.22 2.89 1.18 -0.05 -0.54 -0.33 -1.07 -59.53 8.95 
FixedParDiff =  0.3086623 
likDiff =  1 
sigma: 0.95 0.09 -0.46 -0.29 2 
loglike: -5983.857 
########################################## 
[1] "estimate random effects --- done."
[1] "estimate fixed parameters --- done."
[1] "estimate dispersion parameters --- done."
############## Iteration: 2 ############### 
fixed.par: 2.2 0.96 -0.3 1.36 0.06 -1.73 0.34 -2.77 -1.14 2.73 1.22 -0.05 -0.61 -0.59 -1.46 -70.87 10.67 
FixedParDiff =  0.2151177 
likDiff =  0.007633123 
sigma: 0.97 0.1 -0.46 -0.29 2 
loglike: -5938.181 
########################################## 
[1] "estimate random effects --- done."
[1] "estimate fixed parameters --- done."
[1] "estimate dispersion parameters --- done."
############## Iteration: 3 ############### 
fixed.par: 2.15 1 -0.31 1.39 0.06 -1.75 0.37 -2.77 -1.1 2.65 1.23 -0.05 -0.75 -1.04 -2.1 -89.24 13.45 
FixedParDiff =  0.1346207 
likDiff =  0.00264353 
sigma: 0.98 0.1 -0.42 -0.28 2.01 
loglike: -5922.484 
########################################## 
[1] "estimate random effects --- done."
[1] "estimate fixed parameters --- done."
[1] "estimate dispersion parameters --- done."
############## Iteration: 4 ############### 
fixed.par: 2.15 1 -0.32 1.39 0.06 -1.74 0.37 -2.76 -1.07 2.57 1.24 -0.05 -1.14 -1.96 -3.61 -135.28 20.44 
FixedParDiff =  0.1920349 
likDiff =  0.004412152 
sigma: 0.98 0.08 -0.37 -0.31 2.01 
loglike: -5896.353 
########################################## 
[1] "estimate random effects --- done."
[1] "estimate fixed parameters --- done."
[1] "estimate dispersion parameters --- done."
############## Iteration: 5 ############### 
fixed.par: 2.15 1 -0.31 1.39 0.07 -1.75 0.38 -2.75 -1.01 2.44 1.24 -0.05 -2.67 -4.88 -8.96 -314.8 47.67 
FixedParDiff =  0.4293426 
likDiff =  0.009282709 
sigma: 0.98 0.05 -0.31 -0.36 2 
loglike: -5841.619 
########################################## 
Warning in JMfit_HL(glmeObject, survObject, long.data, surv.data, idVar,  :
  Iteration limit reached without covergence.

### [bt]: Job terminated successfully [batchtools job.id=536]
### [bt]: Calculation finished!
