### [bt]: This is batchtools v0.9.15
### [bt]: Starting calculation of 1 jobs
### [bt]: Setting working directory to '/data/home/mengwang/21-summer-project/src'
### [bt]: Memory measurement disabled
### [bt]: Starting job [batchtools job.id=539]
### [bt]: Generating problem instance for problem 'generate_data' ...
### [bt]: Applying algorithm 'fit_JMest' on problem 'generate_data' for job 539 (seed = 20071482) ...
[1] "get initial values for LME & GLM models --- done."
[1] "get initial values for GLME model --- done."
[1] "get initial values for survival models --- done."
[1] "estimate random effects --- done."
[1] "estimate fixed parameters --- done."
[1] "estimate dispersion parameters --- done."
############## Iteration: 1 ############### 
fixed.par: 2.63 0.67 -0.17 1.07 0.07 -1.72 0.35 -2.73 -1.22 2.89 1.18 -0.05 -0.51 -0.32 -1.04 -57.3 8.61 
FixedParDiff =  0.2914144 
likDiff =  1 
sigma: 0.95 0.09 -0.46 -0.29 2 
loglike: -5983.82 
########################################## 
[1] "estimate random effects --- done."
[1] "estimate fixed parameters --- done."
[1] "estimate dispersion parameters --- done."
############## Iteration: 2 ############### 
fixed.par: 2.2 0.96 -0.3 1.36 0.06 -1.73 0.34 -2.78 -1.16 2.75 1.23 -0.05 -0.6 -0.57 -1.41 -68.99 10.38 
FixedParDiff =  0.2183405 
likDiff =  0.007509204 
sigma: 0.97 0.1 -0.46 -0.29 2 
loglike: -5938.887 
########################################## 
[1] "estimate random effects --- done."
[1] "estimate fixed parameters --- done."
[1] "estimate dispersion parameters --- done."
############## Iteration: 3 ############### 
fixed.par: 2.15 1 -0.31 1.39 0.06 -1.76 0.37 -2.77 -1.11 2.66 1.24 -0.05 -0.73 -1.01 -2.05 -87.23 13.15 
FixedParDiff =  0.1396855 
likDiff =  0.0026181 
sigma: 0.98 0.1 -0.42 -0.29 2.01 
loglike: -5923.338 
########################################## 
[1] "estimate random effects --- done."
[1] "estimate fixed parameters --- done."
[1] "estimate dispersion parameters --- done."
############## Iteration: 4 ############### 
fixed.par: 2.15 1 -0.32 1.39 0.06 -1.74 0.37 -2.76 -1.07 2.59 1.24 -0.05 -1.11 -1.94 -3.56 -133 20.09 
FixedParDiff =  0.1967507 
likDiff =  0.004373562 
sigma: 0.98 0.08 -0.37 -0.31 2.01 
loglike: -5897.432 
########################################## 
[1] "estimate random effects --- done."
[1] "estimate fixed parameters --- done."
[1] "estimate dispersion parameters --- done."
############## Iteration: 5 ############### 
fixed.par: 2.15 1 -0.31 1.39 0.06 -1.73 0.37 -2.75 -1.01 2.45 1.25 -0.05 -2.56 -4.74 -8.66 -302.63 45.83 
FixedParDiff =  0.4082453 
likDiff =  0.009202034 
sigma: 0.98 0.05 -0.31 -0.36 2 
loglike: -5843.164 
########################################## 
Warning in JMfit_HL(glmeObject, survObject, long.data, surv.data, idVar,  :
  Iteration limit reached without covergence.

### [bt]: Job terminated successfully [batchtools job.id=539]
### [bt]: Calculation finished!
