### [bt]: This is batchtools v0.9.15
### [bt]: Starting calculation of 1 jobs
### [bt]: Setting working directory to '/data/home/mengwang/21-summer-project/src'
### [bt]: Memory measurement disabled
### [bt]: Starting job [batchtools job.id=231]
### [bt]: Generating problem instance for problem 'generate_data' ...
### [bt]: Applying algorithm 'fit_JMest' on problem 'generate_data' for job 231 (seed = 20071174) ...
[1] "get initial values for LME & GLM models --- done."
[1] "get initial values for GLME model --- done."
[1] "get initial values for survival models --- done."
[1] "estimate random effects --- done."
[1] "estimate fixed parameters --- done."
[1] "estimate dispersion parameters --- done."
############## Iteration: 1 ############### 
fixed.par: 2.63 0.67 -0.17 1.07 0.07 -1.69 0.33 -2.73 -1.22 2.89 1.18 -0.05 -0.52 -0.33 -1.05 -57.91 8.7 
FixedParDiff =  0.301722 
likDiff =  1 
sigma: 0.95 0.09 -0.46 -0.29 2 
loglike: -5983.816 
########################################## 
[1] "estimate random effects --- done."
[1] "estimate fixed parameters --- done."
[1] "estimate dispersion parameters --- done."
############## Iteration: 2 ############### 
fixed.par: 2.2 0.96 -0.3 1.35 0.06 -1.71 0.33 -2.78 -1.15 2.74 1.22 -0.05 -0.6 -0.58 -1.43 -69.9 10.52 
FixedParDiff =  0.2186857 
likDiff =  0.007540179 
sigma: 0.97 0.1 -0.46 -0.29 2 
loglike: -5938.697 
########################################## 
[1] "estimate random effects --- done."
[1] "estimate fixed parameters --- done."
[1] "estimate dispersion parameters --- done."
############## Iteration: 3 ############### 
fixed.par: 2.15 1 -0.31 1.39 0.06 -1.74 0.36 -2.77 -1.11 2.66 1.24 -0.05 -0.71 -0.98 -1.99 -83.93 12.65 
FixedParDiff =  0.1219929 
likDiff =  0.002620103 
sigma: 0.98 0.1 -0.42 -0.29 2.01 
loglike: -5923.137 
########################################## 
[1] "estimate random effects --- done."
[1] "estimate fixed parameters --- done."
[1] "estimate dispersion parameters --- done."
############## Iteration: 4 ############### 
fixed.par: 2.15 1 -0.31 1.39 0.06 -1.74 0.37 -2.76 -1.08 2.61 1.24 -0.05 -1.08 -1.9 -3.47 -129.26 19.52 
FixedParDiff =  0.1992761 
likDiff =  0.004216469 
sigma: 0.98 0.08 -0.38 -0.31 2.01 
loglike: -5898.162 
########################################## 
[1] "estimate random effects --- done."
[1] "estimate fixed parameters --- done."
[1] "estimate dispersion parameters --- done."
############## Iteration: 5 ############### 
fixed.par: 2.15 1 -0.31 1.39 0.07 -1.74 0.38 -2.75 -1.02 2.47 1.24 -0.05 -2.38 -4.48 -8.13 -281.75 42.66 
FixedParDiff =  0.3843961 
likDiff =  0.00906972 
sigma: 0.98 0.06 -0.31 -0.36 2 
loglike: -5844.667 
########################################## 
Warning in JMfit_HL(glmeObject, survObject, long.data, surv.data, idVar,  :
  Iteration limit reached without covergence.

### [bt]: Job terminated successfully [batchtools job.id=231]
### [bt]: Calculation finished!
