### [bt]: This is batchtools v0.9.15
### [bt]: Starting calculation of 1 jobs
### [bt]: Setting working directory to '/data/home/mengwang/21-summer-project/src'
### [bt]: Memory measurement disabled
### [bt]: Starting job [batchtools job.id=510]
### [bt]: Generating problem instance for problem 'generate_data' ...
### [bt]: Applying algorithm 'fit_JMest' on problem 'generate_data' for job 510 (seed = 20071453) ...
[1] "get initial values for LME & GLM models --- done."
[1] "get initial values for GLME model --- done."
[1] "get initial values for survival models --- done."
[1] "estimate random effects --- done."
[1] "estimate fixed parameters --- done."
[1] "estimate dispersion parameters --- done."
############## Iteration: 1 ############### 
fixed.par: 2.63 0.67 -0.17 1.07 0.07 -1.73 0.36 -2.73 -1.21 2.89 1.16 -0.05 -0.51 -0.32 -1.04 -57.01 8.57 
FixedParDiff =  0.284627 
likDiff =  1 
sigma: 0.95 0.09 -0.46 -0.29 2 
loglike: -5983.83 
########################################## 
[1] "estimate random effects --- done."
[1] "estimate fixed parameters --- done."
[1] "estimate dispersion parameters --- done."
############## Iteration: 2 ############### 
fixed.par: 2.2 0.96 -0.3 1.36 0.06 -1.73 0.34 -2.78 -1.15 2.75 1.22 -0.05 -0.62 -0.59 -1.45 -71.32 10.73 
FixedParDiff =  0.2346629 
likDiff =  0.007491876 
sigma: 0.97 0.1 -0.46 -0.29 2 
loglike: -5939 
########################################## 
[1] "estimate random effects --- done."
[1] "estimate fixed parameters --- done."
[1] "estimate dispersion parameters --- done."
############## Iteration: 3 ############### 
fixed.par: 2.15 1 -0.31 1.39 0.06 -1.76 0.37 -2.77 -1.1 2.65 1.24 -0.05 -0.75 -1.03 -2.1 -89.69 13.52 
FixedParDiff =  0.1358845 
likDiff =  0.002749646 
sigma: 0.98 0.1 -0.42 -0.29 2.01 
loglike: -5922.67 
########################################## 
[1] "estimate random effects --- done."
[1] "estimate fixed parameters --- done."
[1] "estimate dispersion parameters --- done."
############## Iteration: 4 ############### 
fixed.par: 2.15 1 -0.31 1.39 0.06 -1.76 0.38 -2.76 -1.07 2.57 1.24 -0.05 -1.14 -1.97 -3.64 -136.48 20.61 
FixedParDiff =  0.1961016 
likDiff =  0.004434732 
sigma: 0.98 0.08 -0.37 -0.31 2.01 
loglike: -5896.404 
########################################## 
[1] "estimate random effects --- done."
[1] "estimate fixed parameters --- done."
[1] "estimate dispersion parameters --- done."
############## Iteration: 5 ############### 
fixed.par: 2.15 1 -0.32 1.39 0.07 -1.74 0.37 -2.75 -1 2.43 1.23 -0.05 -2.64 -4.82 -8.88 -311.91 47.24 
FixedParDiff =  0.4128483 
likDiff =  0.009336892 
sigma: 0.98 0.05 -0.31 -0.36 2 
loglike: -5841.35 
########################################## 
Warning in JMfit_HL(glmeObject, survObject, long.data, surv.data, idVar,  :
  Iteration limit reached without covergence.

### [bt]: Job terminated successfully [batchtools job.id=510]
### [bt]: Calculation finished!
