### [bt]: This is batchtools v0.9.15
### [bt]: Starting calculation of 1 jobs
### [bt]: Setting working directory to '/data/home/mengwang/21-summer-project/src'
### [bt]: Memory measurement disabled
### [bt]: Starting job [batchtools job.id=509]
### [bt]: Generating problem instance for problem 'generate_data' ...
### [bt]: Applying algorithm 'fit_JMest' on problem 'generate_data' for job 509 (seed = 20071452) ...
[1] "get initial values for LME & GLM models --- done."
[1] "get initial values for GLME model --- done."
[1] "get initial values for survival models --- done."
[1] "estimate random effects --- done."
[1] "estimate fixed parameters --- done."
[1] "estimate dispersion parameters --- done."
############## Iteration: 1 ############### 
fixed.par: 2.63 0.67 -0.17 1.07 0.06 -1.67 0.31 -2.74 -1.22 2.89 1.18 -0.05 -0.52 -0.33 -1.06 -58.35 8.77 
FixedParDiff =  0.3120291 
likDiff =  1 
sigma: 0.95 0.09 -0.46 -0.29 2 
loglike: -5983.825 
########################################## 
[1] "estimate random effects --- done."
[1] "estimate fixed parameters --- done."
[1] "estimate dispersion parameters --- done."
############## Iteration: 2 ############### 
fixed.par: 2.2 0.96 -0.3 1.35 0.06 -1.72 0.33 -2.78 -1.15 2.74 1.22 -0.05 -0.6 -0.58 -1.43 -69.68 10.49 
FixedParDiff =  0.21631 
likDiff =  0.007561759 
sigma: 0.97 0.1 -0.46 -0.29 2 
loglike: -5938.577 
########################################## 
[1] "estimate random effects --- done."
[1] "estimate fixed parameters --- done."
[1] "estimate dispersion parameters --- done."
############## Iteration: 3 ############### 
fixed.par: 2.15 0.99 -0.31 1.39 0.06 -1.74 0.36 -2.77 -1.11 2.66 1.24 -0.05 -0.72 -1 -2.03 -85.79 12.93 
FixedParDiff =  0.1268913 
likDiff =  0.002614145 
sigma: 0.98 0.1 -0.42 -0.29 2.01 
loglike: -5923.052 
########################################## 
[1] "estimate random effects --- done."
[1] "estimate fixed parameters --- done."
[1] "estimate dispersion parameters --- done."
############## Iteration: 4 ############### 
fixed.par: 2.14 1 -0.32 1.39 0.06 -1.75 0.38 -2.76 -1.08 2.6 1.24 -0.05 -1.07 -1.88 -3.44 -127.75 19.3 
FixedParDiff =  0.1905902 
likDiff =  0.004288664 
sigma: 0.98 0.08 -0.38 -0.31 2.01 
loglike: -5897.65 
########################################## 
[1] "estimate random effects --- done."
[1] "estimate fixed parameters --- done."
[1] "estimate dispersion parameters --- done."
############## Iteration: 5 ############### 
fixed.par: 2.14 1 -0.32 1.39 0.06 -1.74 0.37 -2.75 -1.02 2.47 1.24 -0.05 -2.38 -4.48 -8.11 -281.58 42.64 
FixedParDiff =  0.387131 
likDiff =  0.008893586 
sigma: 0.98 0.06 -0.31 -0.36 2 
loglike: -5845.199 
########################################## 
Warning in JMfit_HL(glmeObject, survObject, long.data, surv.data, idVar,  :
  Iteration limit reached without covergence.

### [bt]: Job terminated successfully [batchtools job.id=509]
### [bt]: Calculation finished!
