### [bt]: This is batchtools v0.9.15
### [bt]: Starting calculation of 1 jobs
### [bt]: Setting working directory to '/data/home/mengwang/21-summer-project/src'
### [bt]: Memory measurement disabled
### [bt]: Starting job [batchtools job.id=205]
### [bt]: Generating problem instance for problem 'generate_data' ...
### [bt]: Applying algorithm 'fit_JMest' on problem 'generate_data' for job 205 (seed = 20071148) ...
[1] "get initial values for LME & GLM models --- done."
[1] "get initial values for GLME model --- done."
[1] "get initial values for survival models --- done."
[1] "estimate random effects --- done."
[1] "estimate fixed parameters --- done."
[1] "estimate dispersion parameters --- done."
############## Iteration: 1 ############### 
fixed.par: 2.63 0.67 -0.17 1.07 0.07 -1.72 0.36 -2.73 -1.21 2.89 1.17 -0.05 -0.52 -0.32 -1.05 -57.62 8.66 
FixedParDiff =  0.29093 
likDiff =  1 
sigma: 0.95 0.09 -0.46 -0.29 2 
loglike: -5983.818 
########################################## 
[1] "estimate random effects --- done."
[1] "estimate fixed parameters --- done."
[1] "estimate dispersion parameters --- done."
############## Iteration: 2 ############### 
fixed.par: 2.2 0.96 -0.3 1.36 0.06 -1.75 0.35 -2.78 -1.15 2.74 1.22 -0.05 -0.6 -0.58 -1.43 -69.73 10.5 
FixedParDiff =  0.2187539 
likDiff =  0.007529055 
sigma: 0.97 0.1 -0.46 -0.29 2 
loglike: -5938.765 
########################################## 
[1] "estimate random effects --- done."
[1] "estimate fixed parameters --- done."
[1] "estimate dispersion parameters --- done."
############## Iteration: 3 ############### 
fixed.par: 2.15 1 -0.31 1.39 0.06 -1.75 0.37 -2.77 -1.11 2.66 1.23 -0.05 -0.75 -1.03 -2.09 -89.47 13.49 
FixedParDiff =  0.1366246 
likDiff =  0.002644601 
sigma: 0.98 0.1 -0.42 -0.29 2.01 
loglike: -5923.06 
########################################## 
[1] "estimate random effects --- done."
[1] "estimate fixed parameters --- done."
[1] "estimate dispersion parameters --- done."
############## Iteration: 4 ############### 
fixed.par: 2.14 1 -0.32 1.39 0.06 -1.75 0.37 -2.76 -1.07 2.57 1.25 -0.05 -1.13 -1.94 -3.59 -134.28 20.28 
FixedParDiff =  0.1902934 
likDiff =  0.004466637 
sigma: 0.98 0.08 -0.37 -0.31 2.01 
loglike: -5896.604 
########################################## 
[1] "estimate random effects --- done."
[1] "estimate fixed parameters --- done."
[1] "estimate dispersion parameters --- done."
############## Iteration: 5 ############### 
fixed.par: 2.15 1 -0.32 1.39 0.06 -1.72 0.36 -2.75 -1.01 2.44 1.24 -0.05 -2.68 -4.91 -9.01 -315.92 47.84 
FixedParDiff =  0.4330014 
likDiff =  0.009208104 
sigma: 0.98 0.05 -0.31 -0.36 2 
loglike: -5842.307 
########################################## 
Warning in JMfit_HL(glmeObject, survObject, long.data, surv.data, idVar,  :
  Iteration limit reached without covergence.

### [bt]: Job terminated successfully [batchtools job.id=205]
### [bt]: Calculation finished!
