### [bt]: This is batchtools v0.9.15
### [bt]: Starting calculation of 1 jobs
### [bt]: Setting working directory to '/data/home/mengwang/21-summer-project/src'
### [bt]: Memory measurement disabled
### [bt]: Starting job [batchtools job.id=373]
### [bt]: Generating problem instance for problem 'generate_data' ...
### [bt]: Applying algorithm 'fit_JMest' on problem 'generate_data' for job 373 (seed = 20071316) ...
[1] "get initial values for LME & GLM models --- done."
[1] "get initial values for GLME model --- done."
[1] "get initial values for survival models --- done."
[1] "estimate random effects --- done."
[1] "estimate fixed parameters --- done."
[1] "estimate dispersion parameters --- done."
############## Iteration: 1 ############### 
fixed.par: 2.63 0.67 -0.17 1.07 0.07 -1.69 0.33 -2.74 -1.22 2.89 1.18 -0.05 -0.51 -0.32 -1.03 -56.59 8.51 
FixedParDiff =  0.2931005 
likDiff =  1 
sigma: 0.95 0.09 -0.46 -0.29 2 
loglike: -5983.863 
########################################## 
[1] "estimate random effects --- done."
[1] "estimate fixed parameters --- done."
[1] "estimate dispersion parameters --- done."
############## Iteration: 2 ############### 
fixed.par: 2.2 0.96 -0.3 1.36 0.06 -1.73 0.34 -2.78 -1.16 2.75 1.22 -0.05 -0.6 -0.57 -1.42 -69.37 10.44 
FixedParDiff =  0.2214212 
likDiff =  0.007480608 
sigma: 0.97 0.1 -0.46 -0.29 2 
loglike: -5939.1 
########################################## 
[1] "estimate random effects --- done."
[1] "estimate fixed parameters --- done."
[1] "estimate dispersion parameters --- done."
############## Iteration: 3 ############### 
fixed.par: 2.15 1 -0.31 1.39 0.06 -1.75 0.36 -2.77 -1.11 2.66 1.23 -0.05 -0.76 -1.03 -2.1 -89.95 13.56 
FixedParDiff =  0.1457709 
likDiff =  0.002652571 
sigma: 0.98 0.1 -0.42 -0.29 2.01 
loglike: -5923.346 
########################################## 
[1] "estimate random effects --- done."
[1] "estimate fixed parameters --- done."
[1] "estimate dispersion parameters --- done."
############## Iteration: 4 ############### 
fixed.par: 2.14 1 -0.32 1.39 0.06 -1.74 0.36 -2.76 -1.07 2.57 1.24 -0.05 -1.13 -1.94 -3.6 -134.49 20.32 
FixedParDiff =  0.1891761 
likDiff =  0.004503997 
sigma: 0.98 0.08 -0.37 -0.31 2.01 
loglike: -5896.667 
########################################## 
[1] "estimate random effects --- done."
[1] "estimate fixed parameters --- done."
[1] "estimate dispersion parameters --- done."
############## Iteration: 5 ############### 
fixed.par: 2.15 1 -0.32 1.39 0.06 -1.73 0.37 -2.75 -1.01 2.44 1.24 -0.05 -2.48 -4.56 -8.38 -292.88 44.35 
FixedParDiff =  0.3814621 
likDiff =  0.009175585 
sigma: 0.98 0.05 -0.31 -0.37 2 
loglike: -5842.562 
########################################## 
Warning in JMfit_HL(glmeObject, survObject, long.data, surv.data, idVar,  :
  Iteration limit reached without covergence.

### [bt]: Job terminated successfully [batchtools job.id=373]
### [bt]: Calculation finished!
