### [bt]: This is batchtools v0.9.15
### [bt]: Starting calculation of 1 jobs
### [bt]: Setting working directory to '/data/home/mengwang/21-summer-project/src'
### [bt]: Memory measurement disabled
### [bt]: Starting job [batchtools job.id=537]
### [bt]: Generating problem instance for problem 'generate_data' ...
### [bt]: Applying algorithm 'fit_JMest' on problem 'generate_data' for job 537 (seed = 20071480) ...
[1] "get initial values for LME & GLM models --- done."
[1] "get initial values for GLME model --- done."
[1] "get initial values for survival models --- done."
[1] "estimate random effects --- done."
[1] "estimate fixed parameters --- done."
[1] "estimate dispersion parameters --- done."
############## Iteration: 1 ############### 
fixed.par: 2.63 0.67 -0.17 1.07 0.06 -1.69 0.33 -2.73 -1.22 2.89 1.19 -0.05 -0.51 -0.32 -1.04 -57.14 8.59 
FixedParDiff =  0.2995262 
likDiff =  1 
sigma: 0.95 0.09 -0.46 -0.29 2 
loglike: -5983.831 
########################################## 
[1] "estimate random effects --- done."
[1] "estimate fixed parameters --- done."
[1] "estimate dispersion parameters --- done."
############## Iteration: 2 ############### 
fixed.par: 2.2 0.96 -0.3 1.35 0.06 -1.73 0.34 -2.78 -1.15 2.75 1.22 -0.05 -0.6 -0.57 -1.42 -69.25 10.42 
FixedParDiff =  0.2156514 
likDiff =  0.007499034 
sigma: 0.97 0.1 -0.46 -0.29 2 
loglike: -5938.958 
########################################## 
[1] "estimate random effects --- done."
[1] "estimate fixed parameters --- done."
[1] "estimate dispersion parameters --- done."
############## Iteration: 3 ############### 
fixed.par: 2.15 1 -0.31 1.39 0.06 -1.76 0.37 -2.77 -1.11 2.66 1.24 -0.05 -0.72 -0.99 -2.01 -85.08 12.83 
FixedParDiff =  0.1307143 
likDiff =  0.002627392 
sigma: 0.98 0.1 -0.42 -0.29 2.01 
loglike: -5923.354 
########################################## 
[1] "estimate random effects --- done."
[1] "estimate fixed parameters --- done."
[1] "estimate dispersion parameters --- done."
############## Iteration: 4 ############### 
fixed.par: 2.14 1 -0.32 1.39 0.06 -1.74 0.37 -2.76 -1.08 2.6 1.24 -0.05 -1.09 -1.92 -3.5 -130.75 19.75 
FixedParDiff =  0.2023447 
likDiff =  0.004282146 
sigma: 0.98 0.08 -0.38 -0.31 2.01 
loglike: -5897.989 
########################################## 
[1] "estimate random effects --- done."
[1] "estimate fixed parameters --- done."
[1] "estimate dispersion parameters --- done."
############## Iteration: 5 ############### 
fixed.par: 2.15 1 -0.31 1.39 0.06 -1.73 0.37 -2.75 -1.02 2.46 1.25 -0.05 -2.5 -4.67 -8.51 -296.16 44.85 
FixedParDiff =  0.4070879 
likDiff =  0.009125646 
sigma: 0.98 0.05 -0.31 -0.36 2 
loglike: -5844.166 
########################################## 
Warning in JMfit_HL(glmeObject, survObject, long.data, surv.data, idVar,  :
  Iteration limit reached without covergence.

### [bt]: Job terminated successfully [batchtools job.id=537]
### [bt]: Calculation finished!
