### [bt]: This is batchtools v0.9.15
### [bt]: Starting calculation of 1 jobs
### [bt]: Setting working directory to '/data/home/mengwang/21-summer-project/src'
### [bt]: Memory measurement disabled
### [bt]: Starting job [batchtools job.id=55]
### [bt]: Generating problem instance for problem 'generate_data' ...
### [bt]: Applying algorithm 'fit_JMest' on problem 'generate_data' for job 55 (seed = 20070998) ...
[1] "get initial values for LME & GLM models --- done."
[1] "get initial values for GLME model --- done."
[1] "get initial values for survival models --- done."
[1] "estimate random effects --- done."
[1] "estimate fixed parameters --- done."
[1] "estimate dispersion parameters --- done."
############## Iteration: 1 ############### 
fixed.par: 2.63 0.67 -0.17 1.07 0.07 -1.69 0.33 -2.74 -1.22 2.89 1.18 -0.05 -0.48 -0.31 -0.99 -53.83 8.09 
FixedParDiff =  0.2714246 
likDiff =  1 
sigma: 0.95 0.09 -0.46 -0.29 2 
loglike: -5984.25 
########################################## 
[1] "estimate random effects --- done."
[1] "estimate fixed parameters --- done."
[1] "estimate dispersion parameters --- done."
############## Iteration: 2 ############### 
fixed.par: 2.2 0.96 -0.3 1.35 0.06 -1.73 0.34 -2.78 -1.17 2.78 1.23 -0.05 -0.59 -0.56 -1.39 -68.31 10.28 
FixedParDiff =  0.2314435 
likDiff =  0.007381386 
sigma: 0.97 0.1 -0.46 -0.29 2 
loglike: -5940.078 
########################################## 
[1] "estimate random effects --- done."
[1] "estimate fixed parameters --- done."
[1] "estimate dispersion parameters --- done."
############## Iteration: 3 ############### 
fixed.par: 2.15 1 -0.31 1.39 0.06 -1.75 0.36 -2.77 -1.11 2.67 1.23 -0.05 -0.73 -0.99 -2.02 -86.61 13.05 
FixedParDiff =  0.1367054 
likDiff =  0.002701175 
sigma: 0.98 0.1 -0.42 -0.29 2.01 
loglike: -5924.033 
########################################## 
[1] "estimate random effects --- done."
[1] "estimate fixed parameters --- done."
[1] "estimate dispersion parameters --- done."
############## Iteration: 4 ############### 
fixed.par: 2.14 1 -0.32 1.39 0.06 -1.75 0.37 -2.76 -1.07 2.59 1.24 -0.05 -1.08 -1.89 -3.48 -129.61 19.57 
FixedParDiff =  0.1925962 
likDiff =  0.004378157 
sigma: 0.98 0.08 -0.37 -0.31 2.01 
loglike: -5898.096 
########################################## 
[1] "estimate random effects --- done."
[1] "estimate fixed parameters --- done."
[1] "estimate dispersion parameters --- done."
############## Iteration: 5 ############### 
fixed.par: 2.15 1 -0.31 1.39 0.06 -1.71 0.35 -2.75 -1.02 2.46 1.24 -0.05 -2.47 -4.6 -8.4 -291.85 44.19 
FixedParDiff =  0.4065452 
likDiff =  0.008976461 
sigma: 0.98 0.06 -0.31 -0.37 2 
loglike: -5845.152 
########################################## 
Warning in JMfit_HL(glmeObject, survObject, long.data, surv.data, idVar,  :
  Iteration limit reached without covergence.

### [bt]: Job terminated successfully [batchtools job.id=55]
### [bt]: Calculation finished!
