### [bt]: This is batchtools v0.9.15
### [bt]: Starting calculation of 1 jobs
### [bt]: Setting working directory to '/data/home/mengwang/21-summer-project/src'
### [bt]: Memory measurement disabled
### [bt]: Starting job [batchtools job.id=587]
### [bt]: Generating problem instance for problem 'generate_data' ...
### [bt]: Applying algorithm 'fit_JMest' on problem 'generate_data' for job 587 (seed = 20071530) ...
[1] "get initial values for LME & GLM models --- done."
[1] "get initial values for GLME model --- done."
[1] "get initial values for survival models --- done."
[1] "estimate random effects --- done."
[1] "estimate fixed parameters --- done."
[1] "estimate dispersion parameters --- done."
############## Iteration: 1 ############### 
fixed.par: 1.77 1.19 -0.39 1.64 0.06 -1.67 0.3 -2.73 -1.16 2.73 1.13 -0.04 2.58 -0.17 -0.21 1.15 
FixedParDiff =  4.431471 
likDiff =  1 
sigma: 1.16 0 -0.52 -0.62 1.52 
loglike: -8539.701 
########################################## 
[1] "estimate random effects --- done."
[1] "estimate fixed parameters --- done."
[1] "estimate dispersion parameters --- done."
############## Iteration: 2 ############### 
fixed.par: 1.77 1.19 -0.39 1.64 0.05 -1.72 0.31 -2.79 -1.15 2.52 1.33 -0.06 2.59 -0.41 -0.43 1.15 
FixedParDiff =  0.2110412 
likDiff =  0.2979423 
sigma: 1.16 0.01 -0.49 -0.63 1.52 
loglike: -5995.362 
########################################## 
[1] "estimate random effects --- done."
[1] "estimate fixed parameters --- done."
[1] "estimate dispersion parameters --- done."
############## Iteration: 3 ############### 
fixed.par: 1.78 1.19 -0.39 1.64 0.05 -1.71 0.32 -2.78 -1.14 2.53 1.4 -0.06 2.67 -1.69 -1.82 1.15 
FixedParDiff =  0.4105733 
likDiff =  0.007520667 
sigma: 1.16 0.01 -0.41 -0.74 1.51 
loglike: -5950.273 
########################################## 
[1] "estimate random effects --- done."
[1] "estimate fixed parameters --- done."
Warning in log(det(H/2/pi)) : NaNs produced
Warning in log(det(H/2/pi)) : NaNs produced
Warning in log(det(H/2/pi)) : NaNs produced
Warning in log(det(H/2/pi)) : NaNs produced
Warning in log(det(H/2/pi)) : NaNs produced
Warning in log(det(H/2/pi)) : NaNs produced
Warning in log(det(H/2/pi)) : NaNs produced
[1] "estimate dispersion parameters --- done."
############## Iteration: 4 ############### 
fixed.par: 1.8 1.18 -0.39 1.63 0.06 -1.72 0.35 -2.75 -1.14 2.53 1.47 -0.05 3.5 -13.51 -14.02 1.15 
FixedParDiff =  0.9008454 
likDiff =  0.01884095 
sigma: 1.15 0.01 -0.29 -0.81 1.51 
loglike: -5838.164 
########################################## 
[1] "estimate random effects --- done."
[1] "estimate fixed parameters --- done."
Warning in log(det(H/2/pi)) : NaNs produced
Warning in log(det(H/2/pi)) : NaNs produced
Warning in log(det(H/2/pi)) : NaNs produced
Warning in log(det(H/2/pi)) : NaNs produced
Error in estDisp(RespLog, Jdisp, sigma0, invSIGMA0, Dpars = c(Jraneff,  : 
  Iteration stops because dispersion parameters can not be successfully estimated. 
         The Hessian matrix of random effects and fixed parameters may not be invertible. 
         It's probably because the random effects are highly correlated with each other.

### [bt]: Job terminated with an exception [batchtools job.id=587]
### [bt]: Calculation finished!
