### [bt]: This is batchtools v0.9.15
### [bt]: Starting calculation of 1 jobs
### [bt]: Setting working directory to '/data/home/mengwang/21-summer-project/src'
### [bt]: Memory measurement disabled
### [bt]: Starting job [batchtools job.id=573]
### [bt]: Generating problem instance for problem 'generate_data' ...
### [bt]: Applying algorithm 'fit_JMest' on problem 'generate_data' for job 573 (seed = 20071516) ...
[1] "get initial values for LME & GLM models --- done."
[1] "get initial values for GLME model --- done."
[1] "get initial values for survival models --- done."
[1] "estimate random effects --- done."
[1] "estimate fixed parameters --- done."
[1] "estimate dispersion parameters --- done."
############## Iteration: 1 ############### 
fixed.par: 1.77 1.19 -0.39 1.64 0.06 -1.66 0.3 -2.73 -1.15 2.73 1.13 -0.04 2.58 -0.18 -0.21 1.15 
FixedParDiff =  4.477779 
likDiff =  1 
sigma: 1.16 0 -0.52 -0.62 1.52 
loglike: -8539.639 
########################################## 
[1] "estimate random effects --- done."
[1] "estimate fixed parameters --- done."
[1] "estimate dispersion parameters --- done."
############## Iteration: 2 ############### 
fixed.par: 1.77 1.19 -0.39 1.64 0.05 -1.69 0.29 -2.79 -1.15 2.52 1.33 -0.06 2.6 -0.42 -0.45 1.15 
FixedParDiff =  0.2129819 
likDiff =  0.2979379 
sigma: 1.16 0.01 -0.49 -0.63 1.52 
loglike: -5995.357 
########################################## 
[1] "estimate random effects --- done."
[1] "estimate fixed parameters --- done."
[1] "estimate dispersion parameters --- done."
############## Iteration: 3 ############### 
fixed.par: 1.78 1.19 -0.39 1.64 0.05 -1.71 0.32 -2.78 -1.14 2.53 1.4 -0.06 2.68 -1.72 -1.84 1.15 
FixedParDiff =  0.4050806 
likDiff =  0.007539264 
sigma: 1.16 0.01 -0.41 -0.74 1.51 
loglike: -5950.156 
########################################## 
[1] "estimate random effects --- done."
[1] "estimate fixed parameters --- done."
[1] "estimate dispersion parameters --- done."
############## Iteration: 4 ############### 
fixed.par: 1.79 1.18 -0.39 1.63 0.06 -1.73 0.35 -2.75 -1.14 2.53 1.47 -0.05 3.52 -13.44 -13.93 1.15 
FixedParDiff =  0.884824 
likDiff =  0.01880279 
sigma: 1.15 0.01 -0.29 -0.81 1.51 
loglike: -5838.277 
########################################## 
[1] "estimate random effects --- done."
[1] "estimate fixed parameters --- done."
[1] "estimate dispersion parameters --- done."
############## Iteration: 5 ############### 
fixed.par: 1.86 1.15 -0.37 1.58 0.07 -1.7 0.35 -2.73 -1.12 2.51 1.51 -0.05 7.82 -83.65 -84.13 1.12 
FixedParDiff =  0.7453531 
likDiff =  0.01698579 
sigma: 1.12 0.01 -0.22 -0.83 1.51 
loglike: -5739.109 
########################################## 
Warning in JMfit_HL(glmeObject, survObject, long.data, surv.data, idVar,  :
  Iteration limit reached without covergence.
Warning in sqrt(sd2) : NaNs produced

### [bt]: Job terminated successfully [batchtools job.id=573]
### [bt]: Calculation finished!
