### [bt]: This is batchtools v0.9.15
### [bt]: Starting calculation of 1 jobs
### [bt]: Setting working directory to '/data/home/mengwang/21-summer-project/src'
### [bt]: Memory measurement disabled
### [bt]: Starting job [batchtools job.id=66]
### [bt]: Generating problem instance for problem 'generate_data' ...
### [bt]: Applying algorithm 'fit_JMest' on problem 'generate_data' for job 66 (seed = 20071009) ...
[1] "get initial values for LME & GLM models --- done."
[1] "get initial values for GLME model --- done."
[1] "get initial values for survival models --- done."
[1] "estimate random effects --- done."
[1] "estimate fixed parameters --- done."
[1] "estimate dispersion parameters --- done."
############## Iteration: 1 ############### 
fixed.par: 2.63 0.67 -0.17 1.07 0.07 -1.72 0.35 -2.73 -1.22 2.89 1.18 -0.05 -0.51 -0.32 -1.04 -57.2 8.6 
FixedParDiff =  0.2888897 
likDiff =  1 
sigma: 0.95 0.09 -0.46 -0.29 2 
loglike: -5983.826 
########################################## 
[1] "estimate random effects --- done."
[1] "estimate fixed parameters --- done."
[1] "estimate dispersion parameters --- done."
############## Iteration: 2 ############### 
fixed.par: 2.2 0.96 -0.3 1.36 0.06 -1.72 0.33 -2.78 -1.15 2.75 1.22 -0.05 -0.59 -0.57 -1.4 -68.23 10.27 
FixedParDiff =  0.2182333 
likDiff =  0.007499283 
sigma: 0.97 0.1 -0.46 -0.29 2 
loglike: -5938.951 
########################################## 
[1] "estimate random effects --- done."
[1] "estimate fixed parameters --- done."
[1] "estimate dispersion parameters --- done."
############## Iteration: 3 ############### 
fixed.par: 2.15 1 -0.31 1.39 0.06 -1.74 0.36 -2.77 -1.11 2.67 1.23 -0.05 -0.72 -1 -2.02 -85.86 12.94 
FixedParDiff =  0.1338025 
likDiff =  0.00258885 
sigma: 0.98 0.1 -0.42 -0.29 2.01 
loglike: -5923.576 
########################################## 
[1] "estimate random effects --- done."
[1] "estimate fixed parameters --- done."
[1] "estimate dispersion parameters --- done."
############## Iteration: 4 ############### 
fixed.par: 2.15 1 -0.31 1.39 0.06 -1.73 0.36 -2.76 -1.08 2.6 1.24 -0.05 -1.09 -1.91 -3.5 -130.68 19.74 
FixedParDiff =  0.1963237 
likDiff =  0.004333182 
sigma: 0.98 0.08 -0.38 -0.31 2.01 
loglike: -5897.908 
########################################## 
[1] "estimate random effects --- done."
[1] "estimate fixed parameters --- done."
[1] "estimate dispersion parameters --- done."
############## Iteration: 5 ############### 
fixed.par: 2.15 1 -0.32 1.39 0.06 -1.73 0.36 -2.75 -1.02 2.46 1.24 -0.05 -2.43 -4.55 -8.29 -288.04 43.62 
FixedParDiff =  0.3891859 
likDiff =  0.009096682 
sigma: 0.98 0.05 -0.31 -0.36 2 
loglike: -5844.257 
########################################## 
Warning in JMfit_HL(glmeObject, survObject, long.data, surv.data, idVar,  :
  Iteration limit reached without covergence.

### [bt]: Job terminated successfully [batchtools job.id=66]
### [bt]: Calculation finished!
