### [bt]: This is batchtools v0.9.15
### [bt]: Starting calculation of 1 jobs
### [bt]: Setting working directory to '/data/home/mengwang/21-summer-project/src'
### [bt]: Memory measurement disabled
### [bt]: Starting job [batchtools job.id=290]
### [bt]: Generating problem instance for problem 'generate_data' ...
### [bt]: Applying algorithm 'fit_JMest' on problem 'generate_data' for job 290 (seed = 20071233) ...
[1] "get initial values for LME & GLM models --- done."
[1] "get initial values for GLME model --- done."
[1] "get initial values for survival models --- done."
[1] "estimate random effects --- done."
[1] "estimate fixed parameters --- done."
[1] "estimate dispersion parameters --- done."
############## Iteration: 1 ############### 
fixed.par: 1.77 1.2 -0.39 1.64 0.06 -1.66 0.3 -2.73 -1.16 2.73 1.13 -0.04 2.58 -0.17 -0.2 1.15 
FixedParDiff =  4.440884 
likDiff =  1 
sigma: 1.16 0 -0.52 -0.62 1.52 
loglike: -8539.626 
########################################## 
[1] "estimate random effects --- done."
[1] "estimate fixed parameters --- done."
[1] "estimate dispersion parameters --- done."
############## Iteration: 2 ############### 
fixed.par: 1.77 1.19 -0.39 1.64 0.05 -1.7 0.29 -2.79 -1.15 2.52 1.34 -0.06 2.59 -0.33 -0.34 1.15 
FixedParDiff =  0.1582383 
likDiff =  0.2979331 
sigma: 1.16 0.01 -0.49 -0.63 1.52 
loglike: -5995.388 
########################################## 
[1] "estimate random effects --- done."
[1] "estimate fixed parameters --- done."
Warning in log(det(H/2/pi)) : NaNs produced
[1] "estimate dispersion parameters --- done."
############## Iteration: 3 ############### 
fixed.par: 1.78 1.19 -0.39 1.64 0.05 -1.7 0.31 -2.78 -1.14 2.52 1.41 -0.06 2.64 -1.32 -1.4 1.15 
FixedParDiff =  0.3905086 
likDiff =  0.007438646 
sigma: 1.16 0.01 -0.41 -0.74 1.51 
loglike: -5950.791 
########################################## 
[1] "estimate random effects --- done."
[1] "estimate fixed parameters --- done."
[1] "estimate dispersion parameters --- done."
############## Iteration: 4 ############### 
fixed.par: 1.79 1.19 -0.39 1.63 0.06 -1.73 0.36 -2.75 -1.14 2.53 1.48 -0.05 3.23 -12.59 -13.03 1.15 
FixedParDiff =  1.098247 
likDiff =  0.01906159 
sigma: 1.15 0.01 -0.29 -0.81 1.51 
loglike: -5837.359 
########################################## 
[1] "estimate random effects --- done."
[1] "estimate fixed parameters --- done."
Warning in log(det(H/2/pi)) : NaNs produced
Warning in log(det(H/2/pi)) : NaNs produced
[1] "estimate dispersion parameters --- done."
############## Iteration: 5 ############### 
fixed.par: 1.85 1.15 -0.38 1.59 0.07 -1.7 0.35 -2.73 -1.12 2.51 1.51 -0.05 7.08 -96.67 -97.09 1.12 
FixedParDiff =  0.9228607 
likDiff =  0.0192133 
sigma: 1.13 0.01 -0.22 -0.83 1.51 
loglike: -5725.204 
########################################## 
Warning in JMfit_HL(glmeObject, survObject, long.data, surv.data, idVar,  :
  Iteration limit reached without covergence.
Warning in sqrt(sd2) : NaNs produced
Warning in sqrt(diag(solve(Hmat))) : NaNs produced

### [bt]: Job terminated successfully [batchtools job.id=290]
### [bt]: Calculation finished!
