### [bt]: This is batchtools v0.9.15
### [bt]: Starting calculation of 1 jobs
### [bt]: Setting working directory to '/data/home/mengwang/21-summer-project/src'
### [bt]: Memory measurement disabled
### [bt]: Starting job [batchtools job.id=367]
### [bt]: Generating problem instance for problem 'generate_data' ...
### [bt]: Applying algorithm 'fit_JMest' on problem 'generate_data' for job 367 (seed = 20071310) ...
[1] "get initial values for LME & GLM models --- done."
[1] "get initial values for GLME model --- done."
[1] "get initial values for survival models --- done."
[1] "estimate random effects --- done."
[1] "estimate fixed parameters --- done."
[1] "estimate dispersion parameters --- done."
############## Iteration: 1 ############### 
fixed.par: 2.63 0.67 -0.17 1.07 0.08 -1.74 0.37 -2.73 -1.22 2.89 1.17 -0.05 -0.5 -0.32 -1.02 -55.53 8.35 
FixedParDiff =  0.2760981 
likDiff =  1 
sigma: 0.95 0.09 -0.46 -0.29 2 
loglike: -5984.025 
########################################## 
[1] "estimate random effects --- done."
[1] "estimate fixed parameters --- done."
[1] "estimate dispersion parameters --- done."
############## Iteration: 2 ############### 
fixed.par: 2.2 0.96 -0.3 1.36 0.06 -1.73 0.34 -2.78 -1.16 2.76 1.22 -0.05 -0.61 -0.58 -1.42 -70.11 10.55 
FixedParDiff =  0.2389249 
likDiff =  0.007439039 
sigma: 0.97 0.1 -0.46 -0.29 2 
loglike: -5939.51 
########################################## 
[1] "estimate random effects --- done."
[1] "estimate fixed parameters --- done."
[1] "estimate dispersion parameters --- done."
############## Iteration: 3 ############### 
fixed.par: 2.15 1 -0.31 1.39 0.06 -1.74 0.36 -2.77 -1.11 2.66 1.23 -0.05 -0.73 -1 -2.05 -87.09 13.13 
FixedParDiff =  0.1297661 
likDiff =  0.002737773 
sigma: 0.98 0.1 -0.42 -0.29 2.01 
loglike: -5923.248 
########################################## 
[1] "estimate random effects --- done."
[1] "estimate fixed parameters --- done."
[1] "estimate dispersion parameters --- done."
############## Iteration: 4 ############### 
fixed.par: 2.14 1 -0.32 1.39 0.06 -1.74 0.37 -2.76 -1.07 2.59 1.24 -0.05 -1.14 -1.98 -3.64 -136.6 20.63 
FixedParDiff =  0.2120968 
likDiff =  0.00433537 
sigma: 0.98 0.08 -0.37 -0.31 2.01 
loglike: -5897.569 
########################################## 
[1] "estimate random effects --- done."
[1] "estimate fixed parameters --- done."
[1] "estimate dispersion parameters --- done."
############## Iteration: 5 ############### 
fixed.par: 2.15 1 -0.31 1.39 0.06 -1.73 0.36 -2.75 -1 2.44 1.24 -0.05 -2.16 -4.01 -7.37 -255.44 38.69 
FixedParDiff =  0.2893545 
likDiff =  0.009077467 
sigma: 0.98 0.05 -0.31 -0.37 2 
loglike: -5844.034 
########################################## 
Warning in JMfit_HL(glmeObject, survObject, long.data, surv.data, idVar,  :
  Iteration limit reached without covergence.

### [bt]: Job terminated successfully [batchtools job.id=367]
### [bt]: Calculation finished!
