### [bt]: This is batchtools v0.9.15
### [bt]: Starting calculation of 1 jobs
### [bt]: Setting working directory to '/data/home/mengwang/21-summer-project/src'
### [bt]: Memory measurement disabled
### [bt]: Starting job [batchtools job.id=209]
### [bt]: Generating problem instance for problem 'generate_data' ...
### [bt]: Applying algorithm 'fit_JMest' on problem 'generate_data' for job 209 (seed = 20071152) ...
[1] "get initial values for LME & GLM models --- done."
[1] "get initial values for GLME model --- done."
[1] "get initial values for survival models --- done."
[1] "estimate random effects --- done."
[1] "estimate fixed parameters --- done."
[1] "estimate dispersion parameters --- done."
############## Iteration: 1 ############### 
fixed.par: 2.63 0.67 -0.17 1.07 0.07 -1.7 0.33 -2.74 -1.22 2.89 1.2 -0.05 -0.52 -0.33 -1.06 -58.27 8.76 
FixedParDiff =  0.3055762 
likDiff =  1 
sigma: 0.95 0.09 -0.46 -0.29 2 
loglike: -5983.85 
########################################## 
[1] "estimate random effects --- done."
[1] "estimate fixed parameters --- done."
[1] "estimate dispersion parameters --- done."
############## Iteration: 2 ############### 
fixed.par: 2.2 0.96 -0.3 1.36 0.06 -1.74 0.35 -2.78 -1.15 2.74 1.22 -0.05 -0.6 -0.58 -1.43 -69.89 10.52 
FixedParDiff =  0.2162944 
likDiff =  0.007561199 
sigma: 0.97 0.1 -0.46 -0.29 2 
loglike: -5938.605 
########################################## 
[1] "estimate random effects --- done."
[1] "estimate fixed parameters --- done."
[1] "estimate dispersion parameters --- done."
############## Iteration: 3 ############### 
fixed.par: 2.15 1 -0.31 1.39 0.06 -1.74 0.36 -2.77 -1.11 2.66 1.24 -0.05 -0.75 -1.03 -2.09 -89.18 13.44 
FixedParDiff =  0.1352098 
likDiff =  0.002637674 
sigma: 0.98 0.1 -0.42 -0.29 2.01 
loglike: -5922.941 
########################################## 
[1] "estimate random effects --- done."
[1] "estimate fixed parameters --- done."
[1] "estimate dispersion parameters --- done."
############## Iteration: 4 ############### 
fixed.par: 2.15 1 -0.32 1.39 0.06 -1.72 0.35 -2.76 -1.07 2.58 1.25 -0.05 -1.13 -1.96 -3.61 -135.27 20.43 
FixedParDiff =  0.1956502 
likDiff =  0.004444187 
sigma: 0.98 0.08 -0.37 -0.31 2.01 
loglike: -5896.619 
########################################## 
[1] "estimate random effects --- done."
[1] "estimate fixed parameters --- done."
[1] "estimate dispersion parameters --- done."
############## Iteration: 5 ############### 
fixed.par: 2.15 1 -0.32 1.39 0.07 -1.76 0.39 -2.74 -1.01 2.44 1.24 -0.05 -2.74 -5.01 -9.21 -323.73 49.03 
FixedParDiff =  0.4581904 
likDiff =  0.009274076 
sigma: 0.98 0.05 -0.31 -0.36 2 
loglike: -5841.933 
########################################## 
Warning in JMfit_HL(glmeObject, survObject, long.data, surv.data, idVar,  :
  Iteration limit reached without covergence.

### [bt]: Job terminated successfully [batchtools job.id=209]
### [bt]: Calculation finished!
