### [bt]: This is batchtools v0.9.15
### [bt]: Starting calculation of 1 jobs
### [bt]: Setting working directory to '/data/home/mengwang/21-summer-project/src'
### [bt]: Memory measurement disabled
### [bt]: Starting job [batchtools job.id=252]
### [bt]: Generating problem instance for problem 'generate_data' ...
### [bt]: Applying algorithm 'fit_JMest' on problem 'generate_data' for job 252 (seed = 20071195) ...
[1] "get initial values for LME & GLM models --- done."
[1] "get initial values for GLME model --- done."
[1] "get initial values for survival models --- done."
[1] "estimate random effects --- done."
[1] "estimate fixed parameters --- done."
[1] "estimate dispersion parameters --- done."
############## Iteration: 1 ############### 
fixed.par: 1.77 1.2 -0.39 1.64 0.06 -1.64 0.28 -2.74 -1.16 2.73 1.13 -0.04 2.57 -0.16 -0.2 1.15 
FixedParDiff =  4.384483 
likDiff =  1 
sigma: 1.16 0 -0.52 -0.62 1.52 
loglike: -8539.656 
########################################## 
[1] "estimate random effects --- done."
[1] "estimate fixed parameters --- done."
[1] "estimate dispersion parameters --- done."
############## Iteration: 2 ############### 
fixed.par: 1.77 1.19 -0.39 1.64 0.05 -1.72 0.31 -2.79 -1.15 2.52 1.34 -0.06 2.59 -0.39 -0.41 1.15 
FixedParDiff =  0.2171401 
likDiff =  0.2979335 
sigma: 1.16 0.01 -0.49 -0.63 1.52 
loglike: -5995.406 
########################################## 
[1] "estimate random effects --- done."
[1] "estimate fixed parameters --- done."
[1] "estimate dispersion parameters --- done."
############## Iteration: 3 ############### 
fixed.par: 1.77 1.2 -0.39 1.64 0.05 -1.71 0.32 -2.78 -1.14 2.53 1.4 -0.06 2.66 -1.51 -1.61 1.15 
FixedParDiff =  0.3721829 
likDiff =  0.007491221 
sigma: 1.16 0.01 -0.41 -0.74 1.51 
loglike: -5950.494 
########################################## 
[1] "estimate random effects --- done."
[1] "estimate fixed parameters --- done."
[1] "estimate dispersion parameters --- done."
############## Iteration: 4 ############### 
fixed.par: 1.79 1.18 -0.39 1.63 0.06 -1.72 0.35 -2.75 -1.14 2.53 1.47 -0.05 3.39 -13.61 -14.1 1.15 
FixedParDiff =  1.027489 
likDiff =  0.01896272 
sigma: 1.15 0.01 -0.29 -0.81 1.51 
loglike: -5837.656 
########################################## 
[1] "estimate random effects --- done."
[1] "estimate fixed parameters --- done."
[1] "estimate dispersion parameters --- done."
############## Iteration: 5 ############### 
fixed.par: 1.86 1.15 -0.37 1.58 0.06 -1.69 0.34 -2.73 -1.12 2.51 1.51 -0.05 7.91 -98.07 -98.52 1.12 
FixedParDiff =  0.8749395 
likDiff =  0.01792106 
sigma: 1.12 0.01 -0.22 -0.83 1.51 
loglike: -5733.039 
########################################## 
Warning in JMfit_HL(glmeObject, survObject, long.data, surv.data, idVar,  :
  Iteration limit reached without covergence.
Warning in sqrt(sd2) : NaNs produced
Warning in sqrt(diag(solve(Hmat))) : NaNs produced

### [bt]: Job terminated successfully [batchtools job.id=252]
### [bt]: Calculation finished!
