### [bt]: This is batchtools v0.9.15
### [bt]: Starting calculation of 1 jobs
### [bt]: Setting working directory to '/data/home/mengwang/21-summer-project/src'
### [bt]: Memory measurement disabled
### [bt]: Starting job [batchtools job.id=107]
### [bt]: Generating problem instance for problem 'generate_data' ...
### [bt]: Applying algorithm 'fit_JMest' on problem 'generate_data' for job 107 (seed = 20071050) ...
[1] "get initial values for LME & GLM models --- done."
[1] "get initial values for GLME model --- done."
[1] "get initial values for survival models --- done."
[1] "estimate random effects --- done."
[1] "estimate fixed parameters --- done."
[1] "estimate dispersion parameters --- done."
############## Iteration: 1 ############### 
fixed.par: 1.77 1.19 -0.39 1.64 0.06 -1.66 0.29 -2.73 -1.16 2.73 1.13 -0.04 2.58 -0.15 -0.19 1.15 
FixedParDiff =  4.356689 
likDiff =  1 
sigma: 1.16 0 -0.52 -0.62 1.52 
loglike: -8539.617 
########################################## 
[1] "estimate random effects --- done."
[1] "estimate fixed parameters --- done."
[1] "estimate dispersion parameters --- done."
############## Iteration: 2 ############### 
fixed.par: 1.77 1.19 -0.39 1.64 0.05 -1.69 0.29 -2.79 -1.15 2.52 1.33 -0.06 2.59 -0.36 -0.38 1.15 
FixedParDiff =  0.2039909 
likDiff =  0.297932 
sigma: 1.16 0.01 -0.49 -0.63 1.52 
loglike: -5995.392 
########################################## 
[1] "estimate random effects --- done."
[1] "estimate fixed parameters --- done."
[1] "estimate dispersion parameters --- done."
############## Iteration: 3 ############### 
fixed.par: 1.78 1.19 -0.39 1.64 0.05 -1.71 0.31 -2.78 -1.14 2.52 1.4 -0.06 2.66 -1.53 -1.64 1.15 
FixedParDiff =  0.4217945 
likDiff =  0.007462328 
sigma: 1.16 0.01 -0.41 -0.74 1.51 
loglike: -5950.652 
########################################## 
[1] "estimate random effects --- done."
[1] "estimate fixed parameters --- done."
Warning in log(det(H/2/pi)) : NaNs produced
Warning in log(det(H/2/pi)) : NaNs produced
Warning in log(det(H/2/pi)) : NaNs produced
[1] "estimate dispersion parameters --- done."
############## Iteration: 4 ############### 
fixed.par: 1.79 1.19 -0.39 1.63 0.06 -1.72 0.35 -2.75 -1.14 2.53 1.47 -0.05 3.38 -12.94 -13.41 1.15 
FixedParDiff =  0.9591272 
likDiff =  0.01893489 
sigma: 1.15 0.01 -0.29 -0.81 1.51 
loglike: -5837.977 
########################################## 
[1] "estimate random effects --- done."
[1] "estimate fixed parameters --- done."
Warning in log(det(H/2/pi)) : NaNs produced
Warning in log(det(H/2/pi)) : NaNs produced
[1] "estimate dispersion parameters --- done."
############## Iteration: 5 ############### 
fixed.par: 1.85 1.15 -0.38 1.59 0.07 -1.7 0.35 -2.73 -1.12 2.51 1.51 -0.05 7.54 -96.55 -96.99 1.12 
FixedParDiff =  0.897587 
likDiff =  0.01800653 
sigma: 1.13 0.01 -0.22 -0.83 1.51 
loglike: -5732.855 
########################################## 
Warning in JMfit_HL(glmeObject, survObject, long.data, surv.data, idVar,  :
  Iteration limit reached without covergence.
Warning in sqrt(sd2) : NaNs produced

### [bt]: Job terminated successfully [batchtools job.id=107]
### [bt]: Calculation finished!
