### [bt]: This is batchtools v0.9.15
### [bt]: Starting calculation of 1 jobs
### [bt]: Setting working directory to '/data/home/mengwang/21-summer-project/src'
### [bt]: Memory measurement disabled
### [bt]: Starting job [batchtools job.id=71]
### [bt]: Generating problem instance for problem 'generate_data' ...
### [bt]: Applying algorithm 'fit_JMest' on problem 'generate_data' for job 71 (seed = 20071014) ...
[1] "get initial values for LME & GLM models --- done."
[1] "get initial values for GLME model --- done."
[1] "get initial values for survival models --- done."
[1] "estimate random effects --- done."
[1] "estimate fixed parameters --- done."
[1] "estimate dispersion parameters --- done."
############## Iteration: 1 ############### 
fixed.par: 2.63 0.67 -0.17 1.07 0.07 -1.69 0.33 -2.73 -1.22 2.89 1.17 -0.05 -0.52 -0.33 -1.06 -58.32 8.76 
FixedParDiff =  0.3066523 
likDiff =  1 
sigma: 0.95 0.09 -0.46 -0.29 2 
loglike: -5983.814 
########################################## 
[1] "estimate random effects --- done."
[1] "estimate fixed parameters --- done."
[1] "estimate dispersion parameters --- done."
############## Iteration: 2 ############### 
fixed.par: 2.2 0.96 -0.3 1.35 0.06 -1.72 0.33 -2.78 -1.15 2.74 1.22 -0.05 -0.6 -0.58 -1.43 -69.66 10.49 
FixedParDiff =  0.2146131 
likDiff =  0.007560997 
sigma: 0.97 0.1 -0.46 -0.29 2 
loglike: -5938.571 
########################################## 
[1] "estimate random effects --- done."
[1] "estimate fixed parameters --- done."
[1] "estimate dispersion parameters --- done."
############## Iteration: 3 ############### 
fixed.par: 2.15 1 -0.31 1.39 0.06 -1.76 0.37 -2.77 -1.11 2.66 1.24 -0.05 -0.75 -1.03 -2.09 -89.02 13.42 
FixedParDiff =  0.1485 
likDiff =  0.002633688 
sigma: 0.98 0.1 -0.42 -0.29 2.01 
loglike: -5922.93 
########################################## 
[1] "estimate random effects --- done."
[1] "estimate fixed parameters --- done."
[1] "estimate dispersion parameters --- done."
############## Iteration: 4 ############### 
fixed.par: 2.14 1 -0.32 1.39 0.06 -1.76 0.38 -2.76 -1.07 2.58 1.24 -0.05 -1.14 -1.97 -3.63 -136.14 20.56 
FixedParDiff =  0.1988877 
likDiff =  0.004443504 
sigma: 0.98 0.08 -0.37 -0.31 2.01 
loglike: -5896.612 
########################################## 
[1] "estimate random effects --- done."
[1] "estimate fixed parameters --- done."
[1] "estimate dispersion parameters --- done."
############## Iteration: 5 ############### 
fixed.par: 2.15 1 -0.32 1.39 0.06 -1.71 0.36 -2.75 -1.01 2.44 1.24 -0.05 -2.47 -4.55 -8.36 -292.11 44.24 
FixedParDiff =  0.3776686 
likDiff =  0.009315426 
sigma: 0.98 0.05 -0.31 -0.36 2 
loglike: -5841.682 
########################################## 
Warning in JMfit_HL(glmeObject, survObject, long.data, surv.data, idVar,  :
  Iteration limit reached without covergence.

### [bt]: Job terminated successfully [batchtools job.id=71]
### [bt]: Calculation finished!
