### [bt]: This is batchtools v0.9.15
### [bt]: Starting calculation of 1 jobs
### [bt]: Setting working directory to '/data/home/mengwang/21-summer-project/src'
### [bt]: Memory measurement disabled
### [bt]: Starting job [batchtools job.id=224]
### [bt]: Generating problem instance for problem 'generate_data' ...
### [bt]: Applying algorithm 'fit_JMest' on problem 'generate_data' for job 224 (seed = 20071167) ...
[1] "get initial values for LME & GLM models --- done."
[1] "get initial values for GLME model --- done."
[1] "get initial values for survival models --- done."
[1] "estimate random effects --- done."
[1] "estimate fixed parameters --- done."
[1] "estimate dispersion parameters --- done."
############## Iteration: 1 ############### 
fixed.par: 2.63 0.67 -0.17 1.07 0.07 -1.72 0.36 -2.73 -1.21 2.89 1.17 -0.05 -0.53 -0.33 -1.07 -58.97 8.86 
FixedParDiff =  0.2997984 
likDiff =  1 
sigma: 0.95 0.09 -0.46 -0.29 2 
loglike: -5983.833 
########################################## 
[1] "estimate random effects --- done."
[1] "estimate fixed parameters --- done."
[1] "estimate dispersion parameters --- done."
############## Iteration: 2 ############### 
fixed.par: 2.2 0.96 -0.3 1.36 0.06 -1.74 0.35 -2.77 -1.15 2.73 1.22 -0.05 -0.62 -0.6 -1.46 -71.37 10.74 
FixedParDiff =  0.2227624 
likDiff =  0.007595719 
sigma: 0.97 0.1 -0.46 -0.29 2 
loglike: -5938.382 
########################################## 
[1] "estimate random effects --- done."
[1] "estimate fixed parameters --- done."
[1] "estimate dispersion parameters --- done."
############## Iteration: 3 ############### 
fixed.par: 2.15 0.99 -0.31 1.39 0.06 -1.76 0.38 -2.77 -1.1 2.64 1.23 -0.05 -0.74 -1.02 -2.08 -87.95 13.26 
FixedParDiff =  0.1278269 
likDiff =  0.002685879 
sigma: 0.98 0.1 -0.42 -0.28 2.01 
loglike: -5922.432 
########################################## 
[1] "estimate random effects --- done."
[1] "estimate fixed parameters --- done."
[1] "estimate dispersion parameters --- done."
############## Iteration: 4 ############### 
fixed.par: 2.15 1 -0.32 1.39 0.06 -1.75 0.38 -2.76 -1.07 2.58 1.24 -0.05 -1.14 -1.96 -3.62 -135.38 20.45 
FixedParDiff =  0.198928 
likDiff =  0.004351436 
sigma: 0.98 0.08 -0.37 -0.31 2.01 
loglike: -5896.661 
########################################## 
[1] "estimate random effects --- done."
[1] "estimate fixed parameters --- done."
[1] "estimate dispersion parameters --- done."
############## Iteration: 5 ############### 
fixed.par: 2.15 1 -0.31 1.39 0.07 -1.74 0.37 -2.75 -1.01 2.44 1.24 -0.05 -2.65 -4.85 -8.9 -312.35 47.3 
FixedParDiff =  0.4194233 
likDiff =  0.009348675 
sigma: 0.98 0.05 -0.31 -0.36 2 
loglike: -5841.535 
########################################## 
Warning in JMfit_HL(glmeObject, survObject, long.data, surv.data, idVar,  :
  Iteration limit reached without covergence.

### [bt]: Job terminated successfully [batchtools job.id=224]
### [bt]: Calculation finished!
