### [bt]: This is batchtools v0.9.15
### [bt]: Starting calculation of 1 jobs
### [bt]: Setting working directory to '/data/home/mengwang/21-summer-project/src'
### [bt]: Memory measurement disabled
### [bt]: Starting job [batchtools job.id=533]
### [bt]: Generating problem instance for problem 'generate_data' ...
### [bt]: Applying algorithm 'fit_JMest' on problem 'generate_data' for job 533 (seed = 20071476) ...
[1] "get initial values for LME & GLM models --- done."
[1] "get initial values for GLME model --- done."
[1] "get initial values for survival models --- done."
[1] "estimate random effects --- done."
[1] "estimate fixed parameters --- done."
[1] "estimate dispersion parameters --- done."
############## Iteration: 1 ############### 
fixed.par: 2.63 0.67 -0.17 1.07 0.06 -1.65 0.3 -2.74 -1.21 2.89 1.17 -0.05 -0.51 -0.32 -1.04 -57.09 8.58 
FixedParDiff =  0.3080599 
likDiff =  1 
sigma: 0.95 0.09 -0.46 -0.29 2 
loglike: -5983.822 
########################################## 
[1] "estimate random effects --- done."
[1] "estimate fixed parameters --- done."
[1] "estimate dispersion parameters --- done."
############## Iteration: 2 ############### 
fixed.par: 2.2 0.96 -0.3 1.36 0.06 -1.74 0.35 -2.78 -1.15 2.75 1.22 -0.05 -0.6 -0.58 -1.43 -69.82 10.51 
FixedParDiff =  0.2276275 
likDiff =  0.007506361 
sigma: 0.97 0.1 -0.46 -0.29 2 
loglike: -5938.905 
########################################## 
[1] "estimate random effects --- done."
[1] "estimate fixed parameters --- done."
[1] "estimate dispersion parameters --- done."
############## Iteration: 3 ############### 
fixed.par: 2.15 0.99 -0.31 1.39 0.06 -1.73 0.35 -2.77 -1.11 2.66 1.24 -0.05 -0.75 -1.03 -2.1 -89.47 13.49 
FixedParDiff =  0.1370124 
likDiff =  0.002668896 
sigma: 0.98 0.1 -0.42 -0.29 2.01 
loglike: -5923.055 
########################################## 
[1] "estimate random effects --- done."
[1] "estimate fixed parameters --- done."
[1] "estimate dispersion parameters --- done."
############## Iteration: 4 ############### 
fixed.par: 2.15 1 -0.32 1.39 0.06 -1.74 0.37 -2.76 -1.07 2.58 1.24 -0.05 -1.16 -2 -3.7 -138.66 20.94 
FixedParDiff =  0.2082736 
likDiff =  0.00447835 
sigma: 0.98 0.08 -0.37 -0.31 2.01 
loglike: -5896.53 
########################################## 
[1] "estimate random effects --- done."
[1] "estimate fixed parameters --- done."
[1] "estimate dispersion parameters --- done."
############## Iteration: 5 ############### 
fixed.par: 2.15 1 -0.31 1.39 0.06 -1.74 0.37 -2.75 -1 2.43 1.24 -0.05 -2.76 -5.03 -9.28 -326.17 49.4 
FixedParDiff =  0.4351535 
likDiff =  0.009556722 
sigma: 0.98 0.05 -0.31 -0.37 2 
loglike: -5840.178 
########################################## 
Warning in JMfit_HL(glmeObject, survObject, long.data, surv.data, idVar,  :
  Iteration limit reached without covergence.

### [bt]: Job terminated successfully [batchtools job.id=533]
### [bt]: Calculation finished!
