### [bt]: This is batchtools v0.9.15
### [bt]: Starting calculation of 1 jobs
### [bt]: Setting working directory to '/data/home/mengwang/21-summer-project/src'
### [bt]: Memory measurement disabled
### [bt]: Starting job [batchtools job.id=379]
### [bt]: Generating problem instance for problem 'generate_data' ...
### [bt]: Applying algorithm 'fit_JMest' on problem 'generate_data' for job 379 (seed = 20071322) ...
[1] "get initial values for LME & GLM models --- done."
[1] "get initial values for GLME model --- done."
[1] "get initial values for survival models --- done."
[1] "estimate random effects --- done."
[1] "estimate fixed parameters --- done."
[1] "estimate dispersion parameters --- done."
############## Iteration: 1 ############### 
fixed.par: 2.63 0.67 -0.17 1.07 0.06 -1.68 0.33 -2.73 -1.22 2.89 1.19 -0.05 -0.51 -0.32 -1.03 -56.76 8.53 
FixedParDiff =  0.2973688 
likDiff =  1 
sigma: 0.95 0.09 -0.46 -0.29 2 
loglike: -5983.843 
########################################## 
[1] "estimate random effects --- done."
[1] "estimate fixed parameters --- done."
[1] "estimate dispersion parameters --- done."
############## Iteration: 2 ############### 
fixed.par: 2.2 0.96 -0.3 1.36 0.06 -1.74 0.35 -2.78 -1.15 2.75 1.22 -0.05 -0.6 -0.57 -1.42 -69.51 10.46 
FixedParDiff =  0.2195785 
likDiff =  0.007478395 
sigma: 0.97 0.1 -0.46 -0.29 2 
loglike: -5939.093 
########################################## 
[1] "estimate random effects --- done."
[1] "estimate fixed parameters --- done."
[1] "estimate dispersion parameters --- done."
############## Iteration: 3 ############### 
fixed.par: 2.15 1 -0.31 1.39 0.06 -1.75 0.36 -2.77 -1.11 2.66 1.24 -0.05 -0.73 -1.01 -2.04 -87.06 13.12 
FixedParDiff =  0.1301972 
likDiff =  0.002662743 
sigma: 0.98 0.1 -0.42 -0.29 2.01 
loglike: -5923.279 
########################################## 
[1] "estimate random effects --- done."
[1] "estimate fixed parameters --- done."
[1] "estimate dispersion parameters --- done."
############## Iteration: 4 ############### 
fixed.par: 2.15 1 -0.32 1.39 0.06 -1.76 0.38 -2.76 -1.07 2.59 1.24 -0.05 -1.06 -1.85 -3.4 -126.07 19.04 
FixedParDiff =  0.179228 
likDiff =  0.004324048 
sigma: 0.98 0.08 -0.38 -0.31 2.01 
loglike: -5897.667 
########################################## 
[1] "estimate random effects --- done."
[1] "estimate fixed parameters --- done."
[1] "estimate dispersion parameters --- done."
############## Iteration: 5 ############### 
fixed.par: 2.15 1 -0.32 1.39 0.07 -1.75 0.38 -2.75 -1.02 2.48 1.24 -0.05 -2.35 -4.41 -8 -277.31 41.99 
FixedParDiff =  0.3852463 
likDiff =  0.008705895 
sigma: 0.98 0.06 -0.32 -0.36 2 
loglike: -5846.322 
########################################## 
Warning in JMfit_HL(glmeObject, survObject, long.data, surv.data, idVar,  :
  Iteration limit reached without covergence.

### [bt]: Job terminated successfully [batchtools job.id=379]
### [bt]: Calculation finished!
