### [bt]: This is batchtools v0.9.15
### [bt]: Starting calculation of 1 jobs
### [bt]: Setting working directory to '/data/home/mengwang/21-summer-project/src'
### [bt]: Memory measurement disabled
### [bt]: Starting job [batchtools job.id=529]
### [bt]: Generating problem instance for problem 'generate_data' ...
### [bt]: Applying algorithm 'fit_JMest' on problem 'generate_data' for job 529 (seed = 20071472) ...
[1] "get initial values for LME & GLM models --- done."
[1] "get initial values for GLME model --- done."
[1] "get initial values for survival models --- done."
[1] "estimate random effects --- done."
[1] "estimate fixed parameters --- done."
[1] "estimate dispersion parameters --- done."
############## Iteration: 1 ############### 
fixed.par: 2.63 0.67 -0.17 1.07 0.07 -1.71 0.35 -2.73 -1.22 2.89 1.18 -0.05 -0.49 -0.31 -1.01 -54.98 8.27 
FixedParDiff =  0.2738704 
likDiff =  1 
sigma: 0.95 0.09 -0.46 -0.29 2 
loglike: -5984.04 
########################################## 
[1] "estimate random effects --- done."
[1] "estimate fixed parameters --- done."
[1] "estimate dispersion parameters --- done."
############## Iteration: 2 ############### 
fixed.par: 2.2 0.96 -0.3 1.36 0.06 -1.73 0.34 -2.78 -1.16 2.77 1.22 -0.05 -0.6 -0.56 -1.4 -68.79 10.35 
FixedParDiff =  0.2290419 
likDiff =  0.007414516 
sigma: 0.97 0.1 -0.46 -0.29 2 
loglike: -5939.671 
########################################## 
[1] "estimate random effects --- done."
[1] "estimate fixed parameters --- done."
[1] "estimate dispersion parameters --- done."
############## Iteration: 3 ############### 
fixed.par: 2.15 0.99 -0.31 1.39 0.06 -1.75 0.36 -2.77 -1.11 2.67 1.24 -0.05 -0.74 -1.01 -2.06 -88.45 13.33 
FixedParDiff =  0.143935 
likDiff =  0.00267644 
sigma: 0.98 0.1 -0.42 -0.29 2.01 
loglike: -5923.774 
########################################## 
[1] "estimate random effects --- done."
[1] "estimate fixed parameters --- done."
[1] "estimate dispersion parameters --- done."
############## Iteration: 4 ############### 
fixed.par: 2.15 1 -0.32 1.39 0.06 -1.74 0.37 -2.76 -1.07 2.58 1.24 -0.05 -1.13 -1.95 -3.6 -134.65 20.34 
FixedParDiff =  0.198772 
likDiff =  0.004447772 
sigma: 0.98 0.08 -0.37 -0.31 2.01 
loglike: -5897.427 
########################################## 
[1] "estimate random effects --- done."
[1] "estimate fixed parameters --- done."
[1] "estimate dispersion parameters --- done."
############## Iteration: 5 ############### 
fixed.par: 2.15 1 -0.31 1.39 0.06 -1.73 0.37 -2.75 -1.01 2.44 1.24 -0.05 -2.41 -4.46 -8.19 -285.54 43.24 
FixedParDiff =  0.3643603 
likDiff =  0.009201 
sigma: 0.98 0.05 -0.31 -0.37 2 
loglike: -5843.164 
########################################## 
Warning in JMfit_HL(glmeObject, survObject, long.data, surv.data, idVar,  :
  Iteration limit reached without covergence.

### [bt]: Job terminated successfully [batchtools job.id=529]
### [bt]: Calculation finished!
