### [bt]: This is batchtools v0.9.15
### [bt]: Starting calculation of 1 jobs
### [bt]: Setting working directory to '/data/home/mengwang/21-summer-project/src'
### [bt]: Memory measurement disabled
### [bt]: Starting job [batchtools job.id=527]
### [bt]: Generating problem instance for problem 'generate_data' ...
### [bt]: Applying algorithm 'fit_JMest' on problem 'generate_data' for job 527 (seed = 20071470) ...
[1] "get initial values for LME & GLM models --- done."
[1] "get initial values for GLME model --- done."
[1] "get initial values for survival models --- done."
[1] "estimate random effects --- done."
[1] "estimate fixed parameters --- done."
[1] "estimate dispersion parameters --- done."
############## Iteration: 1 ############### 
fixed.par: 2.63 0.67 -0.17 1.07 0.07 -1.7 0.34 -2.73 -1.21 2.89 1.17 -0.05 -0.52 -0.33 -1.05 -57.9 8.7 
FixedParDiff =  0.2983698 
likDiff =  1 
sigma: 0.95 0.09 -0.46 -0.29 2 
loglike: -5983.826 
########################################## 
[1] "estimate random effects --- done."
[1] "estimate fixed parameters --- done."
[1] "estimate dispersion parameters --- done."
############## Iteration: 2 ############### 
fixed.par: 2.2 0.96 -0.3 1.36 0.06 -1.74 0.35 -2.78 -1.15 2.74 1.22 -0.05 -0.61 -0.58 -1.44 -70.2 10.57 
FixedParDiff =  0.2189125 
likDiff =  0.007543239 
sigma: 0.97 0.1 -0.46 -0.29 2 
loglike: -5938.689 
########################################## 
[1] "estimate random effects --- done."
[1] "estimate fixed parameters --- done."
[1] "estimate dispersion parameters --- done."
############## Iteration: 3 ############### 
fixed.par: 2.15 0.99 -0.31 1.39 0.06 -1.75 0.36 -2.77 -1.11 2.65 1.23 -0.05 -0.77 -1.06 -2.14 -91.96 13.86 
FixedParDiff =  0.1449314 
likDiff =  0.002647422 
sigma: 0.98 0.1 -0.42 -0.29 2.01 
loglike: -5922.966 
########################################## 
[1] "estimate random effects --- done."
[1] "estimate fixed parameters --- done."
[1] "estimate dispersion parameters --- done."
############## Iteration: 4 ############### 
fixed.par: 2.15 1 -0.32 1.39 0.06 -1.73 0.36 -2.76 -1.06 2.56 1.24 -0.05 -1.16 -1.99 -3.69 -138.66 20.95 
FixedParDiff =  0.1933716 
likDiff =  0.004571034 
sigma: 0.98 0.08 -0.37 -0.31 2.01 
loglike: -5895.892 
########################################## 
[1] "estimate random effects --- done."
[1] "estimate fixed parameters --- done."
[1] "estimate dispersion parameters --- done."
############## Iteration: 5 ############### 
fixed.par: 2.15 1 -0.31 1.39 0.07 -1.74 0.38 -2.75 -1 2.42 1.24 -0.05 -2.61 -4.74 -8.76 -308.16 46.67 
FixedParDiff =  0.4006942 
likDiff =  0.009376075 
sigma: 0.98 0.05 -0.31 -0.37 2 
loglike: -5840.612 
########################################## 
Warning in JMfit_HL(glmeObject, survObject, long.data, surv.data, idVar,  :
  Iteration limit reached without covergence.

### [bt]: Job terminated successfully [batchtools job.id=527]
### [bt]: Calculation finished!
