### [bt]: This is batchtools v0.9.15
### [bt]: Starting calculation of 1 jobs
### [bt]: Setting working directory to '/data/home/mengwang/21-summer-project/src'
### [bt]: Memory measurement disabled
### [bt]: Starting job [batchtools job.id=381]
### [bt]: Generating problem instance for problem 'generate_data' ...
### [bt]: Applying algorithm 'fit_JMest' on problem 'generate_data' for job 381 (seed = 20071324) ...
[1] "get initial values for LME & GLM models --- done."
[1] "get initial values for GLME model --- done."
[1] "get initial values for survival models --- done."
[1] "estimate random effects --- done."
[1] "estimate fixed parameters --- done."
[1] "estimate dispersion parameters --- done."
############## Iteration: 1 ############### 
fixed.par: 2.63 0.67 -0.17 1.07 0.07 -1.69 0.33 -2.73 -1.21 2.89 1.17 -0.05 -0.52 -0.33 -1.05 -57.91 8.7 
FixedParDiff =  0.3008301 
likDiff =  1 
sigma: 0.95 0.09 -0.46 -0.29 2 
loglike: -5983.839 
########################################## 
[1] "estimate random effects --- done."
[1] "estimate fixed parameters --- done."
[1] "estimate dispersion parameters --- done."
############## Iteration: 2 ############### 
fixed.par: 2.21 0.96 -0.3 1.35 0.06 -1.74 0.35 -2.78 -1.15 2.74 1.22 -0.05 -0.61 -0.58 -1.44 -70.14 10.56 
FixedParDiff =  0.2189715 
likDiff =  0.007547773 
sigma: 0.97 0.1 -0.46 -0.29 2 
loglike: -5938.675 
########################################## 
[1] "estimate random effects --- done."
[1] "estimate fixed parameters --- done."
[1] "estimate dispersion parameters --- done."
############## Iteration: 3 ############### 
fixed.par: 2.15 1 -0.31 1.39 0.06 -1.74 0.36 -2.77 -1.11 2.65 1.24 -0.05 -0.75 -1.03 -2.09 -88.87 13.4 
FixedParDiff =  0.1341387 
likDiff =  0.002662692 
sigma: 0.98 0.1 -0.42 -0.29 2.01 
loglike: -5922.862 
########################################## 
[1] "estimate random effects --- done."
[1] "estimate fixed parameters --- done."
[1] "estimate dispersion parameters --- done."
############## Iteration: 4 ############### 
fixed.par: 2.15 1 -0.31 1.39 0.06 -1.76 0.38 -2.76 -1.07 2.58 1.24 -0.05 -1.14 -1.97 -3.63 -136.1 20.56 
FixedParDiff =  0.2065481 
likDiff =  0.004430798 
sigma: 0.98 0.08 -0.37 -0.31 2.01 
loglike: -5896.619 
########################################## 
[1] "estimate random effects --- done."
[1] "estimate fixed parameters --- done."
[1] "estimate dispersion parameters --- done."
############## Iteration: 5 ############### 
fixed.par: 2.15 1 -0.31 1.39 0.06 -1.74 0.37 -2.75 -1.01 2.44 1.24 -0.05 -2.63 -4.82 -8.86 -310.79 47.07 
FixedParDiff =  0.4114299 
likDiff =  0.009377059 
sigma: 0.98 0.05 -0.31 -0.36 2 
loglike: -5841.326 
########################################## 
Warning in JMfit_HL(glmeObject, survObject, long.data, surv.data, idVar,  :
  Iteration limit reached without covergence.

### [bt]: Job terminated successfully [batchtools job.id=381]
### [bt]: Calculation finished!
