### [bt]: This is batchtools v0.9.15
### [bt]: Starting calculation of 1 jobs
### [bt]: Setting working directory to '/data/home/mengwang/21-summer-project/src'
### [bt]: Memory measurement disabled
### [bt]: Starting job [batchtools job.id=323]
### [bt]: Generating problem instance for problem 'generate_data' ...
### [bt]: Applying algorithm 'fit_JMest' on problem 'generate_data' for job 323 (seed = 20071266) ...
[1] "get initial values for LME & GLM models --- done."
[1] "get initial values for GLME model --- done."
[1] "get initial values for survival models --- done."
[1] "estimate random effects --- done."
[1] "estimate fixed parameters --- done."
[1] "estimate dispersion parameters --- done."
############## Iteration: 1 ############### 
fixed.par: 2.63 0.67 -0.17 1.07 0.07 -1.69 0.33 -2.74 -1.23 2.92 1.18 -0.05 -0.39 -0.25 -0.83 
FixedParDiff =  0.2349675 
likDiff =  1 
sigma: 0.95 0.09 -0.47 -0.29 2 
loglike: -5821.867 
########################################## 
[1] "estimate random effects --- done."
Warning in log(det(H/2/pi)) : NaNs produced
Warning in log(det(H/2/pi)) : NaNs produced
Warning in log(det(H/2/pi)) : NaNs produced
Warning in log(det(H/2/pi)) : NaNs produced
[1] "estimate fixed parameters --- done."
[1] "estimate dispersion parameters --- done."
############## Iteration: 2 ############### 
fixed.par: 2.2 0.96 -0.3 1.35 0.06 -1.73 0.34 -2.78 -1.2 2.85 1.22 -0.05 -0.44 -0.4 -1.04 
FixedParDiff =  0.1921468 
likDiff =  0.006950914 
sigma: 0.97 0.1 -0.47 -0.28 2 
loglike: -5781.399 
########################################## 
[1] "estimate random effects --- done."
[1] "estimate fixed parameters --- done."
[1] "estimate dispersion parameters --- done."
############## Iteration: 3 ############### 
fixed.par: 2.15 1 -0.31 1.39 0.06 -1.74 0.35 -2.78 -1.17 2.81 1.23 -0.05 -0.46 -0.63 -1.31 
FixedParDiff =  0.07606915 
likDiff =  0.001815977 
sigma: 0.98 0.1 -0.44 -0.28 2 
loglike: -5770.901 
########################################## 
[1] "estimate random effects --- done."
Warning in log(det(H/2/pi)) : NaNs produced
[1] "estimate fixed parameters --- done."
[1] "estimate dispersion parameters --- done."
############## Iteration: 4 ############### 
fixed.par: 2.14 1 -0.32 1.39 0.06 -1.74 0.36 -2.77 -1.15 2.78 1.24 -0.05 -0.48 -0.93 -1.7 
FixedParDiff =  0.06305903 
likDiff =  0.002244647 
sigma: 0.98 0.09 -0.41 -0.29 2.01 
loglike: -5757.947 
########################################## 
[1] "estimate random effects --- done."
[1] "estimate fixed parameters --- done."
[1] "estimate dispersion parameters --- done."
############## Iteration: 5 ############### 
fixed.par: 2.14 1 -0.32 1.4 0.06 -1.74 0.36 -2.76 -1.13 2.75 1.24 -0.05 -0.49 -1.33 -2.24 
FixedParDiff =  0.05602589 
likDiff =  0.002856134 
sigma: 0.98 0.08 -0.38 -0.31 2.01 
loglike: -5741.501 
########################################## 
Warning in JMfit_HL(glmeObject, survObject, long.data, surv.data, idVar,  :
  Iteration limit reached without covergence.

### [bt]: Job terminated successfully [batchtools job.id=323]
### [bt]: Calculation finished!
