### [bt]: This is batchtools v0.9.15
### [bt]: Starting calculation of 1 jobs
### [bt]: Setting working directory to '/data/home/mengwang/21-summer-project/src'
### [bt]: Memory measurement disabled
### [bt]: Starting job [batchtools job.id=501]
### [bt]: Generating problem instance for problem 'generate_data' ...
### [bt]: Applying algorithm 'fit_JMest' on problem 'generate_data' for job 501 (seed = 20071444) ...
[1] "get initial values for LME & GLM models --- done."
[1] "get initial values for GLME model --- done."
[1] "get initial values for survival models --- done."
[1] "estimate random effects --- done."
[1] "estimate fixed parameters --- done."
[1] "estimate dispersion parameters --- done."
############## Iteration: 1 ############### 
fixed.par: 2.63 0.67 -0.17 1.07 0.07 -1.72 0.35 -2.73 -1.21 2.89 1.17 -0.05 -0.52 -0.33 -1.05 -58.07 8.73 
FixedParDiff =  0.2951146 
likDiff =  1 
sigma: 0.95 0.09 -0.46 -0.29 2 
loglike: -5983.823 
########################################## 
[1] "estimate random effects --- done."
Warning in log(det(H/2/pi)) : NaNs produced
[1] "estimate fixed parameters --- done."
[1] "estimate dispersion parameters --- done."
############## Iteration: 2 ############### 
fixed.par: 2.2 0.96 -0.3 1.36 0.06 -1.71 0.33 -2.78 -1.15 2.74 1.22 -0.05 -0.59 -0.57 -1.41 -68.41 10.3 
FixedParDiff =  0.2170597 
likDiff =  0.007539818 
sigma: 0.97 0.1 -0.46 -0.29 2 
loglike: -5938.706 
########################################## 
[1] "estimate random effects --- done."
[1] "estimate fixed parameters --- done."
[1] "estimate dispersion parameters --- done."
############## Iteration: 3 ############### 
fixed.par: 2.15 1 -0.31 1.39 0.06 -1.74 0.36 -2.77 -1.11 2.67 1.24 -0.05 -0.73 -1 -2.04 -86.71 13.07 
FixedParDiff =  0.1420638 
likDiff =  0.002570086 
sigma: 0.98 0.1 -0.42 -0.29 2.01 
loglike: -5923.443 
########################################## 
[1] "estimate random effects --- done."
[1] "estimate fixed parameters --- done."
[1] "estimate dispersion parameters --- done."
############## Iteration: 4 ############### 
fixed.par: 2.14 1 -0.32 1.39 0.06 -1.74 0.37 -2.76 -1.07 2.59 1.24 -0.05 -1.16 -2.01 -3.69 -138.57 20.93 
FixedParDiff =  0.2203048 
likDiff =  0.004329863 
sigma: 0.98 0.08 -0.38 -0.31 2.01 
loglike: -5897.795 
########################################## 
[1] "estimate random effects --- done."
[1] "estimate fixed parameters --- done."
[1] "estimate dispersion parameters --- done."
############## Iteration: 5 ############### 
fixed.par: 2.14 1 -0.32 1.39 0.07 -1.76 0.39 -2.75 -1 2.43 1.24 -0.05 -2.27 -4.18 -7.7 -267.71 40.55 
FixedParDiff =  0.3137853 
likDiff =  0.00937474 
sigma: 0.98 0.05 -0.31 -0.37 2 
loglike: -5842.505 
########################################## 
Warning in JMfit_HL(glmeObject, survObject, long.data, surv.data, idVar,  :
  Iteration limit reached without covergence.

### [bt]: Job terminated successfully [batchtools job.id=501]
### [bt]: Calculation finished!
