### [bt]: This is batchtools v0.9.15
### [bt]: Starting calculation of 1 jobs
### [bt]: Setting working directory to '/data/home/mengwang/21-summer-project/src'
### [bt]: Memory measurement disabled
### [bt]: Starting job [batchtools job.id=218]
### [bt]: Generating problem instance for problem 'generate_data' ...
### [bt]: Applying algorithm 'fit_JMest' on problem 'generate_data' for job 218 (seed = 20071161) ...
[1] "get initial values for LME & GLM models --- done."
[1] "get initial values for GLME model --- done."
[1] "get initial values for survival models --- done."
[1] "estimate random effects --- done."
[1] "estimate fixed parameters --- done."
[1] "estimate dispersion parameters --- done."
############## Iteration: 1 ############### 
fixed.par: 2.63 0.67 -0.17 1.07 0.06 -1.68 0.32 -2.74 -1.22 2.89 1.19 -0.05 -0.52 -0.33 -1.05 -57.78 8.68 
FixedParDiff =  0.3064572 
likDiff =  1 
sigma: 0.95 0.09 -0.46 -0.29 2 
loglike: -5983.836 
########################################## 
[1] "estimate random effects --- done."
[1] "estimate fixed parameters --- done."
[1] "estimate dispersion parameters --- done."
############## Iteration: 2 ############### 
fixed.par: 2.2 0.96 -0.3 1.35 0.06 -1.73 0.34 -2.77 -1.15 2.74 1.22 -0.05 -0.6 -0.58 -1.42 -69.11 10.4 
FixedParDiff =  0.2156944 
likDiff =  0.007534771 
sigma: 0.97 0.1 -0.46 -0.29 2 
loglike: -5938.749 
########################################## 
[1] "estimate random effects --- done."
[1] "estimate fixed parameters --- done."
[1] "estimate dispersion parameters --- done."
############## Iteration: 3 ############### 
fixed.par: 2.15 1 -0.31 1.39 0.06 -1.73 0.35 -2.77 -1.11 2.66 1.24 -0.05 -0.73 -1.01 -2.05 -86.99 13.11 
FixedParDiff =  0.1289915 
likDiff =  0.002621118 
sigma: 0.98 0.1 -0.42 -0.29 2.01 
loglike: -5923.183 
########################################## 
[1] "estimate random effects --- done."
[1] "estimate fixed parameters --- done."
[1] "estimate dispersion parameters --- done."
############## Iteration: 4 ############### 
fixed.par: 2.15 1 -0.31 1.39 0.06 -1.75 0.38 -2.76 -1.07 2.59 1.24 -0.05 -1.14 -1.98 -3.63 -135.77 20.51 
FixedParDiff =  0.2187466 
likDiff =  0.004365812 
sigma: 0.98 0.08 -0.37 -0.31 2.01 
loglike: -5897.323 
########################################## 
[1] "estimate random effects --- done."
[1] "estimate fixed parameters --- done."
[1] "estimate dispersion parameters --- done."
############## Iteration: 5 ############### 
fixed.par: 2.15 1 -0.31 1.39 0.07 -1.74 0.38 -2.75 -1.01 2.44 1.25 -0.05 -2.55 -4.7 -8.62 -301.31 45.63 
FixedParDiff =  0.3922003 
likDiff =  0.009431646 
sigma: 0.98 0.05 -0.31 -0.36 2 
loglike: -5841.702 
########################################## 
Warning in JMfit_HL(glmeObject, survObject, long.data, surv.data, idVar,  :
  Iteration limit reached without covergence.

### [bt]: Job terminated successfully [batchtools job.id=218]
### [bt]: Calculation finished!
