### [bt]: This is batchtools v0.9.15
### [bt]: Starting calculation of 1 jobs
### [bt]: Setting working directory to '/data/home/mengwang/21-summer-project/src'
### [bt]: Memory measurement disabled
### [bt]: Starting job [batchtools job.id=142]
### [bt]: Generating problem instance for problem 'generate_data' ...
### [bt]: Applying algorithm 'fit_JMest' on problem 'generate_data' for job 142 (seed = 20071085) ...
[1] "get initial values for LME & GLM models --- done."
[1] "get initial values for GLME model --- done."
[1] "get initial values for survival models --- done."
[1] "estimate random effects --- done."
[1] "estimate fixed parameters --- done."
[1] "estimate dispersion parameters --- done."
############## Iteration: 1 ############### 
fixed.par: 1.77 1.19 -0.39 1.64 0.06 -1.65 0.29 -2.73 -1.16 2.73 1.13 -0.04 2.57 -0.16 -0.21 1.15 
FixedParDiff =  4.425027 
likDiff =  1 
sigma: 1.16 0 -0.52 -0.62 1.52 
loglike: -8539.77 
########################################## 
[1] "estimate random effects --- done."
[1] "estimate fixed parameters --- done."
[1] "estimate dispersion parameters --- done."
############## Iteration: 2 ############### 
fixed.par: 1.77 1.19 -0.39 1.64 0.05 -1.71 0.3 -2.79 -1.15 2.52 1.33 -0.06 2.59 -0.41 -0.43 1.15 
FixedParDiff =  0.2134554 
likDiff =  0.2979488 
sigma: 1.16 0.01 -0.49 -0.63 1.52 
loglike: -5995.356 
########################################## 
[1] "estimate random effects --- done."
[1] "estimate fixed parameters --- done."
[1] "estimate dispersion parameters --- done."
############## Iteration: 3 ############### 
fixed.par: 1.77 1.2 -0.39 1.64 0.05 -1.73 0.33 -2.78 -1.14 2.53 1.4 -0.06 2.67 -1.71 -1.84 1.15 
FixedParDiff =  0.4188862 
likDiff =  0.007525416 
sigma: 1.16 0.01 -0.41 -0.74 1.51 
loglike: -5950.238 
########################################## 
[1] "estimate random effects --- done."
[1] "estimate fixed parameters --- done."
[1] "estimate dispersion parameters --- done."
############## Iteration: 4 ############### 
fixed.par: 1.79 1.19 -0.39 1.63 0.06 -1.74 0.36 -2.75 -1.14 2.53 1.47 -0.05 3.51 -13.34 -13.84 1.15 
FixedParDiff =  0.8783289 
likDiff =  0.01883591 
sigma: 1.15 0.01 -0.29 -0.81 1.51 
loglike: -5838.16 
########################################## 
[1] "estimate random effects --- done."
[1] "estimate fixed parameters --- done."
Warning in log(det(H/2/pi)) : NaNs produced
[1] "estimate dispersion parameters --- done."
############## Iteration: 5 ############### 
fixed.par: 1.86 1.15 -0.37 1.58 0.07 -1.71 0.35 -2.73 -1.12 2.51 1.51 -0.05 7.92 -91.84 -92.32 1.12 
FixedParDiff =  0.8286651 
likDiff =  0.01711985 
sigma: 1.12 0.01 -0.22 -0.83 1.51 
loglike: -5738.212 
########################################## 
Warning in JMfit_HL(glmeObject, survObject, long.data, surv.data, idVar,  :
  Iteration limit reached without covergence.
Warning in sqrt(sd2) : NaNs produced
Warning in sqrt(diag(solve(Hmat))) : NaNs produced

### [bt]: Job terminated successfully [batchtools job.id=142]
### [bt]: Calculation finished!
