### [bt]: This is batchtools v0.9.15
### [bt]: Starting calculation of 1 jobs
### [bt]: Setting working directory to '/data/home/mengwang/21-summer-project/src'
### [bt]: Memory measurement disabled
### [bt]: Starting job [batchtools job.id=62]
### [bt]: Generating problem instance for problem 'generate_data' ...
### [bt]: Applying algorithm 'fit_JMest' on problem 'generate_data' for job 62 (seed = 20071005) ...
[1] "get initial values for LME & GLM models --- done."
[1] "get initial values for GLME model --- done."
[1] "get initial values for survival models --- done."
[1] "estimate random effects --- done."
[1] "estimate fixed parameters --- done."
[1] "estimate dispersion parameters --- done."
############## Iteration: 1 ############### 
fixed.par: 2.63 0.67 -0.17 1.07 0.06 -1.67 0.32 -2.73 -1.22 2.89 1.19 -0.05 -0.52 -0.33 -1.05 -57.98 8.71 
FixedParDiff =  0.3115389 
likDiff =  1 
sigma: 0.95 0.09 -0.46 -0.29 2 
loglike: -5983.807 
########################################## 
[1] "estimate random effects --- done."
[1] "estimate fixed parameters --- done."
[1] "estimate dispersion parameters --- done."
############## Iteration: 2 ############### 
fixed.par: 2.2 0.96 -0.3 1.36 0.06 -1.72 0.33 -2.77 -1.15 2.74 1.22 -0.05 -0.6 -0.57 -1.42 -68.83 10.36 
FixedParDiff =  0.2113923 
likDiff =  0.007537341 
sigma: 0.97 0.1 -0.46 -0.29 2 
loglike: -5938.705 
########################################## 
[1] "estimate random effects --- done."
[1] "estimate fixed parameters --- done."
[1] "estimate dispersion parameters --- done."
############## Iteration: 3 ############### 
fixed.par: 2.15 1 -0.31 1.39 0.06 -1.75 0.36 -2.77 -1.11 2.66 1.24 -0.05 -0.73 -1 -2.03 -86.41 13.03 
FixedParDiff =  0.1383916 
likDiff =  0.002596167 
sigma: 0.98 0.1 -0.42 -0.29 2.01 
loglike: -5923.287 
########################################## 
[1] "estimate random effects --- done."
[1] "estimate fixed parameters --- done."
[1] "estimate dispersion parameters --- done."
############## Iteration: 4 ############### 
fixed.par: 2.15 1 -0.32 1.39 0.06 -1.73 0.36 -2.76 -1.07 2.59 1.24 -0.05 -1.14 -1.98 -3.62 -135.72 20.5 
FixedParDiff =  0.2130772 
likDiff =  0.004334462 
sigma: 0.98 0.08 -0.38 -0.31 2.01 
loglike: -5897.613 
########################################## 
[1] "estimate random effects --- done."
[1] "estimate fixed parameters --- done."
[1] "estimate dispersion parameters --- done."
############## Iteration: 5 ############### 
fixed.par: 2.15 1 -0.32 1.39 0.06 -1.73 0.37 -2.75 -1.01 2.44 1.24 -0.05 -2.44 -4.52 -8.28 -288.59 43.71 
FixedParDiff =  0.3697165 
likDiff =  0.009405401 
sigma: 0.98 0.05 -0.31 -0.36 2 
loglike: -5842.143 
########################################## 
Warning in JMfit_HL(glmeObject, survObject, long.data, surv.data, idVar,  :
  Iteration limit reached without covergence.

### [bt]: Job terminated successfully [batchtools job.id=62]
### [bt]: Calculation finished!
