### [bt]: This is batchtools v0.9.15
### [bt]: Starting calculation of 1 jobs
### [bt]: Setting working directory to '/data/home/mengwang/21-summer-project/src'
### [bt]: Memory measurement disabled
### [bt]: Starting job [batchtools job.id=540]
### [bt]: Generating problem instance for problem 'generate_data' ...
### [bt]: Applying algorithm 'fit_JMest' on problem 'generate_data' for job 540 (seed = 20071483) ...
[1] "get initial values for LME & GLM models --- done."
[1] "get initial values for GLME model --- done."
[1] "get initial values for survival models --- done."
[1] "estimate random effects --- done."
[1] "estimate fixed parameters --- done."
[1] "estimate dispersion parameters --- done."
############## Iteration: 1 ############### 
fixed.par: 2.63 0.67 -0.17 1.07 0.06 -1.68 0.32 -2.74 -1.21 2.89 1.16 -0.05 -0.52 -0.32 -1.05 -57.71 8.67 
FixedParDiff =  0.3022754 
likDiff =  1 
sigma: 0.95 0.09 -0.46 -0.29 2 
loglike: -5983.813 
########################################## 
[1] "estimate random effects --- done."
[1] "estimate fixed parameters --- done."
[1] "estimate dispersion parameters --- done."
############## Iteration: 2 ############### 
fixed.par: 2.2 0.96 -0.3 1.36 0.06 -1.72 0.34 -2.77 -1.15 2.74 1.22 -0.05 -0.62 -0.59 -1.45 -71.44 10.75 
FixedParDiff =  0.2282274 
likDiff =  0.007521532 
sigma: 0.97 0.1 -0.46 -0.29 2 
loglike: -5938.805 
########################################## 
[1] "estimate random effects --- done."
[1] "estimate fixed parameters --- done."
[1] "estimate dispersion parameters --- done."
############## Iteration: 3 ############### 
fixed.par: 2.15 1 -0.31 1.39 0.06 -1.73 0.35 -2.77 -1.1 2.64 1.23 -0.05 -0.72 -1 -2.03 -85.95 12.96 
FixedParDiff =  0.1174238 
likDiff =  0.002706889 
sigma: 0.98 0.1 -0.42 -0.28 2.01 
loglike: -5922.73 
########################################## 
[1] "estimate random effects --- done."
[1] "estimate fixed parameters --- done."
[1] "estimate dispersion parameters --- done."
############## Iteration: 4 ############### 
fixed.par: 2.14 1 -0.32 1.39 0.06 -1.76 0.38 -2.76 -1.08 2.59 1.25 -0.05 -1.14 -1.97 -3.62 -135.69 20.49 
FixedParDiff =  0.2194842 
likDiff =  0.004244143 
sigma: 0.98 0.08 -0.38 -0.31 2.01 
loglike: -5897.593 
########################################## 
[1] "estimate random effects --- done."
[1] "estimate fixed parameters --- done."
[1] "estimate dispersion parameters --- done."
############## Iteration: 5 ############### 
fixed.par: 2.15 1 -0.31 1.39 0.06 -1.73 0.37 -2.75 -1.01 2.44 1.24 -0.05 -2.62 -4.82 -8.84 -309.98 46.94 
FixedParDiff =  0.4134114 
likDiff =  0.009433272 
sigma: 0.98 0.05 -0.31 -0.36 2 
loglike: -5841.959 
########################################## 
Warning in JMfit_HL(glmeObject, survObject, long.data, surv.data, idVar,  :
  Iteration limit reached without covergence.

### [bt]: Job terminated successfully [batchtools job.id=540]
### [bt]: Calculation finished!
