### [bt]: This is batchtools v0.9.15
### [bt]: Starting calculation of 1 jobs
### [bt]: Setting working directory to '/data/home/mengwang/21-summer-project/src'
### [bt]: Memory measurement disabled
### [bt]: Starting job [batchtools job.id=217]
### [bt]: Generating problem instance for problem 'generate_data' ...
### [bt]: Applying algorithm 'fit_JMest' on problem 'generate_data' for job 217 (seed = 20071160) ...
[1] "get initial values for LME & GLM models --- done."
[1] "get initial values for GLME model --- done."
[1] "get initial values for survival models --- done."
[1] "estimate random effects --- done."
[1] "estimate fixed parameters --- done."
[1] "estimate dispersion parameters --- done."
############## Iteration: 1 ############### 
fixed.par: 2.63 0.67 -0.17 1.07 0.07 -1.69 0.33 -2.73 -1.22 2.89 1.18 -0.05 -0.51 -0.32 -1.04 -57.18 8.6 
FixedParDiff =  0.2973212 
likDiff =  1 
sigma: 0.95 0.09 -0.46 -0.29 2 
loglike: -5983.873 
########################################## 
[1] "estimate random effects --- done."
[1] "estimate fixed parameters --- done."
[1] "estimate dispersion parameters --- done."
############## Iteration: 2 ############### 
fixed.par: 2.2 0.96 -0.3 1.36 0.06 -1.73 0.34 -2.78 -1.15 2.75 1.22 -0.05 -0.6 -0.58 -1.43 -69.75 10.5 
FixedParDiff =  0.2204446 
likDiff =  0.007508873 
sigma: 0.97 0.1 -0.46 -0.29 2 
loglike: -5938.941 
########################################## 
[1] "estimate random effects --- done."
[1] "estimate fixed parameters --- done."
[1] "estimate dispersion parameters --- done."
############## Iteration: 3 ############### 
fixed.par: 2.15 1 -0.31 1.39 0.06 -1.76 0.37 -2.77 -1.11 2.66 1.24 -0.05 -0.73 -1.01 -2.04 -86.79 13.08 
FixedParDiff =  0.1348032 
likDiff =  0.002665854 
sigma: 0.98 0.1 -0.42 -0.29 2.01 
loglike: -5923.109 
########################################## 
[1] "estimate random effects --- done."
[1] "estimate fixed parameters --- done."
[1] "estimate dispersion parameters --- done."
############## Iteration: 4 ############### 
fixed.par: 2.15 1 -0.32 1.39 0.07 -1.76 0.39 -2.76 -1.07 2.59 1.24 -0.05 -1.1 -1.93 -3.53 -131.74 19.9 
FixedParDiff =  0.1988394 
likDiff =  0.004349075 
sigma: 0.98 0.08 -0.37 -0.31 2.01 
loglike: -5897.349 
########################################## 
[1] "estimate random effects --- done."
[1] "estimate fixed parameters --- done."
[1] "estimate dispersion parameters --- done."
############## Iteration: 5 ############### 
fixed.par: 2.15 1 -0.31 1.39 0.07 -1.74 0.38 -2.75 -1.02 2.46 1.25 -0.05 -2.29 -4.28 -7.8 -270.73 41 
FixedParDiff =  0.3441843 
likDiff =  0.009039454 
sigma: 0.98 0.05 -0.31 -0.36 2 
loglike: -5844.04 
########################################## 
Warning in JMfit_HL(glmeObject, survObject, long.data, surv.data, idVar,  :
  Iteration limit reached without covergence.

### [bt]: Job terminated successfully [batchtools job.id=217]
### [bt]: Calculation finished!
