### [bt]: This is batchtools v0.9.15
### [bt]: Starting calculation of 1 jobs
### [bt]: Setting working directory to '/data/home/mengwang/21-summer-project/src'
### [bt]: Memory measurement disabled
### [bt]: Starting job [batchtools job.id=243]
### [bt]: Generating problem instance for problem 'generate_data' ...
### [bt]: Applying algorithm 'fit_JMest' on problem 'generate_data' for job 243 (seed = 20071186) ...
[1] "get initial values for LME & GLM models --- done."
[1] "get initial values for GLME model --- done."
[1] "get initial values for survival models --- done."
[1] "estimate random effects --- done."
[1] "estimate fixed parameters --- done."
[1] "estimate dispersion parameters --- done."
############## Iteration: 1 ############### 
fixed.par: 2.63 0.67 -0.17 1.07 0.07 -1.7 0.34 -2.73 -1.21 2.89 1.17 -0.05 -0.53 -0.33 -1.07 -59.51 8.94 
FixedParDiff =  0.3104123 
likDiff =  1 
sigma: 0.95 0.09 -0.46 -0.29 2 
loglike: -5983.874 
########################################## 
[1] "estimate random effects --- done."
[1] "estimate fixed parameters --- done."
[1] "estimate dispersion parameters --- done."
############## Iteration: 2 ############### 
fixed.par: 2.2 0.96 -0.3 1.36 0.06 -1.72 0.33 -2.78 -1.14 2.73 1.22 -0.05 -0.61 -0.59 -1.45 -70.85 10.67 
FixedParDiff =  0.2155084 
likDiff =  0.00763383 
sigma: 0.97 0.1 -0.46 -0.29 2 
loglike: -5938.195 
########################################## 
[1] "estimate random effects --- done."
[1] "estimate fixed parameters --- done."
[1] "estimate dispersion parameters --- done."
############## Iteration: 3 ############### 
fixed.par: 2.15 1 -0.31 1.39 0.06 -1.76 0.37 -2.77 -1.1 2.65 1.24 -0.05 -0.75 -1.04 -2.1 -89.42 13.48 
FixedParDiff =  0.1399427 
likDiff =  0.002643452 
sigma: 0.98 0.1 -0.42 -0.28 2.01 
loglike: -5922.497 
########################################## 
[1] "estimate random effects --- done."
[1] "estimate fixed parameters --- done."
[1] "estimate dispersion parameters --- done."
############## Iteration: 4 ############### 
fixed.par: 2.15 1 -0.32 1.39 0.06 -1.74 0.37 -2.76 -1.07 2.57 1.24 -0.05 -1.15 -1.98 -3.66 -137.34 20.75 
FixedParDiff =  0.1981739 
likDiff =  0.004423029 
sigma: 0.98 0.08 -0.37 -0.31 2.01 
loglike: -5896.302 
########################################## 
[1] "estimate random effects --- done."
[1] "estimate fixed parameters --- done."
[1] "estimate dispersion parameters --- done."
############## Iteration: 5 ############### 
fixed.par: 2.15 1 -0.31 1.39 0.06 -1.73 0.37 -2.75 -1 2.43 1.24 -0.05 -2.75 -5 -9.2 -324.02 49.07 
FixedParDiff =  0.4328069 
likDiff =  0.00943428 
sigma: 0.98 0.05 -0.31 -0.36 2 
loglike: -5840.674 
########################################## 
Warning in JMfit_HL(glmeObject, survObject, long.data, surv.data, idVar,  :
  Iteration limit reached without covergence.

### [bt]: Job terminated successfully [batchtools job.id=243]
### [bt]: Calculation finished!
