### [bt]: This is batchtools v0.9.15
### [bt]: Starting calculation of 1 jobs
### [bt]: Setting working directory to '/data/home/mengwang/21-summer-project/src'
### [bt]: Memory measurement disabled
### [bt]: Starting job [batchtools job.id=99]
### [bt]: Generating problem instance for problem 'generate_data' ...
### [bt]: Applying algorithm 'fit_JMest' on problem 'generate_data' for job 99 (seed = 20071042) ...
[1] "get initial values for LME & GLM models --- done."
[1] "get initial values for GLME model --- done."
[1] "get initial values for survival models --- done."
[1] "estimate random effects --- done."
[1] "estimate fixed parameters --- done."
[1] "estimate dispersion parameters --- done."
############## Iteration: 1 ############### 
fixed.par: 2.63 0.67 -0.17 1.07 0.07 -1.68 0.32 -2.74 -1.21 2.89 1.18 -0.05 -0.51 -0.32 -1.03 -56.72 8.53 
FixedParDiff =  0.295658 
likDiff =  1 
sigma: 0.95 0.09 -0.46 -0.29 2 
loglike: -5983.862 
########################################## 
[1] "estimate random effects --- done."
[1] "estimate fixed parameters --- done."
[1] "estimate dispersion parameters --- done."
############## Iteration: 2 ############### 
fixed.par: 2.2 0.96 -0.3 1.36 0.06 -1.74 0.35 -2.78 -1.16 2.75 1.22 -0.05 -0.6 -0.58 -1.42 -69.44 10.45 
FixedParDiff =  0.2219202 
likDiff =  0.007491875 
sigma: 0.97 0.1 -0.46 -0.29 2 
loglike: -5939.032 
########################################## 
[1] "estimate random effects --- done."
[1] "estimate fixed parameters --- done."
[1] "estimate dispersion parameters --- done."
############## Iteration: 3 ############### 
fixed.par: 2.15 0.99 -0.31 1.39 0.06 -1.74 0.36 -2.77 -1.11 2.66 1.23 -0.05 -0.73 -1.01 -2.04 -86.88 13.1 
FixedParDiff =  0.1282919 
likDiff =  0.002663303 
sigma: 0.98 0.1 -0.42 -0.29 2.01 
loglike: -5923.214 
########################################## 
[1] "estimate random effects --- done."
[1] "estimate fixed parameters --- done."
[1] "estimate dispersion parameters --- done."
############## Iteration: 4 ############### 
fixed.par: 2.15 1 -0.31 1.39 0.06 -1.74 0.37 -2.76 -1.07 2.59 1.24 -0.05 -1.13 -1.96 -3.6 -134.56 20.32 
FixedParDiff =  0.2055841 
likDiff =  0.004366357 
sigma: 0.98 0.08 -0.37 -0.31 2.01 
loglike: -5897.352 
########################################## 
[1] "estimate random effects --- done."
[1] "estimate fixed parameters --- done."
[1] "estimate dispersion parameters --- done."
############## Iteration: 5 ############### 
fixed.par: 2.15 1 -0.31 1.39 0.06 -1.73 0.37 -2.75 -1.01 2.45 1.24 -0.05 -2.6 -4.81 -8.81 -307.56 46.58 
FixedParDiff =  0.4128912 
likDiff =  0.009355453 
sigma: 0.98 0.05 -0.31 -0.36 2 
loglike: -5842.179 
########################################## 
Warning in JMfit_HL(glmeObject, survObject, long.data, surv.data, idVar,  :
  Iteration limit reached without covergence.

### [bt]: Job terminated successfully [batchtools job.id=99]
### [bt]: Calculation finished!
