### [bt]: This is batchtools v0.9.15
### [bt]: Starting calculation of 1 jobs
### [bt]: Setting working directory to '/data/home/mengwang/21-summer-project/src'
### [bt]: Memory measurement disabled
### [bt]: Starting job [batchtools job.id=358]
### [bt]: Generating problem instance for problem 'generate_data' ...
### [bt]: Applying algorithm 'fit_JMest' on problem 'generate_data' for job 358 (seed = 20071301) ...
[1] "get initial values for LME & GLM models --- done."
[1] "get initial values for GLME model --- done."
[1] "get initial values for survival models --- done."
[1] "estimate random effects --- done."
[1] "estimate fixed parameters --- done."
[1] "estimate dispersion parameters --- done."
############## Iteration: 1 ############### 
fixed.par: 2.63 0.67 -0.17 1.07 0.07 -1.71 0.35 -2.74 -1.22 2.89 1.19 -0.05 -0.54 -0.34 -1.08 -60.1 9.03 
FixedParDiff =  0.3136368 
likDiff =  1 
sigma: 0.95 0.09 -0.46 -0.29 2 
loglike: -5983.903 
########################################## 
[1] "estimate random effects --- done."
[1] "estimate fixed parameters --- done."
[1] "estimate dispersion parameters --- done."
############## Iteration: 2 ############### 
fixed.par: 2.2 0.96 -0.3 1.36 0.06 -1.74 0.35 -2.78 -1.14 2.72 1.22 -0.05 -0.6 -0.59 -1.44 -69.72 10.5 
FixedParDiff =  0.2051974 
likDiff =  0.00766144 
sigma: 0.97 0.1 -0.46 -0.29 2 
loglike: -5938.058 
########################################## 
[1] "estimate random effects --- done."
[1] "estimate fixed parameters --- done."
[1] "estimate dispersion parameters --- done."
############## Iteration: 3 ############### 
fixed.par: 2.15 1 -0.31 1.39 0.06 -1.73 0.35 -2.77 -1.11 2.65 1.24 -0.05 -0.74 -1.02 -2.06 -87.61 13.21 
FixedParDiff =  0.1276636 
likDiff =  0.002572567 
sigma: 0.98 0.1 -0.42 -0.28 2.01 
loglike: -5922.782 
########################################## 
[1] "estimate random effects --- done."
[1] "estimate fixed parameters --- done."
[1] "estimate dispersion parameters --- done."
############## Iteration: 4 ############### 
fixed.par: 2.15 1 -0.31 1.39 0.06 -1.74 0.37 -2.76 -1.07 2.59 1.24 -0.05 -1.08 -1.89 -3.46 -128.93 19.48 
FixedParDiff =  0.1827608 
likDiff =  0.004340488 
sigma: 0.98 0.08 -0.37 -0.31 2.01 
loglike: -5897.074 
########################################## 
[1] "estimate random effects --- done."
[1] "estimate fixed parameters --- done."
[1] "estimate dispersion parameters --- done."
############## Iteration: 5 ############### 
fixed.par: 2.15 1 -0.31 1.39 0.06 -1.73 0.36 -2.75 -1.02 2.47 1.24 -0.05 -2.3 -4.31 -7.82 -271.95 41.18 
FixedParDiff =  0.3582909 
likDiff =  0.008838896 
sigma: 0.98 0.05 -0.31 -0.36 2 
loglike: -5844.95 
########################################## 
Warning in JMfit_HL(glmeObject, survObject, long.data, surv.data, idVar,  :
  Iteration limit reached without covergence.

### [bt]: Job terminated successfully [batchtools job.id=358]
### [bt]: Calculation finished!
