### [bt]: This is batchtools v0.9.15
### [bt]: Starting calculation of 1 jobs
### [bt]: Setting working directory to '/data/home/mengwang/21-summer-project/src'
### [bt]: Memory measurement disabled
### [bt]: Starting job [batchtools job.id=372]
### [bt]: Generating problem instance for problem 'generate_data' ...
### [bt]: Applying algorithm 'fit_JMest' on problem 'generate_data' for job 372 (seed = 20071315) ...
[1] "get initial values for LME & GLM models --- done."
[1] "get initial values for GLME model --- done."
[1] "get initial values for survival models --- done."
[1] "estimate random effects --- done."
[1] "estimate fixed parameters --- done."
[1] "estimate dispersion parameters --- done."
############## Iteration: 1 ############### 
fixed.par: 2.63 0.67 -0.17 1.07 0.06 -1.67 0.32 -2.73 -1.21 2.89 1.17 -0.05 -0.51 -0.32 -1.03 -56.81 8.54 
FixedParDiff =  0.2999427 
likDiff =  1 
sigma: 0.95 0.09 -0.46 -0.29 2 
loglike: -5983.834 
########################################## 
[1] "estimate random effects --- done."
[1] "estimate fixed parameters --- done."
[1] "estimate dispersion parameters --- done."
############## Iteration: 2 ############### 
fixed.par: 2.2 0.96 -0.3 1.36 0.06 -1.72 0.33 -2.78 -1.16 2.75 1.23 -0.05 -0.6 -0.57 -1.41 -69.01 10.39 
FixedParDiff =  0.2205526 
likDiff =  0.00748733 
sigma: 0.97 0.1 -0.46 -0.29 2 
loglike: -5939.031 
########################################## 
[1] "estimate random effects --- done."
[1] "estimate fixed parameters --- done."
[1] "estimate dispersion parameters --- done."
############## Iteration: 3 ############### 
fixed.par: 2.15 1 -0.31 1.39 0.06 -1.75 0.37 -2.77 -1.11 2.66 1.23 -0.05 -0.73 -1.01 -2.05 -87.35 13.17 
FixedParDiff =  0.1403005 
likDiff =  0.0026419 
sigma: 0.98 0.1 -0.42 -0.29 2.01 
loglike: -5923.341 
########################################## 
[1] "estimate random effects --- done."
[1] "estimate fixed parameters --- done."
[1] "estimate dispersion parameters --- done."
############## Iteration: 4 ############### 
fixed.par: 2.14 1 -0.32 1.39 0.06 -1.73 0.36 -2.76 -1.07 2.59 1.25 -0.05 -1.11 -1.93 -3.55 -132.31 19.98 
FixedParDiff =  0.196221 
likDiff =  0.00439742 
sigma: 0.98 0.08 -0.37 -0.31 2.01 
loglike: -5897.293 
########################################## 
[1] "estimate random effects --- done."
[1] "estimate fixed parameters --- done."
[1] "estimate dispersion parameters --- done."
############## Iteration: 5 ############### 
fixed.par: 2.15 1 -0.31 1.39 0.06 -1.73 0.37 -2.75 -1.01 2.45 1.24 -0.05 -2.35 -4.38 -8.01 -278.37 42.16 
FixedParDiff =  0.3616292 
likDiff =  0.00909521 
sigma: 0.98 0.05 -0.31 -0.36 2 
loglike: -5843.656 
########################################## 
Warning in JMfit_HL(glmeObject, survObject, long.data, surv.data, idVar,  :
  Iteration limit reached without covergence.

### [bt]: Job terminated successfully [batchtools job.id=372]
### [bt]: Calculation finished!
