### [bt]: This is batchtools v0.9.15
### [bt]: Starting calculation of 1 jobs
### [bt]: Setting working directory to '/data/home/mengwang/21-summer-project/src'
### [bt]: Memory measurement disabled
### [bt]: Starting job [batchtools job.id=65]
### [bt]: Generating problem instance for problem 'generate_data' ...
### [bt]: Applying algorithm 'fit_JMest' on problem 'generate_data' for job 65 (seed = 20071008) ...
[1] "get initial values for LME & GLM models --- done."
[1] "get initial values for GLME model --- done."
[1] "get initial values for survival models --- done."
[1] "estimate random effects --- done."
[1] "estimate fixed parameters --- done."
[1] "estimate dispersion parameters --- done."
############## Iteration: 1 ############### 
fixed.par: 2.63 0.67 -0.17 1.07 0.07 -1.69 0.33 -2.73 -1.22 2.89 1.18 -0.05 -0.52 -0.33 -1.05 -57.93 8.71 
FixedParDiff =  0.3034936 
likDiff =  1 
sigma: 0.95 0.09 -0.46 -0.29 2 
loglike: -5983.808 
########################################## 
[1] "estimate random effects --- done."
[1] "estimate fixed parameters --- done."
[1] "estimate dispersion parameters --- done."
############## Iteration: 2 ############### 
fixed.par: 2.2 0.96 -0.3 1.35 0.06 -1.72 0.34 -2.77 -1.15 2.74 1.22 -0.05 -0.61 -0.59 -1.44 -70.51 10.61 
FixedParDiff =  0.2213239 
likDiff =  0.00754083 
sigma: 0.97 0.1 -0.46 -0.29 2 
loglike: -5938.685 
########################################## 
[1] "estimate random effects --- done."
[1] "estimate fixed parameters --- done."
[1] "estimate dispersion parameters --- done."
############## Iteration: 3 ############### 
fixed.par: 2.15 0.99 -0.31 1.39 0.06 -1.76 0.37 -2.77 -1.11 2.65 1.24 -0.05 -0.71 -0.99 -2.01 -84.66 12.76 
FixedParDiff =  0.1224873 
likDiff =  0.002649978 
sigma: 0.98 0.1 -0.42 -0.29 2.01 
loglike: -5922.948 
########################################## 
[1] "estimate random effects --- done."
[1] "estimate fixed parameters --- done."
[1] "estimate dispersion parameters --- done."
############## Iteration: 4 ############### 
fixed.par: 2.15 1 -0.31 1.39 0.06 -1.74 0.36 -2.76 -1.08 2.6 1.24 -0.05 -1.09 -1.91 -3.48 -129.61 19.57 
FixedParDiff =  0.1986134 
likDiff =  0.004234547 
sigma: 0.98 0.08 -0.38 -0.31 2.01 
loglike: -5897.867 
########################################## 
[1] "estimate random effects --- done."
[1] "estimate fixed parameters --- done."
[1] "estimate dispersion parameters --- done."
############## Iteration: 5 ############### 
fixed.par: 2.15 1 -0.32 1.39 0.06 -1.74 0.38 -2.75 -1.02 2.47 1.24 -0.05 -2.33 -4.38 -7.94 -275.41 41.71 
FixedParDiff =  0.3677255 
likDiff =  0.009021438 
sigma: 0.98 0.05 -0.31 -0.36 2 
loglike: -5844.659 
########################################## 
Warning in JMfit_HL(glmeObject, survObject, long.data, surv.data, idVar,  :
  Iteration limit reached without covergence.

### [bt]: Job terminated successfully [batchtools job.id=65]
### [bt]: Calculation finished!
