### [bt]: This is batchtools v0.9.15
### [bt]: Starting calculation of 1 jobs
### [bt]: Setting working directory to '/data/home/mengwang/21-summer-project/src'
### [bt]: Memory measurement disabled
### [bt]: Starting job [batchtools job.id=222]
### [bt]: Generating problem instance for problem 'generate_data' ...
### [bt]: Applying algorithm 'fit_JMest' on problem 'generate_data' for job 222 (seed = 20071165) ...
[1] "get initial values for LME & GLM models --- done."
[1] "get initial values for GLME model --- done."
[1] "get initial values for survival models --- done."
[1] "estimate random effects --- done."
[1] "estimate fixed parameters --- done."
[1] "estimate dispersion parameters --- done."
############## Iteration: 1 ############### 
fixed.par: 2.63 0.67 -0.17 1.07 0.07 -1.71 0.35 -2.73 -1.21 2.89 1.17 -0.05 -0.52 -0.33 -1.05 -57.88 8.7 
FixedParDiff =  0.2955499 
likDiff =  1 
sigma: 0.95 0.09 -0.46 -0.29 2 
loglike: -5983.812 
########################################## 
[1] "estimate random effects --- done."
[1] "estimate fixed parameters --- done."
[1] "estimate dispersion parameters --- done."
############## Iteration: 2 ############### 
fixed.par: 2.2 0.96 -0.3 1.36 0.06 -1.72 0.33 -2.78 -1.15 2.74 1.21 -0.05 -0.61 -0.59 -1.44 -70.5 10.61 
FixedParDiff =  0.2258752 
likDiff =  0.007533393 
sigma: 0.97 0.1 -0.46 -0.29 2 
loglike: -5938.733 
########################################## 
[1] "estimate random effects --- done."
[1] "estimate fixed parameters --- done."
[1] "estimate dispersion parameters --- done."
############## Iteration: 3 ############### 
fixed.par: 2.15 0.99 -0.31 1.39 0.06 -1.75 0.36 -2.77 -1.11 2.65 1.24 -0.05 -0.74 -1.02 -2.07 -88.2 13.3 
FixedParDiff =  0.135231 
likDiff =  0.002672623 
sigma: 0.98 0.1 -0.42 -0.29 2.01 
loglike: -5922.861 
########################################## 
[1] "estimate random effects --- done."
Warning in log(det(H/2/pi)) : NaNs produced
[1] "estimate fixed parameters --- done."
[1] "estimate dispersion parameters --- done."
############## Iteration: 4 ############### 
fixed.par: 2.14 1 -0.32 1.39 0.06 -1.76 0.38 -2.76 -1.07 2.58 1.24 -0.05 -1.11 -1.92 -3.54 -132.35 19.99 
FixedParDiff =  0.1945019 
likDiff =  0.004363957 
sigma: 0.98 0.08 -0.37 -0.31 2.01 
loglike: -5897.014 
########################################## 
[1] "estimate random effects --- done."
[1] "estimate fixed parameters --- done."
[1] "estimate dispersion parameters --- done."
############## Iteration: 5 ############### 
fixed.par: 2.15 1 -0.31 1.39 0.07 -1.74 0.38 -2.75 -1.01 2.45 1.24 -0.05 -2.52 -4.65 -8.52 -297.82 45.1 
FixedParDiff =  0.4023766 
likDiff =  0.009086944 
sigma: 0.98 0.05 -0.31 -0.36 2 
loglike: -5843.428 
########################################## 
Warning in JMfit_HL(glmeObject, survObject, long.data, surv.data, idVar,  :
  Iteration limit reached without covergence.

### [bt]: Job terminated successfully [batchtools job.id=222]
### [bt]: Calculation finished!
