### [bt]: This is batchtools v0.9.15
### [bt]: Starting calculation of 1 jobs
### [bt]: Setting working directory to '/data/home/mengwang/21-summer-project/src'
### [bt]: Memory measurement disabled
### [bt]: Starting job [batchtools job.id=100]
### [bt]: Generating problem instance for problem 'generate_data' ...
### [bt]: Applying algorithm 'fit_JMest' on problem 'generate_data' for job 100 (seed = 20071043) ...
[1] "get initial values for LME & GLM models --- done."
[1] "get initial values for GLME model --- done."
[1] "get initial values for survival models --- done."
[1] "estimate random effects --- done."
[1] "estimate fixed parameters --- done."
[1] "estimate dispersion parameters --- done."
############## Iteration: 1 ############### 
fixed.par: 2.63 0.67 -0.17 1.07 0.07 -1.68 0.32 -2.74 -1.22 2.89 1.19 -0.05 -0.52 -0.33 -1.05 -57.87 8.7 
FixedParDiff =  0.3059136 
likDiff =  1 
sigma: 0.95 0.09 -0.46 -0.29 2 
loglike: -5983.822 
########################################## 
[1] "estimate random effects --- done."
[1] "estimate fixed parameters --- done."
[1] "estimate dispersion parameters --- done."
############## Iteration: 2 ############### 
fixed.par: 2.2 0.96 -0.3 1.36 0.06 -1.72 0.33 -2.78 -1.15 2.74 1.23 -0.05 -0.62 -0.59 -1.45 -71.08 10.7 
FixedParDiff =  0.2254679 
likDiff =  0.00753512 
sigma: 0.97 0.1 -0.46 -0.29 2 
loglike: -5938.733 
########################################## 
[1] "estimate random effects --- done."
[1] "estimate fixed parameters --- done."
[1] "estimate dispersion parameters --- done."
############## Iteration: 3 ############### 
fixed.par: 2.15 1 -0.31 1.39 0.06 -1.74 0.36 -2.77 -1.1 2.65 1.23 -0.05 -0.73 -1.01 -2.06 -87.27 13.16 
FixedParDiff =  0.1290444 
likDiff =  0.002704045 
sigma: 0.98 0.1 -0.42 -0.29 2.01 
loglike: -5922.675 
########################################## 
[1] "estimate random effects --- done."
[1] "estimate fixed parameters --- done."
[1] "estimate dispersion parameters --- done."
############## Iteration: 4 ############### 
fixed.par: 2.15 1 -0.32 1.39 0.06 -1.75 0.37 -2.76 -1.07 2.58 1.25 -0.05 -1.14 -1.97 -3.62 -135.47 20.46 
FixedParDiff =  0.2054798 
likDiff =  0.004323131 
sigma: 0.98 0.08 -0.37 -0.31 2.01 
loglike: -5897.07 
########################################## 
[1] "estimate random effects --- done."
[1] "estimate fixed parameters --- done."
[1] "estimate dispersion parameters --- done."
############## Iteration: 5 ############### 
fixed.par: 2.15 1 -0.32 1.39 0.06 -1.73 0.37 -2.75 -1.01 2.44 1.24 -0.05 -2.79 -5.1 -9.37 -329.43 49.89 
FixedParDiff =  0.4553108 
likDiff =  0.009340742 
sigma: 0.98 0.05 -0.31 -0.36 2 
loglike: -5841.987 
########################################## 
Warning in JMfit_HL(glmeObject, survObject, long.data, surv.data, idVar,  :
  Iteration limit reached without covergence.

### [bt]: Job terminated successfully [batchtools job.id=100]
### [bt]: Calculation finished!
