### [bt]: This is batchtools v0.9.15
### [bt]: Starting calculation of 1 jobs
### [bt]: Setting working directory to '/data/home/mengwang/21-summer-project/src'
### [bt]: Memory measurement disabled
### [bt]: Starting job [batchtools job.id=594]
### [bt]: Generating problem instance for problem 'generate_data' ...
### [bt]: Applying algorithm 'fit_JMest' on problem 'generate_data' for job 594 (seed = 20071537) ...
[1] "get initial values for LME & GLM models --- done."
[1] "get initial values for GLME model --- done."
[1] "get initial values for survival models --- done."
[1] "estimate random effects --- done."
[1] "estimate fixed parameters --- done."
[1] "estimate dispersion parameters --- done."
############## Iteration: 1 ############### 
fixed.par: 1.77 1.19 -0.39 1.64 0.06 -1.65 0.29 -2.74 -1.16 2.73 1.13 -0.04 2.58 -0.17 -0.21 1.15 
FixedParDiff =  4.455622 
likDiff =  1 
sigma: 1.16 0 -0.52 -0.62 1.52 
loglike: -8539.656 
########################################## 
[1] "estimate random effects --- done."
[1] "estimate fixed parameters --- done."
Warning in log(det(H/2/pi)) : NaNs produced
[1] "estimate dispersion parameters --- done."
############## Iteration: 2 ############### 
fixed.par: 1.77 1.19 -0.39 1.64 0.05 -1.71 0.3 -2.79 -1.15 2.52 1.33 -0.06 2.59 -0.33 -0.34 1.15 
FixedParDiff =  0.1490229 
likDiff =  0.2979383 
sigma: 1.16 0.01 -0.49 -0.63 1.52 
loglike: -5995.365 
########################################## 
[1] "estimate random effects --- done."
[1] "estimate fixed parameters --- done."
[1] "estimate dispersion parameters --- done."
############## Iteration: 3 ############### 
fixed.par: 1.77 1.19 -0.39 1.64 0.05 -1.71 0.32 -2.78 -1.15 2.52 1.41 -0.06 2.64 -1.29 -1.36 1.15 
FixedParDiff =  0.3825397 
likDiff =  0.007442888 
sigma: 1.16 0.01 -0.41 -0.74 1.51 
loglike: -5950.742 
########################################## 
[1] "estimate random effects --- done."
[1] "estimate fixed parameters --- done."
Warning in log(det(H/2/pi)) : NaNs produced
Warning in log(det(H/2/pi)) : NaNs produced
Warning in log(det(H/2/pi)) : NaNs produced
Warning in log(det(H/2/pi)) : NaNs produced
Warning in log(det(H/2/pi)) : NaNs produced
Warning in log(det(H/2/pi)) : NaNs produced
Warning in log(det(H/2/pi)) : NaNs produced
Warning in log(det(H/2/pi)) : NaNs produced
Error in estDisp(RespLog, Jdisp, sigma0, invSIGMA0, Dpars = c(Jraneff,  : 
  Iteration stops because dispersion parameters can not be successfully estimated. 
         The Hessian matrix of random effects and fixed parameters may not be invertible. 
         It's probably because the random effects are highly correlated with each other.

### [bt]: Job terminated with an exception [batchtools job.id=594]
### [bt]: Calculation finished!
