### [bt]: This is batchtools v0.9.15
### [bt]: Starting calculation of 1 jobs
### [bt]: Setting working directory to '/data/home/mengwang/21-summer-project/src'
### [bt]: Memory measurement disabled
### [bt]: Starting job [batchtools job.id=361]
### [bt]: Generating problem instance for problem 'generate_data' ...
### [bt]: Applying algorithm 'fit_JMest' on problem 'generate_data' for job 361 (seed = 20071304) ...
[1] "get initial values for LME & GLM models --- done."
[1] "get initial values for GLME model --- done."
[1] "get initial values for survival models --- done."
[1] "estimate random effects --- done."
[1] "estimate fixed parameters --- done."
[1] "estimate dispersion parameters --- done."
############## Iteration: 1 ############### 
fixed.par: 2.63 0.67 -0.17 1.07 0.06 -1.68 0.32 -2.73 -1.22 2.89 1.17 -0.05 -0.52 -0.33 -1.06 -58.39 8.78 
FixedParDiff =  0.3084759 
likDiff =  1 
sigma: 0.95 0.09 -0.46 -0.29 2 
loglike: -5983.822 
########################################## 
[1] "estimate random effects --- done."
[1] "estimate fixed parameters --- done."
[1] "estimate dispersion parameters --- done."
############## Iteration: 2 ############### 
fixed.par: 2.2 0.96 -0.3 1.36 0.06 -1.75 0.35 -2.78 -1.15 2.74 1.22 -0.05 -0.62 -0.59 -1.46 -71.25 10.72 
FixedParDiff =  0.2223926 
likDiff =  0.007562519 
sigma: 0.97 0.1 -0.46 -0.29 2 
loglike: -5938.57 
########################################## 
[1] "estimate random effects --- done."
[1] "estimate fixed parameters --- done."
[1] "estimate dispersion parameters --- done."
############## Iteration: 3 ############### 
fixed.par: 2.15 1 -0.32 1.39 0.06 -1.74 0.36 -2.77 -1.11 2.64 1.24 -0.05 -0.74 -1.02 -2.08 -88.07 13.28 
FixedParDiff =  0.1275089 
likDiff =  0.00269442 
sigma: 0.98 0.1 -0.42 -0.28 2.01 
loglike: -5922.569 
########################################## 
[1] "estimate random effects --- done."
[1] "estimate fixed parameters --- done."
[1] "estimate dispersion parameters --- done."
############## Iteration: 4 ############### 
fixed.par: 2.14 1 -0.32 1.39 0.06 -1.75 0.38 -2.76 -1.07 2.58 1.24 -0.05 -1.17 -2.02 -3.72 -139.77 21.11 
FixedParDiff =  0.2217013 
likDiff =  0.004340071 
sigma: 0.98 0.08 -0.37 -0.31 2.01 
loglike: -5896.864 
########################################## 
[1] "estimate random effects --- done."
[1] "estimate fixed parameters --- done."
[1] "estimate dispersion parameters --- done."
############## Iteration: 5 ############### 
fixed.par: 2.15 1 -0.32 1.39 0.07 -1.75 0.38 -2.75 -1 2.42 1.24 -0.05 -2.79 -5.06 -9.34 -329.02 49.83 
FixedParDiff =  0.4356562 
likDiff =  0.009662983 
sigma: 0.98 0.05 -0.31 -0.36 2 
loglike: -5839.883 
########################################## 
Warning in JMfit_HL(glmeObject, survObject, long.data, surv.data, idVar,  :
  Iteration limit reached without covergence.

### [bt]: Job terminated successfully [batchtools job.id=361]
### [bt]: Calculation finished!
