### [bt]: This is batchtools v0.9.15
### [bt]: Starting calculation of 1 jobs
### [bt]: Setting working directory to '/data/home/mengwang/21-summer-project/src'
### [bt]: Memory measurement disabled
### [bt]: Starting job [batchtools job.id=221]
### [bt]: Generating problem instance for problem 'generate_data' ...
### [bt]: Applying algorithm 'fit_JMest' on problem 'generate_data' for job 221 (seed = 20071164) ...
[1] "get initial values for LME & GLM models --- done."
[1] "get initial values for GLME model --- done."
[1] "get initial values for survival models --- done."
[1] "estimate random effects --- done."
[1] "estimate fixed parameters --- done."
[1] "estimate dispersion parameters --- done."
############## Iteration: 1 ############### 
fixed.par: 2.63 0.67 -0.17 1.07 0.07 -1.69 0.33 -2.73 -1.22 2.89 1.18 -0.05 -0.51 -0.32 -1.03 -56.67 8.52 
FixedParDiff =  0.2944293 
likDiff =  1 
sigma: 0.95 0.09 -0.46 -0.29 2 
loglike: -5983.851 
########################################## 
[1] "estimate random effects --- done."
[1] "estimate fixed parameters --- done."
[1] "estimate dispersion parameters --- done."
############## Iteration: 2 ############### 
fixed.par: 2.2 0.96 -0.3 1.36 0.06 -1.74 0.35 -2.77 -1.16 2.75 1.22 -0.05 -0.59 -0.57 -1.4 -68.06 10.25 
FixedParDiff =  0.2142163 
likDiff =  0.007473825 
sigma: 0.97 0.1 -0.46 -0.29 2 
loglike: -5939.129 
########################################## 
[1] "estimate random effects --- done."
[1] "estimate fixed parameters --- done."
[1] "estimate dispersion parameters --- done."
############## Iteration: 3 ############### 
fixed.par: 2.15 1 -0.31 1.39 0.06 -1.75 0.37 -2.77 -1.11 2.67 1.23 -0.05 -0.74 -1.01 -2.05 -87.99 13.26 
FixedParDiff =  0.140989 
likDiff =  0.002590799 
sigma: 0.98 0.1 -0.42 -0.29 2.01 
loglike: -5923.742 
########################################## 
[1] "estimate random effects --- done."
[1] "estimate fixed parameters --- done."
[1] "estimate dispersion parameters --- done."
############## Iteration: 4 ############### 
fixed.par: 2.15 1 -0.32 1.39 0.06 -1.75 0.38 -2.76 -1.07 2.59 1.24 -0.05 -1.05 -1.83 -3.38 -125.24 18.92 
FixedParDiff =  0.1693601 
likDiff =  0.004399461 
sigma: 0.98 0.08 -0.37 -0.31 2.01 
loglike: -5897.681 
########################################## 
[1] "estimate random effects --- done."
[1] "estimate fixed parameters --- done."
[1] "estimate dispersion parameters --- done."
############## Iteration: 5 ############### 
fixed.par: 2.15 1 -0.31 1.39 0.06 -1.72 0.36 -2.75 -1.03 2.48 1.24 -0.05 -2.38 -4.47 -8.1 -281.13 42.56 
FixedParDiff =  0.401419 
likDiff =  0.008624289 
sigma: 0.98 0.06 -0.32 -0.36 2 
loglike: -5846.817 
########################################## 
Warning in JMfit_HL(glmeObject, survObject, long.data, surv.data, idVar,  :
  Iteration limit reached without covergence.

### [bt]: Job terminated successfully [batchtools job.id=221]
### [bt]: Calculation finished!
