### [bt]: This is batchtools v0.9.15
### [bt]: Starting calculation of 1 jobs
### [bt]: Setting working directory to '/data/home/mengwang/21-summer-project/src'
### [bt]: Memory measurement disabled
### [bt]: Starting job [batchtools job.id=531]
### [bt]: Generating problem instance for problem 'generate_data' ...
### [bt]: Applying algorithm 'fit_JMest' on problem 'generate_data' for job 531 (seed = 20071474) ...
[1] "get initial values for LME & GLM models --- done."
[1] "get initial values for GLME model --- done."
[1] "get initial values for survival models --- done."
[1] "estimate random effects --- done."
[1] "estimate fixed parameters --- done."
[1] "estimate dispersion parameters --- done."
############## Iteration: 1 ############### 
fixed.par: 2.63 0.67 -0.17 1.07 0.06 -1.67 0.32 -2.74 -1.22 2.89 1.18 -0.05 -0.53 -0.33 -1.06 -58.82 8.84 
FixedParDiff =  0.3158963 
likDiff =  1 
sigma: 0.95 0.09 -0.46 -0.29 2 
loglike: -5983.841 
########################################## 
[1] "estimate random effects --- done."
[1] "estimate fixed parameters --- done."
[1] "estimate dispersion parameters --- done."
############## Iteration: 2 ############### 
fixed.par: 2.2 0.96 -0.3 1.35 0.06 -1.74 0.35 -2.78 -1.15 2.73 1.22 -0.05 -0.61 -0.58 -1.44 -70.02 10.54 
FixedParDiff =  0.2134004 
likDiff =  0.007589528 
sigma: 0.97 0.1 -0.46 -0.29 2 
loglike: -5938.427 
########################################## 
[1] "estimate random effects --- done."
[1] "estimate fixed parameters --- done."
[1] "estimate dispersion parameters --- done."
############## Iteration: 3 ############### 
fixed.par: 2.15 0.99 -0.31 1.39 0.06 -1.75 0.36 -2.77 -1.11 2.65 1.24 -0.05 -0.76 -1.04 -2.11 -89.95 13.56 
FixedParDiff =  0.1378771 
likDiff =  0.00262318 
sigma: 0.98 0.1 -0.42 -0.28 2.01 
loglike: -5922.849 
########################################## 
[1] "estimate random effects --- done."
[1] "estimate fixed parameters --- done."
[1] "estimate dispersion parameters --- done."
############## Iteration: 4 ############### 
fixed.par: 2.15 1 -0.31 1.39 0.06 -1.75 0.38 -2.76 -1.06 2.57 1.24 -0.05 -1.12 -1.93 -3.57 -133.36 20.14 
FixedParDiff =  0.1883342 
likDiff =  0.004457832 
sigma: 0.98 0.08 -0.37 -0.31 2.01 
loglike: -5896.446 
########################################## 
[1] "estimate random effects --- done."
[1] "estimate fixed parameters --- done."
[1] "estimate dispersion parameters --- done."
############## Iteration: 5 ############### 
fixed.par: 2.15 1 -0.31 1.39 0.07 -1.75 0.38 -2.75 -1.01 2.44 1.24 -0.05 -2.63 -4.82 -8.84 -310.37 47 
FixedParDiff =  0.4250232 
likDiff =  0.009107162 
sigma: 0.98 0.05 -0.31 -0.36 2 
loglike: -5842.746 
########################################## 
Warning in JMfit_HL(glmeObject, survObject, long.data, surv.data, idVar,  :
  Iteration limit reached without covergence.

### [bt]: Job terminated successfully [batchtools job.id=531]
### [bt]: Calculation finished!
