### [bt]: This is batchtools v0.9.15
### [bt]: Starting calculation of 1 jobs
### [bt]: Setting working directory to '/data/home/mengwang/21-summer-project/src'
### [bt]: Memory measurement disabled
### [bt]: Starting job [batchtools job.id=356]
### [bt]: Generating problem instance for problem 'generate_data' ...
### [bt]: Applying algorithm 'fit_JMest' on problem 'generate_data' for job 356 (seed = 20071299) ...
[1] "get initial values for LME & GLM models --- done."
[1] "get initial values for GLME model --- done."
[1] "get initial values for survival models --- done."
[1] "estimate random effects --- done."
[1] "estimate fixed parameters --- done."
[1] "estimate dispersion parameters --- done."
############## Iteration: 1 ############### 
fixed.par: 2.63 0.67 -0.17 1.07 0.06 -1.68 0.32 -2.73 -1.21 2.89 1.17 -0.05 -0.52 -0.33 -1.06 -58.5 8.79 
FixedParDiff =  0.3090923 
likDiff =  1 
sigma: 0.95 0.09 -0.46 -0.29 2 
loglike: -5983.83 
########################################## 
[1] "estimate random effects --- done."
[1] "estimate fixed parameters --- done."
[1] "estimate dispersion parameters --- done."
############## Iteration: 2 ############### 
fixed.par: 2.2 0.96 -0.3 1.35 0.06 -1.73 0.34 -2.78 -1.15 2.74 1.22 -0.05 -0.61 -0.59 -1.45 -70.65 10.63 
FixedParDiff =  0.2179312 
likDiff =  0.007574267 
sigma: 0.97 0.1 -0.46 -0.29 2 
loglike: -5938.507 
########################################## 
[1] "estimate random effects --- done."
[1] "estimate fixed parameters --- done."
[1] "estimate dispersion parameters --- done."
############## Iteration: 3 ############### 
fixed.par: 2.15 1 -0.31 1.39 0.06 -1.75 0.37 -2.77 -1.11 2.65 1.24 -0.05 -0.73 -1.01 -2.05 -86.53 13.04 
FixedParDiff =  0.1254687 
likDiff =  0.002653575 
sigma: 0.98 0.1 -0.42 -0.29 2.01 
loglike: -5922.749 
########################################## 
[1] "estimate random effects --- done."
[1] "estimate fixed parameters --- done."
[1] "estimate dispersion parameters --- done."
############## Iteration: 4 ############### 
fixed.par: 2.15 1 -0.32 1.39 0.06 -1.72 0.35 -2.76 -1.08 2.59 1.24 -0.05 -1.15 -2 -3.66 -137.52 20.77 
FixedParDiff =  0.2204136 
likDiff =  0.004297298 
sigma: 0.98 0.08 -0.38 -0.31 2.01 
loglike: -5897.297 
########################################## 
[1] "estimate random effects --- done."
[1] "estimate fixed parameters --- done."
[1] "estimate dispersion parameters --- done."
############## Iteration: 5 ############### 
fixed.par: 2.15 1 -0.31 1.39 0.06 -1.74 0.37 -2.75 -1.01 2.44 1.24 -0.05 -2.84 -5.18 -9.52 -334.77 50.7 
FixedParDiff =  0.4653641 
likDiff =  0.009546143 
sigma: 0.98 0.05 -0.31 -0.36 2 
loglike: -5841.001 
########################################## 
Warning in JMfit_HL(glmeObject, survObject, long.data, surv.data, idVar,  :
  Iteration limit reached without covergence.

### [bt]: Job terminated successfully [batchtools job.id=356]
### [bt]: Calculation finished!
