### [bt]: This is batchtools v0.9.15
### [bt]: Starting calculation of 1 jobs
### [bt]: Setting working directory to '/data/home/mengwang/21-summer-project/src'
### [bt]: Memory measurement disabled
### [bt]: Starting job [batchtools job.id=398]
### [bt]: Generating problem instance for problem 'generate_data' ...
### [bt]: Applying algorithm 'fit_JMest' on problem 'generate_data' for job 398 (seed = 20071341) ...
[1] "get initial values for LME & GLM models --- done."
[1] "get initial values for GLME model --- done."
[1] "get initial values for survival models --- done."
[1] "estimate random effects --- done."
[1] "estimate fixed parameters --- done."
[1] "estimate dispersion parameters --- done."
############## Iteration: 1 ############### 
fixed.par: 2.63 0.67 -0.17 1.07 0.08 -1.75 0.38 -2.73 -1.22 2.89 1.18 -0.05 -0.52 -0.33 -1.05 -57.67 8.67 
FixedParDiff =  0.2928086 
likDiff =  1 
sigma: 0.95 0.09 -0.46 -0.29 2 
loglike: -5983.81 
########################################## 
[1] "estimate random effects --- done."
[1] "estimate fixed parameters --- done."
[1] "estimate dispersion parameters --- done."
############## Iteration: 2 ############### 
fixed.par: 2.2 0.96 -0.3 1.36 0.06 -1.74 0.35 -2.78 -1.15 2.74 1.22 -0.05 -0.61 -0.58 -1.44 -70.37 10.59 
FixedParDiff =  0.2291792 
likDiff =  0.007528285 
sigma: 0.97 0.1 -0.46 -0.29 2 
loglike: -5938.762 
########################################## 
[1] "estimate random effects --- done."
[1] "estimate fixed parameters --- done."
[1] "estimate dispersion parameters --- done."
############## Iteration: 3 ############### 
fixed.par: 2.15 1 -0.31 1.39 0.06 -1.75 0.37 -2.77 -1.11 2.65 1.24 -0.05 -0.74 -1.02 -2.07 -87.87 13.25 
FixedParDiff =  0.1301851 
likDiff =  0.002676172 
sigma: 0.98 0.1 -0.42 -0.29 2.01 
loglike: -5922.869 
########################################## 
[1] "estimate random effects --- done."
[1] "estimate fixed parameters --- done."
[1] "estimate dispersion parameters --- done."
############## Iteration: 4 ############### 
fixed.par: 2.15 1 -0.32 1.39 0.07 -1.76 0.38 -2.76 -1.07 2.58 1.25 -0.05 -1.11 -1.93 -3.55 -132.75 20.05 
FixedParDiff =  0.1975134 
likDiff =  0.004383289 
sigma: 0.98 0.08 -0.37 -0.31 2.01 
loglike: -5896.907 
########################################## 
[1] "estimate random effects --- done."
[1] "estimate fixed parameters --- done."
[1] "estimate dispersion parameters --- done."
############## Iteration: 5 ############### 
fixed.par: 2.15 0.99 -0.31 1.39 0.07 -1.75 0.38 -2.74 -1.01 2.45 1.24 -0.05 -2.57 -4.74 -8.67 -303.22 45.92 
FixedParDiff =  0.411949 
likDiff =  0.009167582 
sigma: 0.98 0.05 -0.31 -0.36 2 
loglike: -5842.847 
########################################## 
Warning in JMfit_HL(glmeObject, survObject, long.data, surv.data, idVar,  :
  Iteration limit reached without covergence.

### [bt]: Job terminated successfully [batchtools job.id=398]
### [bt]: Calculation finished!
