### [bt]: This is batchtools v0.9.15
### [bt]: Starting calculation of 1 jobs
### [bt]: Setting working directory to '/data/home/mengwang/21-summer-project/src'
### [bt]: Memory measurement disabled
### [bt]: Starting job [batchtools job.id=216]
### [bt]: Generating problem instance for problem 'generate_data' ...
### [bt]: Applying algorithm 'fit_JMest' on problem 'generate_data' for job 216 (seed = 20071159) ...
[1] "get initial values for LME & GLM models --- done."
[1] "get initial values for GLME model --- done."
[1] "get initial values for survival models --- done."
[1] "estimate random effects --- done."
[1] "estimate fixed parameters --- done."
[1] "estimate dispersion parameters --- done."
############## Iteration: 1 ############### 
fixed.par: 2.63 0.67 -0.17 1.07 0.07 -1.7 0.34 -2.73 -1.22 2.89 1.18 -0.05 -0.52 -0.33 -1.05 -58.05 8.72 
FixedParDiff =  0.3015422 
likDiff =  1 
sigma: 0.95 0.09 -0.46 -0.29 2 
loglike: -5983.822 
########################################## 
[1] "estimate random effects --- done."
[1] "estimate fixed parameters --- done."
[1] "estimate dispersion parameters --- done."
############## Iteration: 2 ############### 
fixed.par: 2.2 0.96 -0.3 1.36 0.06 -1.73 0.34 -2.78 -1.15 2.74 1.22 -0.05 -0.6 -0.58 -1.43 -69.76 10.5 
FixedParDiff =  0.2141702 
likDiff =  0.00755061 
sigma: 0.97 0.1 -0.46 -0.29 2 
loglike: -5938.64 
########################################## 
[1] "estimate random effects --- done."
[1] "estimate fixed parameters --- done."
[1] "estimate dispersion parameters --- done."
############## Iteration: 3 ############### 
fixed.par: 2.15 1 -0.31 1.39 0.06 -1.74 0.36 -2.77 -1.11 2.66 1.24 -0.05 -0.74 -1.02 -2.07 -88.08 13.28 
FixedParDiff =  0.1331658 
likDiff =  0.002632721 
sigma: 0.98 0.1 -0.42 -0.29 2.01 
loglike: -5923.005 
########################################## 
[1] "estimate random effects --- done."
[1] "estimate fixed parameters --- done."
[1] "estimate dispersion parameters --- done."
############## Iteration: 4 ############### 
fixed.par: 2.14 1 -0.32 1.39 0.06 -1.75 0.38 -2.76 -1.07 2.58 1.25 -0.05 -1.08 -1.88 -3.47 -129.02 19.49 
FixedParDiff =  0.1834236 
likDiff =  0.004375659 
sigma: 0.98 0.08 -0.37 -0.31 2.01 
loglike: -5897.088 
########################################## 
[1] "estimate random effects --- done."
[1] "estimate fixed parameters --- done."
[1] "estimate dispersion parameters --- done."
############## Iteration: 5 ############### 
fixed.par: 2.15 1 -0.32 1.39 0.07 -1.75 0.38 -2.75 -1.02 2.46 1.24 -0.05 -2.49 -4.63 -8.43 -294.05 44.53 
FixedParDiff =  0.4128506 
likDiff =  0.008890805 
sigma: 0.98 0.05 -0.31 -0.36 2 
loglike: -5844.658 
########################################## 
Warning in JMfit_HL(glmeObject, survObject, long.data, surv.data, idVar,  :
  Iteration limit reached without covergence.

### [bt]: Job terminated successfully [batchtools job.id=216]
### [bt]: Calculation finished!
