### [bt]: This is batchtools v0.9.15
### [bt]: Starting calculation of 1 jobs
### [bt]: Setting working directory to '/data/home/mengwang/21-summer-project/src'
### [bt]: Memory measurement disabled
### [bt]: Starting job [batchtools job.id=258]
### [bt]: Generating problem instance for problem 'generate_data' ...
### [bt]: Applying algorithm 'fit_JMest' on problem 'generate_data' for job 258 (seed = 20071201) ...
[1] "get initial values for LME & GLM models --- done."
[1] "get initial values for GLME model --- done."
[1] "get initial values for survival models --- done."
[1] "estimate random effects --- done."
[1] "estimate fixed parameters --- done."
[1] "estimate dispersion parameters --- done."
############## Iteration: 1 ############### 
fixed.par: 1.77 1.2 -0.39 1.64 0.06 -1.65 0.29 -2.74 -1.16 2.73 1.13 -0.04 2.58 -0.17 -0.21 1.15 
FixedParDiff =  4.447071 
likDiff =  1 
sigma: 1.16 0 -0.52 -0.62 1.52 
loglike: -8539.357 
########################################## 
[1] "estimate random effects --- done."
[1] "estimate fixed parameters --- done."
[1] "estimate dispersion parameters --- done."
############## Iteration: 2 ############### 
fixed.par: 1.78 1.19 -0.39 1.64 0.05 -1.7 0.3 -2.79 -1.15 2.52 1.33 -0.06 2.6 -0.42 -0.45 1.15 
FixedParDiff =  0.2206025 
likDiff =  0.2979121 
sigma: 1.16 0.01 -0.49 -0.63 1.52 
loglike: -5995.379 
########################################## 
[1] "estimate random effects --- done."
[1] "estimate fixed parameters --- done."
[1] "estimate dispersion parameters --- done."
############## Iteration: 3 ############### 
fixed.par: 1.78 1.19 -0.39 1.64 0.05 -1.7 0.31 -2.78 -1.14 2.53 1.39 -0.06 2.68 -1.72 -1.85 1.15 
FixedParDiff =  0.3967665 
likDiff =  0.00752475 
sigma: 1.16 0.01 -0.41 -0.74 1.51 
loglike: -5950.266 
########################################## 
[1] "estimate random effects --- done."
[1] "estimate fixed parameters --- done."
Warning in log(det(H/2/pi)) : NaNs produced
Warning in log(det(H/2/pi)) : NaNs produced
Warning in log(det(H/2/pi)) : NaNs produced
[1] "estimate dispersion parameters --- done."
############## Iteration: 4 ############### 
fixed.par: 1.8 1.18 -0.39 1.63 0.06 -1.71 0.34 -2.75 -1.14 2.53 1.47 -0.05 3.54 -13.75 -14.25 1.15 
FixedParDiff =  0.9025099 
likDiff =  0.0187783 
sigma: 1.15 0.01 -0.29 -0.81 1.51 
loglike: -5838.53 
########################################## 
[1] "estimate random effects --- done."
[1] "estimate fixed parameters --- done."
Warning in log(det(H/2/pi)) : NaNs produced
Warning in log(det(H/2/pi)) : NaNs produced
[1] "estimate dispersion parameters --- done."
############## Iteration: 5 ############### 
fixed.par: 1.86 1.15 -0.37 1.58 0.07 -1.71 0.35 -2.73 -1.12 2.51 1.51 -0.05 8.26 -93.44 -93.9 1.12 
FixedParDiff =  0.8276829 
likDiff =  0.01697203 
sigma: 1.12 0.01 -0.22 -0.83 1.51 
loglike: -5739.438 
########################################## 
Warning in JMfit_HL(glmeObject, survObject, long.data, surv.data, idVar,  :
  Iteration limit reached without covergence.
Warning in sqrt(sd2) : NaNs produced
Warning in sqrt(diag(solve(Hmat))) : NaNs produced

### [bt]: Job terminated successfully [batchtools job.id=258]
### [bt]: Calculation finished!
