### [bt]: This is batchtools v0.9.15
### [bt]: Starting calculation of 1 jobs
### [bt]: Setting working directory to '/data/home/mengwang/21-summer-project/src'
### [bt]: Memory measurement disabled
### [bt]: Starting job [batchtools job.id=505]
### [bt]: Generating problem instance for problem 'generate_data' ...
### [bt]: Applying algorithm 'fit_JMest' on problem 'generate_data' for job 505 (seed = 20071448) ...
[1] "get initial values for LME & GLM models --- done."
[1] "get initial values for GLME model --- done."
[1] "get initial values for survival models --- done."
[1] "estimate random effects --- done."
[1] "estimate fixed parameters --- done."
[1] "estimate dispersion parameters --- done."
############## Iteration: 1 ############### 
fixed.par: 2.63 0.67 -0.17 1.07 0.07 -1.71 0.35 -2.73 -1.21 2.89 1.17 -0.05 -0.52 -0.32 -1.05 -57.57 8.65 
FixedParDiff =  0.2945899 
likDiff =  1 
sigma: 0.95 0.09 -0.46 -0.29 2 
loglike: -5983.823 
########################################## 
[1] "estimate random effects --- done."
[1] "estimate fixed parameters --- done."
[1] "estimate dispersion parameters --- done."
############## Iteration: 2 ############### 
fixed.par: 2.2 0.96 -0.3 1.36 0.06 -1.73 0.34 -2.78 -1.15 2.74 1.22 -0.05 -0.61 -0.58 -1.44 -70.54 10.62 
FixedParDiff =  0.2222435 
likDiff =  0.007522087 
sigma: 0.97 0.1 -0.46 -0.29 2 
loglike: -5938.812 
########################################## 
[1] "estimate random effects --- done."
[1] "estimate fixed parameters --- done."
[1] "estimate dispersion parameters --- done."
############## Iteration: 3 ############### 
fixed.par: 2.15 0.99 -0.31 1.39 0.06 -1.74 0.36 -2.77 -1.11 2.65 1.23 -0.05 -0.77 -1.05 -2.13 -91.01 13.72 
FixedParDiff =  0.1394621 
likDiff =  0.002679975 
sigma: 0.98 0.1 -0.42 -0.29 2.01 
loglike: -5922.896 
########################################## 
[1] "estimate random effects --- done."
[1] "estimate fixed parameters --- done."
[1] "estimate dispersion parameters --- done."
############## Iteration: 4 ############### 
fixed.par: 2.14 1 -0.32 1.39 0.06 -1.75 0.38 -2.76 -1.06 2.57 1.24 -0.05 -1.13 -1.95 -3.61 -135.29 20.44 
FixedParDiff =  0.1922915 
likDiff =  0.004501732 
sigma: 0.98 0.08 -0.37 -0.31 2.01 
loglike: -5896.233 
########################################## 
[1] "estimate random effects --- done."
[1] "estimate fixed parameters --- done."
[1] "estimate dispersion parameters --- done."
############## Iteration: 5 ############### 
fixed.par: 2.15 1 -0.32 1.39 0.06 -1.74 0.37 -2.75 -1.01 2.43 1.25 -0.05 -2.66 -4.84 -8.91 -313.38 47.46 
FixedParDiff =  0.4201186 
likDiff =  0.009199674 
sigma: 0.98 0.05 -0.31 -0.36 2 
loglike: -5841.989 
########################################## 
Warning in JMfit_HL(glmeObject, survObject, long.data, surv.data, idVar,  :
  Iteration limit reached without covergence.

### [bt]: Job terminated successfully [batchtools job.id=505]
### [bt]: Calculation finished!
