### [bt]: This is batchtools v0.9.15
### [bt]: Starting calculation of 1 jobs
### [bt]: Setting working directory to '/data/home/mengwang/21-summer-project/src'
### [bt]: Memory measurement disabled
### [bt]: Starting job [batchtools job.id=69]
### [bt]: Generating problem instance for problem 'generate_data' ...
### [bt]: Applying algorithm 'fit_JMest' on problem 'generate_data' for job 69 (seed = 20071012) ...
[1] "get initial values for LME & GLM models --- done."
[1] "get initial values for GLME model --- done."
[1] "get initial values for survival models --- done."
[1] "estimate random effects --- done."
[1] "estimate fixed parameters --- done."
[1] "estimate dispersion parameters --- done."
############## Iteration: 1 ############### 
fixed.par: 2.63 0.67 -0.17 1.07 0.07 -1.7 0.34 -2.74 -1.21 2.89 1.17 -0.05 -0.51 -0.32 -1.04 -57.18 8.6 
FixedParDiff =  0.2921623 
likDiff =  1 
sigma: 0.95 0.09 -0.46 -0.29 2 
loglike: -5983.82 
########################################## 
[1] "estimate random effects --- done."
[1] "estimate fixed parameters --- done."
[1] "estimate dispersion parameters --- done."
############## Iteration: 2 ############### 
fixed.par: 2.2 0.96 -0.3 1.36 0.06 -1.73 0.34 -2.78 -1.15 2.75 1.22 -0.05 -0.6 -0.57 -1.42 -69.15 10.41 
FixedParDiff =  0.2193652 
likDiff =  0.007500357 
sigma: 0.97 0.1 -0.46 -0.29 2 
loglike: -5938.939 
########################################## 
[1] "estimate random effects --- done."
[1] "estimate fixed parameters --- done."
[1] "estimate dispersion parameters --- done."
############## Iteration: 3 ############### 
fixed.par: 2.15 1 -0.31 1.39 0.06 -1.75 0.37 -2.77 -1.11 2.66 1.24 -0.05 -0.75 -1.03 -2.09 -89.68 13.52 
FixedParDiff =  0.1461873 
likDiff =  0.002624542 
sigma: 0.98 0.1 -0.42 -0.29 2.01 
loglike: -5923.352 
########################################## 
[1] "estimate random effects --- done."
[1] "estimate fixed parameters --- done."
[1] "estimate dispersion parameters --- done."
############## Iteration: 4 ############### 
fixed.par: 2.14 1 -0.32 1.39 0.06 -1.73 0.36 -2.76 -1.07 2.58 1.24 -0.05 -1.17 -2 -3.71 -139.34 21.05 
FixedParDiff =  0.2097549 
likDiff =  0.004477516 
sigma: 0.98 0.08 -0.37 -0.31 2.01 
loglike: -5896.83 
########################################## 
[1] "estimate random effects --- done."
[1] "estimate fixed parameters --- done."
[1] "estimate dispersion parameters --- done."
############## Iteration: 5 ############### 
fixed.par: 2.15 1 -0.31 1.39 0.06 -1.73 0.37 -2.75 -1 2.42 1.24 -0.05 -2.77 -5.03 -9.3 -327.63 49.62 
FixedParDiff =  0.4357645 
likDiff =  0.009552872 
sigma: 0.98 0.05 -0.31 -0.37 2 
loglike: -5840.498 
########################################## 
Warning in JMfit_HL(glmeObject, survObject, long.data, surv.data, idVar,  :
  Iteration limit reached without covergence.

### [bt]: Job terminated successfully [batchtools job.id=69]
### [bt]: Calculation finished!
