### [bt]: This is batchtools v0.9.15
### [bt]: Starting calculation of 1 jobs
### [bt]: Setting working directory to '/data/home/mengwang/21-summer-project/src'
### [bt]: Memory measurement disabled
### [bt]: Starting job [batchtools job.id=92]
### [bt]: Generating problem instance for problem 'generate_data' ...
### [bt]: Applying algorithm 'fit_JMest' on problem 'generate_data' for job 92 (seed = 20071035) ...
[1] "get initial values for LME & GLM models --- done."
[1] "get initial values for GLME model --- done."
[1] "get initial values for survival models --- done."
[1] "estimate random effects --- done."
[1] "estimate fixed parameters --- done."
[1] "estimate dispersion parameters --- done."
############## Iteration: 1 ############### 
fixed.par: 2.63 0.67 -0.17 1.07 0.07 -1.71 0.35 -2.73 -1.22 2.89 1.18 -0.05 -0.53 -0.33 -1.06 -58.65 8.81 
FixedParDiff =  0.3040649 
likDiff =  1 
sigma: 0.95 0.09 -0.46 -0.29 2 
loglike: -5983.816 
########################################## 
[1] "estimate random effects --- done."
[1] "estimate fixed parameters --- done."
[1] "estimate dispersion parameters --- done."
############## Iteration: 2 ############### 
fixed.par: 2.2 0.96 -0.3 1.36 0.06 -1.73 0.34 -2.78 -1.15 2.73 1.21 -0.05 -0.61 -0.59 -1.44 -70.36 10.59 
FixedParDiff =  0.2155277 
likDiff =  0.007580111 
sigma: 0.97 0.1 -0.46 -0.29 2 
loglike: -5938.458 
########################################## 
[1] "estimate random effects --- done."
[1] "estimate fixed parameters --- done."
[1] "estimate dispersion parameters --- done."
############## Iteration: 3 ############### 
fixed.par: 2.15 0.99 -0.31 1.39 0.06 -1.75 0.37 -2.77 -1.11 2.65 1.24 -0.05 -0.75 -1.04 -2.1 -89.45 13.48 
FixedParDiff =  0.1390846 
likDiff =  0.002646314 
sigma: 0.98 0.1 -0.42 -0.29 2.01 
loglike: -5922.743 
########################################## 
[1] "estimate random effects --- done."
[1] "estimate fixed parameters --- done."
[1] "estimate dispersion parameters --- done."
############## Iteration: 4 ############### 
fixed.par: 2.15 1 -0.32 1.39 0.06 -1.74 0.37 -2.76 -1.07 2.57 1.24 -0.05 -1.16 -1.99 -3.68 -137.95 20.84 
FixedParDiff =  0.2013338 
likDiff =  0.004445564 
sigma: 0.98 0.08 -0.37 -0.31 2.01 
loglike: -5896.413 
########################################## 
[1] "estimate random effects --- done."
[1] "estimate fixed parameters --- done."
[1] "estimate dispersion parameters --- done."
############## Iteration: 5 ############### 
fixed.par: 2.15 1 -0.31 1.39 0.06 -1.74 0.37 -2.75 -1 2.43 1.24 -0.05 -2.67 -4.87 -8.98 -315.74 47.82 
FixedParDiff =  0.4146549 
likDiff =  0.00948272 
sigma: 0.98 0.05 -0.31 -0.36 2 
loglike: -5840.499 
########################################## 
Warning in JMfit_HL(glmeObject, survObject, long.data, surv.data, idVar,  :
  Iteration limit reached without covergence.

### [bt]: Job terminated successfully [batchtools job.id=92]
### [bt]: Calculation finished!
