### [bt]: This is batchtools v0.9.15
### [bt]: Starting calculation of 1 jobs
### [bt]: Setting working directory to '/data/home/mengwang/21-summer-project/src'
### [bt]: Memory measurement disabled
### [bt]: Starting job [batchtools job.id=248]
### [bt]: Generating problem instance for problem 'generate_data' ...
### [bt]: Applying algorithm 'fit_JMest' on problem 'generate_data' for job 248 (seed = 20071191) ...
[1] "get initial values for LME & GLM models --- done."
[1] "get initial values for GLME model --- done."
[1] "get initial values for survival models --- done."
[1] "estimate random effects --- done."
[1] "estimate fixed parameters --- done."
[1] "estimate dispersion parameters --- done."
############## Iteration: 1 ############### 
fixed.par: 2.63 0.67 -0.17 1.07 0.07 -1.71 0.35 -2.73 -1.21 2.89 1.18 -0.05 -0.52 -0.33 -1.05 -58.09 8.73 
FixedParDiff =  0.2979552 
likDiff =  1 
sigma: 0.95 0.09 -0.46 -0.29 2 
loglike: -5983.83 
########################################## 
[1] "estimate random effects --- done."
[1] "estimate fixed parameters --- done."
[1] "estimate dispersion parameters --- done."
############## Iteration: 2 ############### 
fixed.par: 2.2 0.96 -0.3 1.36 0.06 -1.73 0.34 -2.78 -1.15 2.74 1.22 -0.05 -0.6 -0.58 -1.43 -69.73 10.5 
FixedParDiff =  0.2154195 
likDiff =  0.007556462 
sigma: 0.97 0.1 -0.46 -0.29 2 
loglike: -5938.613 
########################################## 
[1] "estimate random effects --- done."
[1] "estimate fixed parameters --- done."
[1] "estimate dispersion parameters --- done."
############## Iteration: 3 ############### 
fixed.par: 2.15 1 -0.31 1.39 0.06 -1.76 0.37 -2.77 -1.11 2.66 1.23 -0.05 -0.74 -1.02 -2.07 -88.12 13.28 
FixedParDiff =  0.1361721 
likDiff =  0.002628331 
sigma: 0.98 0.1 -0.42 -0.29 2.01 
loglike: -5923.005 
########################################## 
[1] "estimate random effects --- done."
[1] "estimate fixed parameters --- done."
[1] "estimate dispersion parameters --- done."
############## Iteration: 4 ############### 
fixed.par: 2.15 1 -0.31 1.39 0.06 -1.72 0.35 -2.76 -1.07 2.58 1.24 -0.05 -1.12 -1.94 -3.58 -133.96 20.23 
FixedParDiff =  0.2007429 
likDiff =  0.004394026 
sigma: 0.98 0.08 -0.37 -0.31 2.01 
loglike: -5896.979 
########################################## 
[1] "estimate random effects --- done."
[1] "estimate fixed parameters --- done."
[1] "estimate dispersion parameters --- done."
############## Iteration: 5 ############### 
fixed.par: 2.15 1 -0.32 1.39 0.06 -1.73 0.37 -2.75 -1.01 2.45 1.24 -0.05 -2.49 -4.59 -8.41 -294.11 44.54 
FixedParDiff =  0.3908511 
likDiff =  0.00920846 
sigma: 0.98 0.05 -0.31 -0.36 2 
loglike: -5842.677 
########################################## 
Warning in JMfit_HL(glmeObject, survObject, long.data, surv.data, idVar,  :
  Iteration limit reached without covergence.

### [bt]: Job terminated successfully [batchtools job.id=248]
### [bt]: Calculation finished!
