### [bt]: This is batchtools v0.9.15
### [bt]: Starting calculation of 1 jobs
### [bt]: Setting working directory to '/data/home/mengwang/21-summer-project/src'
### [bt]: Memory measurement disabled
### [bt]: Starting job [batchtools job.id=375]
### [bt]: Generating problem instance for problem 'generate_data' ...
### [bt]: Applying algorithm 'fit_JMest' on problem 'generate_data' for job 375 (seed = 20071318) ...
[1] "get initial values for LME & GLM models --- done."
[1] "get initial values for GLME model --- done."
[1] "get initial values for survival models --- done."
[1] "estimate random effects --- done."
[1] "estimate fixed parameters --- done."
[1] "estimate dispersion parameters --- done."
############## Iteration: 1 ############### 
fixed.par: 2.63 0.67 -0.17 1.07 0.07 -1.7 0.34 -2.74 -1.22 2.89 1.17 -0.05 -0.52 -0.33 -1.05 -57.87 8.7 
FixedParDiff =  0.2975504 
likDiff =  1 
sigma: 0.95 0.09 -0.46 -0.29 2 
loglike: -5983.807 
########################################## 
[1] "estimate random effects --- done."
[1] "estimate fixed parameters --- done."
[1] "estimate dispersion parameters --- done."
############## Iteration: 2 ############### 
fixed.par: 2.2 0.96 -0.3 1.35 0.06 -1.74 0.35 -2.78 -1.15 2.74 1.22 -0.05 -0.62 -0.59 -1.46 -71.45 10.75 
FixedParDiff =  0.2266362 
likDiff =  0.007529683 
sigma: 0.97 0.1 -0.46 -0.29 2 
loglike: -5938.751 
########################################## 
[1] "estimate random effects --- done."
[1] "estimate fixed parameters --- done."
[1] "estimate dispersion parameters --- done."
############## Iteration: 3 ############### 
fixed.par: 2.15 0.99 -0.31 1.39 0.06 -1.74 0.36 -2.77 -1.1 2.64 1.23 -0.05 -0.77 -1.05 -2.13 -91.16 13.74 
FixedParDiff =  0.135307 
likDiff =  0.002726364 
sigma: 0.98 0.1 -0.42 -0.28 2.01 
loglike: -5922.56 
########################################## 
[1] "estimate random effects --- done."
[1] "estimate fixed parameters --- done."
[1] "estimate dispersion parameters --- done."
############## Iteration: 4 ############### 
fixed.par: 2.14 1 -0.32 1.39 0.06 -1.75 0.37 -2.76 -1.06 2.56 1.24 -0.05 -1.16 -1.99 -3.69 -138.5 20.92 
FixedParDiff =  0.1971274 
likDiff =  0.004490014 
sigma: 0.98 0.08 -0.37 -0.31 2.01 
loglike: -5895.967 
########################################## 
[1] "estimate random effects --- done."
[1] "estimate fixed parameters --- done."
[1] "estimate dispersion parameters --- done."
############## Iteration: 5 ############### 
fixed.par: 2.15 1 -0.32 1.39 0.07 -1.76 0.39 -2.74 -1 2.42 1.24 -0.05 -2.74 -4.95 -9.15 -322.66 48.87 
FixedParDiff =  0.4302248 
likDiff =  0.009422741 
sigma: 0.98 0.05 -0.31 -0.36 2 
loglike: -5840.411 
########################################## 
Warning in JMfit_HL(glmeObject, survObject, long.data, surv.data, idVar,  :
  Iteration limit reached without covergence.

### [bt]: Job terminated successfully [batchtools job.id=375]
### [bt]: Calculation finished!
