### [bt]: This is batchtools v0.9.15
### [bt]: Starting calculation of 1 jobs
### [bt]: Setting working directory to '/data/home/mengwang/21-summer-project/src'
### [bt]: Memory measurement disabled
### [bt]: Starting job [batchtools job.id=508]
### [bt]: Generating problem instance for problem 'generate_data' ...
### [bt]: Applying algorithm 'fit_JMest' on problem 'generate_data' for job 508 (seed = 20071451) ...
[1] "get initial values for LME & GLM models --- done."
[1] "get initial values for GLME model --- done."
[1] "get initial values for survival models --- done."
[1] "estimate random effects --- done."
[1] "estimate fixed parameters --- done."
[1] "estimate dispersion parameters --- done."
############## Iteration: 1 ############### 
fixed.par: 2.63 0.67 -0.17 1.07 0.06 -1.66 0.31 -2.74 -1.21 2.89 1.17 -0.05 -0.52 -0.32 -1.05 -57.77 8.68 
FixedParDiff =  0.3064857 
likDiff =  1 
sigma: 0.95 0.09 -0.46 -0.29 2 
loglike: -5983.791 
########################################## 
[1] "estimate random effects --- done."
[1] "estimate fixed parameters --- done."
[1] "estimate dispersion parameters --- done."
############## Iteration: 2 ############### 
fixed.par: 2.2 0.96 -0.3 1.35 0.06 -1.74 0.35 -2.77 -1.15 2.74 1.22 -0.05 -0.59 -0.57 -1.41 -68.57 10.32 
FixedParDiff =  0.215344 
likDiff =  0.007523331 
sigma: 0.97 0.1 -0.46 -0.29 2 
loglike: -5938.773 
########################################## 
[1] "estimate random effects --- done."
[1] "estimate fixed parameters --- done."
[1] "estimate dispersion parameters --- done."
############## Iteration: 3 ############### 
fixed.par: 2.15 1 -0.31 1.39 0.06 -1.74 0.35 -2.77 -1.11 2.67 1.24 -0.05 -0.73 -1.01 -2.04 -86.89 13.1 
FixedParDiff =  0.1323178 
likDiff =  0.002590216 
sigma: 0.98 0.1 -0.42 -0.29 2.01 
loglike: -5923.391 
########################################## 
[1] "estimate random effects --- done."
[1] "estimate fixed parameters --- done."
[1] "estimate dispersion parameters --- done."
############## Iteration: 4 ############### 
fixed.par: 2.15 1 -0.32 1.39 0.06 -1.74 0.37 -2.76 -1.07 2.59 1.24 -0.05 -1.04 -1.83 -3.35 -124.22 18.76 
FixedParDiff =  0.1722346 
likDiff =  0.004330444 
sigma: 0.98 0.08 -0.38 -0.31 2.01 
loglike: -5897.74 
########################################## 
[1] "estimate random effects --- done."
[1] "estimate fixed parameters --- done."
[1] "estimate dispersion parameters --- done."
############## Iteration: 5 ############### 
fixed.par: 2.15 0.99 -0.31 1.39 0.06 -1.72 0.36 -2.75 -1.02 2.48 1.24 -0.05 -2.16 -4.1 -7.4 -254.99 38.61 
FixedParDiff =  0.3436241 
likDiff =  0.008523836 
sigma: 0.98 0.06 -0.32 -0.36 2 
loglike: -5847.468 
########################################## 
Warning in JMfit_HL(glmeObject, survObject, long.data, surv.data, idVar,  :
  Iteration limit reached without covergence.

### [bt]: Job terminated successfully [batchtools job.id=508]
### [bt]: Calculation finished!
