### [bt]: This is batchtools v0.9.15
### [bt]: Starting calculation of 1 jobs
### [bt]: Setting working directory to '/data/home/mengwang/21-summer-project/src'
### [bt]: Memory measurement disabled
### [bt]: Starting job [batchtools job.id=354]
### [bt]: Generating problem instance for problem 'generate_data' ...
### [bt]: Applying algorithm 'fit_JMest' on problem 'generate_data' for job 354 (seed = 20071297) ...
[1] "get initial values for LME & GLM models --- done."
[1] "get initial values for GLME model --- done."
[1] "get initial values for survival models --- done."
[1] "estimate random effects --- done."
[1] "estimate fixed parameters --- done."
[1] "estimate dispersion parameters --- done."
############## Iteration: 1 ############### 
fixed.par: 2.63 0.67 -0.17 1.07 0.07 -1.72 0.35 -2.73 -1.22 2.89 1.19 -0.05 -0.54 -0.33 -1.08 -59.9 9 
FixedParDiff =  0.3098475 
likDiff =  1 
sigma: 0.95 0.09 -0.46 -0.29 2 
loglike: -5983.885 
########################################## 
[1] "estimate random effects --- done."
[1] "estimate fixed parameters --- done."
[1] "estimate dispersion parameters --- done."
############## Iteration: 2 ############### 
fixed.par: 2.21 0.96 -0.3 1.35 0.06 -1.73 0.35 -2.78 -1.14 2.72 1.22 -0.05 -0.62 -0.6 -1.47 -71.81 10.81 
FixedParDiff =  0.217119 
likDiff =  0.007654886 
sigma: 0.97 0.1 -0.46 -0.29 2 
loglike: -5938.079 
########################################## 
[1] "estimate random effects --- done."
[1] "estimate fixed parameters --- done."
[1] "estimate dispersion parameters --- done."
############## Iteration: 3 ############### 
fixed.par: 2.15 1 -0.31 1.39 0.06 -1.74 0.36 -2.77 -1.1 2.64 1.24 -0.05 -0.75 -1.04 -2.11 -89.46 13.49 
FixedParDiff =  0.1270158 
likDiff =  0.002685512 
sigma: 0.98 0.1 -0.42 -0.28 2.01 
loglike: -5922.132 
########################################## 
[1] "estimate random effects --- done."
[1] "estimate fixed parameters --- done."
[1] "estimate dispersion parameters --- done."
############## Iteration: 4 ############### 
fixed.par: 2.14 1 -0.32 1.39 0.06 -1.75 0.38 -2.76 -1.07 2.57 1.24 -0.05 -1.16 -1.99 -3.68 -137.88 20.83 
FixedParDiff =  0.2035245 
likDiff =  0.004404751 
sigma: 0.98 0.08 -0.37 -0.31 2.01 
loglike: -5896.047 
########################################## 
[1] "estimate random effects --- done."
[1] "estimate fixed parameters --- done."
[1] "estimate dispersion parameters --- done."
############## Iteration: 5 ############### 
fixed.par: 2.15 1 -0.31 1.39 0.06 -1.73 0.37 -2.75 -1 2.43 1.24 -0.05 -2.71 -4.93 -9.08 -319.47 48.38 
FixedParDiff =  0.4215254 
likDiff =  0.009482771 
sigma: 0.98 0.05 -0.31 -0.36 2 
loglike: -5840.136 
########################################## 
Warning in JMfit_HL(glmeObject, survObject, long.data, surv.data, idVar,  :
  Iteration limit reached without covergence.

### [bt]: Job terminated successfully [batchtools job.id=354]
### [bt]: Calculation finished!
