### [bt]: This is batchtools v0.9.15
### [bt]: Starting calculation of 1 jobs
### [bt]: Setting working directory to '/data/home/mengwang/21-summer-project/src'
### [bt]: Memory measurement disabled
### [bt]: Starting job [batchtools job.id=507]
### [bt]: Generating problem instance for problem 'generate_data' ...
### [bt]: Applying algorithm 'fit_JMest' on problem 'generate_data' for job 507 (seed = 20071450) ...
[1] "get initial values for LME & GLM models --- done."
[1] "get initial values for GLME model --- done."
[1] "get initial values for survival models --- done."
[1] "estimate random effects --- done."
[1] "estimate fixed parameters --- done."
[1] "estimate dispersion parameters --- done."
############## Iteration: 1 ############### 
fixed.par: 2.63 0.67 -0.17 1.07 0.06 -1.68 0.32 -2.74 -1.21 2.89 1.17 -0.05 -0.53 -0.33 -1.06 -58.7 8.82 
FixedParDiff =  0.3114273 
likDiff =  1 
sigma: 0.95 0.09 -0.46 -0.29 2 
loglike: -5983.829 
########################################## 
[1] "estimate random effects --- done."
[1] "estimate fixed parameters --- done."
[1] "estimate dispersion parameters --- done."
############## Iteration: 2 ############### 
fixed.par: 2.2 0.96 -0.3 1.36 0.06 -1.73 0.34 -2.78 -1.15 2.73 1.22 -0.05 -0.6 -0.58 -1.43 -69.79 10.51 
FixedParDiff =  0.212064 
likDiff =  0.007587977 
sigma: 0.97 0.1 -0.46 -0.29 2 
loglike: -5938.424 
########################################## 
[1] "estimate random effects --- done."
[1] "estimate fixed parameters --- done."
[1] "estimate dispersion parameters --- done."
############## Iteration: 3 ############### 
fixed.par: 2.15 1 -0.31 1.39 0.06 -1.74 0.36 -2.77 -1.11 2.65 1.24 -0.05 -0.73 -1.01 -2.04 -86.56 13.05 
FixedParDiff =  0.1259145 
likDiff =  0.002611617 
sigma: 0.98 0.1 -0.42 -0.29 2.01 
loglike: -5922.915 
########################################## 
[1] "estimate random effects --- done."
[1] "estimate fixed parameters --- done."
[1] "estimate dispersion parameters --- done."
############## Iteration: 4 ############### 
fixed.par: 2.15 1 -0.32 1.39 0.06 -1.75 0.38 -2.76 -1.08 2.59 1.25 -0.05 -1.14 -1.98 -3.63 -135.81 20.51 
FixedParDiff =  0.21418 
likDiff =  0.004322259 
sigma: 0.98 0.08 -0.38 -0.31 2.01 
loglike: -5897.315 
########################################## 
[1] "estimate random effects --- done."
[1] "estimate fixed parameters --- done."
[1] "estimate dispersion parameters --- done."
############## Iteration: 5 ############### 
fixed.par: 2.15 1 -0.32 1.39 0.06 -1.73 0.37 -2.75 -1.01 2.44 1.23 -0.05 -2.39 -4.42 -8.09 -281.96 42.7 
FixedParDiff =  0.3526 
likDiff =  0.009354925 
sigma: 0.98 0.05 -0.31 -0.36 2 
loglike: -5842.146 
########################################## 
Warning in JMfit_HL(glmeObject, survObject, long.data, surv.data, idVar,  :
  Iteration limit reached without covergence.

### [bt]: Job terminated successfully [batchtools job.id=507]
### [bt]: Calculation finished!
