### [bt]: This is batchtools v0.9.15
### [bt]: Starting calculation of 1 jobs
### [bt]: Setting working directory to '/data/home/mengwang/21-summer-project/src'
### [bt]: Memory measurement disabled
### [bt]: Starting job [batchtools job.id=98]
### [bt]: Generating problem instance for problem 'generate_data' ...
### [bt]: Applying algorithm 'fit_JMest' on problem 'generate_data' for job 98 (seed = 20071041) ...
[1] "get initial values for LME & GLM models --- done."
[1] "get initial values for GLME model --- done."
[1] "get initial values for survival models --- done."
[1] "estimate random effects --- done."
[1] "estimate fixed parameters --- done."
[1] "estimate dispersion parameters --- done."
############## Iteration: 1 ############### 
fixed.par: 2.63 0.67 -0.17 1.07 0.07 -1.71 0.34 -2.73 -1.21 2.89 1.18 -0.05 -0.53 -0.33 -1.07 -58.95 8.86 
FixedParDiff =  0.3064422 
likDiff =  1 
sigma: 0.95 0.09 -0.46 -0.29 2 
loglike: -5983.829 
########################################## 
[1] "estimate random effects --- done."
[1] "estimate fixed parameters --- done."
[1] "estimate dispersion parameters --- done."
############## Iteration: 2 ############### 
fixed.par: 2.2 0.96 -0.3 1.36 0.06 -1.73 0.34 -2.78 -1.15 2.73 1.22 -0.05 -0.61 -0.59 -1.44 -70.06 10.55 
FixedParDiff =  0.212845 
likDiff =  0.007596913 
sigma: 0.97 0.1 -0.46 -0.29 2 
loglike: -5938.37 
########################################## 
[1] "estimate random effects --- done."
[1] "estimate fixed parameters --- done."
[1] "estimate dispersion parameters --- done."
############## Iteration: 3 ############### 
fixed.par: 2.15 0.99 -0.31 1.39 0.06 -1.75 0.37 -2.77 -1.11 2.65 1.24 -0.05 -0.71 -0.99 -2.01 -85 12.81 
FixedParDiff =  0.1191831 
likDiff =  0.002600517 
sigma: 0.98 0.1 -0.42 -0.29 2.01 
loglike: -5922.927 
########################################## 
[1] "estimate random effects --- done."
[1] "estimate fixed parameters --- done."
[1] "estimate dispersion parameters --- done."
############## Iteration: 4 ############### 
fixed.par: 2.15 1 -0.32 1.39 0.06 -1.74 0.36 -2.76 -1.08 2.6 1.24 -0.05 -1.12 -1.96 -3.58 -134.01 20.24 
FixedParDiff =  0.2097659 
likDiff =  0.004252797 
sigma: 0.98 0.08 -0.38 -0.31 2.01 
loglike: -5897.738 
########################################## 
[1] "estimate random effects --- done."
[1] "estimate fixed parameters --- done."
[1] "estimate dispersion parameters --- done."
############## Iteration: 5 ############### 
fixed.par: 2.15 1 -0.31 1.39 0.06 -1.72 0.36 -2.75 -1.01 2.45 1.24 -0.05 -2.59 -4.8 -8.76 -306.09 46.35 
FixedParDiff =  0.4121177 
likDiff =  0.009394925 
sigma: 0.98 0.05 -0.31 -0.36 2 
loglike: -5842.33 
########################################## 
Warning in JMfit_HL(glmeObject, survObject, long.data, surv.data, idVar,  :
  Iteration limit reached without covergence.

### [bt]: Job terminated successfully [batchtools job.id=98]
### [bt]: Calculation finished!
