### [bt]: This is batchtools v0.9.15
### [bt]: Starting calculation of 1 jobs
### [bt]: Setting working directory to '/data/home/mengwang/21-summer-project/src'
### [bt]: Memory measurement disabled
### [bt]: Starting job [batchtools job.id=91]
### [bt]: Generating problem instance for problem 'generate_data' ...
### [bt]: Applying algorithm 'fit_JMest' on problem 'generate_data' for job 91 (seed = 20071034) ...
[1] "get initial values for LME & GLM models --- done."
[1] "get initial values for GLME model --- done."
[1] "get initial values for survival models --- done."
[1] "estimate random effects --- done."
[1] "estimate fixed parameters --- done."
[1] "estimate dispersion parameters --- done."
############## Iteration: 1 ############### 
fixed.par: 2.63 0.67 -0.17 1.07 0.07 -1.71 0.34 -2.73 -1.22 2.89 1.18 -0.05 -0.52 -0.32 -1.05 -57.67 8.67 
FixedParDiff =  0.2966863 
likDiff =  1 
sigma: 0.95 0.09 -0.46 -0.29 2 
loglike: -5983.832 
########################################## 
[1] "estimate random effects --- done."
[1] "estimate fixed parameters --- done."
[1] "estimate dispersion parameters --- done."
############## Iteration: 2 ############### 
fixed.par: 2.2 0.96 -0.3 1.36 0.06 -1.74 0.35 -2.78 -1.15 2.74 1.22 -0.05 -0.61 -0.59 -1.44 -70.56 10.62 
FixedParDiff =  0.2208137 
likDiff =  0.007528637 
sigma: 0.97 0.1 -0.46 -0.29 2 
loglike: -5938.782 
########################################## 
[1] "estimate random effects --- done."
[1] "estimate fixed parameters --- done."
[1] "estimate dispersion parameters --- done."
############## Iteration: 3 ############### 
fixed.par: 2.15 1 -0.31 1.39 0.06 -1.74 0.36 -2.77 -1.1 2.65 1.23 -0.05 -0.77 -1.05 -2.13 -90.93 13.71 
FixedParDiff =  0.1401362 
likDiff =  0.002682499 
sigma: 0.98 0.1 -0.42 -0.29 2.01 
loglike: -5922.851 
########################################## 
[1] "estimate random effects --- done."
[1] "estimate fixed parameters --- done."
[1] "estimate dispersion parameters --- done."
############## Iteration: 4 ############### 
fixed.par: 2.15 1 -0.32 1.39 0.06 -1.75 0.37 -2.76 -1.06 2.57 1.24 -0.05 -1.1 -1.9 -3.52 -131.21 19.82 
FixedParDiff =  0.1773266 
likDiff =  0.004482921 
sigma: 0.98 0.08 -0.37 -0.31 2.01 
loglike: -5896.299 
########################################## 
[1] "estimate random effects --- done."
[1] "estimate fixed parameters --- done."
[1] "estimate dispersion parameters --- done."
############## Iteration: 5 ############### 
fixed.par: 2.15 1 -0.31 1.39 0.06 -1.73 0.37 -2.75 -1.01 2.45 1.24 -0.05 -2.55 -4.68 -8.57 -300.24 45.47 
FixedParDiff =  0.4114349 
likDiff =  0.008921032 
sigma: 0.98 0.05 -0.31 -0.36 2 
loglike: -5843.698 
########################################## 
Warning in JMfit_HL(glmeObject, survObject, long.data, surv.data, idVar,  :
  Iteration limit reached without covergence.

### [bt]: Job terminated successfully [batchtools job.id=91]
### [bt]: Calculation finished!
