### [bt]: This is batchtools v0.9.15
### [bt]: Starting calculation of 1 jobs
### [bt]: Setting working directory to '/data/home/mengwang/21-summer-project/src'
### [bt]: Memory measurement disabled
### [bt]: Starting job [batchtools job.id=389]
### [bt]: Generating problem instance for problem 'generate_data' ...
### [bt]: Applying algorithm 'fit_JMest' on problem 'generate_data' for job 389 (seed = 20071332) ...
[1] "get initial values for LME & GLM models --- done."
[1] "get initial values for GLME model --- done."
[1] "get initial values for survival models --- done."
[1] "estimate random effects --- done."
[1] "estimate fixed parameters --- done."
[1] "estimate dispersion parameters --- done."
############## Iteration: 1 ############### 
fixed.par: 2.63 0.67 -0.17 1.07 0.06 -1.68 0.33 -2.73 -1.21 2.89 1.17 -0.05 -0.52 -0.33 -1.05 -57.94 8.71 
FixedParDiff =  0.3053119 
likDiff =  1 
sigma: 0.95 0.09 -0.46 -0.29 2 
loglike: -5983.827 
########################################## 
[1] "estimate random effects --- done."
[1] "estimate fixed parameters --- done."
[1] "estimate dispersion parameters --- done."
############## Iteration: 2 ############### 
fixed.par: 2.2 0.96 -0.3 1.36 0.06 -1.73 0.34 -2.78 -1.15 2.74 1.22 -0.05 -0.6 -0.58 -1.43 -69.95 10.53 
FixedParDiff =  0.2165158 
likDiff =  0.007541367 
sigma: 0.97 0.1 -0.46 -0.29 2 
loglike: -5938.701 
########################################## 
[1] "estimate random effects --- done."
[1] "estimate fixed parameters --- done."
[1] "estimate dispersion parameters --- done."
############## Iteration: 3 ############### 
fixed.par: 2.15 0.99 -0.31 1.39 0.06 -1.73 0.35 -2.77 -1.11 2.66 1.23 -0.05 -0.75 -1.03 -2.09 -89.45 13.48 
FixedParDiff =  0.1355049 
likDiff =  0.002645373 
sigma: 0.98 0.1 -0.42 -0.29 2.01 
loglike: -5922.991 
########################################## 
[1] "estimate random effects --- done."
[1] "estimate fixed parameters --- done."
[1] "estimate dispersion parameters --- done."
############## Iteration: 4 ############### 
fixed.par: 2.15 1 -0.32 1.39 0.06 -1.75 0.37 -2.76 -1.07 2.57 1.24 -0.05 -1.1 -1.9 -3.51 -130.86 19.77 
FixedParDiff =  0.1863357 
likDiff =  0.004427174 
sigma: 0.98 0.08 -0.37 -0.31 2.01 
loglike: -5896.769 
########################################## 
[1] "estimate random effects --- done."
[1] "estimate fixed parameters --- done."
[1] "estimate dispersion parameters --- done."
############## Iteration: 5 ############### 
fixed.par: 2.15 1 -0.32 1.39 0.07 -1.74 0.38 -2.75 -1.02 2.45 1.24 -0.05 -2.4 -4.44 -8.11 -282.96 42.85 
FixedParDiff =  0.3749574 
likDiff =  0.008907729 
sigma: 0.98 0.05 -0.31 -0.36 2 
loglike: -5844.242 
########################################## 
Warning in JMfit_HL(glmeObject, survObject, long.data, surv.data, idVar,  :
  Iteration limit reached without covergence.

### [bt]: Job terminated successfully [batchtools job.id=389]
### [bt]: Calculation finished!
