### [bt]: This is batchtools v0.9.15
### [bt]: Starting calculation of 1 jobs
### [bt]: Setting working directory to '/data/home/mengwang/21-summer-project/src'
### [bt]: Memory measurement disabled
### [bt]: Starting job [batchtools job.id=360]
### [bt]: Generating problem instance for problem 'generate_data' ...
### [bt]: Applying algorithm 'fit_JMest' on problem 'generate_data' for job 360 (seed = 20071303) ...
[1] "get initial values for LME & GLM models --- done."
[1] "get initial values for GLME model --- done."
[1] "get initial values for survival models --- done."
[1] "estimate random effects --- done."
[1] "estimate fixed parameters --- done."
[1] "estimate dispersion parameters --- done."
############## Iteration: 1 ############### 
fixed.par: 2.63 0.67 -0.17 1.07 0.07 -1.72 0.35 -2.74 -1.22 2.89 1.19 -0.05 -0.52 -0.33 -1.05 -58.15 8.74 
FixedParDiff =  0.2973684 
likDiff =  1 
sigma: 0.95 0.09 -0.46 -0.29 2 
loglike: -5983.835 
########################################## 
[1] "estimate random effects --- done."
[1] "estimate fixed parameters --- done."
[1] "estimate dispersion parameters --- done."
############## Iteration: 2 ############### 
fixed.par: 2.2 0.96 -0.3 1.36 0.06 -1.74 0.35 -2.78 -1.15 2.74 1.22 -0.05 -0.6 -0.57 -1.42 -68.92 10.38 
FixedParDiff =  0.2125918 
likDiff =  0.007548248 
sigma: 0.97 0.1 -0.46 -0.29 2 
loglike: -5938.668 
########################################## 
[1] "estimate random effects --- done."
[1] "estimate fixed parameters --- done."
[1] "estimate dispersion parameters --- done."
############## Iteration: 3 ############### 
fixed.par: 2.15 1 -0.31 1.39 0.06 -1.76 0.37 -2.77 -1.11 2.66 1.24 -0.05 -0.71 -0.99 -2 -84.65 12.76 
FixedParDiff =  0.1240487 
likDiff =  0.002579684 
sigma: 0.98 0.1 -0.42 -0.29 2.01 
loglike: -5923.348 
########################################## 
[1] "estimate random effects --- done."
[1] "estimate fixed parameters --- done."
[1] "estimate dispersion parameters --- done."
############## Iteration: 4 ############### 
fixed.par: 2.14 1 -0.32 1.39 0.07 -1.75 0.38 -2.76 -1.08 2.6 1.24 -0.05 -1.08 -1.89 -3.46 -128.64 19.43 
FixedParDiff =  0.1966031 
likDiff =  0.00426192 
sigma: 0.98 0.08 -0.38 -0.31 2.01 
loglike: -5898.103 
########################################## 
[1] "estimate random effects --- done."
[1] "estimate fixed parameters --- done."
[1] "estimate dispersion parameters --- done."
############## Iteration: 5 ############### 
fixed.par: 2.15 1 -0.32 1.39 0.07 -1.74 0.37 -2.75 -1.02 2.47 1.24 -0.05 -2.45 -4.6 -8.35 -290.02 43.91 
FixedParDiff =  0.401733 
likDiff =  0.009005628 
sigma: 0.98 0.06 -0.31 -0.36 2 
loglike: -5844.987 
########################################## 
Warning in JMfit_HL(glmeObject, survObject, long.data, surv.data, idVar,  :
  Iteration limit reached without covergence.

### [bt]: Job terminated successfully [batchtools job.id=360]
### [bt]: Calculation finished!
