### [bt]: This is batchtools v0.9.15
### [bt]: Starting calculation of 1 jobs
### [bt]: Setting working directory to '/data/home/mengwang/21-summer-project/src'
### [bt]: Memory measurement disabled
### [bt]: Starting job [batchtools job.id=89]
### [bt]: Generating problem instance for problem 'generate_data' ...
### [bt]: Applying algorithm 'fit_JMest' on problem 'generate_data' for job 89 (seed = 20071032) ...
[1] "get initial values for LME & GLM models --- done."
[1] "get initial values for GLME model --- done."
[1] "get initial values for survival models --- done."
[1] "estimate random effects --- done."
[1] "estimate fixed parameters --- done."
[1] "estimate dispersion parameters --- done."
############## Iteration: 1 ############### 
fixed.par: 2.63 0.67 -0.17 1.07 0.06 -1.67 0.31 -2.74 -1.22 2.89 1.18 -0.05 -0.53 -0.33 -1.06 -58.79 8.84 
FixedParDiff =  0.3153547 
likDiff =  1 
sigma: 0.95 0.09 -0.46 -0.29 2 
loglike: -5983.834 
########################################## 
[1] "estimate random effects --- done."
[1] "estimate fixed parameters --- done."
[1] "estimate dispersion parameters --- done."
############## Iteration: 2 ############### 
fixed.par: 2.2 0.96 -0.3 1.36 0.06 -1.73 0.34 -2.78 -1.15 2.73 1.21 -0.05 -0.6 -0.58 -1.43 -69.46 10.46 
FixedParDiff =  0.2114414 
likDiff =  0.007587415 
sigma: 0.97 0.1 -0.46 -0.29 2 
loglike: -5938.432 
########################################## 
[1] "estimate random effects --- done."
[1] "estimate fixed parameters --- done."
[1] "estimate dispersion parameters --- done."
############## Iteration: 3 ############### 
fixed.par: 2.15 1 -0.31 1.39 0.06 -1.75 0.37 -2.77 -1.11 2.66 1.23 -0.05 -0.74 -1.02 -2.07 -87.95 13.26 
FixedParDiff =  0.1381819 
likDiff =  0.002600617 
sigma: 0.98 0.1 -0.42 -0.29 2.01 
loglike: -5922.988 
########################################## 
[1] "estimate random effects --- done."
[1] "estimate fixed parameters --- done."
[1] "estimate dispersion parameters --- done."
############## Iteration: 4 ############### 
fixed.par: 2.15 1 -0.32 1.39 0.06 -1.73 0.36 -2.76 -1.07 2.58 1.24 -0.05 -1.14 -1.98 -3.64 -136.28 20.58 
FixedParDiff =  0.2054125 
likDiff =  0.00438922 
sigma: 0.98 0.08 -0.37 -0.31 2.01 
loglike: -5896.991 
########################################## 
[1] "estimate random effects --- done."
Error in estFixeff(RespLog, fixed = Jfixed, str_val = fixedest0, Dpars = Jraneff,  : 
  Iteration stops because fixed parameters can not be successfully estimated.

### [bt]: Job terminated with an exception [batchtools job.id=89]
### [bt]: Calculation finished!
