### [bt]: This is batchtools v0.9.15
### [bt]: Starting calculation of 1 jobs
### [bt]: Setting working directory to '/data/home/mengwang/21-summer-project/src'
### [bt]: Memory measurement disabled
### [bt]: Starting job [batchtools job.id=233]
### [bt]: Generating problem instance for problem 'generate_data' ...
### [bt]: Applying algorithm 'fit_JMest' on problem 'generate_data' for job 233 (seed = 20071176) ...
[1] "get initial values for LME & GLM models --- done."
[1] "get initial values for GLME model --- done."
[1] "get initial values for survival models --- done."
[1] "estimate random effects --- done."
[1] "estimate fixed parameters --- done."
[1] "estimate dispersion parameters --- done."
############## Iteration: 1 ############### 
fixed.par: 2.63 0.67 -0.17 1.07 0.07 -1.69 0.33 -2.73 -1.22 2.89 1.17 -0.05 -0.52 -0.33 -1.06 -58.38 8.77 
FixedParDiff =  0.3055072 
likDiff =  1 
sigma: 0.95 0.09 -0.46 -0.29 2 
loglike: -5983.828 
########################################## 
[1] "estimate random effects --- done."
[1] "estimate fixed parameters --- done."
[1] "estimate dispersion parameters --- done."
############## Iteration: 2 ############### 
fixed.par: 2.2 0.96 -0.3 1.36 0.06 -1.75 0.36 -2.78 -1.15 2.74 1.22 -0.05 -0.6 -0.58 -1.43 -69.63 10.48 
FixedParDiff =  0.2116787 
likDiff =  0.007564162 
sigma: 0.97 0.1 -0.46 -0.29 2 
loglike: -5938.565 
########################################## 
[1] "estimate random effects --- done."
[1] "estimate fixed parameters --- done."
[1] "estimate dispersion parameters --- done."
############## Iteration: 3 ############### 
fixed.par: 2.15 1 -0.31 1.39 0.06 -1.74 0.36 -2.77 -1.11 2.66 1.23 -0.05 -0.74 -1.02 -2.06 -87.53 13.19 
FixedParDiff =  0.1308301 
likDiff =  0.002619143 
sigma: 0.98 0.1 -0.42 -0.29 2.01 
loglike: -5923.011 
########################################## 
[1] "estimate random effects --- done."
[1] "estimate fixed parameters --- done."
[1] "estimate dispersion parameters --- done."
############## Iteration: 4 ############### 
fixed.par: 2.14 1 -0.32 1.39 0.06 -1.74 0.37 -2.76 -1.07 2.59 1.24 -0.05 -1.11 -1.93 -3.55 -132.72 20.05 
FixedParDiff =  0.1945158 
likDiff =  0.004368236 
sigma: 0.98 0.08 -0.37 -0.31 2.01 
loglike: -5897.138 
########################################## 
[1] "estimate random effects --- done."
[1] "estimate fixed parameters --- done."
[1] "estimate dispersion parameters --- done."
############## Iteration: 5 ############### 
fixed.par: 2.15 1 -0.32 1.39 0.06 -1.74 0.37 -2.75 -1.01 2.45 1.24 -0.05 -2.57 -4.74 -8.67 -303.42 45.95 
FixedParDiff =  0.4136588 
likDiff =  0.00916395 
sigma: 0.98 0.05 -0.31 -0.36 2 
loglike: -5843.097 
########################################## 
Warning in JMfit_HL(glmeObject, survObject, long.data, surv.data, idVar,  :
  Iteration limit reached without covergence.

### [bt]: Job terminated successfully [batchtools job.id=233]
### [bt]: Calculation finished!
