### [bt]: This is batchtools v0.9.15
### [bt]: Starting calculation of 1 jobs
### [bt]: Setting working directory to '/data/home/mengwang/21-summer-project/src'
### [bt]: Memory measurement disabled
### [bt]: Starting job [batchtools job.id=234]
### [bt]: Generating problem instance for problem 'generate_data' ...
### [bt]: Applying algorithm 'fit_JMest' on problem 'generate_data' for job 234 (seed = 20071177) ...
[1] "get initial values for LME & GLM models --- done."
[1] "get initial values for GLME model --- done."
[1] "get initial values for survival models --- done."
[1] "estimate random effects --- done."
[1] "estimate fixed parameters --- done."
[1] "estimate dispersion parameters --- done."
############## Iteration: 1 ############### 
fixed.par: 2.63 0.67 -0.17 1.07 0.07 -1.73 0.36 -2.74 -1.22 2.89 1.18 -0.05 -0.52 -0.32 -1.05 -57.66 8.67 
FixedParDiff =  0.2925577 
likDiff =  1 
sigma: 0.95 0.09 -0.46 -0.29 2 
loglike: -5983.807 
########################################## 
[1] "estimate random effects --- done."
[1] "estimate fixed parameters --- done."
[1] "estimate dispersion parameters --- done."
############## Iteration: 2 ############### 
fixed.par: 2.2 0.96 -0.3 1.36 0.06 -1.72 0.34 -2.78 -1.15 2.74 1.21 -0.05 -0.6 -0.58 -1.43 -69.55 10.47 
FixedParDiff =  0.2230155 
likDiff =  0.007528539 
sigma: 0.97 0.1 -0.46 -0.29 2 
loglike: -5938.758 
########################################## 
[1] "estimate random effects --- done."
[1] "estimate fixed parameters --- done."
[1] "estimate dispersion parameters --- done."
############## Iteration: 3 ############### 
fixed.par: 2.15 1 -0.31 1.39 0.06 -1.74 0.36 -2.77 -1.11 2.66 1.23 -0.05 -0.74 -1.02 -2.07 -88.28 13.31 
FixedParDiff =  0.1364232 
likDiff =  0.002639518 
sigma: 0.98 0.1 -0.42 -0.29 2.01 
loglike: -5923.082 
########################################## 
[1] "estimate random effects --- done."
[1] "estimate fixed parameters --- done."
[1] "estimate dispersion parameters --- done."
############## Iteration: 4 ############### 
fixed.par: 2.15 1 -0.32 1.39 0.06 -1.74 0.37 -2.76 -1.07 2.58 1.24 -0.05 -1.13 -1.96 -3.61 -135.14 20.41 
FixedParDiff =  0.2002805 
likDiff =  0.00441519 
sigma: 0.98 0.08 -0.37 -0.31 2.01 
loglike: -5896.931 
########################################## 
[1] "estimate random effects --- done."
[1] "estimate fixed parameters --- done."
[1] "estimate dispersion parameters --- done."
############## Iteration: 5 ############### 
fixed.par: 2.15 1 -0.32 1.39 0.07 -1.75 0.38 -2.75 -1.01 2.44 1.24 -0.05 -2.67 -4.91 -9.02 -316.15 47.88 
FixedParDiff =  0.432557 
likDiff =  0.009321553 
sigma: 0.98 0.05 -0.31 -0.36 2 
loglike: -5841.962 
########################################## 
Warning in JMfit_HL(glmeObject, survObject, long.data, surv.data, idVar,  :
  Iteration limit reached without covergence.

### [bt]: Job terminated successfully [batchtools job.id=234]
### [bt]: Calculation finished!
