### [bt]: This is batchtools v0.9.15
### [bt]: Starting calculation of 1 jobs
### [bt]: Setting working directory to '/data/home/mengwang/21-summer-project/src'
### [bt]: Memory measurement disabled
### [bt]: Starting job [batchtools job.id=86]
### [bt]: Generating problem instance for problem 'generate_data' ...
### [bt]: Applying algorithm 'fit_JMest' on problem 'generate_data' for job 86 (seed = 20071029) ...
[1] "get initial values for LME & GLM models --- done."
[1] "get initial values for GLME model --- done."
[1] "get initial values for survival models --- done."
[1] "estimate random effects --- done."
[1] "estimate fixed parameters --- done."
[1] "estimate dispersion parameters --- done."
############## Iteration: 1 ############### 
fixed.par: 2.63 0.67 -0.17 1.07 0.07 -1.71 0.34 -2.73 -1.21 2.89 1.16 -0.05 -0.5 -0.32 -1.03 -56.26 8.46 
FixedParDiff =  0.2843163 
likDiff =  1 
sigma: 0.95 0.09 -0.46 -0.29 2 
loglike: -5983.899 
########################################## 
[1] "estimate random effects --- done."
[1] "estimate fixed parameters --- done."
[1] "estimate dispersion parameters --- done."
############## Iteration: 2 ############### 
fixed.par: 2.2 0.96 -0.3 1.36 0.06 -1.72 0.33 -2.78 -1.15 2.75 1.21 -0.05 -0.59 -0.56 -1.39 -67.96 10.23 
FixedParDiff =  0.2196915 
likDiff =  0.007467965 
sigma: 0.97 0.1 -0.46 -0.29 2 
loglike: -5939.211 
########################################## 
[1] "estimate random effects --- done."
[1] "estimate fixed parameters --- done."
[1] "estimate dispersion parameters --- done."
############## Iteration: 3 ############### 
fixed.par: 2.15 1 -0.31 1.39 0.06 -1.76 0.37 -2.77 -1.12 2.67 1.24 -0.05 -0.73 -1 -2.03 -86.5 13.04 
FixedParDiff =  0.1456784 
likDiff =  0.002606432 
sigma: 0.98 0.1 -0.42 -0.29 2.01 
loglike: -5923.731 
########################################## 
[1] "estimate random effects --- done."
[1] "estimate fixed parameters --- done."
[1] "estimate dispersion parameters --- done."
############## Iteration: 4 ############### 
fixed.par: 2.14 1 -0.32 1.39 0.06 -1.75 0.38 -2.76 -1.08 2.59 1.24 -0.05 -1.11 -1.93 -3.54 -132.13 19.95 
FixedParDiff =  0.1991943 
likDiff =  0.004384238 
sigma: 0.98 0.08 -0.37 -0.31 2.01 
loglike: -5897.76 
########################################## 
[1] "estimate random effects --- done."
[1] "estimate fixed parameters --- done."
[1] "estimate dispersion parameters --- done."
############## Iteration: 5 ############### 
fixed.par: 2.15 1 -0.32 1.39 0.06 -1.73 0.37 -2.75 -1.02 2.46 1.24 -0.05 -2.7 -5 -9.14 -319.2 48.33 
FixedParDiff =  0.4517492 
likDiff =  0.009157564 
sigma: 0.98 0.05 -0.31 -0.36 2 
loglike: -5843.751 
########################################## 
Warning in JMfit_HL(glmeObject, survObject, long.data, surv.data, idVar,  :
  Iteration limit reached without covergence.

### [bt]: Job terminated successfully [batchtools job.id=86]
### [bt]: Calculation finished!
