### [bt]: This is batchtools v0.9.15
### [bt]: Starting calculation of 1 jobs
### [bt]: Setting working directory to '/data/home/mengwang/21-summer-project/src'
### [bt]: Memory measurement disabled
### [bt]: Starting job [batchtools job.id=368]
### [bt]: Generating problem instance for problem 'generate_data' ...
### [bt]: Applying algorithm 'fit_JMest' on problem 'generate_data' for job 368 (seed = 20071311) ...
[1] "get initial values for LME & GLM models --- done."
[1] "get initial values for GLME model --- done."
[1] "get initial values for survival models --- done."
[1] "estimate random effects --- done."
[1] "estimate fixed parameters --- done."
[1] "estimate dispersion parameters --- done."
############## Iteration: 1 ############### 
fixed.par: 2.63 0.67 -0.17 1.07 0.06 -1.68 0.32 -2.74 -1.21 2.89 1.17 -0.05 -0.52 -0.32 -1.05 -57.59 8.66 
FixedParDiff =  0.3027866 
likDiff =  1 
sigma: 0.95 0.09 -0.46 -0.29 2 
loglike: -5983.82 
########################################## 
[1] "estimate random effects --- done."
[1] "estimate fixed parameters --- done."
[1] "estimate dispersion parameters --- done."
############## Iteration: 2 ############### 
fixed.par: 2.21 0.96 -0.3 1.36 0.06 -1.73 0.34 -2.77 -1.15 2.74 1.22 -0.05 -0.6 -0.58 -1.43 -69.72 10.5 
FixedParDiff =  0.2188742 
likDiff =  0.007523726 
sigma: 0.97 0.1 -0.46 -0.29 2 
loglike: -5938.8 
########################################## 
[1] "estimate random effects --- done."
[1] "estimate fixed parameters --- done."
[1] "estimate dispersion parameters --- done."
############## Iteration: 3 ############### 
fixed.par: 2.15 0.99 -0.31 1.39 0.06 -1.73 0.35 -2.77 -1.11 2.66 1.24 -0.05 -0.74 -1.02 -2.08 -88.51 13.34 
FixedParDiff =  0.1333735 
likDiff =  0.002650249 
sigma: 0.98 0.1 -0.42 -0.29 2.01 
loglike: -5923.06 
########################################## 
[1] "estimate random effects --- done."
[1] "estimate fixed parameters --- done."
[1] "estimate dispersion parameters --- done."
############## Iteration: 4 ############### 
fixed.par: 2.15 1 -0.31 1.39 0.06 -1.75 0.38 -2.76 -1.07 2.58 1.24 -0.05 -1.11 -1.93 -3.55 -132.45 20.01 
FixedParDiff =  0.1967622 
likDiff =  0.004418394 
sigma: 0.98 0.08 -0.37 -0.31 2.01 
loglike: -5896.89 
########################################## 
[1] "estimate random effects --- done."
[1] "estimate fixed parameters --- done."
[1] "estimate dispersion parameters --- done."
############## Iteration: 5 ############### 
fixed.par: 2.15 1 -0.31 1.39 0.06 -1.72 0.36 -2.75 -1.01 2.45 1.24 -0.05 -2.27 -4.23 -7.73 -268.56 40.67 
FixedParDiff =  0.3376661 
likDiff =  0.008964854 
sigma: 0.98 0.05 -0.31 -0.36 2 
loglike: -5844.025 
########################################## 
Warning in JMfit_HL(glmeObject, survObject, long.data, surv.data, idVar,  :
  Iteration limit reached without covergence.

### [bt]: Job terminated successfully [batchtools job.id=368]
### [bt]: Calculation finished!
