### [bt]: This is batchtools v0.9.15
### [bt]: Starting calculation of 1 jobs
### [bt]: Setting working directory to '/data/home/mengwang/21-summer-project/src'
### [bt]: Memory measurement disabled
### [bt]: Starting job [batchtools job.id=204]
### [bt]: Generating problem instance for problem 'generate_data' ...
### [bt]: Applying algorithm 'fit_JMest' on problem 'generate_data' for job 204 (seed = 20071147) ...
[1] "get initial values for LME & GLM models --- done."
[1] "get initial values for GLME model --- done."
[1] "get initial values for survival models --- done."
[1] "estimate random effects --- done."
[1] "estimate fixed parameters --- done."
[1] "estimate dispersion parameters --- done."
############## Iteration: 1 ############### 
fixed.par: 2.63 0.67 -0.17 1.07 0.07 -1.73 0.36 -2.73 -1.22 2.89 1.18 -0.05 -0.52 -0.33 -1.05 -57.82 8.69 
FixedParDiff =  0.2932835 
likDiff =  1 
sigma: 0.95 0.09 -0.46 -0.29 2 
loglike: -5983.835 
########################################## 
[1] "estimate random effects --- done."
[1] "estimate fixed parameters --- done."
[1] "estimate dispersion parameters --- done."
############## Iteration: 2 ############### 
fixed.par: 2.2 0.96 -0.3 1.35 0.06 -1.75 0.35 -2.78 -1.15 2.74 1.22 -0.05 -0.6 -0.58 -1.42 -69.39 10.44 
FixedParDiff =  0.214286 
likDiff =  0.007536496 
sigma: 0.97 0.1 -0.46 -0.29 2 
loglike: -5938.738 
########################################## 
[1] "estimate random effects --- done."
[1] "estimate fixed parameters --- done."
[1] "estimate dispersion parameters --- done."
############## Iteration: 3 ############### 
fixed.par: 2.15 1 -0.31 1.39 0.06 -1.75 0.36 -2.77 -1.11 2.66 1.24 -0.05 -0.75 -1.03 -2.08 -88.59 13.35 
FixedParDiff =  0.1369072 
likDiff =  0.002620946 
sigma: 0.98 0.1 -0.42 -0.29 2.01 
loglike: -5923.173 
########################################## 
[1] "estimate random effects --- done."
[1] "estimate fixed parameters --- done."
[1] "estimate dispersion parameters --- done."
############## Iteration: 4 ############### 
fixed.par: 2.15 1 -0.32 1.39 0.06 -1.75 0.37 -2.76 -1.07 2.58 1.24 -0.05 -1.13 -1.96 -3.6 -134.92 20.38 
FixedParDiff =  0.1976253 
likDiff =  0.004438914 
sigma: 0.98 0.08 -0.37 -0.31 2.01 
loglike: -5896.88 
########################################## 
[1] "estimate random effects --- done."
[1] "estimate fixed parameters --- done."
[1] "estimate dispersion parameters --- done."
############## Iteration: 5 ############### 
fixed.par: 2.15 1 -0.31 1.39 0.06 -1.73 0.37 -2.75 -1.01 2.44 1.24 -0.05 -2.65 -4.87 -8.93 -313.3 47.45 
FixedParDiff =  0.4234918 
likDiff =  0.009292245 
sigma: 0.98 0.05 -0.31 -0.36 2 
loglike: -5842.085 
########################################## 
Warning in JMfit_HL(glmeObject, survObject, long.data, surv.data, idVar,  :
  Iteration limit reached without covergence.

### [bt]: Job terminated successfully [batchtools job.id=204]
### [bt]: Calculation finished!
