### [bt]: This is batchtools v0.9.15
### [bt]: Starting calculation of 1 jobs
### [bt]: Setting working directory to '/data/home/mengwang/21-summer-project/src'
### [bt]: Memory measurement disabled
### [bt]: Starting job [batchtools job.id=90]
### [bt]: Generating problem instance for problem 'generate_data' ...
### [bt]: Applying algorithm 'fit_JMest' on problem 'generate_data' for job 90 (seed = 20071033) ...
[1] "get initial values for LME & GLM models --- done."
[1] "get initial values for GLME model --- done."
[1] "get initial values for survival models --- done."
[1] "estimate random effects --- done."
[1] "estimate fixed parameters --- done."
[1] "estimate dispersion parameters --- done."
############## Iteration: 1 ############### 
fixed.par: 2.63 0.67 -0.17 1.07 0.07 -1.69 0.33 -2.74 -1.21 2.89 1.17 -0.05 -0.5 -0.32 -1.03 -56.35 8.47 
FixedParDiff =  0.2894721 
likDiff =  1 
sigma: 0.95 0.09 -0.46 -0.29 2 
loglike: -5983.869 
########################################## 
[1] "estimate random effects --- done."
[1] "estimate fixed parameters --- done."
[1] "estimate dispersion parameters --- done."
############## Iteration: 2 ############### 
fixed.par: 2.2 0.96 -0.3 1.36 0.06 -1.73 0.34 -2.78 -1.16 2.75 1.22 -0.05 -0.6 -0.57 -1.41 -69.03 10.39 
FixedParDiff =  0.2220203 
likDiff =  0.007464959 
sigma: 0.97 0.1 -0.46 -0.29 2 
loglike: -5939.2 
########################################## 
[1] "estimate random effects --- done."
[1] "estimate fixed parameters --- done."
[1] "estimate dispersion parameters --- done."
############## Iteration: 3 ############### 
fixed.par: 2.15 1 -0.31 1.39 0.06 -1.75 0.36 -2.77 -1.11 2.66 1.23 -0.05 -0.74 -1.01 -2.05 -87.43 13.18 
FixedParDiff =  0.138348 
likDiff =  0.002651753 
sigma: 0.98 0.1 -0.42 -0.29 2.01 
loglike: -5923.45 
########################################## 
[1] "estimate random effects --- done."
[1] "estimate fixed parameters --- done."
[1] "estimate dispersion parameters --- done."
############## Iteration: 4 ############### 
fixed.par: 2.14 1 -0.32 1.39 0.06 -1.75 0.38 -2.76 -1.07 2.59 1.24 -0.05 -1.11 -1.92 -3.54 -132.01 19.94 
FixedParDiff =  0.1951773 
likDiff =  0.004393641 
sigma: 0.98 0.08 -0.37 -0.31 2.01 
loglike: -5897.425 
########################################## 
[1] "estimate random effects --- done."
[1] "estimate fixed parameters --- done."
[1] "estimate dispersion parameters --- done."
############## Iteration: 5 ############### 
fixed.par: 2.15 1 -0.31 1.39 0.06 -1.74 0.37 -2.75 -1.01 2.45 1.25 -0.05 -2.34 -4.37 -7.98 -277.11 41.96 
FixedParDiff =  0.3576514 
likDiff =  0.009062672 
sigma: 0.98 0.05 -0.31 -0.36 2 
loglike: -5843.978 
########################################## 
Warning in JMfit_HL(glmeObject, survObject, long.data, surv.data, idVar,  :
  Iteration limit reached without covergence.

### [bt]: Job terminated successfully [batchtools job.id=90]
### [bt]: Calculation finished!
