### [bt]: This is batchtools v0.9.15
### [bt]: Starting calculation of 1 jobs
### [bt]: Setting working directory to '/data/home/mengwang/21-summer-project/src'
### [bt]: Memory measurement disabled
### [bt]: Starting job [batchtools job.id=247]
### [bt]: Generating problem instance for problem 'generate_data' ...
### [bt]: Applying algorithm 'fit_JMest' on problem 'generate_data' for job 247 (seed = 20071190) ...
[1] "get initial values for LME & GLM models --- done."
[1] "get initial values for GLME model --- done."
[1] "get initial values for survival models --- done."
[1] "estimate random effects --- done."
[1] "estimate fixed parameters --- done."
[1] "estimate dispersion parameters --- done."
############## Iteration: 1 ############### 
fixed.par: 2.63 0.67 -0.17 1.07 0.07 -1.71 0.35 -2.73 -1.21 2.89 1.17 -0.05 -0.51 -0.32 -1.04 -57.18 8.6 
FixedParDiff =  0.2922859 
likDiff =  1 
sigma: 0.95 0.09 -0.46 -0.29 2 
loglike: -5983.827 
########################################## 
[1] "estimate random effects --- done."
[1] "estimate fixed parameters --- done."
[1] "estimate dispersion parameters --- done."
############## Iteration: 2 ############### 
fixed.par: 2.2 0.96 -0.3 1.36 0.06 -1.73 0.34 -2.78 -1.16 2.75 1.23 -0.05 -0.61 -0.58 -1.43 -70.25 10.57 
FixedParDiff =  0.2218383 
likDiff =  0.007498748 
sigma: 0.97 0.1 -0.46 -0.29 2 
loglike: -5938.955 
########################################## 
[1] "estimate random effects --- done."
[1] "estimate fixed parameters --- done."
[1] "estimate dispersion parameters --- done."
############## Iteration: 3 ############### 
fixed.par: 2.15 1 -0.31 1.39 0.06 -1.73 0.35 -2.77 -1.11 2.65 1.24 -0.05 -0.74 -1.02 -2.07 -88.02 13.27 
FixedParDiff =  0.1296237 
likDiff =  0.002682298 
sigma: 0.98 0.1 -0.42 -0.29 2.01 
loglike: -5923.025 
########################################## 
[1] "estimate random effects --- done."
[1] "estimate fixed parameters --- done."
[1] "estimate dispersion parameters --- done."
############## Iteration: 4 ############### 
fixed.par: 2.15 1 -0.32 1.39 0.06 -1.74 0.37 -2.76 -1.07 2.58 1.24 -0.05 -1.15 -1.98 -3.66 -137.27 20.73 
FixedParDiff =  0.2114861 
likDiff =  0.004368202 
sigma: 0.98 0.08 -0.37 -0.31 2.01 
loglike: -5897.152 
########################################## 
[1] "estimate random effects --- done."
[1] "estimate fixed parameters --- done."
[1] "estimate dispersion parameters --- done."
############## Iteration: 5 ############### 
fixed.par: 2.15 1 -0.31 1.39 0.06 -1.73 0.37 -2.75 -1.01 2.43 1.24 -0.05 -2.82 -5.13 -9.45 -332.48 50.35 
FixedParDiff =  0.4524386 
likDiff =  0.009442371 
sigma: 0.98 0.05 -0.31 -0.37 2 
loglike: -5841.469 
########################################## 
Warning in JMfit_HL(glmeObject, survObject, long.data, surv.data, idVar,  :
  Iteration limit reached without covergence.

### [bt]: Job terminated successfully [batchtools job.id=247]
### [bt]: Calculation finished!
