### [bt]: This is batchtools v0.9.15
### [bt]: Starting calculation of 1 jobs
### [bt]: Setting working directory to '/data/home/mengwang/21-summer-project/src'
### [bt]: Memory measurement disabled
### [bt]: Starting job [batchtools job.id=584]
### [bt]: Generating problem instance for problem 'generate_data' ...
### [bt]: Applying algorithm 'fit_JMest' on problem 'generate_data' for job 584 (seed = 20071527) ...
[1] "get initial values for LME & GLM models --- done."
[1] "get initial values for GLME model --- done."
[1] "get initial values for survival models --- done."
[1] "estimate random effects --- done."
[1] "estimate fixed parameters --- done."
Warning in log(det(H/2/pi)) : NaNs produced
[1] "estimate dispersion parameters --- done."
############## Iteration: 1 ############### 
fixed.par: 1.77 1.2 -0.39 1.64 0.06 -1.66 0.3 -2.73 -1.16 2.73 1.13 -0.04 2.59 -0.17 -0.22 1.15 
FixedParDiff =  4.498415 
likDiff =  1 
sigma: 1.16 0 -0.52 -0.62 1.52 
loglike: -8539.618 
########################################## 
[1] "estimate random effects --- done."
[1] "estimate fixed parameters --- done."
[1] "estimate dispersion parameters --- done."
############## Iteration: 2 ############### 
fixed.par: 1.77 1.19 -0.39 1.64 0.05 -1.71 0.3 -2.79 -1.15 2.52 1.33 -0.06 2.6 -0.45 -0.48 1.15 
FixedParDiff =  0.2238554 
likDiff =  0.2979378 
sigma: 1.16 0.01 -0.49 -0.63 1.52 
loglike: -5995.343 
########################################## 
[1] "estimate random effects --- done."
[1] "estimate fixed parameters --- done."
[1] "estimate dispersion parameters --- done."
############## Iteration: 3 ############### 
fixed.par: 1.78 1.19 -0.39 1.64 0.05 -1.72 0.33 -2.77 -1.14 2.53 1.4 -0.06 2.69 -1.76 -1.9 1.15 
FixedParDiff =  0.3789159 
likDiff =  0.007577439 
sigma: 1.16 0.01 -0.41 -0.74 1.51 
loglike: -5949.913 
########################################## 
[1] "estimate random effects --- done."
[1] "estimate fixed parameters --- done."
Warning in log(det(H/2/pi)) : NaNs produced
Warning in log(det(H/2/pi)) : NaNs produced
Warning in log(det(H/2/pi)) : NaNs produced
Warning in log(det(H/2/pi)) : NaNs produced
[1] "estimate dispersion parameters --- done."
############## Iteration: 4 ############### 
fixed.par: 1.79 1.19 -0.39 1.63 0.06 -1.7 0.33 -2.75 -1.14 2.53 1.46 -0.05 3.56 -13.63 -14.14 1.15 
FixedParDiff =  0.860553 
likDiff =  0.01877543 
sigma: 1.15 0.01 -0.29 -0.81 1.51 
loglike: -5838.201 
########################################## 
[1] "estimate random effects --- done."
[1] "estimate fixed parameters --- done."
[1] "estimate dispersion parameters --- done."
############## Iteration: 5 ############### 
fixed.par: 1.86 1.15 -0.37 1.58 0.07 -1.71 0.35 -2.73 -1.12 2.51 1.5 -0.05 8.17 -91.42 -91.88 1.12 
FixedParDiff =  0.8180029 
likDiff =  0.01681852 
sigma: 1.12 0.01 -0.22 -0.83 1.51 
loglike: -5740.011 
########################################## 
Warning in JMfit_HL(glmeObject, survObject, long.data, surv.data, idVar,  :
  Iteration limit reached without covergence.
Warning in sqrt(sd2) : NaNs produced
Warning in sqrt(diag(solve(Hmat))) : NaNs produced

### [bt]: Job terminated successfully [batchtools job.id=584]
### [bt]: Calculation finished!
