### [bt]: This is batchtools v0.9.15
### [bt]: Starting calculation of 1 jobs
### [bt]: Setting working directory to '/data/home/mengwang/21-summer-project/src'
### [bt]: Memory measurement disabled
### [bt]: Starting job [batchtools job.id=502]
### [bt]: Generating problem instance for problem 'generate_data' ...
### [bt]: Applying algorithm 'fit_JMest' on problem 'generate_data' for job 502 (seed = 20071445) ...
[1] "get initial values for LME & GLM models --- done."
[1] "get initial values for GLME model --- done."
[1] "get initial values for survival models --- done."
[1] "estimate random effects --- done."
[1] "estimate fixed parameters --- done."
[1] "estimate dispersion parameters --- done."
############## Iteration: 1 ############### 
fixed.par: 2.63 0.67 -0.17 1.07 0.06 -1.66 0.31 -2.74 -1.22 2.89 1.18 -0.05 -0.51 -0.32 -1.04 -56.82 8.54 
FixedParDiff =  0.3021546 
likDiff =  1 
sigma: 0.95 0.09 -0.46 -0.29 2 
loglike: -5983.849 
########################################## 
[1] "estimate random effects --- done."
[1] "estimate fixed parameters --- done."
[1] "estimate dispersion parameters --- done."
############## Iteration: 2 ############### 
fixed.par: 2.2 0.96 -0.3 1.36 0.06 -1.72 0.33 -2.78 -1.15 2.75 1.21 -0.05 -0.59 -0.56 -1.4 -67.91 10.22 
FixedParDiff =  0.213232 
likDiff =  0.007483387 
sigma: 0.97 0.1 -0.46 -0.29 2 
loglike: -5939.069 
########################################## 
[1] "estimate random effects --- done."
[1] "estimate fixed parameters --- done."
[1] "estimate dispersion parameters --- done."
############## Iteration: 3 ############### 
fixed.par: 2.15 1 -0.31 1.39 0.06 -1.74 0.36 -2.77 -1.11 2.67 1.23 -0.05 -0.73 -1 -2.04 -86.99 13.11 
FixedParDiff =  0.1425544 
likDiff =  0.002582053 
sigma: 0.98 0.1 -0.42 -0.29 2.01 
loglike: -5923.734 
########################################## 
[1] "estimate random effects --- done."
[1] "estimate fixed parameters --- done."
[1] "estimate dispersion parameters --- done."
############## Iteration: 4 ############### 
fixed.par: 2.15 1 -0.32 1.39 0.06 -1.74 0.37 -2.76 -1.08 2.59 1.25 -0.05 -1.05 -1.84 -3.38 -125.64 18.98 
FixedParDiff =  0.1764128 
likDiff =  0.004366327 
sigma: 0.98 0.08 -0.37 -0.31 2.01 
loglike: -5897.869 
########################################## 
[1] "estimate random effects --- done."
[1] "estimate fixed parameters --- done."
[1] "estimate dispersion parameters --- done."
############## Iteration: 5 ############### 
fixed.par: 2.15 1 -0.31 1.39 0.06 -1.73 0.37 -2.75 -1.02 2.48 1.25 -0.05 -2.4 -4.51 -8.18 -283.89 42.98 
FixedParDiff =  0.4035051 
likDiff =  0.008685696 
sigma: 0.98 0.06 -0.32 -0.36 2 
loglike: -5846.642 
########################################## 
Warning in JMfit_HL(glmeObject, survObject, long.data, surv.data, idVar,  :
  Iteration limit reached without covergence.

### [bt]: Job terminated successfully [batchtools job.id=502]
### [bt]: Calculation finished!
