### [bt]: This is batchtools v0.9.15
### [bt]: Starting calculation of 1 jobs
### [bt]: Setting working directory to '/data/home/mengwang/21-summer-project/src'
### [bt]: Memory measurement disabled
### [bt]: Starting job [batchtools job.id=390]
### [bt]: Generating problem instance for problem 'generate_data' ...
### [bt]: Applying algorithm 'fit_JMest' on problem 'generate_data' for job 390 (seed = 20071333) ...
[1] "get initial values for LME & GLM models --- done."
[1] "get initial values for GLME model --- done."
[1] "get initial values for survival models --- done."
[1] "estimate random effects --- done."
[1] "estimate fixed parameters --- done."
[1] "estimate dispersion parameters --- done."
############## Iteration: 1 ############### 
fixed.par: 2.63 0.67 -0.17 1.07 0.07 -1.7 0.34 -2.74 -1.21 2.89 1.17 -0.05 -0.52 -0.32 -1.05 -57.58 8.66 
FixedParDiff =  0.2969804 
likDiff =  1 
sigma: 0.95 0.09 -0.46 -0.29 2 
loglike: -5983.828 
########################################## 
[1] "estimate random effects --- done."
[1] "estimate fixed parameters --- done."
[1] "estimate dispersion parameters --- done."
############## Iteration: 2 ############### 
fixed.par: 2.2 0.96 -0.3 1.36 0.06 -1.72 0.33 -2.78 -1.15 2.74 1.22 -0.05 -0.61 -0.58 -1.44 -70.31 10.58 
FixedParDiff =  0.2231388 
likDiff =  0.007528622 
sigma: 0.97 0.1 -0.46 -0.29 2 
loglike: -5938.778 
########################################## 
[1] "estimate random effects --- done."
[1] "estimate fixed parameters --- done."
[1] "estimate dispersion parameters --- done."
############## Iteration: 3 ############### 
fixed.par: 2.15 1 -0.32 1.39 0.06 -1.75 0.36 -2.77 -1.11 2.65 1.24 -0.05 -0.74 -1.02 -2.07 -88.25 13.3 
FixedParDiff =  0.1364016 
likDiff =  0.00267216 
sigma: 0.98 0.1 -0.42 -0.29 2.01 
loglike: -5922.909 
########################################## 
[1] "estimate random effects --- done."
[1] "estimate fixed parameters --- done."
[1] "estimate dispersion parameters --- done."
############## Iteration: 4 ############### 
fixed.par: 2.14 1 -0.32 1.39 0.06 -1.74 0.37 -2.76 -1.07 2.58 1.24 -0.05 -1.08 -1.89 -3.47 -129.32 19.53 
FixedParDiff =  0.1779728 
likDiff =  0.00437064 
sigma: 0.98 0.08 -0.37 -0.31 2.01 
loglike: -5897.022 
########################################## 
[1] "estimate random effects --- done."
[1] "estimate fixed parameters --- done."
[1] "estimate dispersion parameters --- done."
############## Iteration: 5 ############### 
fixed.par: 2.15 1 -0.32 1.39 0.06 -1.72 0.36 -2.75 -1.02 2.46 1.25 -0.05 -2.38 -4.44 -8.09 -281.5 42.63 
FixedParDiff =  0.3787184 
likDiff =  0.00887344 
sigma: 0.98 0.05 -0.31 -0.36 2 
loglike: -5844.695 
########################################## 
Warning in JMfit_HL(glmeObject, survObject, long.data, surv.data, idVar,  :
  Iteration limit reached without covergence.

### [bt]: Job terminated successfully [batchtools job.id=390]
### [bt]: Calculation finished!
