### [bt]: This is batchtools v0.9.15
### [bt]: Starting calculation of 1 jobs
### [bt]: Setting working directory to '/data/home/mengwang/21-summer-project/src'
### [bt]: Memory measurement disabled
### [bt]: Starting job [batchtools job.id=388]
### [bt]: Generating problem instance for problem 'generate_data' ...
### [bt]: Applying algorithm 'fit_JMest' on problem 'generate_data' for job 388 (seed = 20071331) ...
[1] "get initial values for LME & GLM models --- done."
[1] "get initial values for GLME model --- done."
[1] "get initial values for survival models --- done."
[1] "estimate random effects --- done."
[1] "estimate fixed parameters --- done."
[1] "estimate dispersion parameters --- done."
############## Iteration: 1 ############### 
fixed.par: 2.63 0.67 -0.17 1.07 0.06 -1.69 0.33 -2.73 -1.22 2.89 1.18 -0.05 -0.52 -0.33 -1.06 -58.44 8.78 
FixedParDiff =  0.3081404 
likDiff =  1 
sigma: 0.95 0.09 -0.46 -0.29 2 
loglike: -5983.849 
########################################## 
[1] "estimate random effects --- done."
[1] "estimate fixed parameters --- done."
[1] "estimate dispersion parameters --- done."
############## Iteration: 2 ############### 
fixed.par: 2.2 0.96 -0.3 1.36 0.06 -1.73 0.34 -2.78 -1.15 2.74 1.22 -0.05 -0.6 -0.58 -1.43 -69.56 10.47 
FixedParDiff =  0.211218 
likDiff =  0.007573406 
sigma: 0.97 0.1 -0.46 -0.29 2 
loglike: -5938.531 
########################################## 
[1] "estimate random effects --- done."
[1] "estimate fixed parameters --- done."
[1] "estimate dispersion parameters --- done."
############## Iteration: 3 ############### 
fixed.par: 2.15 1 -0.31 1.39 0.06 -1.75 0.37 -2.77 -1.11 2.66 1.24 -0.05 -0.74 -1.02 -2.07 -88 13.27 
FixedParDiff =  0.1371311 
likDiff =  0.002619867 
sigma: 0.98 0.1 -0.42 -0.29 2.01 
loglike: -5922.973 
########################################## 
[1] "estimate random effects --- done."
[1] "estimate fixed parameters --- done."
[1] "estimate dispersion parameters --- done."
############## Iteration: 4 ############### 
fixed.par: 2.14 1 -0.32 1.39 0.06 -1.74 0.37 -2.76 -1.07 2.58 1.25 -0.05 -1.14 -1.97 -3.63 -135.79 20.51 
FixedParDiff =  0.2018356 
likDiff =  0.004404198 
sigma: 0.98 0.08 -0.37 -0.31 2.01 
loglike: -5896.887 
########################################## 
[1] "estimate random effects --- done."
[1] "estimate fixed parameters --- done."
[1] "estimate dispersion parameters --- done."
############## Iteration: 5 ############### 
fixed.par: 2.15 1 -0.31 1.39 0.06 -1.74 0.37 -2.75 -1.01 2.44 1.25 -0.05 -2.62 -4.81 -8.83 -309.4 46.86 
FixedParDiff =  0.4115349 
likDiff =  0.009393322 
sigma: 0.98 0.05 -0.31 -0.36 2 
loglike: -5841.495 
########################################## 
Warning in JMfit_HL(glmeObject, survObject, long.data, surv.data, idVar,  :
  Iteration limit reached without covergence.

### [bt]: Job terminated successfully [batchtools job.id=388]
### [bt]: Calculation finished!
