### [bt]: This is batchtools v0.9.15
### [bt]: Starting calculation of 1 jobs
### [bt]: Setting working directory to '/data/home/mengwang/21-summer-project/src'
### [bt]: Memory measurement disabled
### [bt]: Starting job [batchtools job.id=427]
### [bt]: Generating problem instance for problem 'generate_data' ...
### [bt]: Applying algorithm 'fit_JMest' on problem 'generate_data' for job 427 (seed = 20071370) ...
[1] "get initial values for LME & GLM models --- done."
[1] "get initial values for GLME model --- done."
[1] "get initial values for survival models --- done."
[1] "estimate random effects --- done."
[1] "estimate fixed parameters --- done."
Warning in log(det(H/2/pi)) : NaNs produced
[1] "estimate dispersion parameters --- done."
############## Iteration: 1 ############### 
fixed.par: 1.77 1.2 -0.39 1.64 0.06 -1.67 0.3 -2.73 -1.16 2.73 1.13 -0.04 2.58 -0.18 -0.22 1.15 
FixedParDiff =  4.503672 
likDiff =  1 
sigma: 1.16 0 -0.52 -0.62 1.52 
loglike: -8539.627 
########################################## 
[1] "estimate random effects --- done."
[1] "estimate fixed parameters --- done."
[1] "estimate dispersion parameters --- done."
############## Iteration: 2 ############### 
fixed.par: 1.77 1.2 -0.39 1.64 0.05 -1.68 0.28 -2.79 -1.15 2.52 1.33 -0.06 2.6 -0.44 -0.47 1.15 
FixedParDiff =  0.2246835 
likDiff =  0.2979384 
sigma: 1.16 0.01 -0.49 -0.63 1.52 
loglike: -5995.344 
########################################## 
[1] "estimate random effects --- done."
[1] "estimate fixed parameters --- done."
[1] "estimate dispersion parameters --- done."
############## Iteration: 3 ############### 
fixed.par: 1.78 1.19 -0.39 1.64 0.05 -1.72 0.33 -2.78 -1.14 2.53 1.39 -0.06 2.69 -1.83 -1.97 1.15 
FixedParDiff =  0.4211125 
likDiff =  0.00756033 
sigma: 1.16 0.01 -0.41 -0.74 1.51 
loglike: -5950.017 
########################################## 
[1] "estimate random effects --- done."
[1] "estimate fixed parameters --- done."
Warning in log(det(H/2/pi)) : NaNs produced
[1] "estimate dispersion parameters --- done."
############## Iteration: 4 ############### 
fixed.par: 1.8 1.18 -0.39 1.63 0.06 -1.72 0.35 -2.75 -1.14 2.54 1.46 -0.05 3.61 -14.02 -14.55 1.15 
FixedParDiff =  0.858786 
likDiff =  0.01868912 
sigma: 1.15 0.01 -0.29 -0.81 1.51 
loglike: -5838.816 
########################################## 
[1] "estimate random effects --- done."
[1] "estimate fixed parameters --- done."
[1] "estimate dispersion parameters --- done."
############## Iteration: 5 ############### 
fixed.par: 1.87 1.15 -0.37 1.58 0.07 -1.71 0.36 -2.73 -1.12 2.51 1.5 -0.05 8.84 -103.79 -104.22 1.12 
FixedParDiff =  0.9088584 
likDiff =  0.01653918 
sigma: 1.12 0.01 -0.22 -0.83 1.51 
loglike: -5742.247 
########################################## 
Warning in JMfit_HL(glmeObject, survObject, long.data, surv.data, idVar,  :
  Iteration limit reached without covergence.
Warning in sqrt(sd2) : NaNs produced
Warning in sqrt(diag(solve(Hmat))) : NaNs produced

### [bt]: Job terminated successfully [batchtools job.id=427]
### [bt]: Calculation finished!
