### [bt]: This is batchtools v0.9.15
### [bt]: Starting calculation of 1 jobs
### [bt]: Setting working directory to '/data/home/mengwang/21-summer-project/src'
### [bt]: Memory measurement disabled
### [bt]: Starting job [batchtools job.id=214]
### [bt]: Generating problem instance for problem 'generate_data' ...
### [bt]: Applying algorithm 'fit_JMest' on problem 'generate_data' for job 214 (seed = 20071157) ...
[1] "get initial values for LME & GLM models --- done."
[1] "get initial values for GLME model --- done."
[1] "get initial values for survival models --- done."
[1] "estimate random effects --- done."
[1] "estimate fixed parameters --- done."
[1] "estimate dispersion parameters --- done."
############## Iteration: 1 ############### 
fixed.par: 2.63 0.67 -0.17 1.07 0.06 -1.68 0.32 -2.73 -1.22 2.89 1.18 -0.05 -0.53 -0.33 -1.07 -59.37 8.92 
FixedParDiff =  0.3171653 
likDiff =  1 
sigma: 0.95 0.09 -0.46 -0.29 2 
loglike: -5983.871 
########################################## 
[1] "estimate random effects --- done."
[1] "estimate fixed parameters --- done."
[1] "estimate dispersion parameters --- done."
############## Iteration: 2 ############### 
fixed.par: 2.21 0.96 -0.3 1.36 0.06 -1.72 0.33 -2.78 -1.14 2.73 1.22 -0.05 -0.61 -0.59 -1.45 -70.81 10.66 
FixedParDiff =  0.2139121 
likDiff =  0.007621644 
sigma: 0.97 0.1 -0.46 -0.29 2 
loglike: -5938.264 
########################################## 
[1] "estimate random effects --- done."
[1] "estimate fixed parameters --- done."
[1] "estimate dispersion parameters --- done."
############## Iteration: 3 ############### 
fixed.par: 2.15 1 -0.31 1.39 0.06 -1.75 0.36 -2.77 -1.1 2.65 1.23 -0.05 -0.75 -1.04 -2.1 -89.57 13.5 
FixedParDiff =  0.1372979 
likDiff =  0.002646245 
sigma: 0.98 0.1 -0.42 -0.28 2.01 
loglike: -5922.55 
########################################## 
[1] "estimate random effects --- done."
Warning in log(det(H/2/pi)) : NaNs produced
[1] "estimate fixed parameters --- done."
[1] "estimate dispersion parameters --- done."
############## Iteration: 4 ############### 
fixed.par: 2.14 1 -0.32 1.39 0.06 -1.75 0.37 -2.76 -1.07 2.57 1.24 -0.05 -1.1 -1.9 -3.51 -130.95 19.78 
FixedParDiff =  0.1794318 
likDiff =  0.004401461 
sigma: 0.98 0.08 -0.37 -0.31 2.01 
loglike: -5896.482 
########################################## 
[1] "estimate random effects --- done."
[1] "estimate fixed parameters --- done."
[1] "estimate dispersion parameters --- done."
############## Iteration: 5 ############### 
fixed.par: 2.15 1 -0.31 1.39 0.06 -1.74 0.37 -2.75 -1.02 2.45 1.24 -0.05 -2.45 -4.53 -8.28 -289.26 43.8 
FixedParDiff =  0.388245 
likDiff =  0.008947057 
sigma: 0.98 0.05 -0.31 -0.36 2 
loglike: -5843.726 
########################################## 
Warning in JMfit_HL(glmeObject, survObject, long.data, surv.data, idVar,  :
  Iteration limit reached without covergence.

### [bt]: Job terminated successfully [batchtools job.id=214]
### [bt]: Calculation finished!
