### [bt]: This is batchtools v0.9.15
### [bt]: Starting calculation of 1 jobs
### [bt]: Setting working directory to '/data/home/mengwang/21-summer-project/src'
### [bt]: Memory measurement disabled
### [bt]: Starting job [batchtools job.id=56]
### [bt]: Generating problem instance for problem 'generate_data' ...
### [bt]: Applying algorithm 'fit_JMest' on problem 'generate_data' for job 56 (seed = 20070999) ...
[1] "get initial values for LME & GLM models --- done."
[1] "get initial values for GLME model --- done."
[1] "get initial values for survival models --- done."
[1] "estimate random effects --- done."
[1] "estimate fixed parameters --- done."
[1] "estimate dispersion parameters --- done."
############## Iteration: 1 ############### 
fixed.par: 2.63 0.67 -0.17 1.07 0.07 -1.69 0.33 -2.74 -1.21 2.89 1.17 -0.05 -0.52 -0.33 -1.05 -57.75 8.68 
FixedParDiff =  0.2998827 
likDiff =  1 
sigma: 0.95 0.09 -0.46 -0.29 2 
loglike: -5983.799 
########################################## 
[1] "estimate random effects --- done."
[1] "estimate fixed parameters --- done."
[1] "estimate dispersion parameters --- done."
############## Iteration: 2 ############### 
fixed.par: 2.2 0.96 -0.3 1.36 0.06 -1.73 0.34 -2.78 -1.15 2.74 1.23 -0.05 -0.59 -0.57 -1.4 -68.22 10.27 
FixedParDiff =  0.2103757 
likDiff =  0.007522882 
sigma: 0.97 0.1 -0.46 -0.29 2 
loglike: -5938.784 
########################################## 
[1] "estimate random effects --- done."
[1] "estimate fixed parameters --- done."
[1] "estimate dispersion parameters --- done."
############## Iteration: 3 ############### 
fixed.par: 2.15 1 -0.31 1.39 0.06 -1.76 0.37 -2.77 -1.11 2.67 1.24 -0.05 -0.73 -1.01 -2.04 -86.85 13.09 
FixedParDiff =  0.1393096 
likDiff =  0.002564537 
sigma: 0.98 0.1 -0.42 -0.29 2.01 
loglike: -5923.553 
########################################## 
[1] "estimate random effects --- done."
[1] "estimate fixed parameters --- done."
[1] "estimate dispersion parameters --- done."
############## Iteration: 4 ############### 
fixed.par: 2.14 1 -0.32 1.39 0.06 -1.74 0.37 -2.76 -1.08 2.59 1.24 -0.05 -1.12 -1.95 -3.57 -133.75 20.2 
FixedParDiff =  0.2030622 
likDiff =  0.004371675 
sigma: 0.98 0.08 -0.38 -0.31 2.01 
loglike: -5897.657 
########################################## 
[1] "estimate random effects --- done."
[1] "estimate fixed parameters --- done."
[1] "estimate dispersion parameters --- done."
############## Iteration: 5 ############### 
fixed.par: 2.15 1 -0.32 1.39 0.07 -1.74 0.38 -2.75 -1.01 2.45 1.24 -0.05 -2.57 -4.75 -8.69 -303.99 46.03 
FixedParDiff =  0.412454 
likDiff =  0.009249134 
sigma: 0.98 0.05 -0.31 -0.36 2 
loglike: -5843.109 
########################################## 
Warning in JMfit_HL(glmeObject, survObject, long.data, surv.data, idVar,  :
  Iteration limit reached without covergence.

### [bt]: Job terminated successfully [batchtools job.id=56]
### [bt]: Calculation finished!
