### [bt]: This is batchtools v0.9.15
### [bt]: Starting calculation of 1 jobs
### [bt]: Setting working directory to '/data/home/mengwang/21-summer-project/src'
### [bt]: Memory measurement disabled
### [bt]: Starting job [batchtools job.id=585]
### [bt]: Generating problem instance for problem 'generate_data' ...
### [bt]: Applying algorithm 'fit_JMest' on problem 'generate_data' for job 585 (seed = 20071528) ...
[1] "get initial values for LME & GLM models --- done."
[1] "get initial values for GLME model --- done."
[1] "get initial values for survival models --- done."
[1] "estimate random effects --- done."
[1] "estimate fixed parameters --- done."
[1] "estimate dispersion parameters --- done."
############## Iteration: 1 ############### 
fixed.par: 1.77 1.19 -0.39 1.64 0.06 -1.64 0.28 -2.73 -1.16 2.73 1.13 -0.04 2.58 -0.17 -0.21 1.15 
FixedParDiff =  4.440387 
likDiff =  1 
sigma: 1.16 0 -0.52 -0.62 1.52 
loglike: -8539.655 
########################################## 
[1] "estimate random effects --- done."
[1] "estimate fixed parameters --- done."
[1] "estimate dispersion parameters --- done."
############## Iteration: 2 ############### 
fixed.par: 1.77 1.19 -0.39 1.64 0.05 -1.72 0.31 -2.79 -1.15 2.52 1.34 -0.06 2.6 -0.4 -0.42 1.15 
FixedParDiff =  0.2015694 
likDiff =  0.2979424 
sigma: 1.16 0.01 -0.49 -0.63 1.52 
loglike: -5995.33 
########################################## 
[1] "estimate random effects --- done."
[1] "estimate fixed parameters --- done."
Warning in log(det(H/2/pi)) : NaNs produced
[1] "estimate dispersion parameters --- done."
############## Iteration: 3 ############### 
fixed.par: 1.78 1.19 -0.39 1.64 0.05 -1.71 0.32 -2.78 -1.14 2.53 1.41 -0.06 2.67 -1.66 -1.78 1.15 
FixedParDiff =  0.4129279 
likDiff =  0.007522088 
sigma: 1.16 0.01 -0.41 -0.74 1.51 
loglike: -5950.232 
########################################## 
[1] "estimate random effects --- done."
[1] "estimate fixed parameters --- done."
Warning in log(det(H/2/pi)) : NaNs produced
Warning in log(det(H/2/pi)) : NaNs produced
[1] "estimate dispersion parameters --- done."
############## Iteration: 4 ############### 
fixed.par: 1.79 1.18 -0.39 1.63 0.06 -1.71 0.34 -2.75 -1.14 2.53 1.47 -0.05 3.47 -13.37 -13.86 1.15 
FixedParDiff =  0.9097455 
likDiff =  0.01889284 
sigma: 1.15 0.01 -0.29 -0.81 1.51 
loglike: -5837.815 
########################################## 
[1] "estimate random effects --- done."
[1] "estimate fixed parameters --- done."
[1] "estimate dispersion parameters --- done."
############## Iteration: 5 ############### 
fixed.par: 1.86 1.15 -0.38 1.58 0.07 -1.73 0.37 -2.73 -1.12 2.51 1.51 -0.05 7.74 -87.6 -88.08 1.12 
FixedParDiff =  0.7989713 
likDiff =  0.0173248 
sigma: 1.12 0.01 -0.22 -0.83 1.51 
loglike: -5736.677 
########################################## 
Warning in JMfit_HL(glmeObject, survObject, long.data, surv.data, idVar,  :
  Iteration limit reached without covergence.
Warning in sqrt(sd2) : NaNs produced

### [bt]: Job terminated successfully [batchtools job.id=585]
### [bt]: Calculation finished!
