### [bt]: This is batchtools v0.9.15
### [bt]: Starting calculation of 1 jobs
### [bt]: Setting working directory to '/data/home/mengwang/21-summer-project/src'
### [bt]: Memory measurement disabled
### [bt]: Starting job [batchtools job.id=521]
### [bt]: Generating problem instance for problem 'generate_data' ...
### [bt]: Applying algorithm 'fit_JMest' on problem 'generate_data' for job 521 (seed = 20071464) ...
[1] "get initial values for LME & GLM models --- done."
[1] "get initial values for GLME model --- done."
[1] "get initial values for survival models --- done."
[1] "estimate random effects --- done."
[1] "estimate fixed parameters --- done."
[1] "estimate dispersion parameters --- done."
############## Iteration: 1 ############### 
fixed.par: 2.63 0.67 -0.17 1.07 0.07 -1.71 0.35 -2.74 -1.21 2.89 1.16 -0.05 -0.52 -0.32 -1.05 -57.74 8.68 
FixedParDiff =  0.2921773 
likDiff =  1 
sigma: 0.95 0.09 -0.46 -0.29 2 
loglike: -5983.796 
########################################## 
[1] "estimate random effects --- done."
[1] "estimate fixed parameters --- done."
[1] "estimate dispersion parameters --- done."
############## Iteration: 2 ############### 
fixed.par: 2.2 0.96 -0.3 1.36 0.06 -1.73 0.34 -2.77 -1.15 2.74 1.22 -0.05 -0.62 -0.59 -1.45 -71.39 10.74 
FixedParDiff =  0.2299965 
likDiff =  0.007527782 
sigma: 0.97 0.1 -0.46 -0.29 2 
loglike: -5938.751 
########################################## 
[1] "estimate random effects --- done."
[1] "estimate fixed parameters --- done."
[1] "estimate dispersion parameters --- done."
############## Iteration: 3 ############### 
fixed.par: 2.15 1 -0.31 1.39 0.06 -1.75 0.37 -2.77 -1.1 2.64 1.23 -0.05 -0.78 -1.07 -2.17 -93.15 14.04 
FixedParDiff =  0.1521193 
likDiff =  0.002709512 
sigma: 0.98 0.1 -0.42 -0.29 2.01 
loglike: -5922.66 
########################################## 
[1] "estimate random effects --- done."
[1] "estimate fixed parameters --- done."
[1] "estimate dispersion parameters --- done."
############## Iteration: 4 ############### 
fixed.par: 2.15 1 -0.32 1.39 0.06 -1.73 0.36 -2.76 -1.05 2.55 1.24 -0.05 -1.19 -2.03 -3.78 -142.25 21.49 
FixedParDiff =  0.1986212 
likDiff =  0.004604972 
sigma: 0.98 0.08 -0.37 -0.31 2.01 
loglike: -5895.386 
########################################## 
[1] "estimate random effects --- done."
[1] "estimate fixed parameters --- done."
[1] "estimate dispersion parameters --- done."
############## Iteration: 5 ############### 
fixed.par: 2.15 1 -0.31 1.39 0.06 -1.72 0.36 -2.75 -0.99 2.41 1.23 -0.05 -2.7 -4.85 -9.02 -318.52 48.25 
FixedParDiff =  0.3995738 
likDiff =  0.009607128 
sigma: 0.98 0.05 -0.31 -0.37 2 
loglike: -5838.749 
########################################## 
Warning in JMfit_HL(glmeObject, survObject, long.data, surv.data, idVar,  :
  Iteration limit reached without covergence.

### [bt]: Job terminated successfully [batchtools job.id=521]
### [bt]: Calculation finished!
