### [bt]: This is batchtools v0.9.15
### [bt]: Starting calculation of 1 jobs
### [bt]: Setting working directory to '/data/home/mengwang/21-summer-project/src'
### [bt]: Memory measurement disabled
### [bt]: Starting job [batchtools job.id=229]
### [bt]: Generating problem instance for problem 'generate_data' ...
### [bt]: Applying algorithm 'fit_JMest' on problem 'generate_data' for job 229 (seed = 20071172) ...
[1] "get initial values for LME & GLM models --- done."
[1] "get initial values for GLME model --- done."
[1] "get initial values for survival models --- done."
[1] "estimate random effects --- done."
[1] "estimate fixed parameters --- done."
[1] "estimate dispersion parameters --- done."
############## Iteration: 1 ############### 
fixed.par: 2.63 0.67 -0.17 1.07 0.06 -1.68 0.32 -2.73 -1.21 2.89 1.18 -0.05 -0.52 -0.33 -1.06 -58.24 8.75 
FixedParDiff =  0.3106495 
likDiff =  1 
sigma: 0.95 0.09 -0.46 -0.29 2 
loglike: -5983.858 
########################################## 
[1] "estimate random effects --- done."
[1] "estimate fixed parameters --- done."
[1] "estimate dispersion parameters --- done."
############## Iteration: 2 ############### 
fixed.par: 2.2 0.96 -0.3 1.36 0.06 -1.73 0.34 -2.77 -1.15 2.74 1.22 -0.05 -0.6 -0.58 -1.43 -69.84 10.51 
FixedParDiff =  0.2152395 
likDiff =  0.007567818 
sigma: 0.97 0.1 -0.46 -0.29 2 
loglike: -5938.573 
########################################## 
[1] "estimate random effects --- done."
[1] "estimate fixed parameters --- done."
[1] "estimate dispersion parameters --- done."
############## Iteration: 3 ############### 
fixed.par: 2.15 1 -0.31 1.39 0.06 -1.76 0.37 -2.77 -1.11 2.66 1.24 -0.05 -0.76 -1.04 -2.11 -89.95 13.56 
FixedParDiff =  0.1464749 
likDiff =  0.002630693 
sigma: 0.98 0.1 -0.42 -0.29 2.01 
loglike: -5922.95 
########################################## 
[1] "estimate random effects --- done."
[1] "estimate fixed parameters --- done."
[1] "estimate dispersion parameters --- done."
############## Iteration: 4 ############### 
fixed.par: 2.15 1 -0.32 1.39 0.06 -1.73 0.36 -2.76 -1.07 2.57 1.24 -0.05 -1.15 -1.97 -3.65 -136.83 20.67 
FixedParDiff =  0.1997093 
likDiff =  0.004481484 
sigma: 0.98 0.08 -0.37 -0.31 2.01 
loglike: -5896.407 
########################################## 
[1] "estimate random effects --- done."
[1] "estimate fixed parameters --- done."
[1] "estimate dispersion parameters --- done."
############## Iteration: 5 ############### 
fixed.par: 2.15 1 -0.32 1.39 0.06 -1.74 0.37 -2.75 -1 2.43 1.23 -0.05 -2.35 -4.31 -7.94 -277.08 41.97 
FixedParDiff =  0.336849 
likDiff =  0.009196096 
sigma: 0.98 0.05 -0.31 -0.36 2 
loglike: -5842.183 
########################################## 
Warning in JMfit_HL(glmeObject, survObject, long.data, surv.data, idVar,  :
  Iteration limit reached without covergence.

### [bt]: Job terminated successfully [batchtools job.id=229]
### [bt]: Calculation finished!
