### [bt]: This is batchtools v0.9.15
### [bt]: Starting calculation of 1 jobs
### [bt]: Setting working directory to '/data/home/mengwang/21-summer-project/src'
### [bt]: Memory measurement disabled
### [bt]: Starting job [batchtools job.id=513]
### [bt]: Generating problem instance for problem 'generate_data' ...
### [bt]: Applying algorithm 'fit_JMest' on problem 'generate_data' for job 513 (seed = 20071456) ...
[1] "get initial values for LME & GLM models --- done."
[1] "get initial values for GLME model --- done."
[1] "get initial values for survival models --- done."
[1] "estimate random effects --- done."
[1] "estimate fixed parameters --- done."
[1] "estimate dispersion parameters --- done."
############## Iteration: 1 ############### 
fixed.par: 2.63 0.67 -0.17 1.07 0.07 -1.73 0.36 -2.73 -1.22 2.89 1.17 -0.05 -0.52 -0.32 -1.05 -57.68 8.67 
FixedParDiff =  0.2915922 
likDiff =  1 
sigma: 0.95 0.09 -0.46 -0.29 2 
loglike: -5983.817 
########################################## 
[1] "estimate random effects --- done."
[1] "estimate fixed parameters --- done."
[1] "estimate dispersion parameters --- done."
############## Iteration: 2 ############### 
fixed.par: 2.2 0.96 -0.3 1.36 0.06 -1.73 0.34 -2.78 -1.15 2.74 1.22 -0.05 -0.61 -0.58 -1.43 -70.1 10.55 
FixedParDiff =  0.223949 
likDiff =  0.007527354 
sigma: 0.97 0.1 -0.46 -0.29 2 
loglike: -5938.775 
########################################## 
[1] "estimate random effects --- done."
[1] "estimate fixed parameters --- done."
[1] "estimate dispersion parameters --- done."
############## Iteration: 3 ############### 
fixed.par: 2.15 1 -0.31 1.39 0.06 -1.74 0.36 -2.77 -1.11 2.65 1.23 -0.05 -0.74 -1.02 -2.07 -88.02 13.27 
FixedParDiff =  0.1296608 
likDiff =  0.002665258 
sigma: 0.98 0.1 -0.42 -0.29 2.01 
loglike: -5922.947 
########################################## 
[1] "estimate random effects --- done."
[1] "estimate fixed parameters --- done."
[1] "estimate dispersion parameters --- done."
############## Iteration: 4 ############### 
fixed.par: 2.14 1 -0.32 1.39 0.06 -1.74 0.37 -2.76 -1.07 2.58 1.24 -0.05 -1.13 -1.96 -3.61 -135.13 20.41 
FixedParDiff =  0.2002836 
likDiff =  0.004392445 
sigma: 0.98 0.08 -0.37 -0.31 2.01 
loglike: -5896.93 
########################################## 
[1] "estimate random effects --- done."
[1] "estimate fixed parameters --- done."
[1] "estimate dispersion parameters --- done."
############## Iteration: 5 ############### 
fixed.par: 2.15 1 -0.31 1.39 0.06 -1.72 0.36 -2.75 -1.01 2.44 1.24 -0.05 -2.43 -4.48 -8.21 -286.51 43.39 
FixedParDiff =  0.3648234 
likDiff =  0.0092626 
sigma: 0.98 0.05 -0.31 -0.36 2 
loglike: -5842.309 
########################################## 
Warning in JMfit_HL(glmeObject, survObject, long.data, surv.data, idVar,  :
  Iteration limit reached without covergence.

### [bt]: Job terminated successfully [batchtools job.id=513]
### [bt]: Calculation finished!
