### [bt]: This is batchtools v0.9.15
### [bt]: Starting calculation of 1 jobs
### [bt]: Setting working directory to '/data/home/mengwang/21-summer-project/src'
### [bt]: Memory measurement disabled
### [bt]: Starting job [batchtools job.id=506]
### [bt]: Generating problem instance for problem 'generate_data' ...
### [bt]: Applying algorithm 'fit_JMest' on problem 'generate_data' for job 506 (seed = 20071449) ...
[1] "get initial values for LME & GLM models --- done."
[1] "get initial values for GLME model --- done."
[1] "get initial values for survival models --- done."
[1] "estimate random effects --- done."
[1] "estimate fixed parameters --- done."
[1] "estimate dispersion parameters --- done."
############## Iteration: 1 ############### 
fixed.par: 2.63 0.67 -0.17 1.07 0.07 -1.73 0.36 -2.74 -1.21 2.89 1.18 -0.05 -0.5 -0.32 -1.01 -55.41 8.33 
FixedParDiff =  0.275266 
likDiff =  1 
sigma: 0.95 0.09 -0.46 -0.29 2 
loglike: -5983.957 
########################################## 
[1] "estimate random effects --- done."
[1] "estimate fixed parameters --- done."
[1] "estimate dispersion parameters --- done."
############## Iteration: 2 ############### 
fixed.par: 2.2 0.96 -0.3 1.35 0.06 -1.74 0.35 -2.78 -1.16 2.76 1.22 -0.05 -0.59 -0.56 -1.39 -67.77 10.2 
FixedParDiff =  0.222285 
likDiff =  0.007426647 
sigma: 0.97 0.1 -0.46 -0.29 2 
loglike: -5939.516 
########################################## 
[1] "estimate random effects --- done."
[1] "estimate fixed parameters --- done."
[1] "estimate dispersion parameters --- done."
############## Iteration: 3 ############### 
fixed.par: 2.15 1 -0.31 1.39 0.06 -1.74 0.36 -2.77 -1.12 2.68 1.24 -0.05 -0.72 -0.99 -2.01 -85.75 12.92 
FixedParDiff =  0.1319947 
likDiff =  0.002616769 
sigma: 0.98 0.1 -0.42 -0.29 2.01 
loglike: -5923.974 
########################################## 
[1] "estimate random effects --- done."
[1] "estimate fixed parameters --- done."
[1] "estimate dispersion parameters --- done."
############## Iteration: 4 ############### 
fixed.par: 2.15 1 -0.32 1.39 0.06 -1.75 0.37 -2.76 -1.08 2.6 1.24 -0.05 -1.1 -1.92 -3.51 -131.1 19.8 
FixedParDiff =  0.2023889 
likDiff =  0.004345661 
sigma: 0.98 0.08 -0.37 -0.31 2.01 
loglike: -5898.23 
########################################## 
[1] "estimate random effects --- done."
[1] "estimate fixed parameters --- done."
[1] "estimate dispersion parameters --- done."
############## Iteration: 5 ############### 
fixed.par: 2.15 1 -0.31 1.39 0.06 -1.72 0.36 -2.75 -1.02 2.46 1.25 -0.05 -2.35 -4.4 -8.02 -278.19 42.13 
FixedParDiff =  0.3665742 
likDiff =  0.009074476 
sigma: 0.98 0.06 -0.31 -0.36 2 
loglike: -5844.707 
########################################## 
Warning in JMfit_HL(glmeObject, survObject, long.data, surv.data, idVar,  :
  Iteration limit reached without covergence.

### [bt]: Job terminated successfully [batchtools job.id=506]
### [bt]: Calculation finished!
