### [bt]: This is batchtools v0.9.15
### [bt]: Starting calculation of 1 jobs
### [bt]: Setting working directory to '/data/home/mengwang/21-summer-project/src'
### [bt]: Memory measurement disabled
### [bt]: Starting job [batchtools job.id=352]
### [bt]: Generating problem instance for problem 'generate_data' ...
### [bt]: Applying algorithm 'fit_JMest' on problem 'generate_data' for job 352 (seed = 20071295) ...
[1] "get initial values for LME & GLM models --- done."
[1] "get initial values for GLME model --- done."
[1] "get initial values for survival models --- done."
[1] "estimate random effects --- done."
[1] "estimate fixed parameters --- done."
[1] "estimate dispersion parameters --- done."
############## Iteration: 1 ############### 
fixed.par: 2.63 0.67 -0.17 1.07 0.07 -1.68 0.32 -2.74 -1.21 2.89 1.17 -0.05 -0.52 -0.33 -1.05 -58.02 8.72 
FixedParDiff =  0.3051959 
likDiff =  1 
sigma: 0.95 0.09 -0.46 -0.29 2 
loglike: -5983.829 
########################################## 
[1] "estimate random effects --- done."
[1] "estimate fixed parameters --- done."
[1] "estimate dispersion parameters --- done."
############## Iteration: 2 ############### 
fixed.par: 2.2 0.96 -0.3 1.35 0.06 -1.71 0.33 -2.78 -1.15 2.74 1.21 -0.05 -0.6 -0.58 -1.43 -69.56 10.47 
FixedParDiff =  0.2163744 
likDiff =  0.007548119 
sigma: 0.97 0.1 -0.46 -0.29 2 
loglike: -5938.662 
########################################## 
[1] "estimate random effects --- done."
[1] "estimate fixed parameters --- done."
[1] "estimate dispersion parameters --- done."
############## Iteration: 3 ############### 
fixed.par: 2.15 0.99 -0.31 1.39 0.06 -1.75 0.36 -2.77 -1.11 2.66 1.23 -0.05 -0.71 -0.99 -2.01 -84.96 12.81 
FixedParDiff =  0.1290738 
likDiff =  0.002618335 
sigma: 0.98 0.1 -0.42 -0.29 2.01 
loglike: -5923.113 
########################################## 
[1] "estimate random effects --- done."
[1] "estimate fixed parameters --- done."
[1] "estimate dispersion parameters --- done."
############## Iteration: 4 ############### 
fixed.par: 2.15 1 -0.32 1.39 0.06 -1.75 0.37 -2.76 -1.08 2.6 1.24 -0.05 -1.09 -1.92 -3.5 -130.38 19.69 
FixedParDiff =  0.2001574 
likDiff =  0.004270926 
sigma: 0.98 0.08 -0.38 -0.31 2.01 
loglike: -5897.816 
########################################## 
[1] "estimate random effects --- done."
[1] "estimate fixed parameters --- done."
[1] "estimate dispersion parameters --- done."
############## Iteration: 5 ############### 
fixed.par: 2.15 1 -0.32 1.39 0.07 -1.74 0.37 -2.75 -1.02 2.46 1.24 -0.05 -2.52 -4.7 -8.55 -297.68 45.08 
FixedParDiff =  0.412388 
likDiff =  0.00913618 
sigma: 0.98 0.05 -0.31 -0.36 2 
loglike: -5843.932 
########################################## 
Warning in JMfit_HL(glmeObject, survObject, long.data, surv.data, idVar,  :
  Iteration limit reached without covergence.

### [bt]: Job terminated successfully [batchtools job.id=352]
### [bt]: Calculation finished!
