### [bt]: This is batchtools v0.9.15
### [bt]: Starting calculation of 1 jobs
### [bt]: Setting working directory to '/data/home/mengwang/21-summer-project/src'
### [bt]: Memory measurement disabled
### [bt]: Starting job [batchtools job.id=517]
### [bt]: Generating problem instance for problem 'generate_data' ...
### [bt]: Applying algorithm 'fit_JMest' on problem 'generate_data' for job 517 (seed = 20071460) ...
[1] "get initial values for LME & GLM models --- done."
[1] "get initial values for GLME model --- done."
[1] "get initial values for survival models --- done."
[1] "estimate random effects --- done."
[1] "estimate fixed parameters --- done."
[1] "estimate dispersion parameters --- done."
############## Iteration: 1 ############### 
fixed.par: 2.63 0.67 -0.17 1.07 0.07 -1.74 0.37 -2.73 -1.21 2.89 1.17 -0.05 -0.5 -0.32 -1.02 -55.89 8.4 
FixedParDiff =  0.2778503 
likDiff =  1 
sigma: 0.95 0.09 -0.46 -0.29 2 
loglike: -5983.915 
########################################## 
[1] "estimate random effects --- done."
[1] "estimate fixed parameters --- done."
[1] "estimate dispersion parameters --- done."
############## Iteration: 2 ############### 
fixed.par: 2.2 0.96 -0.3 1.36 0.06 -1.72 0.34 -2.78 -1.16 2.76 1.22 -0.05 -0.61 -0.58 -1.44 -70.92 10.67 
FixedParDiff =  0.2438254 
likDiff =  0.007437693 
sigma: 0.97 0.1 -0.46 -0.29 2 
loglike: -5939.409 
########################################## 
[1] "estimate random effects --- done."
[1] "estimate fixed parameters --- done."
[1] "estimate dispersion parameters --- done."
############## Iteration: 3 ############### 
fixed.par: 2.15 0.99 -0.31 1.39 0.06 -1.74 0.36 -2.77 -1.11 2.65 1.24 -0.05 -0.73 -1 -2.03 -86.26 13 
FixedParDiff =  0.1248808 
likDiff =  0.002755865 
sigma: 0.98 0.1 -0.42 -0.29 2.01 
loglike: -5923.041 
########################################## 
[1] "estimate random effects --- done."
[1] "estimate fixed parameters --- done."
[1] "estimate dispersion parameters --- done."
############## Iteration: 4 ############### 
fixed.par: 2.15 1 -0.32 1.39 0.06 -1.74 0.37 -2.76 -1.07 2.59 1.24 -0.05 -1.16 -2.01 -3.69 -138.74 20.95 
FixedParDiff =  0.2229713 
likDiff =  0.004260122 
sigma: 0.98 0.08 -0.38 -0.31 2.01 
loglike: -5897.808 
########################################## 
[1] "estimate random effects --- done."
[1] "estimate fixed parameters --- done."
[1] "estimate dispersion parameters --- done."
############## Iteration: 5 ############### 
fixed.par: 2.15 1 -0.32 1.39 0.07 -1.75 0.38 -2.75 -1 2.43 1.24 -0.05 -2.61 -4.77 -8.79 -307.92 46.63 
FixedParDiff =  0.3968365 
likDiff =  0.009670959 
sigma: 0.98 0.05 -0.31 -0.37 2 
loglike: -5840.77 
########################################## 
Warning in JMfit_HL(glmeObject, survObject, long.data, surv.data, idVar,  :
  Iteration limit reached without covergence.

### [bt]: Job terminated successfully [batchtools job.id=517]
### [bt]: Calculation finished!
