### [bt]: This is batchtools v0.9.15
### [bt]: Starting calculation of 1 jobs
### [bt]: Setting working directory to '/data/home/mengwang/21-summer-project/src'
### [bt]: Memory measurement disabled
### [bt]: Starting job [batchtools job.id=524]
### [bt]: Generating problem instance for problem 'generate_data' ...
### [bt]: Applying algorithm 'fit_JMest' on problem 'generate_data' for job 524 (seed = 20071467) ...
[1] "get initial values for LME & GLM models --- done."
[1] "get initial values for GLME model --- done."
[1] "get initial values for survival models --- done."
[1] "estimate random effects --- done."
[1] "estimate fixed parameters --- done."
[1] "estimate dispersion parameters --- done."
############## Iteration: 1 ############### 
fixed.par: 2.63 0.67 -0.17 1.07 0.07 -1.69 0.33 -2.74 -1.22 2.89 1.18 -0.05 -0.53 -0.33 -1.07 -59.26 8.91 
FixedParDiff =  0.3121918 
likDiff =  1 
sigma: 0.95 0.09 -0.46 -0.29 2 
loglike: -5983.865 
########################################## 
[1] "estimate random effects --- done."
[1] "estimate fixed parameters --- done."
[1] "estimate dispersion parameters --- done."
############## Iteration: 2 ############### 
fixed.par: 2.2 0.96 -0.3 1.36 0.06 -1.72 0.34 -2.78 -1.15 2.73 1.22 -0.05 -0.61 -0.59 -1.44 -70.23 10.57 
FixedParDiff =  0.2130491 
likDiff =  0.007617678 
sigma: 0.97 0.1 -0.46 -0.29 2 
loglike: -5938.282 
########################################## 
[1] "estimate random effects --- done."
[1] "estimate fixed parameters --- done."
[1] "estimate dispersion parameters --- done."
############## Iteration: 3 ############### 
fixed.par: 2.16 0.99 -0.31 1.39 0.06 -1.73 0.35 -2.77 -1.11 2.65 1.24 -0.05 -0.76 -1.04 -2.11 -90.06 13.58 
FixedParDiff =  0.1357915 
likDiff =  0.002621319 
sigma: 0.98 0.1 -0.42 -0.28 2.01 
loglike: -5922.716 
########################################## 
[1] "estimate random effects --- done."
[1] "estimate fixed parameters --- done."
[1] "estimate dispersion parameters --- done."
############## Iteration: 4 ############### 
fixed.par: 2.14 1 -0.32 1.39 0.06 -1.75 0.37 -2.76 -1.07 2.57 1.24 -0.05 -1.19 -2.05 -3.78 -142.52 21.53 
FixedParDiff =  0.2223746 
likDiff =  0.004449851 
sigma: 0.98 0.08 -0.37 -0.31 2.01 
loglike: -5896.36 
########################################## 
[1] "estimate random effects --- done."
[1] "estimate fixed parameters --- done."
[1] "estimate dispersion parameters --- done."
############## Iteration: 5 ############### 
fixed.par: 2.15 1 -0.31 1.39 0.07 -1.74 0.38 -2.75 -1 2.41 1.24 -0.05 -2.64 -4.78 -8.86 -312.05 47.27 
FixedParDiff =  0.3850554 
likDiff =  0.009764953 
sigma: 0.98 0.05 -0.31 -0.37 2 
loglike: -5838.783 
########################################## 
Warning in JMfit_HL(glmeObject, survObject, long.data, surv.data, idVar,  :
  Iteration limit reached without covergence.

### [bt]: Job terminated successfully [batchtools job.id=524]
### [bt]: Calculation finished!
