### [bt]: This is batchtools v0.9.15
### [bt]: Starting calculation of 1 jobs
### [bt]: Setting working directory to '/data/home/mengwang/21-summer-project/src'
### [bt]: Memory measurement disabled
### [bt]: Starting job [batchtools job.id=207]
### [bt]: Generating problem instance for problem 'generate_data' ...
### [bt]: Applying algorithm 'fit_JMest' on problem 'generate_data' for job 207 (seed = 20071150) ...
[1] "get initial values for LME & GLM models --- done."
[1] "get initial values for GLME model --- done."
[1] "get initial values for survival models --- done."
[1] "estimate random effects --- done."
[1] "estimate fixed parameters --- done."
[1] "estimate dispersion parameters --- done."
############## Iteration: 1 ############### 
fixed.par: 2.63 0.67 -0.17 1.07 0.07 -1.69 0.33 -2.74 -1.21 2.89 1.17 -0.05 -0.52 -0.33 -1.05 -57.86 8.7 
FixedParDiff =  0.2993578 
likDiff =  1 
sigma: 0.95 0.09 -0.46 -0.29 2 
loglike: -5983.816 
########################################## 
[1] "estimate random effects --- done."
[1] "estimate fixed parameters --- done."
[1] "estimate dispersion parameters --- done."
############## Iteration: 2 ############### 
fixed.par: 2.2 0.96 -0.3 1.36 0.06 -1.72 0.34 -2.78 -1.15 2.74 1.23 -0.05 -0.6 -0.58 -1.42 -68.97 10.38 
FixedParDiff =  0.2149179 
likDiff =  0.007534346 
sigma: 0.97 0.1 -0.46 -0.29 2 
loglike: -5938.732 
########################################## 
[1] "estimate random effects --- done."
[1] "estimate fixed parameters --- done."
[1] "estimate dispersion parameters --- done."
############## Iteration: 3 ############### 
fixed.par: 2.15 0.99 -0.31 1.39 0.06 -1.76 0.37 -2.77 -1.11 2.66 1.24 -0.05 -0.73 -1 -2.03 -86.3 13.01 
FixedParDiff =  0.1372465 
likDiff =  0.002601158 
sigma: 0.98 0.1 -0.42 -0.29 2.01 
loglike: -5923.285 
########################################## 
[1] "estimate random effects --- done."
[1] "estimate fixed parameters --- done."
[1] "estimate dispersion parameters --- done."
############## Iteration: 4 ############### 
fixed.par: 2.15 1 -0.31 1.39 0.06 -1.74 0.37 -2.76 -1.08 2.59 1.24 -0.05 -1.09 -1.91 -3.5 -130.34 19.69 
FixedParDiff =  0.193875 
likDiff =  0.004330274 
sigma: 0.98 0.08 -0.38 -0.31 2.01 
loglike: -5897.635 
########################################## 
[1] "estimate random effects --- done."
[1] "estimate fixed parameters --- done."
[1] "estimate dispersion parameters --- done."
############## Iteration: 5 ############### 
fixed.par: 2.14 1 -0.32 1.39 0.06 -1.74 0.37 -2.75 -1.02 2.46 1.24 -0.05 -2.6 -4.83 -8.81 -307.42 46.55 
FixedParDiff =  0.4354336 
likDiff =  0.009034475 
sigma: 0.98 0.05 -0.31 -0.36 2 
loglike: -5844.353 
########################################## 
Warning in JMfit_HL(glmeObject, survObject, long.data, surv.data, idVar,  :
  Iteration limit reached without covergence.

### [bt]: Job terminated successfully [batchtools job.id=207]
### [bt]: Calculation finished!
