### [bt]: This is batchtools v0.9.15
### [bt]: Starting calculation of 1 jobs
### [bt]: Setting working directory to '/home/meng/21-summer-project/src'
### [bt]: Memory measurement disabled
### [bt]: Starting job [batchtools job.id=5]
### [bt]: Generating problem instance for problem 'generate_data' ...
### [bt]: Applying algorithm 'fit_JMest' on problem 'generate_data' for job 5 (seed = 20070948) ...
[1] "get initial values for LME & GLM models --- done."
[1] "get initial values for GLME model --- done."
[1] "get initial values for survival models --- done."
[1] "estimate random effects --- done."
[1] "estimate fixed parameters --- done."
[1] "estimate dispersion parameters --- done."
############## Iteration: 1 ############### 
fixed.par: 2.63 0.67 -0.17 1.07 0.07 -1.71 0.34 -2.74 -1.22 2.89 1.18 -0.05 -0.52 -0.33 -1.05 -57.83 8.69 
FixedParDiff =  0.2950227 
likDiff =  1 
sigma: 0.95 0.09 -0.46 -0.29 2 
loglike: -5983.809 
########################################## 
[1] "estimate random effects --- done."
[1] "estimate fixed parameters --- done."
[1] "estimate dispersion parameters --- done."
############## Iteration: 2 ############### 
fixed.par: 2.2 0.96 -0.3 1.36 0.06 -1.73 0.34 -2.78 -1.15 2.74 1.22 -0.05 -0.61 -0.58 -1.43 -69.97 10.53 
FixedParDiff =  0.2195281 
likDiff =  0.007533606 
sigma: 0.97 0.1 -0.46 -0.29 2 
loglike: -5938.729 
########################################## 
[1] "estimate random effects --- done."
[1] "estimate fixed parameters --- done."
[1] "estimate dispersion parameters --- done."
############## Iteration: 3 ############### 
fixed.par: 2.15 1 -0.31 1.39 0.06 -1.75 0.37 -2.77 -1.11 2.65 1.24 -0.05 -0.74 -1.02 -2.07 -88.01 13.27 
FixedParDiff =  0.1362119 
likDiff =  0.002655974 
sigma: 0.98 0.1 -0.42 -0.29 2.01 
loglike: -5922.956 
########################################## 
[1] "estimate random effects --- done."
[1] "estimate fixed parameters --- done."
[1] "estimate dispersion parameters --- done."
############## Iteration: 4 ############### 
fixed.par: 2.15 1 -0.32 1.39 0.06 -1.73 0.36 -2.76 -1.07 2.58 1.24 -0.05 -1.12 -1.94 -3.58 -133.74 20.2 
FixedParDiff =  0.1944719 
likDiff =  0.004394759 
sigma: 0.98 0.08 -0.37 -0.31 2.01 
loglike: -5896.926 
########################################## 
[1] "estimate random effects --- done."
[1] "estimate fixed parameters --- done."
[1] "estimate dispersion parameters --- done."
############## Iteration: 5 ############### 
fixed.par: 2.15 1 -0.31 1.39 0.06 -1.74 0.38 -2.75 -1.01 2.45 1.23 -0.05 -2.5 -4.62 -8.45 -295.14 44.7 
FixedParDiff =  0.3928148 
likDiff =  0.009220554 
sigma: 0.98 0.05 -0.31 -0.36 2 
loglike: -5842.553 
########################################## 
[1] "estimate random effects --- done."
Error in estFixeff(RespLog, fixed = Jfixed, str_val = fixedest0, Dpars = Jraneff,  : 
  Iteration stops because fixed parameters can not be successfully estimated.

### [bt]: Job terminated with an exception [batchtools job.id=5]
### [bt]: Calculation finished!
