### [bt]: This is batchtools v0.9.15
### [bt]: Starting calculation of 1 jobs
### [bt]: Setting working directory to '/home/meng/21-summer-project/src'
### [bt]: Memory measurement disabled
### [bt]: Starting job [batchtools job.id=4]
### [bt]: Generating problem instance for problem 'generate_data' ...
### [bt]: Applying algorithm 'fit_JMest' on problem 'generate_data' for job 4 (seed = 20070947) ...
[1] "get initial values for LME & GLM models --- done."
[1] "get initial values for GLME model --- done."
[1] "get initial values for survival models --- done."
[1] "estimate random effects --- done."
[1] "estimate fixed parameters --- done."
[1] "estimate dispersion parameters --- done."
############## Iteration: 1 ############### 
fixed.par: 2.63 0.67 -0.17 1.07 0.07 -1.69 0.34 -2.74 -1.22 2.89 1.19 -0.05 -0.52 -0.33 -1.05 -58.14 8.74 
FixedParDiff =  0.3036492 
likDiff =  1 
sigma: 0.95 0.09 -0.46 -0.29 2 
loglike: -5983.803 
########################################## 
[1] "estimate random effects --- done."
[1] "estimate fixed parameters --- done."
[1] "estimate dispersion parameters --- done."
############## Iteration: 2 ############### 
fixed.par: 2.2 0.96 -0.3 1.36 0.06 -1.73 0.34 -2.78 -1.15 2.74 1.22 -0.05 -0.6 -0.58 -1.43 -69.51 10.46 
FixedParDiff =  0.2131611 
likDiff =  0.007553566 
sigma: 0.97 0.1 -0.46 -0.29 2 
loglike: -5938.604 
########################################## 
[1] "estimate random effects --- done."
[1] "estimate fixed parameters --- done."
[1] "estimate dispersion parameters --- done."
############## Iteration: 3 ############### 
fixed.par: 2.15 1 -0.32 1.39 0.06 -1.76 0.38 -2.77 -1.11 2.66 1.23 -0.05 -0.76 -1.05 -2.12 -90.67 13.67 
FixedParDiff =  0.1552461 
likDiff =  0.002609113 
sigma: 0.98 0.1 -0.42 -0.29 2.01 
loglike: -5923.11 
########################################## 
[1] "estimate random effects --- done."
[1] "estimate fixed parameters --- done."
[1] "estimate dispersion parameters --- done."
############## Iteration: 4 ############### 
fixed.par: 2.14 1 -0.32 1.39 0.06 -1.75 0.38 -2.76 -1.06 2.57 1.24 -0.05 -1.08 -1.87 -3.47 -129.24 19.52 
FixedParDiff =  0.1663523 
likDiff =  0.004486359 
sigma: 0.98 0.08 -0.37 -0.31 2.01 
loglike: -5896.536 
########################################## 
[1] "estimate random effects --- done."
[1] "estimate fixed parameters --- done."
[1] "estimate dispersion parameters --- done."
############## Iteration: 5 ############### 
fixed.par: 2.15 1 -0.31 1.39 0.07 -1.74 0.38 -2.75 -1.02 2.46 1.24 -0.05 -2.69 -4.95 -9.04 -317.29 48.04 
FixedParDiff =  0.4612667 
likDiff =  0.008760616 
sigma: 0.98 0.05 -0.31 -0.36 2 
loglike: -5844.879 
########################################## 
[1] "estimate random effects --- done."
Error in estFixeff(RespLog, fixed = Jfixed, str_val = fixedest0, Dpars = Jraneff,  : 
  Iteration stops because fixed parameters can not be successfully estimated.

### [bt]: Job terminated with an exception [batchtools job.id=4]
### [bt]: Calculation finished!
