### [bt]: This is batchtools v0.9.15
### [bt]: Starting calculation of 1 jobs
### [bt]: Setting working directory to '/home/meng/21-summer-project/src'
### [bt]: Memory measurement disabled
### [bt]: Starting job [batchtools job.id=19]
### [bt]: Generating problem instance for problem 'generate_data' ...
### [bt]: Applying algorithm 'fit_JMest' on problem 'generate_data' for job 19 (seed = 20070962) ...
[1] "get initial values for LME & GLM models --- done."
[1] "get initial values for GLME model --- done."
[1] "get initial values for survival models --- done."
[1] "estimate random effects --- done."
[1] "estimate fixed parameters --- done."
[1] "estimate dispersion parameters --- done."
############## Iteration: 1 ############### 
fixed.par: 2.63 0.67 -0.17 1.07 0.07 -1.69 0.33 -2.74 -1.21 2.89 1.17 -0.05 -0.5 -0.32 -1.03 -56.32 8.47 
FixedParDiff =  0.2893237 
likDiff =  1 
sigma: 0.95 0.09 -0.46 -0.29 2 
loglike: -5983.888 
########################################## 
[1] "estimate random effects --- done."
[1] "estimate fixed parameters --- done."
[1] "estimate dispersion parameters --- done."
############## Iteration: 2 ############### 
fixed.par: 2.2 0.96 -0.3 1.36 0.06 -1.73 0.34 -2.78 -1.16 2.75 1.22 -0.05 -0.6 -0.57 -1.41 -69.24 10.42 
FixedParDiff =  0.2217324 
likDiff =  0.007468075 
sigma: 0.97 0.1 -0.46 -0.29 2 
loglike: -5939.2 
########################################## 
[1] "estimate random effects --- done."
[1] "estimate fixed parameters --- done."
[1] "estimate dispersion parameters --- done."
############## Iteration: 3 ############### 
fixed.par: 2.15 1 -0.31 1.39 0.06 -1.76 0.37 -2.77 -1.11 2.66 1.24 -0.05 -0.72 -0.99 -2.02 -85.87 12.94 
FixedParDiff =  0.1311261 
likDiff =  0.002663004 
sigma: 0.98 0.1 -0.42 -0.29 2.01 
loglike: -5923.384 
########################################## 
[1] "estimate random effects --- done."
[1] "estimate fixed parameters --- done."
[1] "estimate dispersion parameters --- done."
############## Iteration: 4 ############### 
fixed.par: 2.15 1 -0.32 1.39 0.06 -1.74 0.37 -2.76 -1.08 2.6 1.24 -0.05 -1.09 -1.91 -3.5 -130.38 19.69 
FixedParDiff =  0.1951711 
likDiff =  0.004309354 
sigma: 0.98 0.08 -0.38 -0.31 2.01 
loglike: -5897.858 
########################################## 
[1] "estimate random effects --- done."
[1] "estimate fixed parameters --- done."
[1] "estimate dispersion parameters --- done."
############## Iteration: 5 ############### 
fixed.par: 2.15 1 -0.31 1.39 0.06 -1.73 0.37 -2.75 -1.02 2.46 1.24 -0.05 -2.36 -4.42 -8.05 -279.27 42.29 
FixedParDiff =  0.3701051 
likDiff =  0.009040768 
sigma: 0.98 0.05 -0.31 -0.36 2 
loglike: -5844.536 
########################################## 
[1] "estimate random effects --- done."
Error in estFixeff(RespLog, fixed = Jfixed, str_val = fixedest0, Dpars = Jraneff,  : 
  Iteration stops because fixed parameters can not be successfully estimated.

### [bt]: Job terminated with an exception [batchtools job.id=19]
### [bt]: Calculation finished!
