### [bt]: This is batchtools v0.9.15
### [bt]: Starting calculation of 1 jobs
### [bt]: Setting working directory to '/home/meng/21-summer-project/src'
### [bt]: Memory measurement disabled
### [bt]: Starting job [batchtools job.id=6]
### [bt]: Generating problem instance for problem 'generate_data' ...
### [bt]: Applying algorithm 'fit_JMest' on problem 'generate_data' for job 6 (seed = 20070949) ...
[1] "get initial values for LME & GLM models --- done."
[1] "get initial values for GLME model --- done."
[1] "get initial values for survival models --- done."
[1] "estimate random effects --- done."
[1] "estimate fixed parameters --- done."
[1] "estimate dispersion parameters --- done."
############## Iteration: 1 ############### 
fixed.par: 2.63 0.67 -0.17 1.07 0.07 -1.7 0.34 -2.74 -1.21 2.89 1.17 -0.05 -0.49 -0.31 -1.01 -55.18 8.3 
FixedParDiff =  0.2787573 
likDiff =  1 
sigma: 0.95 0.09 -0.46 -0.29 2 
loglike: -5983.975 
########################################## 
[1] "estimate random effects --- done."
[1] "estimate fixed parameters --- done."
[1] "estimate dispersion parameters --- done."
############## Iteration: 2 ############### 
fixed.par: 2.2 0.96 -0.3 1.36 0.06 -1.74 0.35 -2.78 -1.16 2.76 1.22 -0.05 -0.59 -0.57 -1.4 -68.59 10.32 
FixedParDiff =  0.2263912 
likDiff =  0.007419692 
sigma: 0.97 0.1 -0.46 -0.29 2 
loglike: -5939.576 
########################################## 
[1] "estimate random effects --- done."
[1] "estimate fixed parameters --- done."
[1] "estimate dispersion parameters --- done."
############## Iteration: 3 ############### 
fixed.par: 2.15 1 -0.31 1.39 0.06 -1.74 0.36 -2.77 -1.11 2.67 1.24 -0.05 -0.75 -1.03 -2.08 -89.39 13.47 
FixedParDiff =  0.1438375 
likDiff =  0.002661473 
sigma: 0.98 0.1 -0.42 -0.29 2.01 
loglike: -5923.768 
########################################## 
[1] "estimate random effects --- done."
[1] "estimate fixed parameters --- done."
[1] "estimate dispersion parameters --- done."
############## Iteration: 4 ############### 
fixed.par: 2.15 1 -0.32 1.39 0.06 -1.75 0.37 -2.76 -1.07 2.58 1.24 -0.05 -1.11 -1.93 -3.56 -133.07 20.1 
FixedParDiff =  0.1900821 
likDiff =  0.004508085 
sigma: 0.98 0.08 -0.37 -0.31 2.01 
loglike: -5897.063 
########################################## 
[1] "estimate random effects --- done."
[1] "estimate fixed parameters --- done."
[1] "estimate dispersion parameters --- done."
############## Iteration: 5 ############### 
fixed.par: 2.15 1 -0.31 1.39 0.06 -1.72 0.36 -2.75 -1.01 2.45 1.25 -0.05 -2.79 -5.12 -9.41 -330.02 49.97 
FixedParDiff =  0.4694383 
likDiff =  0.009044566 
sigma: 0.98 0.05 -0.31 -0.37 2 
loglike: -5843.727 
########################################## 
[1] "estimate random effects --- done."
Error in estFixeff(RespLog, fixed = Jfixed, str_val = fixedest0, Dpars = Jraneff,  : 
  Iteration stops because fixed parameters can not be successfully estimated.

### [bt]: Job terminated with an exception [batchtools job.id=6]
### [bt]: Calculation finished!
