### [bt]: This is batchtools v0.9.15
### [bt]: Starting calculation of 1 jobs
### [bt]: Setting working directory to '/home/meng/21-summer-project/src'
### [bt]: Memory measurement disabled
### [bt]: Starting job [batchtools job.id=11]
### [bt]: Generating problem instance for problem 'generate_data' ...
### [bt]: Applying algorithm 'fit_JMest' on problem 'generate_data' for job 11 (seed = 20070954) ...
[1] "get initial values for LME & GLM models --- done."
[1] "get initial values for GLME model --- done."
[1] "get initial values for survival models --- done."
[1] "estimate random effects --- done."
[1] "estimate fixed parameters --- done."
[1] "estimate dispersion parameters --- done."
############## Iteration: 1 ############### 
fixed.par: 2.63 0.67 -0.17 1.07 0.06 -1.68 0.33 -2.74 -1.22 2.89 1.19 -0.05 -0.5 -0.32 -1.03 -56.13 8.44 
FixedParDiff =  0.2931516 
likDiff =  1 
sigma: 0.95 0.09 -0.46 -0.29 2 
loglike: -5983.89 
########################################## 
[1] "estimate random effects --- done."
[1] "estimate fixed parameters --- done."
[1] "estimate dispersion parameters --- done."
############## Iteration: 2 ############### 
fixed.par: 2.2 0.96 -0.3 1.36 0.06 -1.73 0.34 -2.78 -1.16 2.76 1.22 -0.05 -0.6 -0.57 -1.41 -68.86 10.36 
FixedParDiff =  0.2210822 
likDiff =  0.007457307 
sigma: 0.97 0.1 -0.46 -0.29 2 
loglike: -5939.266 
########################################## 
[1] "estimate random effects --- done."
[1] "estimate fixed parameters --- done."
[1] "estimate dispersion parameters --- done."
############## Iteration: 3 ############### 
fixed.par: 2.15 1 -0.31 1.39 0.06 -1.75 0.36 -2.77 -1.11 2.67 1.24 -0.05 -0.73 -1 -2.04 -86.92 13.1 
FixedParDiff =  0.1358592 
likDiff =  0.002654832 
sigma: 0.98 0.1 -0.42 -0.29 2.01 
loglike: -5923.499 
########################################## 
[1] "estimate random effects --- done."
[1] "estimate fixed parameters --- done."
[1] "estimate dispersion parameters --- done."
############## Iteration: 4 ############### 
fixed.par: 2.15 1 -0.32 1.39 0.06 -1.74 0.37 -2.76 -1.07 2.59 1.24 -0.05 -1.11 -1.93 -3.55 -132.56 20.02 
FixedParDiff =  0.1986214 
likDiff =  0.004374453 
sigma: 0.98 0.08 -0.37 -0.31 2.01 
loglike: -5897.587 
########################################## 
[1] "estimate random effects --- done."
[1] "estimate fixed parameters --- done."
[1] "estimate dispersion parameters --- done."
############## Iteration: 5 ############### 
fixed.par: 2.15 1 -0.31 1.39 0.06 -1.73 0.37 -2.75 -1.01 2.45 1.24 -0.05 -2.52 -4.68 -8.56 -298.4 45.19 
FixedParDiff =  0.4034552 
likDiff =  0.009185452 
sigma: 0.98 0.05 -0.31 -0.36 2 
loglike: -5843.415 
########################################## 
[1] "estimate random effects --- done."
Warning in log(det(H/2/pi)) : NaNs produced
Warning in log(det(H/2/pi)) : NaNs produced
Error in estFixeff(RespLog, fixed = Jfixed, str_val = fixedest0, Dpars = Jraneff,  : 
  Iteration stops because fixed parameters can not be successfully estimated.

### [bt]: Job terminated with an exception [batchtools job.id=11]
### [bt]: Calculation finished!
