### [bt]: This is batchtools v0.9.15
### [bt]: Starting calculation of 1 jobs
### [bt]: Setting working directory to '/home/meng/21-summer-project/src'
### [bt]: Memory measurement disabled
### [bt]: Starting job [batchtools job.id=17]
### [bt]: Generating problem instance for problem 'generate_data' ...
### [bt]: Applying algorithm 'fit_JMest' on problem 'generate_data' for job 17 (seed = 20070960) ...
[1] "get initial values for LME & GLM models --- done."
[1] "get initial values for GLME model --- done."
[1] "get initial values for survival models --- done."
[1] "estimate random effects --- done."
[1] "estimate fixed parameters --- done."
[1] "estimate dispersion parameters --- done."
############## Iteration: 1 ############### 
fixed.par: 2.63 0.67 -0.17 1.07 0.07 -1.69 0.33 -2.73 -1.22 2.89 1.19 -0.05 -0.5 -0.32 -1.03 -56.25 8.46 
FixedParDiff =  0.2918381 
likDiff =  1 
sigma: 0.95 0.09 -0.46 -0.29 2 
loglike: -5983.917 
########################################## 
[1] "estimate random effects --- done."
[1] "estimate fixed parameters --- done."
[1] "estimate dispersion parameters --- done."
############## Iteration: 2 ############### 
fixed.par: 2.2 0.96 -0.3 1.36 0.06 -1.71 0.33 -2.78 -1.16 2.75 1.23 -0.05 -0.6 -0.57 -1.41 -69.34 10.44 
FixedParDiff =  0.2254673 
likDiff =  0.007470796 
sigma: 0.97 0.1 -0.46 -0.29 2 
loglike: -5939.212 
########################################## 
[1] "estimate random effects --- done."
[1] "estimate fixed parameters --- done."
[1] "estimate dispersion parameters --- done."
############## Iteration: 3 ############### 
fixed.par: 2.15 1 -0.31 1.39 0.06 -1.74 0.36 -2.77 -1.11 2.66 1.24 -0.05 -0.74 -1.01 -2.06 -87.93 13.25 
FixedParDiff =  0.1418717 
likDiff =  0.00267061 
sigma: 0.98 0.1 -0.42 -0.29 2.01 
loglike: -5923.351 
########################################## 
[1] "estimate random effects --- done."
[1] "estimate fixed parameters --- done."
[1] "estimate dispersion parameters --- done."
############## Iteration: 4 ############### 
fixed.par: 2.14 1 -0.32 1.39 0.06 -1.75 0.37 -2.76 -1.07 2.58 1.24 -0.05 -1.12 -1.94 -3.57 -133.3 20.13 
FixedParDiff =  0.1993826 
likDiff =  0.004404344 
sigma: 0.98 0.08 -0.37 -0.31 2.01 
loglike: -5897.262 
########################################## 
[1] "estimate random effects --- done."
[1] "estimate fixed parameters --- done."
[1] "estimate dispersion parameters --- done."
############## Iteration: 5 ############### 
fixed.par: 2.15 1 -0.31 1.39 0.06 -1.74 0.37 -2.75 -1.01 2.45 1.24 -0.05 -2.61 -4.81 -8.81 -308.08 46.65 
FixedParDiff =  0.4211146 
likDiff =  0.009188424 
sigma: 0.98 0.05 -0.31 -0.36 2 
loglike: -5843.076 
########################################## 
[1] "estimate random effects --- done."
Error in estFixeff(RespLog, fixed = Jfixed, str_val = fixedest0, Dpars = Jraneff,  : 
  Iteration stops because fixed parameters can not be successfully estimated.

### [bt]: Job terminated with an exception [batchtools job.id=17]
### [bt]: Calculation finished!
