### [bt]: This is batchtools v0.9.15
### [bt]: Starting calculation of 1 jobs
### [bt]: Setting working directory to '/home/meng/21-summer-project/src'
### [bt]: Memory measurement disabled
### [bt]: Starting job [batchtools job.id=6]
### [bt]: Generating problem instance for problem 'generate_data' ...
### [bt]: Applying algorithm 'fit_JMest' on problem 'generate_data' for job 6 (seed = 20071558) ...
[1] "get initial values for LME & GLM models --- done."
[1] "get initial values for GLME model --- done."
[1] "get initial values for survival models --- done."
[1] "estimate random effects --- done."
[1] "estimate fixed parameters --- done."
[1] "estimate dispersion parameters --- done."
############## Iteration: 1 ############### 
fixed.par: 2.63 0.67 -0.17 1.07 0.07 -1.7 0.34 -2.73 -1.22 2.89 1.18 -0.05 -0.52 -0.32 -1.05 -57.79 8.69 
FixedParDiff =  0.2993236 
likDiff =  1 
sigma: 0.95 0.09 -0.46 -0.29 2 
loglike: -5983.826 
########################################## 
[1] "estimate random effects --- done."
[1] "estimate fixed parameters --- done."
[1] "estimate dispersion parameters --- done."
############## Iteration: 2 ############### 
fixed.par: 2.2 0.96 -0.3 1.35 0.06 -1.72 0.34 -2.77 -1.15 2.74 1.22 -0.05 -0.61 -0.58 -1.43 -69.98 10.53 
FixedParDiff =  0.2191516 
likDiff =  0.007532716 
sigma: 0.97 0.1 -0.46 -0.29 2 
loglike: -5938.752 
########################################## 
[1] "estimate random effects --- done."
[1] "estimate fixed parameters --- done."
[1] "estimate dispersion parameters --- done."
############## Iteration: 3 ############### 
fixed.par: 2.15 1 -0.31 1.39 0.06 -1.75 0.36 -2.77 -1.11 2.66 1.24 -0.05 -0.72 -1 -2.03 -86.03 12.97 
FixedParDiff =  0.1280262 
likDiff =  0.00264858 
sigma: 0.98 0.1 -0.42 -0.29 2.01 
loglike: -5923.022 
########################################## 
[1] "estimate random effects --- done."
[1] "estimate fixed parameters --- done."
[1] "estimate dispersion parameters --- done."
############## Iteration: 4 ############### 
fixed.par: 2.14 1 -0.32 1.39 0.07 -1.76 0.38 -2.76 -1.08 2.59 1.25 -0.05 -1.13 -1.97 -3.61 -134.95 20.38 
FixedParDiff =  0.2156435 
likDiff =  0.004298033 
sigma: 0.98 0.08 -0.38 -0.31 2.01 
loglike: -5897.565 
########################################## 
[1] "estimate random effects --- done."
[1] "estimate fixed parameters --- done."
[1] "estimate dispersion parameters --- done."
############## Iteration: 5 ############### 
fixed.par: 2.15 1 -0.31 1.39 0.06 -1.73 0.37 -2.75 -1.01 2.45 1.24 -0.05 -2.51 -4.65 -8.51 -297.17 45 
FixedParDiff =  0.3917404 
likDiff =  0.009402009 
sigma: 0.98 0.05 -0.31 -0.36 2 
loglike: -5842.116 
########################################## 
[1] "estimate random effects --- done."
Error in estFixeff(RespLog, fixed = Jfixed, str_val = fixedest0, Dpars = Jraneff,  : 
  Iteration stops because fixed parameters can not be successfully estimated.

### [bt]: Job terminated with an exception [batchtools job.id=6]
### [bt]: Calculation finished!
