### [bt]: This is batchtools v0.9.15
### [bt]: Starting calculation of 1 jobs
### [bt]: Setting working directory to '/home/meng/21-summer-project/src'
### [bt]: Memory measurement disabled
### [bt]: Starting job [batchtools job.id=9]
### [bt]: Generating problem instance for problem 'generate_data' ...
### [bt]: Applying algorithm 'fit_JMest' on problem 'generate_data' for job 9 (seed = 20071561) ...
[1] "get initial values for LME & GLM models --- done."
[1] "get initial values for GLME model --- done."
[1] "get initial values for survival models --- done."
[1] "estimate random effects --- done."
[1] "estimate fixed parameters --- done."
[1] "estimate dispersion parameters --- done."
############## Iteration: 1 ############### 
fixed.par: 2.63 0.67 -0.17 1.07 0.07 -1.68 0.33 -2.74 -1.22 2.89 1.18 -0.05 -0.52 -0.32 -1.05 -57.69 8.67 
FixedParDiff =  0.3021399 
likDiff =  1 
sigma: 0.95 0.09 -0.46 -0.29 2 
loglike: -5983.832 
########################################## 
[1] "estimate random effects --- done."
[1] "estimate fixed parameters --- done."
[1] "estimate dispersion parameters --- done."
############## Iteration: 2 ############### 
fixed.par: 2.2 0.96 -0.3 1.35 0.06 -1.73 0.34 -2.78 -1.15 2.74 1.22 -0.05 -0.61 -0.59 -1.44 -70.61 10.63 
FixedParDiff =  0.223922 
likDiff =  0.00752825 
sigma: 0.97 0.1 -0.46 -0.29 2 
loglike: -5938.784 
########################################## 
[1] "estimate random effects --- done."
[1] "estimate fixed parameters --- done."
[1] "estimate dispersion parameters --- done."
############## Iteration: 3 ############### 
fixed.par: 2.15 1 -0.32 1.39 0.06 -1.75 0.36 -2.77 -1.1 2.65 1.23 -0.05 -0.75 -1.03 -2.09 -88.93 13.41 
FixedParDiff =  0.1333595 
likDiff =  0.002688108 
sigma: 0.98 0.1 -0.42 -0.29 2.01 
loglike: -5922.82 
########################################## 
[1] "estimate random effects --- done."
[1] "estimate fixed parameters --- done."
[1] "estimate dispersion parameters --- done."
############## Iteration: 4 ############### 
fixed.par: 2.14 1 -0.32 1.39 0.06 -1.76 0.38 -2.76 -1.07 2.58 1.24 -0.05 -1.13 -1.95 -3.6 -134.81 20.36 
FixedParDiff =  0.1988463 
likDiff =  0.004406015 
sigma: 0.98 0.08 -0.37 -0.31 2.01 
loglike: -5896.724 
########################################## 
[1] "estimate random effects --- done."
[1] "estimate fixed parameters --- done."
[1] "estimate dispersion parameters --- done."
############## Iteration: 5 ############### 
fixed.par: 2.15 1 -0.31 1.39 0.06 -1.74 0.37 -2.74 -1.01 2.44 1.24 -0.05 -2.76 -5.05 -9.27 -325.94 49.36 
FixedParDiff =  0.451564 
likDiff =  0.009224411 
sigma: 0.98 0.05 -0.31 -0.36 2 
loglike: -5842.33 
########################################## 
[1] "estimate random effects --- done."
Error in estFixeff(RespLog, fixed = Jfixed, str_val = fixedest0, Dpars = Jraneff,  : 
  Iteration stops because fixed parameters can not be successfully estimated.

### [bt]: Job terminated with an exception [batchtools job.id=9]
### [bt]: Calculation finished!
