### [bt]: This is batchtools v0.9.15
### [bt]: Starting calculation of 1 jobs
### [bt]: Setting working directory to '/data/home/mengwang/21-summer-project/src'
### [bt]: Memory measurement disabled
### [bt]: Starting job [batchtools job.id=269]
### [bt]: Generating problem instance for problem 'generate_data' ...
### [bt]: Applying algorithm 'fit_JMest' on problem 'generate_data' for job 269 (seed = 21071293) ...
[1] "get initial values for LME & GLM models --- done."
[1] "get initial values for GLME model --- done."
[1] "get initial values for survival models --- done."
[1] "estimate random effects --- done."
[1] "estimate fixed parameters --- done."
[1] "estimate dispersion parameters --- done."
############## Iteration: 1 ############### 
fixed.par: 2.63 0.67 -0.17 1.07 0.06 -1.69 0.33 -2.73 -1.22 2.89 1.18 -0.05 -0.52 -0.32 -1.05 -57.63 8.66 
FixedParDiff =  0.3021631 
likDiff =  1 
sigma: 0.95 0.09 -0.46 -0.29 2 
loglike: -5983.819 
########################################## 
[1] "estimate random effects --- done."
[1] "estimate fixed parameters --- done."
[1] "estimate dispersion parameters --- done."
############## Iteration: 2 ############### 
fixed.par: 2.2 0.96 -0.3 1.36 0.06 -1.72 0.33 -2.78 -1.15 2.74 1.21 -0.05 -0.6 -0.58 -1.42 -69.27 10.43 
FixedParDiff =  0.2144271 
likDiff =  0.007524124 
sigma: 0.97 0.1 -0.46 -0.29 2 
loglike: -5938.796 
########################################## 
[1] "estimate random effects --- done."
[1] "estimate fixed parameters --- done."
[1] "estimate dispersion parameters --- done."
############## Iteration: 3 ############### 
fixed.par: 2.15 1 -0.31 1.39 0.06 -1.75 0.36 -2.77 -1.11 2.66 1.24 -0.05 -0.75 -1.03 -2.09 -89.43 13.48 
FixedParDiff =  0.1478877 
likDiff =  0.002621224 
sigma: 0.98 0.1 -0.42 -0.29 2.01 
loglike: -5923.229 
########################################## 
[1] "estimate random effects --- done."
[1] "estimate fixed parameters --- done."
[1] "estimate dispersion parameters --- done."
############## Iteration: 4 ############### 
fixed.par: 2.15 1 -0.32 1.39 0.06 -1.75 0.37 -2.76 -1.07 2.58 1.24 -0.05 -1.12 -1.94 -3.58 -133.77 20.21 
FixedParDiff =  0.1898144 
likDiff =  0.004471499 
sigma: 0.98 0.08 -0.37 -0.31 2.01 
loglike: -5896.743 
########################################## 
[1] "estimate random effects --- done."
[1] "estimate fixed parameters --- done."
[1] "estimate dispersion parameters --- done."
############## Iteration: 5 ############### 
fixed.par: 2.15 1 -0.31 1.39 0.06 -1.73 0.37 -2.75 -1.01 2.44 1.24 -0.05 -2.54 -4.67 -8.56 -299.42 45.34 
FixedParDiff =  0.3998589 
likDiff =  0.009159359 
sigma: 0.98 0.05 -0.31 -0.36 2 
loglike: -5842.733 
########################################## 
[1] "estimate random effects --- done."
Error in estFixeff(RespLog, fixed = Jfixed, str_val = fixedest0, Dpars = Jraneff,  : 
  Iteration stops because fixed parameters can not be successfully estimated.

### [bt]: Job terminated with an exception [batchtools job.id=269]
### [bt]: Calculation finished!
