### [bt]: This is batchtools v0.9.15
### [bt]: Starting calculation of 1 jobs
### [bt]: Setting working directory to '/data/home/mengwang/21-summer-project/src'
### [bt]: Memory measurement disabled
### [bt]: Starting job [batchtools job.id=249]
### [bt]: Generating problem instance for problem 'generate_data' ...
### [bt]: Applying algorithm 'fit_JMest' on problem 'generate_data' for job 249 (seed = 21071273) ...
[1] "get initial values for LME & GLM models --- done."
[1] "get initial values for GLME model --- done."
[1] "get initial values for survival models --- done."
[1] "estimate random effects --- done."
[1] "estimate fixed parameters --- done."
[1] "estimate dispersion parameters --- done."
############## Iteration: 1 ############### 
fixed.par: 2.63 0.67 -0.17 1.07 0.07 -1.72 0.35 -2.74 -1.22 2.89 1.18 -0.05 -0.52 -0.33 -1.06 -58.24 8.75 
FixedParDiff =  0.2977317 
likDiff =  1 
sigma: 0.95 0.09 -0.46 -0.29 2 
loglike: -5983.796 
########################################## 
[1] "estimate random effects --- done."
[1] "estimate fixed parameters --- done."
[1] "estimate dispersion parameters --- done."
############## Iteration: 2 ############### 
fixed.par: 2.2 0.96 -0.3 1.35 0.06 -1.74 0.35 -2.78 -1.15 2.74 1.22 -0.05 -0.6 -0.58 -1.43 -69.53 10.47 
FixedParDiff =  0.2160925 
likDiff =  0.007557096 
sigma: 0.97 0.1 -0.46 -0.29 2 
loglike: -5938.576 
########################################## 
[1] "estimate random effects --- done."
[1] "estimate fixed parameters --- done."
[1] "estimate dispersion parameters --- done."
############## Iteration: 3 ############### 
fixed.par: 2.15 1 -0.31 1.39 0.06 -1.74 0.36 -2.77 -1.11 2.66 1.24 -0.05 -0.74 -1.02 -2.06 -87.84 13.24 
FixedParDiff =  0.1323312 
likDiff =  0.002623687 
sigma: 0.98 0.1 -0.42 -0.29 2.01 
loglike: -5922.995 
########################################## 
[1] "estimate random effects --- done."
[1] "estimate fixed parameters --- done."
[1] "estimate dispersion parameters --- done."
############## Iteration: 4 ############### 
fixed.par: 2.15 1 -0.32 1.39 0.06 -1.75 0.37 -2.76 -1.07 2.58 1.24 -0.05 -1.12 -1.94 -3.57 -133.44 20.15 
FixedParDiff =  0.1967113 
likDiff =  0.004398988 
sigma: 0.98 0.08 -0.37 -0.31 2.01 
loglike: -5896.94 
########################################## 
[1] "estimate random effects --- done."
[1] "estimate fixed parameters --- done."
[1] "estimate dispersion parameters --- done."
############## Iteration: 5 ############### 
fixed.par: 2.15 1 -0.31 1.39 0.06 -1.73 0.37 -2.75 -1.01 2.45 1.24 -0.05 -2.5 -4.63 -8.47 -295.62 44.77 
FixedParDiff =  0.3913951 
likDiff =  0.009218084 
sigma: 0.98 0.05 -0.31 -0.36 2 
loglike: -5842.581 
########################################## 
[1] "estimate random effects --- done."
Error in estFixeff(RespLog, fixed = Jfixed, str_val = fixedest0, Dpars = Jraneff,  : 
  Iteration stops because fixed parameters can not be successfully estimated.

### [bt]: Job terminated with an exception [batchtools job.id=249]
### [bt]: Calculation finished!
