### [bt]: This is batchtools v0.9.15
### [bt]: Starting calculation of 1 jobs
### [bt]: Setting working directory to '/data/home/mengwang/21-summer-project/src'
### [bt]: Memory measurement disabled
### [bt]: Starting job [batchtools job.id=49]
### [bt]: Generating problem instance for problem 'generate_data' ...
### [bt]: Applying algorithm 'fit_JMest' on problem 'generate_data' for job 49 (seed = 21071073) ...
[1] "get initial values for LME & GLM models --- done."
[1] "get initial values for GLME model --- done."
[1] "get initial values for survival models --- done."
[1] "estimate random effects --- done."
[1] "estimate fixed parameters --- done."
[1] "estimate dispersion parameters --- done."
############## Iteration: 1 ############### 
fixed.par: 2.63 0.67 -0.17 1.07 0.07 -1.7 0.34 -2.74 -1.21 2.89 1.16 -0.05 -0.52 -0.33 -1.06 -58.22 8.75 
FixedParDiff =  0.3006209 
likDiff =  1 
sigma: 0.95 0.09 -0.46 -0.29 2 
loglike: -5983.805 
########################################## 
[1] "estimate random effects --- done."
[1] "estimate fixed parameters --- done."
[1] "estimate dispersion parameters --- done."
############## Iteration: 2 ############### 
fixed.par: 2.2 0.96 -0.3 1.36 0.06 -1.75 0.36 -2.78 -1.15 2.74 1.21 -0.05 -0.62 -0.6 -1.47 -71.94 10.83 
FixedParDiff =  0.2272315 
likDiff =  0.007550489 
sigma: 0.97 0.1 -0.46 -0.29 2 
loglike: -5938.624 
########################################## 
[1] "estimate random effects --- done."
[1] "estimate fixed parameters --- done."
[1] "estimate dispersion parameters --- done."
############## Iteration: 3 ############### 
fixed.par: 2.15 1 -0.31 1.39 0.06 -1.74 0.36 -2.77 -1.1 2.64 1.24 -0.05 -0.74 -1.02 -2.08 -87.88 13.25 
FixedParDiff =  0.1210253 
likDiff =  0.00273241 
sigma: 0.98 0.1 -0.42 -0.28 2.01 
loglike: -5922.398 
########################################## 
[1] "estimate random effects --- done."
[1] "estimate fixed parameters --- done."
[1] "estimate dispersion parameters --- done."
############## Iteration: 4 ############### 
fixed.par: 2.14 1 -0.32 1.39 0.06 -1.74 0.36 -2.76 -1.07 2.58 1.24 -0.05 -1.12 -1.94 -3.57 -133.6 20.18 
FixedParDiff =  0.1935071 
likDiff =  0.004329644 
sigma: 0.98 0.08 -0.37 -0.31 2.01 
loglike: -5896.756 
########################################## 
[1] "estimate random effects --- done."
[1] "estimate fixed parameters --- done."
[1] "estimate dispersion parameters --- done."
############## Iteration: 5 ############### 
fixed.par: 2.15 1 -0.31 1.39 0.07 -1.74 0.37 -2.75 -1.01 2.45 1.24 -0.05 -2.61 -4.81 -8.8 -308.55 46.72 
FixedParDiff =  0.4231812 
likDiff =  0.009209142 
sigma: 0.98 0.05 -0.31 -0.36 2 
loglike: -5842.452 
########################################## 
[1] "estimate random effects --- done."
Error in estFixeff(RespLog, fixed = Jfixed, str_val = fixedest0, Dpars = Jraneff,  : 
  Iteration stops because fixed parameters can not be successfully estimated.

### [bt]: Job terminated with an exception [batchtools job.id=49]
### [bt]: Calculation finished!
