### [bt]: This is batchtools v0.9.15
### [bt]: Starting calculation of 1 jobs
### [bt]: Setting working directory to '/data/home/mengwang/21-summer-project/src'
### [bt]: Memory measurement disabled
### [bt]: Starting job [batchtools job.id=245]
### [bt]: Generating problem instance for problem 'generate_data' ...
### [bt]: Applying algorithm 'fit_JMest' on problem 'generate_data' for job 245 (seed = 21071269) ...
[1] "get initial values for LME & GLM models --- done."
[1] "get initial values for GLME model --- done."
[1] "get initial values for survival models --- done."
[1] "estimate random effects --- done."
[1] "estimate fixed parameters --- done."
[1] "estimate dispersion parameters --- done."
############## Iteration: 1 ############### 
fixed.par: 2.63 0.67 -0.17 1.07 0.06 -1.66 0.31 -2.74 -1.21 2.89 1.16 -0.05 -0.52 -0.33 -1.06 -58.35 8.77 
FixedParDiff =  0.3119126 
likDiff =  1 
sigma: 0.95 0.09 -0.46 -0.29 2 
loglike: -5983.819 
########################################## 
[1] "estimate random effects --- done."
[1] "estimate fixed parameters --- done."
[1] "estimate dispersion parameters --- done."
############## Iteration: 2 ############### 
fixed.par: 2.2 0.96 -0.3 1.35 0.06 -1.73 0.34 -2.78 -1.15 2.74 1.22 -0.05 -0.61 -0.58 -1.44 -70.17 10.56 
FixedParDiff =  0.2205696 
likDiff =  0.007565659 
sigma: 0.97 0.1 -0.46 -0.29 2 
loglike: -5938.547 
########################################## 
[1] "estimate random effects --- done."
[1] "estimate fixed parameters --- done."
[1] "estimate dispersion parameters --- done."
############## Iteration: 3 ############### 
fixed.par: 2.15 0.99 -0.31 1.39 0.06 -1.75 0.37 -2.77 -1.11 2.65 1.23 -0.05 -0.75 -1.03 -2.09 -88.91 13.4 
FixedParDiff =  0.1376309 
likDiff =  0.002646077 
sigma: 0.98 0.1 -0.42 -0.29 2.01 
loglike: -5922.833 
########################################## 
[1] "estimate random effects --- done."
[1] "estimate fixed parameters --- done."
[1] "estimate dispersion parameters --- done."
############## Iteration: 4 ############### 
fixed.par: 2.14 1 -0.32 1.39 0.06 -1.74 0.37 -2.76 -1.07 2.58 1.24 -0.05 -1.09 -1.89 -3.49 -129.99 19.64 
FixedParDiff =  0.1781103 
likDiff =  0.004393707 
sigma: 0.98 0.08 -0.37 -0.31 2.01 
loglike: -5896.81 
########################################## 
[1] "estimate random effects --- done."
[1] "estimate fixed parameters --- done."
[1] "estimate dispersion parameters --- done."
############## Iteration: 5 ############### 
fixed.par: 2.15 1 -0.31 1.39 0.06 -1.74 0.37 -2.75 -1.02 2.46 1.24 -0.05 -2.77 -5.11 -9.33 -327.49 49.59 
FixedParDiff =  0.4823741 
likDiff =  0.00881915 
sigma: 0.98 0.05 -0.31 -0.36 2 
loglike: -5844.805 
########################################## 
[1] "estimate random effects --- done."
Error in estFixeff(RespLog, fixed = Jfixed, str_val = fixedest0, Dpars = Jraneff,  : 
  Iteration stops because fixed parameters can not be successfully estimated.

### [bt]: Job terminated with an exception [batchtools job.id=245]
### [bt]: Calculation finished!
