### [bt]: This is batchtools v0.9.15
### [bt]: Starting calculation of 1 jobs
### [bt]: Setting working directory to '/data/home/mengwang/21-summer-project/src'
### [bt]: Memory measurement disabled
### [bt]: Starting job [batchtools job.id=125]
### [bt]: Generating problem instance for problem 'generate_data' ...
### [bt]: Applying algorithm 'fit_JMest' on problem 'generate_data' for job 125 (seed = 21071149) ...
[1] "get initial values for LME & GLM models --- done."
[1] "get initial values for GLME model --- done."
[1] "get initial values for survival models --- done."
[1] "estimate random effects --- done."
[1] "estimate fixed parameters --- done."
[1] "estimate dispersion parameters --- done."
############## Iteration: 1 ############### 
fixed.par: 2.63 0.67 -0.17 1.07 0.06 -1.69 0.34 -2.73 -1.22 2.89 1.18 -0.05 -0.53 -0.33 -1.06 -58.69 8.82 
FixedParDiff =  0.3089205 
likDiff =  1 
sigma: 0.95 0.09 -0.46 -0.29 2 
loglike: -5983.837 
########################################## 
[1] "estimate random effects --- done."
[1] "estimate fixed parameters --- done."
[1] "estimate dispersion parameters --- done."
############## Iteration: 2 ############### 
fixed.par: 2.2 0.96 -0.3 1.36 0.06 -1.74 0.35 -2.78 -1.15 2.73 1.22 -0.05 -0.61 -0.59 -1.45 -70.79 10.66 
FixedParDiff =  0.2162156 
likDiff =  0.007588733 
sigma: 0.97 0.1 -0.46 -0.29 2 
loglike: -5938.428 
########################################## 
[1] "estimate random effects --- done."
[1] "estimate fixed parameters --- done."
[1] "estimate dispersion parameters --- done."
############## Iteration: 3 ############### 
fixed.par: 2.15 0.99 -0.31 1.39 0.06 -1.76 0.37 -2.77 -1.1 2.65 1.23 -0.05 -0.74 -1.03 -2.09 -88.68 13.37 
FixedParDiff =  0.1308552 
likDiff =  0.002665761 
sigma: 0.98 0.1 -0.42 -0.28 2.01 
loglike: -5922.597 
########################################## 
[1] "estimate random effects --- done."
[1] "estimate fixed parameters --- done."
[1] "estimate dispersion parameters --- done."
############## Iteration: 4 ############### 
fixed.par: 2.15 1 -0.32 1.39 0.06 -1.75 0.37 -2.76 -1.07 2.58 1.24 -0.05 -1.14 -1.97 -3.62 -135.78 20.51 
FixedParDiff =  0.1984524 
likDiff =  0.004397635 
sigma: 0.98 0.08 -0.37 -0.31 2.01 
loglike: -5896.552 
########################################## 
[1] "estimate random effects --- done."
[1] "estimate fixed parameters --- done."
[1] "estimate dispersion parameters --- done."
############## Iteration: 5 ############### 
fixed.par: 2.15 1 -0.32 1.39 0.06 -1.74 0.37 -2.75 -1.01 2.44 1.24 -0.05 -2.53 -4.65 -8.53 -298.79 45.25 
FixedParDiff =  0.3874396 
likDiff =  0.009320439 
sigma: 0.98 0.05 -0.31 -0.36 2 
loglike: -5841.593 
########################################## 
[1] "estimate random effects --- done."
Error in estFixeff(RespLog, fixed = Jfixed, str_val = fixedest0, Dpars = Jraneff,  : 
  Iteration stops because fixed parameters can not be successfully estimated.

### [bt]: Job terminated with an exception [batchtools job.id=125]
### [bt]: Calculation finished!
