### [bt]: This is batchtools v0.9.15
### [bt]: Starting calculation of 1 jobs
### [bt]: Setting working directory to '/data/home/mengwang/21-summer-project/src'
### [bt]: Memory measurement disabled
### [bt]: Starting job [batchtools job.id=297]
### [bt]: Generating problem instance for problem 'generate_data' ...
### [bt]: Applying algorithm 'fit_JMest' on problem 'generate_data' for job 297 (seed = 21071321) ...
[1] "get initial values for LME & GLM models --- done."
[1] "get initial values for GLME model --- done."
[1] "get initial values for survival models --- done."
[1] "estimate random effects --- done."
[1] "estimate fixed parameters --- done."
[1] "estimate dispersion parameters --- done."
############## Iteration: 1 ############### 
fixed.par: 2.63 0.67 -0.17 1.07 0.07 -1.7 0.34 -2.73 -1.22 2.89 1.18 -0.05 -0.51 -0.32 -1.04 -57.12 8.59 
FixedParDiff =  0.2933127 
likDiff =  1 
sigma: 0.95 0.09 -0.46 -0.29 2 
loglike: -5983.821 
########################################## 
[1] "estimate random effects --- done."
[1] "estimate fixed parameters --- done."
[1] "estimate dispersion parameters --- done."
############## Iteration: 2 ############### 
fixed.par: 2.2 0.96 -0.3 1.35 0.06 -1.74 0.35 -2.78 -1.15 2.75 1.22 -0.05 -0.59 -0.57 -1.4 -68.19 10.26 
FixedParDiff =  0.2118013 
likDiff =  0.007495271 
sigma: 0.97 0.1 -0.46 -0.29 2 
loglike: -5938.97 
########################################## 
[1] "estimate random effects --- done."
[1] "estimate fixed parameters --- done."
[1] "estimate dispersion parameters --- done."
############## Iteration: 3 ############### 
fixed.par: 2.15 0.99 -0.31 1.39 0.06 -1.76 0.37 -2.77 -1.11 2.67 1.24 -0.05 -0.74 -1.02 -2.06 -87.9 13.25 
FixedParDiff =  0.1426429 
likDiff =  0.002592147 
sigma: 0.98 0.1 -0.42 -0.29 2.01 
loglike: -5923.576 
########################################## 
[1] "estimate random effects --- done."
[1] "estimate fixed parameters --- done."
[1] "estimate dispersion parameters --- done."
############## Iteration: 4 ############### 
fixed.par: 2.15 1 -0.32 1.39 0.06 -1.74 0.36 -2.76 -1.07 2.59 1.24 -0.05 -1.11 -1.92 -3.54 -132.18 19.96 
FixedParDiff =  0.1928449 
likDiff =  0.004431732 
sigma: 0.98 0.08 -0.37 -0.31 2.01 
loglike: -5897.324 
########################################## 
[1] "estimate random effects --- done."
[1] "estimate fixed parameters --- done."
[1] "estimate dispersion parameters --- done."
############## Iteration: 5 ############### 
fixed.par: 2.14 1 -0.32 1.39 0.07 -1.75 0.38 -2.75 -1.01 2.45 1.24 -0.05 -2.55 -4.73 -8.65 -301.96 45.73 
FixedParDiff =  0.4171168 
likDiff =  0.009120316 
sigma: 0.98 0.05 -0.31 -0.36 2 
loglike: -5843.538 
########################################## 
[1] "estimate random effects --- done."
Error in estFixeff(RespLog, fixed = Jfixed, str_val = fixedest0, Dpars = Jraneff,  : 
  Iteration stops because fixed parameters can not be successfully estimated.

### [bt]: Job terminated with an exception [batchtools job.id=297]
### [bt]: Calculation finished!
