### [bt]: This is batchtools v0.9.15
### [bt]: Starting calculation of 1 jobs
### [bt]: Setting working directory to '/data/home/mengwang/21-summer-project/src'
### [bt]: Memory measurement disabled
### [bt]: Starting job [batchtools job.id=72]
### [bt]: Generating problem instance for problem 'generate_data' ...
### [bt]: Applying algorithm 'fit_JMest' on problem 'generate_data' for job 72 (seed = 21071096) ...
[1] "get initial values for LME & GLM models --- done."
[1] "get initial values for GLME model --- done."
[1] "get initial values for survival models --- done."
[1] "estimate random effects --- done."
[1] "estimate fixed parameters --- done."
[1] "estimate dispersion parameters --- done."
############## Iteration: 1 ############### 
fixed.par: 2.63 0.67 -0.17 1.07 0.07 -1.71 0.35 -2.73 -1.21 2.89 1.17 -0.05 -0.51 -0.32 -1.04 -57.01 8.57 
FixedParDiff =  0.2895169 
likDiff =  1 
sigma: 0.95 0.09 -0.46 -0.29 2 
loglike: -5983.837 
########################################## 
[1] "estimate random effects --- done."
[1] "estimate fixed parameters --- done."
[1] "estimate dispersion parameters --- done."
############## Iteration: 2 ############### 
fixed.par: 2.2 0.96 -0.3 1.36 0.06 -1.73 0.34 -2.77 -1.15 2.75 1.22 -0.05 -0.59 -0.57 -1.4 -68.13 10.26 
FixedParDiff =  0.2162471 
likDiff =  0.007493152 
sigma: 0.97 0.1 -0.46 -0.29 2 
loglike: -5938.999 
########################################## 
[1] "estimate random effects --- done."
[1] "estimate fixed parameters --- done."
[1] "estimate dispersion parameters --- done."
############## Iteration: 3 ############### 
fixed.par: 2.15 1 -0.31 1.39 0.06 -1.74 0.35 -2.78 -1.12 2.67 1.24 -0.05 -0.73 -1.01 -2.04 -86.84 13.09 
FixedParDiff =  0.136952 
likDiff =  0.002591208 
sigma: 0.98 0.1 -0.42 -0.29 2.01 
loglike: -5923.61 
########################################## 
[1] "estimate random effects --- done."
[1] "estimate fixed parameters --- done."
[1] "estimate dispersion parameters --- done."
############## Iteration: 4 ############### 
fixed.par: 2.15 1 -0.32 1.39 0.06 -1.76 0.38 -2.76 -1.07 2.59 1.24 -0.05 -1.14 -1.98 -3.64 -136.26 20.58 
FixedParDiff =  0.2176957 
likDiff =  0.004374415 
sigma: 0.98 0.08 -0.37 -0.31 2.01 
loglike: -5897.698 
########################################## 
[1] "estimate random effects --- done."
[1] "estimate fixed parameters --- done."
[1] "estimate dispersion parameters --- done."
############## Iteration: 5 ############### 
fixed.par: 2.14 1 -0.32 1.39 0.06 -1.73 0.37 -2.75 -1.01 2.44 1.24 -0.05 -2.65 -4.88 -8.96 -313.48 47.47 
FixedParDiff =  0.4176133 
likDiff =  0.009487156 
sigma: 0.98 0.05 -0.31 -0.36 2 
loglike: -5841.745 
########################################## 
[1] "estimate random effects --- done."
Error in estFixeff(RespLog, fixed = Jfixed, str_val = fixedest0, Dpars = Jraneff,  : 
  Iteration stops because fixed parameters can not be successfully estimated.

### [bt]: Job terminated with an exception [batchtools job.id=72]
### [bt]: Calculation finished!
