### [bt]: This is batchtools v0.9.15
### [bt]: Starting calculation of 1 jobs
### [bt]: Setting working directory to '/data/home/mengwang/21-summer-project/src'
### [bt]: Memory measurement disabled
### [bt]: Starting job [batchtools job.id=76]
### [bt]: Generating problem instance for problem 'generate_data' ...
### [bt]: Applying algorithm 'fit_JMest' on problem 'generate_data' for job 76 (seed = 21071100) ...
[1] "get initial values for LME & GLM models --- done."
[1] "get initial values for GLME model --- done."
[1] "get initial values for survival models --- done."
[1] "estimate random effects --- done."
[1] "estimate fixed parameters --- done."
[1] "estimate dispersion parameters --- done."
############## Iteration: 1 ############### 
fixed.par: 2.63 0.67 -0.17 1.07 0.07 -1.72 0.35 -2.73 -1.22 2.89 1.19 -0.05 -0.51 -0.32 -1.04 -57.02 8.57 
FixedParDiff =  0.2894044 
likDiff =  1 
sigma: 0.95 0.09 -0.46 -0.29 2 
loglike: -5983.816 
########################################## 
[1] "estimate random effects --- done."
[1] "estimate fixed parameters --- done."
[1] "estimate dispersion parameters --- done."
############## Iteration: 2 ############### 
fixed.par: 2.2 0.96 -0.3 1.36 0.06 -1.73 0.34 -2.77 -1.15 2.75 1.22 -0.05 -0.59 -0.57 -1.41 -68.47 10.31 
FixedParDiff =  0.2162875 
likDiff =  0.007490334 
sigma: 0.97 0.1 -0.46 -0.29 2 
loglike: -5938.995 
########################################## 
[1] "estimate random effects --- done."
[1] "estimate fixed parameters --- done."
[1] "estimate dispersion parameters --- done."
############## Iteration: 3 ############### 
fixed.par: 2.15 1 -0.32 1.39 0.06 -1.74 0.35 -2.77 -1.11 2.67 1.24 -0.05 -0.73 -1.01 -2.04 -87.19 13.14 
FixedParDiff =  0.1356561 
likDiff =  0.002605965 
sigma: 0.98 0.1 -0.42 -0.29 2.01 
loglike: -5923.518 
########################################## 
[1] "estimate random effects --- done."
[1] "estimate fixed parameters --- done."
[1] "estimate dispersion parameters --- done."
############## Iteration: 4 ############### 
fixed.par: 2.14 1 -0.32 1.39 0.06 -1.75 0.37 -2.76 -1.07 2.59 1.24 -0.05 -1.12 -1.95 -3.59 -134.17 20.26 
FixedParDiff =  0.2073526 
likDiff =  0.004398888 
sigma: 0.98 0.08 -0.37 -0.31 2.01 
loglike: -5897.461 
########################################## 
[1] "estimate random effects --- done."
[1] "estimate fixed parameters --- done."
[1] "estimate dispersion parameters --- done."
############## Iteration: 5 ############### 
fixed.par: 2.15 1 -0.32 1.39 0.07 -1.75 0.38 -2.75 -1.01 2.45 1.24 -0.05 -2.6 -4.79 -8.78 -306.93 46.48 
FixedParDiff =  0.4149178 
likDiff =  0.009303906 
sigma: 0.98 0.05 -0.31 -0.36 2 
loglike: -5842.592 
########################################## 
[1] "estimate random effects --- done."
Error in estFixeff(RespLog, fixed = Jfixed, str_val = fixedest0, Dpars = Jraneff,  : 
  Iteration stops because fixed parameters can not be successfully estimated.

### [bt]: Job terminated with an exception [batchtools job.id=76]
### [bt]: Calculation finished!
