### [bt]: This is batchtools v0.9.15
### [bt]: Starting calculation of 1 jobs
### [bt]: Setting working directory to '/data/home/mengwang/21-summer-project/src'
### [bt]: Memory measurement disabled
### [bt]: Starting job [batchtools job.id=150]
### [bt]: Generating problem instance for problem 'generate_data' ...
### [bt]: Applying algorithm 'fit_JMest' on problem 'generate_data' for job 150 (seed = 21071174) ...
[1] "get initial values for LME & GLM models --- done."
[1] "get initial values for GLME model --- done."
[1] "get initial values for survival models --- done."
[1] "estimate random effects --- done."
[1] "estimate fixed parameters --- done."
[1] "estimate dispersion parameters --- done."
############## Iteration: 1 ############### 
fixed.par: 2.63 0.67 -0.17 1.07 0.07 -1.73 0.36 -2.73 -1.22 2.89 1.18 -0.05 -0.51 -0.32 -1.04 -57.45 8.64 
FixedParDiff =  0.2900658 
likDiff =  1 
sigma: 0.95 0.09 -0.46 -0.29 2 
loglike: -5983.827 
########################################## 
[1] "estimate random effects --- done."
[1] "estimate fixed parameters --- done."
[1] "estimate dispersion parameters --- done."
############## Iteration: 2 ############### 
fixed.par: 2.2 0.96 -0.3 1.35 0.06 -1.73 0.34 -2.78 -1.15 2.74 1.22 -0.05 -0.6 -0.58 -1.42 -69.36 10.44 
FixedParDiff =  0.220015 
likDiff =  0.007513838 
sigma: 0.97 0.1 -0.46 -0.29 2 
loglike: -5938.865 
########################################## 
[1] "estimate random effects --- done."
[1] "estimate fixed parameters --- done."
[1] "estimate dispersion parameters --- done."
############## Iteration: 3 ############### 
fixed.par: 2.15 0.99 -0.31 1.39 0.06 -1.74 0.36 -2.77 -1.11 2.66 1.24 -0.05 -0.73 -1.01 -2.04 -86.88 13.1 
FixedParDiff =  0.1295874 
likDiff =  0.002631963 
sigma: 0.98 0.1 -0.42 -0.29 2.01 
loglike: -5923.234 
########################################## 
[1] "estimate random effects --- done."
[1] "estimate fixed parameters --- done."
[1] "estimate dispersion parameters --- done."
############## Iteration: 4 ############### 
fixed.par: 2.15 1 -0.32 1.39 0.06 -1.74 0.37 -2.76 -1.07 2.59 1.23 -0.05 -1.1 -1.92 -3.52 -131.32 19.83 
FixedParDiff =  0.1945791 
likDiff =  0.004349432 
sigma: 0.98 0.08 -0.38 -0.31 2.01 
loglike: -5897.472 
########################################## 
[1] "estimate random effects --- done."
[1] "estimate fixed parameters --- done."
[1] "estimate dispersion parameters --- done."
############## Iteration: 5 ############### 
fixed.par: 2.14 1 -0.32 1.39 0.07 -1.74 0.37 -2.75 -1.02 2.46 1.24 -0.05 -2.55 -4.73 -8.63 -301.09 45.59 
FixedParDiff =  0.4165512 
likDiff =  0.009090375 
sigma: 0.98 0.05 -0.31 -0.36 2 
loglike: -5843.862 
########################################## 
[1] "estimate random effects --- done."
Error in estFixeff(RespLog, fixed = Jfixed, str_val = fixedest0, Dpars = Jraneff,  : 
  Iteration stops because fixed parameters can not be successfully estimated.

### [bt]: Job terminated with an exception [batchtools job.id=150]
### [bt]: Calculation finished!
