### [bt]: This is batchtools v0.9.15
### [bt]: Starting calculation of 1 jobs
### [bt]: Setting working directory to '/data/home/mengwang/21-summer-project/src'
### [bt]: Memory measurement disabled
### [bt]: Starting job [batchtools job.id=145]
### [bt]: Generating problem instance for problem 'generate_data' ...
### [bt]: Applying algorithm 'fit_JMest' on problem 'generate_data' for job 145 (seed = 21071169) ...
[1] "get initial values for LME & GLM models --- done."
[1] "get initial values for GLME model --- done."
[1] "get initial values for survival models --- done."
[1] "estimate random effects --- done."
[1] "estimate fixed parameters --- done."
[1] "estimate dispersion parameters --- done."
############## Iteration: 1 ############### 
fixed.par: 2.63 0.67 -0.17 1.07 0.07 -1.69 0.33 -2.74 -1.21 2.89 1.18 -0.05 -0.52 -0.33 -1.05 -57.94 8.71 
FixedParDiff =  0.301417 
likDiff =  1 
sigma: 0.95 0.09 -0.46 -0.29 2 
loglike: -5983.832 
########################################## 
[1] "estimate random effects --- done."
[1] "estimate fixed parameters --- done."
[1] "estimate dispersion parameters --- done."
############## Iteration: 2 ############### 
fixed.par: 2.2 0.96 -0.3 1.36 0.06 -1.74 0.35 -2.78 -1.15 2.74 1.22 -0.05 -0.61 -0.58 -1.44 -70.18 10.56 
FixedParDiff =  0.2193351 
likDiff =  0.007544658 
sigma: 0.97 0.1 -0.46 -0.29 2 
loglike: -5938.686 
########################################## 
[1] "estimate random effects --- done."
[1] "estimate fixed parameters --- done."
[1] "estimate dispersion parameters --- done."
############## Iteration: 3 ############### 
fixed.par: 2.15 1 -0.31 1.39 0.06 -1.76 0.37 -2.77 -1.11 2.65 1.24 -0.05 -0.74 -1.02 -2.08 -88.32 13.31 
FixedParDiff =  0.1338657 
likDiff =  0.002656748 
sigma: 0.98 0.1 -0.42 -0.29 2.01 
loglike: -5922.908 
########################################## 
[1] "estimate random effects --- done."
[1] "estimate fixed parameters --- done."
[1] "estimate dispersion parameters --- done."
############## Iteration: 4 ############### 
fixed.par: 2.15 1 -0.32 1.39 0.06 -1.74 0.36 -2.76 -1.07 2.58 1.24 -0.05 -1.11 -1.93 -3.55 -132.51 20.01 
FixedParDiff =  0.189882 
likDiff =  0.004391465 
sigma: 0.98 0.08 -0.37 -0.31 2.01 
loglike: -5896.898 
########################################## 
[1] "estimate random effects --- done."
[1] "estimate fixed parameters --- done."
[1] "estimate dispersion parameters --- done."
############## Iteration: 5 ############### 
fixed.par: 2.15 1 -0.32 1.39 0.06 -1.73 0.37 -2.75 -1.01 2.45 1.24 -0.05 -2.4 -4.45 -8.13 -283.36 42.91 
FixedParDiff =  0.3699947 
likDiff =  0.009070004 
sigma: 0.98 0.05 -0.31 -0.36 2 
loglike: -5843.413 
########################################## 
[1] "estimate random effects --- done."
Warning in log(det(H/2/pi)) : NaNs produced
Error in estFixeff(RespLog, fixed = Jfixed, str_val = fixedest0, Dpars = Jraneff,  : 
  Iteration stops because fixed parameters can not be successfully estimated.

### [bt]: Job terminated with an exception [batchtools job.id=145]
### [bt]: Calculation finished!
