### [bt]: This is batchtools v0.9.15
### [bt]: Starting calculation of 1 jobs
### [bt]: Setting working directory to '/data/home/mengwang/21-summer-project/src'
### [bt]: Memory measurement disabled
### [bt]: Starting job [batchtools job.id=52]
### [bt]: Generating problem instance for problem 'generate_data' ...
### [bt]: Applying algorithm 'fit_JMest' on problem 'generate_data' for job 52 (seed = 21071076) ...
[1] "get initial values for LME & GLM models --- done."
[1] "get initial values for GLME model --- done."
[1] "get initial values for survival models --- done."
[1] "estimate random effects --- done."
[1] "estimate fixed parameters --- done."
[1] "estimate dispersion parameters --- done."
############## Iteration: 1 ############### 
fixed.par: 2.63 0.67 -0.17 1.07 0.06 -1.69 0.33 -2.73 -1.21 2.89 1.17 -0.05 -0.52 -0.33 -1.05 -58.17 8.74 
FixedParDiff =  0.3055872 
likDiff =  1 
sigma: 0.95 0.09 -0.46 -0.29 2 
loglike: -5983.827 
########################################## 
[1] "estimate random effects --- done."
[1] "estimate fixed parameters --- done."
[1] "estimate dispersion parameters --- done."
############## Iteration: 2 ############### 
fixed.par: 2.2 0.96 -0.3 1.35 0.06 -1.74 0.35 -2.77 -1.15 2.74 1.22 -0.05 -0.61 -0.59 -1.44 -70.6 10.63 
FixedParDiff =  0.2210644 
likDiff =  0.007558428 
sigma: 0.97 0.1 -0.46 -0.29 2 
loglike: -5938.599 
########################################## 
[1] "estimate random effects --- done."
[1] "estimate fixed parameters --- done."
[1] "estimate dispersion parameters --- done."
############## Iteration: 3 ############### 
fixed.par: 2.15 0.99 -0.31 1.39 0.06 -1.76 0.37 -2.77 -1.11 2.65 1.24 -0.05 -0.75 -1.03 -2.08 -88.67 13.37 
FixedParDiff =  0.134062 
likDiff =  0.002673186 
sigma: 0.98 0.1 -0.42 -0.29 2.01 
loglike: -5922.724 
########################################## 
[1] "estimate random effects --- done."
[1] "estimate fixed parameters --- done."
[1] "estimate dispersion parameters --- done."
############## Iteration: 4 ############### 
fixed.par: 2.14 1 -0.32 1.39 0.06 -1.75 0.37 -2.76 -1.07 2.58 1.24 -0.05 -1.14 -1.97 -3.63 -135.78 20.51 
FixedParDiff =  0.1984212 
likDiff =  0.004401218 
sigma: 0.98 0.08 -0.37 -0.31 2.01 
loglike: -5896.657 
########################################## 
[1] "estimate random effects --- done."
[1] "estimate fixed parameters --- done."
[1] "estimate dispersion parameters --- done."
############## Iteration: 5 ############### 
fixed.par: 2.15 1 -0.31 1.39 0.06 -1.74 0.37 -2.75 -1.01 2.44 1.24 -0.05 -2.67 -4.9 -8.99 -315.76 47.82 
FixedParDiff =  0.4230631 
likDiff =  0.009349173 
sigma: 0.98 0.05 -0.31 -0.36 2 
loglike: -5841.528 
########################################## 
[1] "estimate random effects --- done."
Error in estFixeff(RespLog, fixed = Jfixed, str_val = fixedest0, Dpars = Jraneff,  : 
  Iteration stops because fixed parameters can not be successfully estimated.

### [bt]: Job terminated with an exception [batchtools job.id=52]
### [bt]: Calculation finished!
