### [bt]: This is batchtools v0.9.15
### [bt]: Starting calculation of 1 jobs
### [bt]: Setting working directory to '/data/home/mengwang/21-summer-project/src'
### [bt]: Memory measurement disabled
### [bt]: Starting job [batchtools job.id=271]
### [bt]: Generating problem instance for problem 'generate_data' ...
### [bt]: Applying algorithm 'fit_JMest' on problem 'generate_data' for job 271 (seed = 21071295) ...
[1] "get initial values for LME & GLM models --- done."
[1] "get initial values for GLME model --- done."
[1] "get initial values for survival models --- done."
[1] "estimate random effects --- done."
[1] "estimate fixed parameters --- done."
[1] "estimate dispersion parameters --- done."
############## Iteration: 1 ############### 
fixed.par: 2.63 0.67 -0.17 1.07 0.06 -1.67 0.32 -2.74 -1.21 2.89 1.17 -0.05 -0.52 -0.33 -1.05 -57.88 8.7 
FixedParDiff =  0.3063236 
likDiff =  1 
sigma: 0.95 0.09 -0.46 -0.29 2 
loglike: -5983.807 
########################################## 
[1] "estimate random effects --- done."
[1] "estimate fixed parameters --- done."
[1] "estimate dispersion parameters --- done."
############## Iteration: 2 ############### 
fixed.par: 2.2 0.96 -0.3 1.35 0.06 -1.74 0.35 -2.78 -1.15 2.74 1.23 -0.05 -0.61 -0.59 -1.44 -70.37 10.59 
FixedParDiff =  0.2228311 
likDiff =  0.007538025 
sigma: 0.97 0.1 -0.46 -0.29 2 
loglike: -5938.7 
########################################## 
[1] "estimate random effects --- done."
[1] "estimate fixed parameters --- done."
[1] "estimate dispersion parameters --- done."
############## Iteration: 3 ############### 
fixed.par: 2.15 1 -0.31 1.39 0.06 -1.74 0.36 -2.77 -1.11 2.65 1.23 -0.05 -0.74 -1.03 -2.08 -88.46 13.33 
FixedParDiff =  0.1297657 
likDiff =  0.00267277 
sigma: 0.98 0.1 -0.42 -0.29 2.01 
loglike: -5922.828 
########################################## 
[1] "estimate random effects --- done."
Warning in log(det(H/2/pi)) : NaNs produced
[1] "estimate fixed parameters --- done."
[1] "estimate dispersion parameters --- done."
############## Iteration: 4 ############### 
fixed.par: 2.15 1 -0.32 1.39 0.06 -1.74 0.37 -2.76 -1.07 2.58 1.24 -0.05 -1.15 -1.98 -3.65 -136.9 20.68 
FixedParDiff =  0.2039415 
likDiff =  0.004404218 
sigma: 0.98 0.08 -0.37 -0.31 2.01 
loglike: -5896.742 
########################################## 
[1] "estimate random effects --- done."
[1] "estimate fixed parameters --- done."
[1] "estimate dispersion parameters --- done."
############## Iteration: 5 ############### 
fixed.par: 2.15 1 -0.32 1.39 0.06 -1.73 0.37 -2.75 -1 2.43 1.23 -0.05 -2.84 -5.18 -9.54 -335.7 50.84 
FixedParDiff =  0.4621284 
likDiff =  0.009408022 
sigma: 0.98 0.05 -0.31 -0.36 2 
loglike: -5841.266 
########################################## 
[1] "estimate random effects --- done."
Error in estFixeff(RespLog, fixed = Jfixed, str_val = fixedest0, Dpars = Jraneff,  : 
  Iteration stops because fixed parameters can not be successfully estimated.

### [bt]: Job terminated with an exception [batchtools job.id=271]
### [bt]: Calculation finished!
