### [bt]: This is batchtools v0.9.15
### [bt]: Starting calculation of 1 jobs
### [bt]: Setting working directory to '/data/home/mengwang/21-summer-project/src'
### [bt]: Memory measurement disabled
### [bt]: Starting job [batchtools job.id=41]
### [bt]: Generating problem instance for problem 'generate_data' ...
### [bt]: Applying algorithm 'fit_JMest' on problem 'generate_data' for job 41 (seed = 21071065) ...
[1] "get initial values for LME & GLM models --- done."
[1] "get initial values for GLME model --- done."
[1] "get initial values for survival models --- done."
[1] "estimate random effects --- done."
[1] "estimate fixed parameters --- done."
[1] "estimate dispersion parameters --- done."
############## Iteration: 1 ############### 
fixed.par: 2.63 0.67 -0.17 1.07 0.07 -1.71 0.34 -2.73 -1.22 2.89 1.18 -0.05 -0.52 -0.33 -1.05 -58.03 8.72 
FixedParDiff =  0.2999468 
likDiff =  1 
sigma: 0.95 0.09 -0.46 -0.29 2 
loglike: -5983.818 
########################################## 
[1] "estimate random effects --- done."
[1] "estimate fixed parameters --- done."
[1] "estimate dispersion parameters --- done."
############## Iteration: 2 ############### 
fixed.par: 2.2 0.96 -0.3 1.35 0.06 -1.74 0.35 -2.78 -1.15 2.74 1.22 -0.05 -0.61 -0.58 -1.44 -70.19 10.57 
FixedParDiff =  0.2172649 
likDiff =  0.00754936 
sigma: 0.97 0.1 -0.46 -0.29 2 
loglike: -5938.644 
########################################## 
[1] "estimate random effects --- done."
[1] "estimate fixed parameters --- done."
[1] "estimate dispersion parameters --- done."
############## Iteration: 3 ############### 
fixed.par: 2.16 0.99 -0.31 1.39 0.06 -1.76 0.37 -2.77 -1.11 2.65 1.23 -0.05 -0.74 -1.02 -2.06 -87.7 13.22 
FixedParDiff =  0.1301371 
likDiff =  0.002655806 
sigma: 0.98 0.1 -0.42 -0.29 2.01 
loglike: -5922.872 
########################################## 
[1] "estimate random effects --- done."
[1] "estimate fixed parameters --- done."
[1] "estimate dispersion parameters --- done."
############## Iteration: 4 ############### 
fixed.par: 2.15 1 -0.32 1.39 0.06 -1.75 0.38 -2.76 -1.07 2.58 1.24 -0.05 -1.13 -1.97 -3.62 -135.42 20.45 
FixedParDiff =  0.2027526 
likDiff =  0.004376318 
sigma: 0.98 0.08 -0.37 -0.31 2.01 
loglike: -5896.952 
########################################## 
[1] "estimate random effects --- done."
[1] "estimate fixed parameters --- done."
[1] "estimate dispersion parameters --- done."
############## Iteration: 5 ############### 
fixed.par: 2.15 1 -0.32 1.39 0.06 -1.74 0.38 -2.75 -1.01 2.44 1.24 -0.05 -2.6 -4.79 -8.79 -307.67 46.59 
FixedParDiff =  0.4074855 
likDiff =  0.009377855 
sigma: 0.98 0.05 -0.31 -0.36 2 
loglike: -5841.651 
########################################## 
[1] "estimate random effects --- done."
Error in estFixeff(RespLog, fixed = Jfixed, str_val = fixedest0, Dpars = Jraneff,  : 
  Iteration stops because fixed parameters can not be successfully estimated.

### [bt]: Job terminated with an exception [batchtools job.id=41]
### [bt]: Calculation finished!
