### [bt]: This is batchtools v0.9.15
### [bt]: Starting calculation of 1 jobs
### [bt]: Setting working directory to '/data/home/mengwang/21-summer-project/src'
### [bt]: Memory measurement disabled
### [bt]: Starting job [batchtools job.id=291]
### [bt]: Generating problem instance for problem 'generate_data' ...
### [bt]: Applying algorithm 'fit_JMest' on problem 'generate_data' for job 291 (seed = 21071315) ...
[1] "get initial values for LME & GLM models --- done."
[1] "get initial values for GLME model --- done."
[1] "get initial values for survival models --- done."
[1] "estimate random effects --- done."
[1] "estimate fixed parameters --- done."
[1] "estimate dispersion parameters --- done."
############## Iteration: 1 ############### 
fixed.par: 2.63 0.67 -0.17 1.07 0.07 -1.72 0.35 -2.73 -1.21 2.89 1.17 -0.05 -0.53 -0.33 -1.06 -58.84 8.84 
FixedParDiff =  0.301302 
likDiff =  1 
sigma: 0.95 0.09 -0.46 -0.29 2 
loglike: -5983.83 
########################################## 
[1] "estimate random effects --- done."
[1] "estimate fixed parameters --- done."
[1] "estimate dispersion parameters --- done."
############## Iteration: 2 ############### 
fixed.par: 2.2 0.96 -0.3 1.36 0.06 -1.75 0.35 -2.77 -1.15 2.73 1.22 -0.05 -0.61 -0.59 -1.44 -70.34 10.59 
FixedParDiff =  0.2153724 
likDiff =  0.007596982 
sigma: 0.97 0.1 -0.46 -0.29 2 
loglike: -5938.371 
########################################## 
[1] "estimate random effects --- done."
[1] "estimate fixed parameters --- done."
[1] "estimate dispersion parameters --- done."
############## Iteration: 3 ############### 
fixed.par: 2.15 1 -0.31 1.39 0.06 -1.75 0.36 -2.77 -1.11 2.65 1.23 -0.05 -0.73 -1.01 -2.05 -86.94 13.11 
FixedParDiff =  0.1217052 
likDiff =  0.002631503 
sigma: 0.98 0.1 -0.42 -0.29 2.01 
loglike: -5922.744 
########################################## 
[1] "estimate random effects --- done."
[1] "estimate fixed parameters --- done."
[1] "estimate dispersion parameters --- done."
############## Iteration: 4 ############### 
fixed.par: 2.15 1 -0.32 1.39 0.06 -1.73 0.36 -2.76 -1.07 2.59 1.25 -0.05 -1.13 -1.96 -3.59 -134.32 20.29 
FixedParDiff =  0.2016291 
likDiff =  0.004323354 
sigma: 0.98 0.08 -0.38 -0.31 2.01 
loglike: -5897.138 
########################################## 
[1] "estimate random effects --- done."
[1] "estimate fixed parameters --- done."
[1] "estimate dispersion parameters --- done."
############## Iteration: 5 ############### 
fixed.par: 2.15 1 -0.32 1.39 0.06 -1.74 0.37 -2.75 -1.01 2.45 1.24 -0.05 -2.69 -4.95 -9.06 -317.69 48.11 
FixedParDiff =  0.4405425 
likDiff =  0.009318876 
sigma: 0.98 0.05 -0.31 -0.36 2 
loglike: -5842.183 
########################################## 
[1] "estimate random effects --- done."
Error in estFixeff(RespLog, fixed = Jfixed, str_val = fixedest0, Dpars = Jraneff,  : 
  Iteration stops because fixed parameters can not be successfully estimated.

### [bt]: Job terminated with an exception [batchtools job.id=291]
### [bt]: Calculation finished!
