### [bt]: This is batchtools v0.9.15
### [bt]: Starting calculation of 1 jobs
### [bt]: Setting working directory to '/data/home/mengwang/21-summer-project/src'
### [bt]: Memory measurement disabled
### [bt]: Starting job [batchtools job.id=168]
### [bt]: Generating problem instance for problem 'generate_data' ...
### [bt]: Applying algorithm 'fit_JMest' on problem 'generate_data' for job 168 (seed = 21071192) ...
[1] "get initial values for LME & GLM models --- done."
[1] "get initial values for GLME model --- done."
[1] "get initial values for survival models --- done."
[1] "estimate random effects --- done."
[1] "estimate fixed parameters --- done."
[1] "estimate dispersion parameters --- done."
############## Iteration: 1 ############### 
fixed.par: 2.63 0.67 -0.17 1.07 0.07 -1.68 0.33 -2.74 -1.22 2.89 1.18 -0.05 -0.52 -0.33 -1.05 -58.08 8.73 
FixedParDiff =  0.3053045 
likDiff =  1 
sigma: 0.95 0.09 -0.46 -0.29 2 
loglike: -5983.813 
########################################## 
[1] "estimate random effects --- done."
[1] "estimate fixed parameters --- done."
[1] "estimate dispersion parameters --- done."
############## Iteration: 2 ############### 
fixed.par: 2.2 0.96 -0.3 1.36 0.06 -1.72 0.33 -2.78 -1.15 2.74 1.22 -0.05 -0.61 -0.58 -1.44 -70.27 10.58 
FixedParDiff =  0.2194119 
likDiff =  0.007546425 
sigma: 0.97 0.1 -0.46 -0.29 2 
loglike: -5938.657 
########################################## 
[1] "estimate random effects --- done."
[1] "estimate fixed parameters --- done."
[1] "estimate dispersion parameters --- done."
############## Iteration: 3 ############### 
fixed.par: 2.15 1 -0.31 1.39 0.06 -1.74 0.36 -2.77 -1.1 2.65 1.23 -0.05 -0.73 -1.01 -2.06 -87.33 13.16 
FixedParDiff =  0.1313236 
likDiff =  0.002653637 
sigma: 0.98 0.1 -0.42 -0.28 2.01 
loglike: -5922.898 
########################################## 
[1] "estimate random effects --- done."
[1] "estimate fixed parameters --- done."
[1] "estimate dispersion parameters --- done."
############## Iteration: 4 ############### 
fixed.par: 2.14 1 -0.32 1.39 0.06 -1.74 0.37 -2.76 -1.07 2.59 1.24 -0.05 -1.11 -1.92 -3.54 -132.05 19.95 
FixedParDiff =  0.1927774 
likDiff =  0.004338242 
sigma: 0.98 0.08 -0.38 -0.31 2.01 
loglike: -5897.203 
########################################## 
[1] "estimate random effects --- done."
[1] "estimate fixed parameters --- done."
[1] "estimate dispersion parameters --- done."
############## Iteration: 5 ############### 
fixed.par: 2.15 1 -0.32 1.39 0.06 -1.72 0.36 -2.75 -1.01 2.45 1.24 -0.05 -2.39 -4.44 -8.11 -282.58 42.79 
FixedParDiff =  0.3693863 
likDiff =  0.009086487 
sigma: 0.98 0.05 -0.31 -0.36 2 
loglike: -5843.618 
########################################## 
[1] "estimate random effects --- done."
Error in estFixeff(RespLog, fixed = Jfixed, str_val = fixedest0, Dpars = Jraneff,  : 
  Iteration stops because fixed parameters can not be successfully estimated.

### [bt]: Job terminated with an exception [batchtools job.id=168]
### [bt]: Calculation finished!
