### [bt]: This is batchtools v0.9.15
### [bt]: Starting calculation of 1 jobs
### [bt]: Setting working directory to '/data/home/mengwang/21-summer-project/src'
### [bt]: Memory measurement disabled
### [bt]: Starting job [batchtools job.id=160]
### [bt]: Generating problem instance for problem 'generate_data' ...
### [bt]: Applying algorithm 'fit_JMest' on problem 'generate_data' for job 160 (seed = 21071184) ...
[1] "get initial values for LME & GLM models --- done."
[1] "get initial values for GLME model --- done."
[1] "get initial values for survival models --- done."
[1] "estimate random effects --- done."
[1] "estimate fixed parameters --- done."
[1] "estimate dispersion parameters --- done."
############## Iteration: 1 ############### 
fixed.par: 2.63 0.67 -0.17 1.07 0.07 -1.7 0.34 -2.73 -1.22 2.89 1.19 -0.05 -0.53 -0.33 -1.07 -59.21 8.9 
FixedParDiff =  0.3111087 
likDiff =  1 
sigma: 0.95 0.09 -0.46 -0.29 2 
loglike: -5983.852 
########################################## 
[1] "estimate random effects --- done."
[1] "estimate fixed parameters --- done."
[1] "estimate dispersion parameters --- done."
############## Iteration: 2 ############### 
fixed.par: 2.21 0.96 -0.3 1.36 0.06 -1.73 0.34 -2.78 -1.14 2.73 1.22 -0.05 -0.61 -0.59 -1.45 -70.77 10.65 
FixedParDiff =  0.2111921 
likDiff =  0.007607415 
sigma: 0.97 0.1 -0.46 -0.29 2 
loglike: -5938.33 
########################################## 
[1] "estimate random effects --- done."
[1] "estimate fixed parameters --- done."
[1] "estimate dispersion parameters --- done."
############## Iteration: 3 ############### 
fixed.par: 2.15 0.99 -0.31 1.39 0.06 -1.73 0.35 -2.77 -1.11 2.65 1.24 -0.05 -0.74 -1.02 -2.08 -88.17 13.29 
FixedParDiff =  0.1266625 
likDiff =  0.002646192 
sigma: 0.98 0.1 -0.42 -0.28 2.01 
loglike: -5922.616 
########################################## 
[1] "estimate random effects --- done."
[1] "estimate fixed parameters --- done."
[1] "estimate dispersion parameters --- done."
############## Iteration: 4 ############### 
fixed.par: 2.14 1 -0.32 1.39 0.06 -1.75 0.37 -2.76 -1.07 2.58 1.24 -0.05 -1.11 -1.93 -3.56 -132.97 20.08 
FixedParDiff =  0.1976521 
likDiff =  0.004352905 
sigma: 0.98 0.08 -0.37 -0.31 2.01 
loglike: -5896.836 
########################################## 
[1] "estimate random effects --- done."
[1] "estimate fixed parameters --- done."
[1] "estimate dispersion parameters --- done."
############## Iteration: 5 ############### 
fixed.par: 2.15 1 -0.31 1.39 0.07 -1.74 0.37 -2.75 -1.01 2.45 1.24 -0.05 -2.51 -4.63 -8.46 -296.07 44.84 
FixedParDiff =  0.3950773 
likDiff =  0.009137015 
sigma: 0.98 0.05 -0.31 -0.36 2 
loglike: -5842.956 
########################################## 
[1] "estimate random effects --- done."
Warning in log(det(H/2/pi)) : NaNs produced
Error in estFixeff(RespLog, fixed = Jfixed, str_val = fixedest0, Dpars = Jraneff,  : 
  Iteration stops because fixed parameters can not be successfully estimated.

### [bt]: Job terminated with an exception [batchtools job.id=160]
### [bt]: Calculation finished!
