### [bt]: This is batchtools v0.9.15
### [bt]: Starting calculation of 1 jobs
### [bt]: Setting working directory to '/data/home/mengwang/21-summer-project/src'
### [bt]: Memory measurement disabled
### [bt]: Starting job [batchtools job.id=233]
### [bt]: Generating problem instance for problem 'generate_data' ...
### [bt]: Applying algorithm 'fit_JMest' on problem 'generate_data' for job 233 (seed = 21071257) ...
[1] "get initial values for LME & GLM models --- done."
[1] "get initial values for GLME model --- done."
[1] "get initial values for survival models --- done."
[1] "estimate random effects --- done."
[1] "estimate fixed parameters --- done."
[1] "estimate dispersion parameters --- done."
############## Iteration: 1 ############### 
fixed.par: 2.63 0.67 -0.17 1.07 0.06 -1.67 0.32 -2.74 -1.22 2.89 1.18 -0.05 -0.53 -0.33 -1.06 -58.76 8.83 
FixedParDiff =  0.3128316 
likDiff =  1 
sigma: 0.95 0.09 -0.46 -0.29 2 
loglike: -5983.85 
########################################## 
[1] "estimate random effects --- done."
[1] "estimate fixed parameters --- done."
[1] "estimate dispersion parameters --- done."
############## Iteration: 2 ############### 
fixed.par: 2.2 0.96 -0.3 1.36 0.06 -1.73 0.34 -2.78 -1.15 2.73 1.22 -0.05 -0.59 -0.58 -1.42 -68.75 10.35 
FixedParDiff =  0.2091181 
likDiff =  0.007583587 
sigma: 0.97 0.1 -0.46 -0.29 2 
loglike: -5938.471 
########################################## 
[1] "estimate random effects --- done."
[1] "estimate fixed parameters --- done."
[1] "estimate dispersion parameters --- done."
############## Iteration: 3 ############### 
fixed.par: 2.15 1 -0.31 1.39 0.06 -1.75 0.36 -2.77 -1.11 2.66 1.23 -0.05 -0.76 -1.05 -2.12 -90.84 13.69 
FixedParDiff =  0.1503153 
likDiff =  0.002556348 
sigma: 0.98 0.1 -0.42 -0.29 2.01 
loglike: -5923.29 
########################################## 
[1] "estimate random effects --- done."
[1] "estimate fixed parameters --- done."
[1] "estimate dispersion parameters --- done."
############## Iteration: 4 ############### 
fixed.par: 2.15 1 -0.31 1.39 0.06 -1.74 0.37 -2.76 -1.06 2.57 1.24 -0.05 -1.14 -1.96 -3.62 -135.66 20.49 
FixedParDiff =  0.1883911 
likDiff =  0.00455319 
sigma: 0.98 0.08 -0.37 -0.31 2.01 
loglike: -5896.321 
########################################## 
[1] "estimate random effects --- done."
[1] "estimate fixed parameters --- done."
[1] "estimate dispersion parameters --- done."
############## Iteration: 5 ############### 
fixed.par: 2.15 1 -0.32 1.39 0.06 -1.73 0.37 -2.75 -1.01 2.43 1.25 -0.05 -2.38 -4.38 -8.05 -281.41 42.62 
FixedParDiff =  0.3501639 
likDiff =  0.009129549 
sigma: 0.98 0.05 -0.31 -0.36 2 
loglike: -5842.49 
########################################## 
[1] "estimate random effects --- done."
Error in estFixeff(RespLog, fixed = Jfixed, str_val = fixedest0, Dpars = Jraneff,  : 
  Iteration stops because fixed parameters can not be successfully estimated.

### [bt]: Job terminated with an exception [batchtools job.id=233]
### [bt]: Calculation finished!
