### [bt]: This is batchtools v0.9.15
### [bt]: Starting calculation of 1 jobs
### [bt]: Setting working directory to '/data/home/mengwang/21-summer-project/src'
### [bt]: Memory measurement disabled
### [bt]: Starting job [batchtools job.id=272]
### [bt]: Generating problem instance for problem 'generate_data' ...
### [bt]: Applying algorithm 'fit_JMest' on problem 'generate_data' for job 272 (seed = 21071296) ...
[1] "get initial values for LME & GLM models --- done."
[1] "get initial values for GLME model --- done."
[1] "get initial values for survival models --- done."
[1] "estimate random effects --- done."
[1] "estimate fixed parameters --- done."
[1] "estimate dispersion parameters --- done."
############## Iteration: 1 ############### 
fixed.par: 2.63 0.67 -0.17 1.07 0.06 -1.68 0.33 -2.73 -1.22 2.89 1.18 -0.05 -0.51 -0.32 -1.04 -56.87 8.55 
FixedParDiff =  0.2977416 
likDiff =  1 
sigma: 0.95 0.09 -0.46 -0.29 2 
loglike: -5983.852 
########################################## 
[1] "estimate random effects --- done."
[1] "estimate fixed parameters --- done."
[1] "estimate dispersion parameters --- done."
############## Iteration: 2 ############### 
fixed.par: 2.2 0.96 -0.3 1.35 0.06 -1.72 0.33 -2.77 -1.15 2.75 1.22 -0.05 -0.6 -0.57 -1.42 -69.44 10.45 
FixedParDiff =  0.2198626 
likDiff =  0.007486751 
sigma: 0.97 0.1 -0.46 -0.29 2 
loglike: -5939.053 
########################################## 
[1] "estimate random effects --- done."
[1] "estimate fixed parameters --- done."
[1] "estimate dispersion parameters --- done."
############## Iteration: 3 ############### 
fixed.par: 2.16 0.99 -0.31 1.39 0.06 -1.74 0.36 -2.77 -1.11 2.66 1.24 -0.05 -0.75 -1.02 -2.08 -88.68 13.37 
FixedParDiff =  0.1423834 
likDiff =  0.002655781 
sigma: 0.98 0.1 -0.42 -0.29 2.01 
loglike: -5923.28 
########################################## 
[1] "estimate random effects --- done."
[1] "estimate fixed parameters --- done."
[1] "estimate dispersion parameters --- done."
############## Iteration: 4 ############### 
fixed.par: 2.14 1 -0.32 1.39 0.06 -1.73 0.36 -2.76 -1.07 2.58 1.24 -0.05 -1.14 -1.97 -3.64 -136.2 20.57 
FixedParDiff =  0.2018149 
likDiff =  0.004438544 
sigma: 0.98 0.08 -0.37 -0.31 2.01 
loglike: -5896.989 
########################################## 
[1] "estimate random effects --- done."
[1] "estimate fixed parameters --- done."
[1] "estimate dispersion parameters --- done."
############## Iteration: 5 ############### 
fixed.par: 2.15 1 -0.31 1.39 0.06 -1.73 0.37 -2.75 -1 2.44 1.24 -0.05 -2.68 -4.9 -9.01 -316.07 47.87 
FixedParDiff =  0.4247404 
likDiff =  0.009377039 
sigma: 0.98 0.05 -0.31 -0.36 2 
loglike: -5841.693 
########################################## 
[1] "estimate random effects --- done."
Error in estFixeff(RespLog, fixed = Jfixed, str_val = fixedest0, Dpars = Jraneff,  : 
  Iteration stops because fixed parameters can not be successfully estimated.

### [bt]: Job terminated with an exception [batchtools job.id=272]
### [bt]: Calculation finished!
