### [bt]: This is batchtools v0.9.15
### [bt]: Starting calculation of 1 jobs
### [bt]: Setting working directory to '/data/home/mengwang/21-summer-project/src'
### [bt]: Memory measurement disabled
### [bt]: Starting job [batchtools job.id=253]
### [bt]: Generating problem instance for problem 'generate_data' ...
### [bt]: Applying algorithm 'fit_JMest' on problem 'generate_data' for job 253 (seed = 21071277) ...
[1] "get initial values for LME & GLM models --- done."
[1] "get initial values for GLME model --- done."
[1] "get initial values for survival models --- done."
[1] "estimate random effects --- done."
[1] "estimate fixed parameters --- done."
[1] "estimate dispersion parameters --- done."
############## Iteration: 1 ############### 
fixed.par: 2.63 0.67 -0.17 1.07 0.07 -1.69 0.33 -2.74 -1.21 2.89 1.16 -0.05 -0.51 -0.32 -1.04 -56.84 8.54 
FixedParDiff =  0.2893632 
likDiff =  1 
sigma: 0.95 0.09 -0.46 -0.29 2 
loglike: -5983.836 
########################################## 
[1] "estimate random effects --- done."
[1] "estimate fixed parameters --- done."
[1] "estimate dispersion parameters --- done."
############## Iteration: 2 ############### 
fixed.par: 2.2 0.96 -0.3 1.36 0.06 -1.71 0.33 -2.78 -1.15 2.75 1.22 -0.05 -0.6 -0.57 -1.42 -69.29 10.43 
FixedParDiff =  0.2244655 
likDiff =  0.007486683 
sigma: 0.97 0.1 -0.46 -0.29 2 
loglike: -5939.037 
########################################## 
[1] "estimate random effects --- done."
[1] "estimate fixed parameters --- done."
[1] "estimate dispersion parameters --- done."
############## Iteration: 3 ############### 
fixed.par: 2.15 1 -0.31 1.39 0.06 -1.76 0.37 -2.77 -1.11 2.66 1.23 -0.05 -0.74 -1.02 -2.07 -88.21 13.3 
FixedParDiff =  0.1487839 
likDiff =  0.002650656 
sigma: 0.98 0.1 -0.42 -0.29 2.01 
loglike: -5923.294 
########################################## 
[1] "estimate random effects --- done."
[1] "estimate fixed parameters --- done."
[1] "estimate dispersion parameters --- done."
############## Iteration: 4 ############### 
fixed.par: 2.15 1 -0.32 1.39 0.06 -1.74 0.37 -2.76 -1.07 2.58 1.24 -0.05 -1.15 -1.98 -3.65 -136.76 20.66 
FixedParDiff =  0.2050649 
likDiff =  0.004413759 
sigma: 0.98 0.08 -0.37 -0.31 2.01 
loglike: -5897.15 
########################################## 
[1] "estimate random effects --- done."
[1] "estimate fixed parameters --- done."
[1] "estimate dispersion parameters --- done."
############## Iteration: 5 ############### 
fixed.par: 2.15 1 -0.31 1.39 0.06 -1.73 0.37 -2.75 -1.01 2.43 1.24 -0.05 -2.34 -4.32 -7.95 -276.77 41.92 
FixedParDiff =  0.334198 
likDiff =  0.009273373 
sigma: 0.98 0.05 -0.31 -0.36 2 
loglike: -5842.464 
########################################## 
[1] "estimate random effects --- done."
Error in estFixeff(RespLog, fixed = Jfixed, str_val = fixedest0, Dpars = Jraneff,  : 
  Iteration stops because fixed parameters can not be successfully estimated.

### [bt]: Job terminated with an exception [batchtools job.id=253]
### [bt]: Calculation finished!
