### [bt]: This is batchtools v0.9.15
### [bt]: Starting calculation of 1 jobs
### [bt]: Setting working directory to '/data/home/mengwang/21-summer-project/src'
### [bt]: Memory measurement disabled
### [bt]: Starting job [batchtools job.id=211]
### [bt]: Generating problem instance for problem 'generate_data' ...
### [bt]: Applying algorithm 'fit_JMest' on problem 'generate_data' for job 211 (seed = 21071235) ...
[1] "get initial values for LME & GLM models --- done."
[1] "get initial values for GLME model --- done."
[1] "get initial values for survival models --- done."
[1] "estimate random effects --- done."
[1] "estimate fixed parameters --- done."
[1] "estimate dispersion parameters --- done."
############## Iteration: 1 ############### 
fixed.par: 2.63 0.67 -0.17 1.07 0.06 -1.67 0.32 -2.74 -1.21 2.89 1.18 -0.05 -0.52 -0.33 -1.05 -58.1 8.73 
FixedParDiff =  0.3109804 
likDiff =  1 
sigma: 0.95 0.09 -0.46 -0.29 2 
loglike: -5983.819 
########################################## 
[1] "estimate random effects --- done."
[1] "estimate fixed parameters --- done."
[1] "estimate dispersion parameters --- done."
############## Iteration: 2 ############### 
fixed.par: 2.2 0.96 -0.3 1.36 0.06 -1.74 0.35 -2.78 -1.15 2.74 1.22 -0.05 -0.6 -0.58 -1.43 -69.82 10.51 
FixedParDiff =  0.2153345 
likDiff =  0.007555926 
sigma: 0.97 0.1 -0.46 -0.29 2 
loglike: -5938.605 
########################################## 
[1] "estimate random effects --- done."
[1] "estimate fixed parameters --- done."
[1] "estimate dispersion parameters --- done."
############## Iteration: 3 ############### 
fixed.par: 2.15 0.99 -0.31 1.39 0.06 -1.74 0.36 -2.77 -1.11 2.66 1.24 -0.05 -0.74 -1.02 -2.07 -88.18 13.29 
FixedParDiff =  0.1319484 
likDiff =  0.002635584 
sigma: 0.98 0.1 -0.42 -0.29 2.01 
loglike: -5922.954 
########################################## 
[1] "estimate random effects --- done."
[1] "estimate fixed parameters --- done."
[1] "estimate dispersion parameters --- done."
############## Iteration: 4 ############### 
fixed.par: 2.14 1 -0.32 1.39 0.06 -1.73 0.36 -2.76 -1.07 2.58 1.24 -0.05 -1.14 -1.98 -3.64 -136.54 20.62 
FixedParDiff =  0.2041773 
likDiff =  0.004387801 
sigma: 0.98 0.08 -0.37 -0.31 2.01 
loglike: -5896.965 
########################################## 
[1] "estimate random effects --- done."
[1] "estimate fixed parameters --- done."
[1] "estimate dispersion parameters --- done."
############## Iteration: 5 ############### 
fixed.par: 2.15 1 -0.31 1.39 0.07 -1.74 0.38 -2.75 -1 2.44 1.24 -0.05 -2.52 -4.62 -8.5 -297.39 45.04 
FixedParDiff =  0.3872061 
likDiff =  0.009389522 
sigma: 0.98 0.05 -0.31 -0.36 2 
loglike: -5841.595 
########################################## 
[1] "estimate random effects --- done."
Error in estFixeff(RespLog, fixed = Jfixed, str_val = fixedest0, Dpars = Jraneff,  : 
  Iteration stops because fixed parameters can not be successfully estimated.

### [bt]: Job terminated with an exception [batchtools job.id=211]
### [bt]: Calculation finished!
