### [bt]: This is batchtools v0.9.15
### [bt]: Starting calculation of 1 jobs
### [bt]: Setting working directory to '/data/home/mengwang/21-summer-project/src'
### [bt]: Memory measurement disabled
### [bt]: Starting job [batchtools job.id=19]
### [bt]: Generating problem instance for problem 'generate_data' ...
### [bt]: Applying algorithm 'fit_JMest' on problem 'generate_data' for job 19 (seed = 21071043) ...
[1] "get initial values for LME & GLM models --- done."
[1] "get initial values for GLME model --- done."
[1] "get initial values for survival models --- done."
[1] "estimate random effects --- done."
[1] "estimate fixed parameters --- done."
[1] "estimate dispersion parameters --- done."
############## Iteration: 1 ############### 
fixed.par: 2.63 0.67 -0.17 1.07 0.07 -1.71 0.34 -2.73 -1.22 2.89 1.18 -0.05 -0.51 -0.32 -1.04 -57.08 8.58 
FixedParDiff =  0.292576 
likDiff =  1 
sigma: 0.95 0.09 -0.46 -0.29 2 
loglike: -5983.853 
########################################## 
[1] "estimate random effects --- done."
[1] "estimate fixed parameters --- done."
[1] "estimate dispersion parameters --- done."
############## Iteration: 2 ############### 
fixed.par: 2.2 0.96 -0.3 1.36 0.06 -1.75 0.36 -2.78 -1.15 2.75 1.22 -0.05 -0.59 -0.57 -1.41 -68.81 10.36 
FixedParDiff =  0.2163068 
likDiff =  0.007502152 
sigma: 0.97 0.1 -0.46 -0.29 2 
loglike: -5938.961 
########################################## 
[1] "estimate random effects --- done."
[1] "estimate fixed parameters --- done."
[1] "estimate dispersion parameters --- done."
############## Iteration: 3 ############### 
fixed.par: 2.15 0.99 -0.31 1.39 0.06 -1.73 0.35 -2.77 -1.11 2.66 1.24 -0.05 -0.72 -0.99 -2.01 -85.56 12.9 
FixedParDiff =  0.1280421 
likDiff =  0.002616685 
sigma: 0.98 0.1 -0.42 -0.29 2.01 
loglike: -5923.421 
########################################## 
[1] "estimate random effects --- done."
[1] "estimate fixed parameters --- done."
[1] "estimate dispersion parameters --- done."
############## Iteration: 4 ############### 
fixed.par: 2.15 1 -0.32 1.39 0.06 -1.74 0.37 -2.76 -1.08 2.6 1.25 -0.05 -1.12 -1.95 -3.58 -133.74 20.2 
FixedParDiff =  0.2152007 
likDiff =  0.004303909 
sigma: 0.98 0.08 -0.38 -0.31 2.01 
loglike: -5897.927 
########################################## 
[1] "estimate random effects --- done."
[1] "estimate fixed parameters --- done."
[1] "estimate dispersion parameters --- done."
############## Iteration: 5 ############### 
fixed.par: 2.15 1 -0.31 1.39 0.06 -1.72 0.36 -2.75 -1.01 2.45 1.24 -0.05 -2.58 -4.78 -8.74 -305.16 46.21 
FixedParDiff =  0.4136059 
likDiff =  0.009339736 
sigma: 0.98 0.05 -0.31 -0.36 2 
loglike: -5842.842 
########################################## 
[1] "estimate random effects --- done."
Error in estFixeff(RespLog, fixed = Jfixed, str_val = fixedest0, Dpars = Jraneff,  : 
  Iteration stops because fixed parameters can not be successfully estimated.

### [bt]: Job terminated with an exception [batchtools job.id=19]
### [bt]: Calculation finished!
