### [bt]: This is batchtools v0.9.15
### [bt]: Starting calculation of 1 jobs
### [bt]: Setting working directory to '/data/home/mengwang/21-summer-project/src'
### [bt]: Memory measurement disabled
### [bt]: Starting job [batchtools job.id=120]
### [bt]: Generating problem instance for problem 'generate_data' ...
### [bt]: Applying algorithm 'fit_JMest' on problem 'generate_data' for job 120 (seed = 21071144) ...
[1] "get initial values for LME & GLM models --- done."
[1] "get initial values for GLME model --- done."
[1] "get initial values for survival models --- done."
[1] "estimate random effects --- done."
[1] "estimate fixed parameters --- done."
[1] "estimate dispersion parameters --- done."
############## Iteration: 1 ############### 
fixed.par: 2.63 0.67 -0.17 1.07 0.07 -1.72 0.35 -2.73 -1.21 2.89 1.17 -0.05 -0.53 -0.33 -1.06 -58.57 8.8 
FixedParDiff =  0.2990069 
likDiff =  1 
sigma: 0.95 0.09 -0.46 -0.29 2 
loglike: -5983.821 
########################################## 
[1] "estimate random effects --- done."
[1] "estimate fixed parameters --- done."
[1] "estimate dispersion parameters --- done."
############## Iteration: 2 ############### 
fixed.par: 2.2 0.96 -0.3 1.36 0.06 -1.74 0.35 -2.78 -1.15 2.73 1.22 -0.05 -0.61 -0.59 -1.45 -70.88 10.67 
FixedParDiff =  0.2205554 
likDiff =  0.007576912 
sigma: 0.97 0.1 -0.46 -0.29 2 
loglike: -5938.482 
########################################## 
[1] "estimate random effects --- done."
[1] "estimate fixed parameters --- done."
[1] "estimate dispersion parameters --- done."
############## Iteration: 3 ############### 
fixed.par: 2.15 1 -0.31 1.39 0.06 -1.75 0.36 -2.77 -1.11 2.65 1.24 -0.05 -0.75 -1.03 -2.09 -88.83 13.39 
FixedParDiff =  0.1287275 
likDiff =  0.002677696 
sigma: 0.98 0.1 -0.42 -0.29 2.01 
loglike: -5922.58 
########################################## 
[1] "estimate random effects --- done."
[1] "estimate fixed parameters --- done."
[1] "estimate dispersion parameters --- done."
############## Iteration: 4 ############### 
fixed.par: 2.15 1 -0.32 1.39 0.06 -1.74 0.37 -2.76 -1.07 2.58 1.24 -0.05 -1.13 -1.95 -3.59 -134.39 20.3 
FixedParDiff =  0.191729 
likDiff =  0.004393859 
sigma: 0.98 0.08 -0.37 -0.31 2.01 
loglike: -5896.557 
########################################## 
[1] "estimate random effects --- done."
[1] "estimate fixed parameters --- done."
[1] "estimate dispersion parameters --- done."
############## Iteration: 5 ############### 
fixed.par: 2.15 1 -0.32 1.39 0.06 -1.73 0.37 -2.75 -1.01 2.44 1.24 -0.05 -2.51 -4.61 -8.46 -296.02 44.83 
FixedParDiff =  0.3871241 
likDiff =  0.009208268 
sigma: 0.98 0.05 -0.31 -0.36 2 
loglike: -5842.26 
########################################## 
[1] "estimate random effects --- done."
Error in estFixeff(RespLog, fixed = Jfixed, str_val = fixedest0, Dpars = Jraneff,  : 
  Iteration stops because fixed parameters can not be successfully estimated.

### [bt]: Job terminated with an exception [batchtools job.id=120]
### [bt]: Calculation finished!
