### [bt]: This is batchtools v0.9.15
### [bt]: Starting calculation of 1 jobs
### [bt]: Setting working directory to '/data/home/mengwang/21-summer-project/src'
### [bt]: Memory measurement disabled
### [bt]: Starting job [batchtools job.id=91]
### [bt]: Generating problem instance for problem 'generate_data' ...
### [bt]: Applying algorithm 'fit_JMest' on problem 'generate_data' for job 91 (seed = 21071115) ...
[1] "get initial values for LME & GLM models --- done."
[1] "get initial values for GLME model --- done."
[1] "get initial values for survival models --- done."
[1] "estimate random effects --- done."
[1] "estimate fixed parameters --- done."
[1] "estimate dispersion parameters --- done."
############## Iteration: 1 ############### 
fixed.par: 2.63 0.67 -0.17 1.07 0.06 -1.69 0.33 -2.73 -1.21 2.89 1.17 -0.05 -0.52 -0.33 -1.05 -58.04 8.72 
FixedParDiff =  0.304879 
likDiff =  1 
sigma: 0.95 0.09 -0.46 -0.29 2 
loglike: -5983.838 
########################################## 
[1] "estimate random effects --- done."
[1] "estimate fixed parameters --- done."
[1] "estimate dispersion parameters --- done."
############## Iteration: 2 ############### 
fixed.par: 2.2 0.96 -0.3 1.36 0.06 -1.73 0.35 -2.77 -1.15 2.74 1.22 -0.05 -0.6 -0.58 -1.42 -69.3 10.43 
FixedParDiff =  0.2133696 
likDiff =  0.007552292 
sigma: 0.97 0.1 -0.46 -0.29 2 
loglike: -5938.646 
########################################## 
[1] "estimate random effects --- done."
[1] "estimate fixed parameters --- done."
[1] "estimate dispersion parameters --- done."
############## Iteration: 3 ############### 
fixed.par: 2.15 1 -0.31 1.39 0.06 -1.73 0.35 -2.77 -1.11 2.66 1.24 -0.05 -0.76 -1.04 -2.1 -90.11 13.58 
FixedParDiff =  0.1428965 
likDiff =  0.002604411 
sigma: 0.98 0.1 -0.42 -0.29 2.01 
loglike: -5923.179 
########################################## 
[1] "estimate random effects --- done."
[1] "estimate fixed parameters --- done."
[1] "estimate dispersion parameters --- done."
############## Iteration: 4 ############### 
fixed.par: 2.15 1 -0.32 1.39 0.06 -1.75 0.37 -2.76 -1.07 2.57 1.24 -0.05 -1.15 -1.98 -3.66 -137.24 20.73 
FixedParDiff =  0.2051481 
likDiff =  0.004504635 
sigma: 0.98 0.08 -0.37 -0.31 2.01 
loglike: -5896.497 
########################################## 
[1] "estimate random effects --- done."
[1] "estimate fixed parameters --- done."
[1] "estimate dispersion parameters --- done."
############## Iteration: 5 ############### 
fixed.par: 2.15 1 -0.31 1.39 0.07 -1.75 0.38 -2.75 -1 2.43 1.24 -0.05 -2.73 -4.97 -9.16 -322.2 48.79 
FixedParDiff =  0.4333879 
likDiff =  0.009388457 
sigma: 0.98 0.05 -0.31 -0.36 2 
loglike: -5841.138 
########################################## 
[1] "estimate random effects --- done."
Error in estFixeff(RespLog, fixed = Jfixed, str_val = fixedest0, Dpars = Jraneff,  : 
  Iteration stops because fixed parameters can not be successfully estimated.

### [bt]: Job terminated with an exception [batchtools job.id=91]
### [bt]: Calculation finished!
