### [bt]: This is batchtools v0.9.15
### [bt]: Starting calculation of 1 jobs
### [bt]: Setting working directory to '/data/home/mengwang/21-summer-project/src'
### [bt]: Memory measurement disabled
### [bt]: Starting job [batchtools job.id=202]
### [bt]: Generating problem instance for problem 'generate_data' ...
### [bt]: Applying algorithm 'fit_JMest' on problem 'generate_data' for job 202 (seed = 21071226) ...
[1] "get initial values for LME & GLM models --- done."
[1] "get initial values for GLME model --- done."
[1] "get initial values for survival models --- done."
[1] "estimate random effects --- done."
[1] "estimate fixed parameters --- done."
[1] "estimate dispersion parameters --- done."
############## Iteration: 1 ############### 
fixed.par: 2.63 0.67 -0.17 1.07 0.07 -1.74 0.37 -2.73 -1.22 2.89 1.18 -0.05 -0.52 -0.33 -1.05 -57.91 8.7 
FixedParDiff =  0.2939344 
likDiff =  1 
sigma: 0.95 0.09 -0.46 -0.29 2 
loglike: -5983.845 
########################################## 
[1] "estimate random effects --- done."
[1] "estimate fixed parameters --- done."
[1] "estimate dispersion parameters --- done."
############## Iteration: 2 ############### 
fixed.par: 2.2 0.96 -0.3 1.36 0.06 -1.72 0.34 -2.78 -1.15 2.74 1.22 -0.05 -0.61 -0.59 -1.45 -70.86 10.67 
FixedParDiff =  0.2318866 
likDiff =  0.007546306 
sigma: 0.97 0.1 -0.46 -0.29 2 
loglike: -5938.689 
########################################## 
[1] "estimate random effects --- done."
[1] "estimate fixed parameters --- done."
[1] "estimate dispersion parameters --- done."
############## Iteration: 3 ############### 
fixed.par: 2.15 1 -0.31 1.39 0.06 -1.74 0.36 -2.77 -1.1 2.65 1.23 -0.05 -0.76 -1.04 -2.11 -90.13 13.59 
FixedParDiff =  0.1385061 
likDiff =  0.00269959 
sigma: 0.98 0.1 -0.42 -0.29 2.01 
loglike: -5922.657 
########################################## 
[1] "estimate random effects --- done."
[1] "estimate fixed parameters --- done."
[1] "estimate dispersion parameters --- done."
############## Iteration: 4 ############### 
fixed.par: 2.15 1 -0.31 1.39 0.06 -1.74 0.36 -2.76 -1.07 2.57 1.24 -0.05 -1.16 -2 -3.7 -138.93 20.99 
FixedParDiff =  0.2009577 
likDiff =  0.004471056 
sigma: 0.98 0.08 -0.37 -0.31 2.01 
loglike: -5896.176 
########################################## 
[1] "estimate random effects --- done."
[1] "estimate fixed parameters --- done."
[1] "estimate dispersion parameters --- done."
############## Iteration: 5 ############### 
fixed.par: 2.15 1 -0.31 1.39 0.06 -1.72 0.36 -2.75 -1 2.42 1.24 -0.05 -2.67 -4.86 -8.97 -315.56 47.79 
FixedParDiff =  0.4079212 
likDiff =  0.009530348 
sigma: 0.98 0.05 -0.31 -0.36 2 
loglike: -5839.984 
########################################## 
[1] "estimate random effects --- done."
Error in estFixeff(RespLog, fixed = Jfixed, str_val = fixedest0, Dpars = Jraneff,  : 
  Iteration stops because fixed parameters can not be successfully estimated.

### [bt]: Job terminated with an exception [batchtools job.id=202]
### [bt]: Calculation finished!
