### [bt]: This is batchtools v0.9.15
### [bt]: Starting calculation of 1 jobs
### [bt]: Setting working directory to '/data/home/mengwang/21-summer-project/src'
### [bt]: Memory measurement disabled
### [bt]: Starting job [batchtools job.id=281]
### [bt]: Generating problem instance for problem 'generate_data' ...
### [bt]: Applying algorithm 'fit_JMest' on problem 'generate_data' for job 281 (seed = 21071305) ...
[1] "get initial values for LME & GLM models --- done."
[1] "get initial values for GLME model --- done."
[1] "get initial values for survival models --- done."
[1] "estimate random effects --- done."
[1] "estimate fixed parameters --- done."
[1] "estimate dispersion parameters --- done."
############## Iteration: 1 ############### 
fixed.par: 2.63 0.67 -0.17 1.07 0.07 -1.7 0.34 -2.73 -1.21 2.89 1.17 -0.05 -0.5 -0.32 -1.02 -56.11 8.43 
FixedParDiff =  0.2859084 
likDiff =  1 
sigma: 0.95 0.09 -0.46 -0.29 2 
loglike: -5983.903 
########################################## 
[1] "estimate random effects --- done."
[1] "estimate fixed parameters --- done."
[1] "estimate dispersion parameters --- done."
############## Iteration: 2 ############### 
fixed.par: 2.2 0.96 -0.3 1.36 0.06 -1.73 0.34 -2.78 -1.16 2.76 1.22 -0.05 -0.59 -0.57 -1.4 -68.71 10.34 
FixedParDiff =  0.2199585 
likDiff =  0.007459312 
sigma: 0.97 0.1 -0.46 -0.29 2 
loglike: -5939.267 
########################################## 
[1] "estimate random effects --- done."
[1] "estimate fixed parameters --- done."
[1] "estimate dispersion parameters --- done."
############## Iteration: 3 ############### 
fixed.par: 2.15 1 -0.31 1.39 0.06 -1.75 0.36 -2.77 -1.11 2.67 1.24 -0.05 -0.74 -1.01 -2.05 -87.58 13.2 
FixedParDiff =  0.1364487 
likDiff =  0.002642025 
sigma: 0.98 0.1 -0.42 -0.29 2.01 
loglike: -5923.575 
########################################## 
[1] "estimate random effects --- done."
[1] "estimate fixed parameters --- done."
[1] "estimate dispersion parameters --- done."
############## Iteration: 4 ############### 
fixed.par: 2.14 1 -0.32 1.39 0.06 -1.75 0.37 -2.76 -1.07 2.59 1.25 -0.05 -1.11 -1.93 -3.55 -132.53 20.02 
FixedParDiff =  0.196946 
likDiff =  0.004407238 
sigma: 0.98 0.08 -0.37 -0.31 2.01 
loglike: -5897.469 
########################################## 
[1] "estimate random effects --- done."
[1] "estimate fixed parameters --- done."
[1] "estimate dispersion parameters --- done."
############## Iteration: 5 ############### 
fixed.par: 2.15 1 -0.31 1.39 0.07 -1.75 0.38 -2.75 -1.01 2.45 1.24 -0.05 -2.53 -4.69 -8.58 -299.57 45.36 
FixedParDiff =  0.4071376 
likDiff =  0.009151646 
sigma: 0.98 0.05 -0.31 -0.36 2 
loglike: -5843.497 
########################################## 
[1] "estimate random effects --- done."
Error in estFixeff(RespLog, fixed = Jfixed, str_val = fixedest0, Dpars = Jraneff,  : 
  Iteration stops because fixed parameters can not be successfully estimated.

### [bt]: Job terminated with an exception [batchtools job.id=281]
### [bt]: Calculation finished!
