### [bt]: This is batchtools v0.9.15
### [bt]: Starting calculation of 1 jobs
### [bt]: Setting working directory to '/data/home/mengwang/21-summer-project/src'
### [bt]: Memory measurement disabled
### [bt]: Starting job [batchtools job.id=278]
### [bt]: Generating problem instance for problem 'generate_data' ...
### [bt]: Applying algorithm 'fit_JMest' on problem 'generate_data' for job 278 (seed = 21071302) ...
[1] "get initial values for LME & GLM models --- done."
[1] "get initial values for GLME model --- done."
[1] "get initial values for survival models --- done."
[1] "estimate random effects --- done."
[1] "estimate fixed parameters --- done."
[1] "estimate dispersion parameters --- done."
############## Iteration: 1 ############### 
fixed.par: 2.63 0.67 -0.17 1.07 0.07 -1.69 0.33 -2.74 -1.21 2.89 1.17 -0.05 -0.52 -0.33 -1.05 -58.12 8.74 
FixedParDiff =  0.3024582 
likDiff =  1 
sigma: 0.95 0.09 -0.46 -0.29 2 
loglike: -5983.826 
########################################## 
[1] "estimate random effects --- done."
[1] "estimate fixed parameters --- done."
[1] "estimate dispersion parameters --- done."
############## Iteration: 2 ############### 
fixed.par: 2.2 0.96 -0.3 1.36 0.06 -1.73 0.34 -2.78 -1.15 2.74 1.21 -0.05 -0.6 -0.58 -1.43 -69.77 10.5 
FixedParDiff =  0.2163937 
likDiff =  0.007554443 
sigma: 0.97 0.1 -0.46 -0.29 2 
loglike: -5938.621 
########################################## 
[1] "estimate random effects --- done."
[1] "estimate fixed parameters --- done."
[1] "estimate dispersion parameters --- done."
############## Iteration: 3 ############### 
fixed.par: 2.15 1 -0.31 1.39 0.06 -1.76 0.37 -2.77 -1.11 2.66 1.24 -0.05 -0.75 -1.03 -2.08 -88.82 13.39 
FixedParDiff =  0.1411886 
likDiff =  0.002630885 
sigma: 0.98 0.1 -0.42 -0.29 2.01 
loglike: -5922.997 
########################################## 
[1] "estimate random effects --- done."
[1] "estimate fixed parameters --- done."
[1] "estimate dispersion parameters --- done."
############## Iteration: 4 ############### 
fixed.par: 2.15 1 -0.32 1.39 0.06 -1.75 0.37 -2.76 -1.07 2.58 1.25 -0.05 -1.16 -2 -3.69 -138.48 20.92 
FixedParDiff =  0.205972 
likDiff =  0.004421478 
sigma: 0.98 0.08 -0.37 -0.31 2.01 
loglike: -5896.809 
########################################## 
[1] "estimate random effects --- done."
[1] "estimate fixed parameters --- done."
[1] "estimate dispersion parameters --- done."
############## Iteration: 5 ############### 
fixed.par: 2.15 1 -0.32 1.39 0.07 -1.74 0.38 -2.75 -1 2.43 1.24 -0.05 -2.71 -4.94 -9.1 -319.99 48.46 
FixedParDiff =  0.4205553 
likDiff =  0.009550585 
sigma: 0.98 0.05 -0.31 -0.36 2 
loglike: -5840.491 
########################################## 
[1] "estimate random effects --- done."
Error in estFixeff(RespLog, fixed = Jfixed, str_val = fixedest0, Dpars = Jraneff,  : 
  Iteration stops because fixed parameters can not be successfully estimated.

### [bt]: Job terminated with an exception [batchtools job.id=278]
### [bt]: Calculation finished!
