### [bt]: This is batchtools v0.9.15
### [bt]: Starting calculation of 1 jobs
### [bt]: Setting working directory to '/data/home/mengwang/21-summer-project/src'
### [bt]: Memory measurement disabled
### [bt]: Starting job [batchtools job.id=241]
### [bt]: Generating problem instance for problem 'generate_data' ...
### [bt]: Applying algorithm 'fit_JMest' on problem 'generate_data' for job 241 (seed = 21071265) ...
[1] "get initial values for LME & GLM models --- done."
[1] "get initial values for GLME model --- done."
[1] "get initial values for survival models --- done."
[1] "estimate random effects --- done."
[1] "estimate fixed parameters --- done."
[1] "estimate dispersion parameters --- done."
############## Iteration: 1 ############### 
fixed.par: 2.63 0.67 -0.17 1.07 0.06 -1.69 0.33 -2.73 -1.21 2.89 1.17 -0.05 -0.53 -0.33 -1.06 -58.66 8.82 
FixedParDiff =  0.3094241 
likDiff =  1 
sigma: 0.95 0.09 -0.46 -0.29 2 
loglike: -5983.822 
########################################## 
[1] "estimate random effects --- done."
[1] "estimate fixed parameters --- done."
[1] "estimate dispersion parameters --- done."
############## Iteration: 2 ############### 
fixed.par: 2.2 0.96 -0.3 1.36 0.06 -1.73 0.34 -2.78 -1.15 2.73 1.22 -0.05 -0.6 -0.58 -1.43 -69.56 10.47 
FixedParDiff =  0.2108357 
likDiff =  0.007574872 
sigma: 0.97 0.1 -0.46 -0.29 2 
loglike: -5938.496 
########################################## 
[1] "estimate random effects --- done."
[1] "estimate fixed parameters --- done."
[1] "estimate dispersion parameters --- done."
############## Iteration: 3 ############### 
fixed.par: 2.15 1 -0.31 1.39 0.06 -1.75 0.37 -2.77 -1.11 2.66 1.24 -0.05 -0.74 -1.02 -2.07 -88.05 13.27 
FixedParDiff =  0.1368977 
likDiff =  0.00260603 
sigma: 0.98 0.1 -0.42 -0.29 2.01 
loglike: -5923.02 
########################################## 
[1] "estimate random effects --- done."
[1] "estimate fixed parameters --- done."
[1] "estimate dispersion parameters --- done."
############## Iteration: 4 ############### 
fixed.par: 2.15 1 -0.32 1.39 0.06 -1.76 0.38 -2.76 -1.07 2.58 1.24 -0.05 -1.07 -1.87 -3.44 -128.02 19.34 
FixedParDiff =  0.1797115 
likDiff =  0.004363883 
sigma: 0.98 0.08 -0.37 -0.31 2.01 
loglike: -5897.172 
########################################## 
[1] "estimate random effects --- done."
[1] "estimate fixed parameters --- done."
[1] "estimate dispersion parameters --- done."
############## Iteration: 5 ############### 
fixed.par: 2.15 1 -0.31 1.39 0.06 -1.74 0.37 -2.75 -1.02 2.47 1.24 -0.05 -2.56 -4.76 -8.66 -302.47 45.8 
FixedParDiff =  0.4341216 
likDiff =  0.008812366 
sigma: 0.98 0.05 -0.31 -0.36 2 
loglike: -5845.204 
########################################## 
[1] "estimate random effects --- done."
Error in estFixeff(RespLog, fixed = Jfixed, str_val = fixedest0, Dpars = Jraneff,  : 
  Iteration stops because fixed parameters can not be successfully estimated.

### [bt]: Job terminated with an exception [batchtools job.id=241]
### [bt]: Calculation finished!
