### [bt]: This is batchtools v0.9.15
### [bt]: Starting calculation of 1 jobs
### [bt]: Setting working directory to '/data/home/mengwang/21-summer-project/src'
### [bt]: Memory measurement disabled
### [bt]: Starting job [batchtools job.id=218]
### [bt]: Generating problem instance for problem 'generate_data' ...
### [bt]: Applying algorithm 'fit_JMest' on problem 'generate_data' for job 218 (seed = 21071242) ...
[1] "get initial values for LME & GLM models --- done."
[1] "get initial values for GLME model --- done."
[1] "get initial values for survival models --- done."
[1] "estimate random effects --- done."
[1] "estimate fixed parameters --- done."
[1] "estimate dispersion parameters --- done."
############## Iteration: 1 ############### 
fixed.par: 2.63 0.67 -0.17 1.07 0.07 -1.7 0.34 -2.74 -1.21 2.89 1.17 -0.05 -0.5 -0.32 -1.02 -55.98 8.41 
FixedParDiff =  0.2855373 
likDiff =  1 
sigma: 0.95 0.09 -0.46 -0.29 2 
loglike: -5983.904 
########################################## 
[1] "estimate random effects --- done."
[1] "estimate fixed parameters --- done."
[1] "estimate dispersion parameters --- done."
############## Iteration: 2 ############### 
fixed.par: 2.2 0.96 -0.3 1.36 0.06 -1.73 0.34 -2.78 -1.16 2.76 1.22 -0.05 -0.58 -0.56 -1.38 -67.47 10.16 
FixedParDiff =  0.2161969 
likDiff =  0.007444961 
sigma: 0.97 0.1 -0.46 -0.29 2 
loglike: -5939.354 
########################################## 
[1] "estimate random effects --- done."
[1] "estimate fixed parameters --- done."
[1] "estimate dispersion parameters --- done."
############## Iteration: 3 ############### 
fixed.par: 2.15 0.99 -0.31 1.39 0.06 -1.75 0.36 -2.77 -1.12 2.68 1.24 -0.05 -0.72 -0.99 -2.01 -85.59 12.9 
FixedParDiff =  0.1353156 
likDiff =  0.002591056 
sigma: 0.98 0.1 -0.42 -0.29 2.01 
loglike: -5923.964 
########################################## 
[1] "estimate random effects --- done."
[1] "estimate fixed parameters --- done."
[1] "estimate dispersion parameters --- done."
############## Iteration: 4 ############### 
fixed.par: 2.15 1 -0.32 1.39 0.06 -1.75 0.37 -2.76 -1.08 2.6 1.25 -0.05 -1.05 -1.84 -3.38 -125.24 18.91 
FixedParDiff =  0.1810206 
likDiff =  0.004332366 
sigma: 0.98 0.08 -0.38 -0.31 2.01 
loglike: -5898.3 
########################################## 
[1] "estimate random effects --- done."
[1] "estimate fixed parameters --- done."
[1] "estimate dispersion parameters --- done."
############## Iteration: 5 ############### 
fixed.par: 2.15 1 -0.32 1.39 0.07 -1.75 0.38 -2.75 -1.03 2.48 1.25 -0.05 -2.28 -4.33 -7.84 -270.41 40.94 
FixedParDiff =  0.3768007 
likDiff =  0.0087057 
sigma: 0.98 0.06 -0.32 -0.36 2 
loglike: -5846.951 
########################################## 
[1] "estimate random effects --- done."
Error in estFixeff(RespLog, fixed = Jfixed, str_val = fixedest0, Dpars = Jraneff,  : 
  Iteration stops because fixed parameters can not be successfully estimated.

### [bt]: Job terminated with an exception [batchtools job.id=218]
### [bt]: Calculation finished!
