### [bt]: This is batchtools v0.9.15
### [bt]: Starting calculation of 1 jobs
### [bt]: Setting working directory to '/data/home/mengwang/21-summer-project/src'
### [bt]: Memory measurement disabled
### [bt]: Starting job [batchtools job.id=531]
### [bt]: Generating problem instance for problem 'generate_data' ...
### [bt]: Applying algorithm 'fit_JMest' on problem 'generate_data' for job 531 (seed = 21071555) ...
[1] "get initial values for LME & GLM models --- done."
[1] "get initial values for GLME model --- done."
[1] "get initial values for survival models --- done."
[1] "estimate random effects --- done."
Warning in log(det(H/2/pi)) : NaNs produced
[1] "estimate fixed parameters --- done."
[1] "estimate dispersion parameters --- done."
############## Iteration: 1 ############### 
fixed.par: 2.63 0.67 -0.17 1.07 0.07 -1.69 0.33 -2.74 -1.23 2.92 1.18 -0.05 -0.39 -0.25 -0.83 
FixedParDiff =  0.234749 
likDiff =  1 
sigma: 0.95 0.09 -0.47 -0.29 2 
loglike: -5821.867 
########################################## 
[1] "estimate random effects --- done."
[1] "estimate fixed parameters --- done."
[1] "estimate dispersion parameters --- done."
############## Iteration: 2 ############### 
fixed.par: 2.2 0.96 -0.3 1.36 0.06 -1.73 0.34 -2.78 -1.2 2.85 1.22 -0.05 -0.44 -0.4 -1.04 
FixedParDiff =  0.1922555 
likDiff =  0.00694911 
sigma: 0.97 0.1 -0.47 -0.28 2 
loglike: -5781.41 
########################################## 
[1] "estimate random effects --- done."
Warning in log(det(H/2/pi)) : NaNs produced
[1] "estimate fixed parameters --- done."
[1] "estimate dispersion parameters --- done."
############## Iteration: 3 ############### 
fixed.par: 2.15 1 -0.31 1.39 0.06 -1.74 0.35 -2.78 -1.17 2.81 1.23 -0.05 -0.46 -0.63 -1.31 
FixedParDiff =  0.07581759 
likDiff =  0.001810286 
sigma: 0.98 0.1 -0.44 -0.28 2 
loglike: -5770.944 
########################################## 
[1] "estimate random effects --- done."
Warning in log(det(H/2/pi)) : NaNs produced
Warning in log(det(H/2/pi)) : NaNs produced
[1] "estimate fixed parameters --- done."
[1] "estimate dispersion parameters --- done."
############## Iteration: 4 ############### 
fixed.par: 2.14 1 -0.32 1.39 0.06 -1.74 0.36 -2.77 -1.15 2.78 1.24 -0.05 -0.48 -0.93 -1.7 
FixedParDiff =  0.06296368 
likDiff =  0.002236666 
sigma: 0.98 0.1 -0.41 -0.28 2.01 
loglike: -5758.036 
########################################## 
[1] "estimate random effects --- done."
Warning in log(det(H/2/pi)) : NaNs produced
[1] "estimate fixed parameters --- done."
[1] "estimate dispersion parameters --- done."
############## Iteration: 5 ############### 
fixed.par: 2.14 1 -0.32 1.4 0.06 -1.74 0.36 -2.76 -1.13 2.75 1.24 -0.05 -0.49 -1.33 -2.23 
FixedParDiff =  0.05590782 
likDiff =  0.002845866 
sigma: 0.98 0.08 -0.38 -0.31 2.01 
loglike: -5741.65 
########################################## 
[1] "estimate random effects --- done."
Warning in log(det(H/2/pi)) : NaNs produced
[1] "estimate fixed parameters --- done."
[1] "estimate dispersion parameters --- done."
############## Iteration: 6 ############### 
fixed.par: 2.14 1 -0.31 1.39 0.06 -1.73 0.36 -2.75 -1.12 2.73 1.25 -0.05 -0.5 -1.74 -2.84 
FixedParDiff =  0.04621674 
likDiff =  0.002985302 
sigma: 0.98 0.06 -0.35 -0.34 2 
loglike: -5724.509 
########################################## 
[1] "estimate random effects --- done."
Warning in log(det(H/2/pi)) : NaNs produced
Warning in log(det(H/2/pi)) : NaNs produced
[1] "estimate fixed parameters --- done."
[1] "estimate dispersion parameters --- done."
############## Iteration: 7 ############### 
fixed.par: 2.15 1 -0.31 1.39 0.06 -1.72 0.36 -2.74 -1.1 2.7 1.25 -0.05 -0.5 -2.09 -3.41 
FixedParDiff =  0.03444271 
likDiff =  0.002402925 
sigma: 0.99 0.05 -0.32 -0.37 2 
loglike: -5710.753 
########################################## 
[1] "estimate random effects --- done."
[1] "estimate fixed parameters --- done."
[1] "estimate dispersion parameters --- done."
############## Iteration: 8 ############### 
fixed.par: 2.15 0.99 -0.31 1.39 0.07 -1.72 0.36 -2.74 -1.09 2.68 1.26 -0.05 -0.51 -2.35 -3.87 
FixedParDiff =  0.02472017 
likDiff =  0.001636094 
sigma: 0.99 0.04 -0.31 -0.4 2 
loglike: -5701.41 
########################################## 
[1] "estimate random effects --- done."
Warning in log(det(H/2/pi)) : NaNs produced
[1] "estimate fixed parameters --- done."
[1] "estimate dispersion parameters --- done."
############## Iteration: 9 ############### 
fixed.par: 2.15 0.99 -0.31 1.39 0.07 -1.71 0.35 -2.73 -1.08 2.67 1.27 -0.04 -0.51 -2.54 -4.25 
FixedParDiff =  0.01753943 
likDiff =  0.001075431 
sigma: 0.99 0.03 -0.3 -0.41 2 
loglike: -5695.279 
########################################## 
[1] "estimate random effects --- done."
Warning in log(det(H/2/pi)) : NaNs produced
[1] "estimate fixed parameters --- done."
[1] "estimate dispersion parameters --- done."
############## Iteration: 10 ############### 
fixed.par: 2.15 0.99 -0.31 1.39 0.07 -1.71 0.35 -2.73 -1.07 2.65 1.27 -0.04 -0.51 -2.68 -4.54 
FixedParDiff =  0.01281725 
likDiff =  0.0007050086 
sigma: 0.99 0.02 -0.29 -0.42 2 
loglike: -5691.263 
########################################## 
Successful convergence. Iteration stops because likDiff <= itertol.

### [bt]: Job terminated successfully [batchtools job.id=531]
### [bt]: Calculation finished!
