### [bt]: This is batchtools v0.9.15
### [bt]: Starting calculation of 1 jobs
### [bt]: Setting working directory to '/data/home/mengwang/21-summer-project/src'
### [bt]: Memory measurement disabled
### [bt]: Starting job [batchtools job.id=118]
### [bt]: Generating problem instance for problem 'generate_data' ...
### [bt]: Applying algorithm 'fit_JMest' on problem 'generate_data' for job 118 (seed = 21071142) ...
[1] "get initial values for LME & GLM models --- done."
[1] "get initial values for GLME model --- done."
[1] "get initial values for survival models --- done."
[1] "estimate random effects --- done."
[1] "estimate fixed parameters --- done."
[1] "estimate dispersion parameters --- done."
############## Iteration: 1 ############### 
fixed.par: 2.63 0.67 -0.17 1.07 0.07 -1.68 0.32 -2.74 -1.21 2.89 1.17 -0.05 -0.5 -0.32 -1.03 -56.36 8.47 
FixedParDiff =  0.2920586 
likDiff =  1 
sigma: 0.95 0.09 -0.46 -0.29 2 
loglike: -5983.879 
########################################## 
[1] "estimate random effects --- done."
[1] "estimate fixed parameters --- done."
[1] "estimate dispersion parameters --- done."
############## Iteration: 2 ############### 
fixed.par: 2.2 0.96 -0.3 1.35 0.06 -1.74 0.35 -2.78 -1.16 2.75 1.22 -0.05 -0.59 -0.57 -1.4 -68.46 10.3 
FixedParDiff =  0.2204071 
likDiff =  0.007471282 
sigma: 0.97 0.1 -0.46 -0.29 2 
loglike: -5939.171 
########################################## 
[1] "estimate random effects --- done."
[1] "estimate fixed parameters --- done."
[1] "estimate dispersion parameters --- done."
############## Iteration: 3 ############### 
fixed.par: 2.15 1 -0.31 1.39 0.06 -1.75 0.37 -2.77 -1.12 2.67 1.24 -0.05 -0.72 -1 -2.02 -86.17 12.99 
FixedParDiff =  0.1344234 
likDiff =  0.002626986 
sigma: 0.98 0.1 -0.42 -0.29 2.01 
loglike: -5923.569 
########################################## 
[1] "estimate random effects --- done."
[1] "estimate fixed parameters --- done."
[1] "estimate dispersion parameters --- done."
############## Iteration: 4 ############### 
fixed.par: 2.14 1 -0.32 1.39 0.06 -1.74 0.37 -2.76 -1.07 2.6 1.24 -0.05 -1.11 -1.93 -3.55 -132.35 19.99 
FixedParDiff =  0.2011402 
likDiff =  0.004352269 
sigma: 0.98 0.08 -0.38 -0.31 2.01 
loglike: -5897.788 
########################################## 
[1] "estimate random effects --- done."
[1] "estimate fixed parameters --- done."
[1] "estimate dispersion parameters --- done."
############## Iteration: 5 ############### 
fixed.par: 2.15 1 -0.31 1.39 0.06 -1.73 0.37 -2.75 -1.01 2.46 1.24 -0.05 -2.32 -4.33 -7.91 -274.2 41.52 
FixedParDiff =  0.3485856 
likDiff =  0.009124461 
sigma: 0.98 0.05 -0.31 -0.36 2 
loglike: -5843.974 
########################################## 
[1] "estimate random effects --- done."
Error in estFixeff(RespLog, fixed = Jfixed, str_val = fixedest0, Dpars = Jraneff,  : 
  Iteration stops because fixed parameters can not be successfully estimated.

### [bt]: Job terminated with an exception [batchtools job.id=118]
### [bt]: Calculation finished!
