### [bt]: This is batchtools v0.9.15
### [bt]: Starting calculation of 1 jobs
### [bt]: Setting working directory to '/data/home/mengwang/21-summer-project/src'
### [bt]: Memory measurement disabled
### [bt]: Starting job [batchtools job.id=263]
### [bt]: Generating problem instance for problem 'generate_data' ...
### [bt]: Applying algorithm 'fit_JMest' on problem 'generate_data' for job 263 (seed = 21071287) ...
[1] "get initial values for LME & GLM models --- done."
[1] "get initial values for GLME model --- done."
[1] "get initial values for survival models --- done."
[1] "estimate random effects --- done."
[1] "estimate fixed parameters --- done."
[1] "estimate dispersion parameters --- done."
############## Iteration: 1 ############### 
fixed.par: 2.63 0.67 -0.17 1.07 0.07 -1.7 0.34 -2.74 -1.22 2.89 1.18 -0.05 -0.51 -0.32 -1.04 -57.34 8.62 
FixedParDiff =  0.2942875 
likDiff =  1 
sigma: 0.95 0.09 -0.46 -0.29 2 
loglike: -5983.825 
########################################## 
[1] "estimate random effects --- done."
[1] "estimate fixed parameters --- done."
[1] "estimate dispersion parameters --- done."
############## Iteration: 2 ############### 
fixed.par: 2.2 0.96 -0.3 1.36 0.06 -1.72 0.33 -2.78 -1.15 2.75 1.22 -0.05 -0.6 -0.58 -1.43 -69.9 10.52 
FixedParDiff =  0.2218103 
likDiff =  0.007511571 
sigma: 0.97 0.1 -0.46 -0.29 2 
loglike: -5938.877 
########################################## 
[1] "estimate random effects --- done."
[1] "estimate fixed parameters --- done."
[1] "estimate dispersion parameters --- done."
############## Iteration: 3 ############### 
fixed.par: 2.15 0.99 -0.31 1.39 0.06 -1.74 0.35 -2.77 -1.11 2.66 1.23 -0.05 -0.74 -1.02 -2.07 -88.38 13.32 
FixedParDiff =  0.1353025 
likDiff =  0.002667679 
sigma: 0.98 0.1 -0.42 -0.29 2.01 
loglike: -5923.034 
########################################## 
[1] "estimate random effects --- done."
[1] "estimate fixed parameters --- done."
[1] "estimate dispersion parameters --- done."
############## Iteration: 4 ############### 
fixed.par: 2.15 1 -0.32 1.39 0.06 -1.75 0.38 -2.76 -1.07 2.58 1.24 -0.05 -1.13 -1.96 -3.61 -134.9 20.38 
FixedParDiff =  0.2046814 
likDiff =  0.004410071 
sigma: 0.98 0.08 -0.37 -0.31 2.01 
loglike: -5896.913 
########################################## 
[1] "estimate random effects --- done."
[1] "estimate fixed parameters --- done."
[1] "estimate dispersion parameters --- done."
############## Iteration: 5 ############### 
fixed.par: 2.15 1 -0.31 1.39 0.06 -1.74 0.38 -2.74 -1.01 2.44 1.24 -0.05 -2.5 -4.61 -8.46 -295.9 44.81 
FixedParDiff =  0.3840305 
likDiff =  0.009269371 
sigma: 0.98 0.05 -0.31 -0.36 2 
loglike: -5842.252 
########################################## 
[1] "estimate random effects --- done."
Error in estFixeff(RespLog, fixed = Jfixed, str_val = fixedest0, Dpars = Jraneff,  : 
  Iteration stops because fixed parameters can not be successfully estimated.

### [bt]: Job terminated with an exception [batchtools job.id=263]
### [bt]: Calculation finished!
