### [bt]: This is batchtools v0.9.15
### [bt]: Starting calculation of 1 jobs
### [bt]: Setting working directory to '/data/home/mengwang/21-summer-project/src'
### [bt]: Memory measurement disabled
### [bt]: Starting job [batchtools job.id=1]
### [bt]: Generating problem instance for problem 'generate_data' ...
### [bt]: Applying algorithm 'fit_JMest' on problem 'generate_data' for job 1 (seed = 21071025) ...
[1] "get initial values for LME & GLM models --- done."
[1] "get initial values for GLME model --- done."
[1] "get initial values for survival models --- done."
[1] "estimate random effects --- done."
[1] "estimate fixed parameters --- done."
[1] "estimate dispersion parameters --- done."
############## Iteration: 1 ############### 
fixed.par: 2.63 0.67 -0.17 1.07 0.06 -1.68 0.32 -2.74 -1.22 2.89 1.18 -0.05 -0.52 -0.33 -1.05 -58.09 8.73 
FixedParDiff =  0.3071509 
likDiff =  1 
sigma: 0.95 0.09 -0.46 -0.29 2 
loglike: -5983.811 
########################################## 
[1] "estimate random effects --- done."
[1] "estimate fixed parameters --- done."
[1] "estimate dispersion parameters --- done."
############## Iteration: 2 ############### 
fixed.par: 2.2 0.96 -0.3 1.36 0.06 -1.72 0.34 -2.78 -1.15 2.74 1.22 -0.05 -0.61 -0.59 -1.45 -71.05 10.69 
FixedParDiff =  0.2214412 
likDiff =  0.007549173 
sigma: 0.97 0.1 -0.46 -0.29 2 
loglike: -5938.639 
########################################## 
[1] "estimate random effects --- done."
[1] "estimate fixed parameters --- done."
[1] "estimate dispersion parameters --- done."
############## Iteration: 3 ############### 
fixed.par: 2.15 0.99 -0.31 1.39 0.06 -1.74 0.36 -2.77 -1.1 2.65 1.23 -0.05 -0.77 -1.05 -2.14 -91.47 13.79 
FixedParDiff =  0.1419767 
likDiff =  0.002693144 
sigma: 0.98 0.1 -0.42 -0.28 2.01 
loglike: -5922.645 
########################################## 
[1] "estimate random effects --- done."
[1] "estimate fixed parameters --- done."
[1] "estimate dispersion parameters --- done."
############## Iteration: 4 ############### 
fixed.par: 2.15 1 -0.32 1.39 0.06 -1.76 0.38 -2.76 -1.06 2.56 1.24 -0.05 -1.17 -2 -3.71 -139.31 21.04 
FixedParDiff =  0.2028863 
likDiff =  0.004517332 
sigma: 0.98 0.08 -0.37 -0.31 2.01 
loglike: -5895.89 
########################################## 
[1] "estimate random effects --- done."
[1] "estimate fixed parameters --- done."
[1] "estimate dispersion parameters --- done."
############## Iteration: 5 ############### 
fixed.par: 2.15 1 -0.31 1.39 0.07 -1.74 0.37 -2.75 -1 2.42 1.24 -0.05 -2.26 -4.14 -7.65 -267.18 40.47 
FixedParDiff =  0.3030921 
likDiff =  0.009118263 
sigma: 0.98 0.05 -0.31 -0.36 2 
loglike: -5842.13 
########################################## 
[1] "estimate random effects --- done."
Error in estFixeff(RespLog, fixed = Jfixed, str_val = fixedest0, Dpars = Jraneff,  : 
  Iteration stops because fixed parameters can not be successfully estimated.

### [bt]: Job terminated with an exception [batchtools job.id=1]
### [bt]: Calculation finished!
