### [bt]: This is batchtools v0.9.15
### [bt]: Starting calculation of 1 jobs
### [bt]: Setting working directory to '/data/home/mengwang/21-summer-project/src'
### [bt]: Memory measurement disabled
### [bt]: Starting job [batchtools job.id=153]
### [bt]: Generating problem instance for problem 'generate_data' ...
### [bt]: Applying algorithm 'fit_JMest' on problem 'generate_data' for job 153 (seed = 21071177) ...
[1] "get initial values for LME & GLM models --- done."
[1] "get initial values for GLME model --- done."
[1] "get initial values for survival models --- done."
[1] "estimate random effects --- done."
[1] "estimate fixed parameters --- done."
[1] "estimate dispersion parameters --- done."
############## Iteration: 1 ############### 
fixed.par: 2.63 0.67 -0.17 1.07 0.07 -1.7 0.34 -2.74 -1.22 2.89 1.19 -0.05 -0.52 -0.33 -1.05 -57.89 8.7 
FixedParDiff =  0.2983166 
likDiff =  1 
sigma: 0.95 0.09 -0.46 -0.29 2 
loglike: -5983.784 
########################################## 
[1] "estimate random effects --- done."
[1] "estimate fixed parameters --- done."
[1] "estimate dispersion parameters --- done."
############## Iteration: 2 ############### 
fixed.par: 2.2 0.96 -0.3 1.36 0.06 -1.72 0.34 -2.78 -1.15 2.74 1.22 -0.05 -0.61 -0.58 -1.44 -70.37 10.59 
FixedParDiff =  0.2215099 
likDiff =  0.00753567 
sigma: 0.97 0.1 -0.46 -0.29 2 
loglike: -5938.692 
########################################## 
[1] "estimate random effects --- done."
[1] "estimate fixed parameters --- done."
[1] "estimate dispersion parameters --- done."
############## Iteration: 3 ############### 
fixed.par: 2.15 0.99 -0.31 1.39 0.06 -1.75 0.36 -2.77 -1.11 2.65 1.23 -0.05 -0.76 -1.04 -2.11 -90.11 13.58 
FixedParDiff =  0.1414128 
likDiff =  0.002666658 
sigma: 0.98 0.1 -0.42 -0.29 2.01 
loglike: -5922.855 
########################################## 
[1] "estimate random effects --- done."
[1] "estimate fixed parameters --- done."
[1] "estimate dispersion parameters --- done."
############## Iteration: 4 ############### 
fixed.par: 2.14 1 -0.32 1.39 0.06 -1.75 0.38 -2.76 -1.06 2.57 1.24 -0.05 -1.11 -1.92 -3.55 -132.59 20.03 
FixedParDiff =  0.1849847 
likDiff =  0.004464984 
sigma: 0.98 0.08 -0.37 -0.31 2.01 
loglike: -5896.41 
########################################## 
[1] "estimate random effects --- done."
[1] "estimate fixed parameters --- done."
[1] "estimate dispersion parameters --- done."
############## Iteration: 5 ############### 
fixed.par: 2.15 1 -0.32 1.39 0.06 -1.73 0.37 -2.75 -1.01 2.45 1.24 -0.05 -2.53 -4.66 -8.54 -298.96 45.27 
FixedParDiff =  0.4026869 
likDiff =  0.009048421 
sigma: 0.98 0.05 -0.31 -0.36 2 
loglike: -5843.057 
########################################## 
[1] "estimate random effects --- done."
Error in estFixeff(RespLog, fixed = Jfixed, str_val = fixedest0, Dpars = Jraneff,  : 
  Iteration stops because fixed parameters can not be successfully estimated.

### [bt]: Job terminated with an exception [batchtools job.id=153]
### [bt]: Calculation finished!
