### [bt]: This is batchtools v0.9.15
### [bt]: Starting calculation of 1 jobs
### [bt]: Setting working directory to '/data/home/mengwang/21-summer-project/src'
### [bt]: Memory measurement disabled
### [bt]: Starting job [batchtools job.id=212]
### [bt]: Generating problem instance for problem 'generate_data' ...
### [bt]: Applying algorithm 'fit_JMest' on problem 'generate_data' for job 212 (seed = 21071236) ...
[1] "get initial values for LME & GLM models --- done."
[1] "get initial values for GLME model --- done."
[1] "get initial values for survival models --- done."
[1] "estimate random effects --- done."
[1] "estimate fixed parameters --- done."
[1] "estimate dispersion parameters --- done."
############## Iteration: 1 ############### 
fixed.par: 2.63 0.67 -0.17 1.07 0.07 -1.72 0.35 -2.74 -1.22 2.89 1.18 -0.05 -0.52 -0.33 -1.06 -58.25 8.75 
FixedParDiff =  0.2968833 
likDiff =  1 
sigma: 0.95 0.09 -0.46 -0.29 2 
loglike: -5983.815 
########################################## 
[1] "estimate random effects --- done."
[1] "estimate fixed parameters --- done."
[1] "estimate dispersion parameters --- done."
############## Iteration: 2 ############### 
fixed.par: 2.2 0.96 -0.3 1.36 0.06 -1.73 0.34 -2.78 -1.15 2.74 1.22 -0.05 -0.62 -0.6 -1.47 -71.87 10.82 
FixedParDiff =  0.2285647 
likDiff =  0.007550582 
sigma: 0.97 0.1 -0.46 -0.29 2 
loglike: -5938.634 
########################################## 
[1] "estimate random effects --- done."
[1] "estimate fixed parameters --- done."
[1] "estimate dispersion parameters --- done."
############## Iteration: 3 ############### 
fixed.par: 2.15 1 -0.31 1.39 0.06 -1.74 0.36 -2.77 -1.1 2.64 1.23 -0.05 -0.76 -1.05 -2.13 -90.82 13.69 
FixedParDiff =  0.1323415 
likDiff =  0.00274307 
sigma: 0.98 0.1 -0.42 -0.28 2.01 
loglike: -5922.344 
########################################## 
[1] "estimate random effects --- done."
[1] "estimate fixed parameters --- done."
[1] "estimate dispersion parameters --- done."
############## Iteration: 4 ############### 
fixed.par: 2.15 1 -0.32 1.39 0.06 -1.75 0.38 -2.76 -1.06 2.56 1.24 -0.05 -1.22 -2.09 -3.86 -145.96 22.05 
FixedParDiff =  0.2253042 
likDiff =  0.004448171 
sigma: 0.98 0.08 -0.37 -0.31 2.01 
loglike: -5896 
########################################## 
[1] "estimate random effects --- done."
[1] "estimate fixed parameters --- done."
[1] "estimate dispersion parameters --- done."
############## Iteration: 5 ############### 
fixed.par: 2.15 1 -0.31 1.39 0.06 -1.73 0.36 -2.75 -0.99 2.4 1.23 -0.05 -2.61 -4.69 -8.72 -307.49 46.58 
FixedParDiff =  0.3615193 
likDiff =  0.009916005 
sigma: 0.98 0.05 -0.31 -0.37 2 
loglike: -5837.536 
########################################## 
[1] "estimate random effects --- done."
Warning in log(det(H/2/pi)) : NaNs produced
Error in estFixeff(RespLog, fixed = Jfixed, str_val = fixedest0, Dpars = Jraneff,  : 
  Iteration stops because fixed parameters can not be successfully estimated.

### [bt]: Job terminated with an exception [batchtools job.id=212]
### [bt]: Calculation finished!
