### [bt]: This is batchtools v0.9.15
### [bt]: Starting calculation of 1 jobs
### [bt]: Setting working directory to '/data/home/mengwang/21-summer-project/src'
### [bt]: Memory measurement disabled
### [bt]: Starting job [batchtools job.id=22]
### [bt]: Generating problem instance for problem 'generate_data' ...
### [bt]: Applying algorithm 'fit_JMest' on problem 'generate_data' for job 22 (seed = 21071046) ...
[1] "get initial values for LME & GLM models --- done."
[1] "get initial values for GLME model --- done."
[1] "get initial values for survival models --- done."
[1] "estimate random effects --- done."
[1] "estimate fixed parameters --- done."
[1] "estimate dispersion parameters --- done."
############## Iteration: 1 ############### 
fixed.par: 2.63 0.67 -0.17 1.07 0.07 -1.7 0.34 -2.73 -1.21 2.89 1.17 -0.05 -0.53 -0.33 -1.06 -58.74 8.83 
FixedParDiff =  0.305508 
likDiff =  1 
sigma: 0.95 0.09 -0.46 -0.29 2 
loglike: -5983.85 
########################################## 
[1] "estimate random effects --- done."
[1] "estimate fixed parameters --- done."
[1] "estimate dispersion parameters --- done."
############## Iteration: 2 ############### 
fixed.par: 2.2 0.96 -0.3 1.36 0.06 -1.73 0.34 -2.78 -1.15 2.73 1.22 -0.05 -0.61 -0.59 -1.45 -70.48 10.61 
FixedParDiff =  0.2170576 
likDiff =  0.007594102 
sigma: 0.97 0.1 -0.46 -0.29 2 
loglike: -5938.408 
########################################## 
[1] "estimate random effects --- done."
[1] "estimate fixed parameters --- done."
[1] "estimate dispersion parameters --- done."
############## Iteration: 3 ############### 
fixed.par: 2.15 1 -0.31 1.39 0.06 -1.75 0.36 -2.77 -1.1 2.65 1.23 -0.05 -0.76 -1.04 -2.11 -90.05 13.57 
FixedParDiff =  0.1371718 
likDiff =  0.002654176 
sigma: 0.98 0.1 -0.42 -0.28 2.01 
loglike: -5922.646 
########################################## 
[1] "estimate random effects --- done."
[1] "estimate fixed parameters --- done."
[1] "estimate dispersion parameters --- done."
############## Iteration: 4 ############### 
fixed.par: 2.15 1 -0.31 1.39 0.06 -1.74 0.37 -2.76 -1.06 2.57 1.24 -0.05 -1.12 -1.94 -3.58 -133.94 20.23 
FixedParDiff =  0.1854033 
likDiff =  0.004456879 
sigma: 0.98 0.08 -0.37 -0.31 2.01 
loglike: -5896.25 
########################################## 
[1] "estimate random effects --- done."
[1] "estimate fixed parameters --- done."
[1] "estimate dispersion parameters --- done."
############## Iteration: 5 ############### 
fixed.par: 2.15 1 -0.31 1.39 0.06 -1.73 0.37 -2.75 -1.01 2.44 1.24 -0.05 -2.27 -4.2 -7.69 -268.09 40.6 
FixedParDiff =  0.3274768 
likDiff =  0.008946939 
sigma: 0.98 0.05 -0.31 -0.36 2 
loglike: -5843.496 
########################################## 
[1] "estimate random effects --- done."
Error in estFixeff(RespLog, fixed = Jfixed, str_val = fixedest0, Dpars = Jraneff,  : 
  Iteration stops because fixed parameters can not be successfully estimated.

### [bt]: Job terminated with an exception [batchtools job.id=22]
### [bt]: Calculation finished!
