### [bt]: This is batchtools v0.9.15
### [bt]: Starting calculation of 1 jobs
### [bt]: Setting working directory to '/data/home/mengwang/21-summer-project/src'
### [bt]: Memory measurement disabled
### [bt]: Starting job [batchtools job.id=112]
### [bt]: Generating problem instance for problem 'generate_data' ...
### [bt]: Applying algorithm 'fit_JMest' on problem 'generate_data' for job 112 (seed = 21071136) ...
[1] "get initial values for LME & GLM models --- done."
[1] "get initial values for GLME model --- done."
[1] "get initial values for survival models --- done."
[1] "estimate random effects --- done."
[1] "estimate fixed parameters --- done."
[1] "estimate dispersion parameters --- done."
############## Iteration: 1 ############### 
fixed.par: 2.63 0.67 -0.17 1.07 0.07 -1.69 0.33 -2.73 -1.21 2.89 1.17 -0.05 -0.52 -0.33 -1.05 -58.03 8.72 
FixedParDiff =  0.3024488 
likDiff =  1 
sigma: 0.95 0.09 -0.46 -0.29 2 
loglike: -5983.826 
########################################## 
[1] "estimate random effects --- done."
[1] "estimate fixed parameters --- done."
[1] "estimate dispersion parameters --- done."
############## Iteration: 2 ############### 
fixed.par: 2.2 0.96 -0.3 1.36 0.06 -1.74 0.35 -2.78 -1.15 2.74 1.22 -0.05 -0.61 -0.59 -1.45 -70.93 10.68 
FixedParDiff =  0.2231258 
likDiff =  0.007547817 
sigma: 0.97 0.1 -0.46 -0.29 2 
loglike: -5938.661 
########################################## 
[1] "estimate random effects --- done."
[1] "estimate fixed parameters --- done."
[1] "estimate dispersion parameters --- done."
############## Iteration: 3 ############### 
fixed.par: 2.15 1 -0.31 1.39 0.06 -1.76 0.37 -2.77 -1.1 2.65 1.24 -0.05 -0.75 -1.03 -2.09 -89.1 13.43 
FixedParDiff =  0.1338211 
likDiff =  0.002690687 
sigma: 0.98 0.1 -0.42 -0.29 2.01 
loglike: -5922.682 
########################################## 
[1] "estimate random effects --- done."
[1] "estimate fixed parameters --- done."
[1] "estimate dispersion parameters --- done."
############## Iteration: 4 ############### 
fixed.par: 2.15 1 -0.32 1.39 0.06 -1.73 0.36 -2.76 -1.07 2.57 1.24 -0.05 -1.13 -1.96 -3.61 -135.17 20.42 
FixedParDiff =  0.198695 
likDiff =  0.00440804 
sigma: 0.98 0.08 -0.37 -0.31 2.01 
loglike: -5896.575 
########################################## 
[1] "estimate random effects --- done."
[1] "estimate fixed parameters --- done."
[1] "estimate dispersion parameters --- done."
############## Iteration: 5 ############### 
fixed.par: 2.15 1 -0.31 1.39 0.06 -1.73 0.36 -2.75 -1.01 2.44 1.24 -0.05 -2.63 -4.82 -8.85 -310.77 47.06 
FixedParDiff =  0.4194943 
likDiff =  0.00927762 
sigma: 0.98 0.05 -0.31 -0.36 2 
loglike: -5841.869 
########################################## 
[1] "estimate random effects --- done."
Error in estFixeff(RespLog, fixed = Jfixed, str_val = fixedest0, Dpars = Jraneff,  : 
  Iteration stops because fixed parameters can not be successfully estimated.

### [bt]: Job terminated with an exception [batchtools job.id=112]
### [bt]: Calculation finished!
