### [bt]: This is batchtools v0.9.15
### [bt]: Starting calculation of 1 jobs
### [bt]: Setting working directory to '/data/home/mengwang/21-summer-project/src'
### [bt]: Memory measurement disabled
### [bt]: Starting job [batchtools job.id=194]
### [bt]: Generating problem instance for problem 'generate_data' ...
### [bt]: Applying algorithm 'fit_JMest' on problem 'generate_data' for job 194 (seed = 21071218) ...
[1] "get initial values for LME & GLM models --- done."
[1] "get initial values for GLME model --- done."
[1] "get initial values for survival models --- done."
[1] "estimate random effects --- done."
[1] "estimate fixed parameters --- done."
[1] "estimate dispersion parameters --- done."
############## Iteration: 1 ############### 
fixed.par: 2.63 0.67 -0.17 1.07 0.07 -1.72 0.35 -2.73 -1.21 2.89 1.17 -0.05 -0.53 -0.33 -1.06 -58.56 8.8 
FixedParDiff =  0.300065 
likDiff =  1 
sigma: 0.95 0.09 -0.46 -0.29 2 
loglike: -5983.823 
########################################## 
[1] "estimate random effects --- done."
[1] "estimate fixed parameters --- done."
[1] "estimate dispersion parameters --- done."
############## Iteration: 2 ############### 
fixed.par: 2.2 0.96 -0.3 1.36 0.06 -1.74 0.35 -2.78 -1.15 2.73 1.22 -0.05 -0.6 -0.58 -1.43 -69.66 10.49 
FixedParDiff =  0.2130562 
likDiff =  0.007581353 
sigma: 0.97 0.1 -0.46 -0.29 2 
loglike: -5938.458 
########################################## 
[1] "estimate random effects --- done."
[1] "estimate fixed parameters --- done."
[1] "estimate dispersion parameters --- done."
############## Iteration: 3 ############### 
fixed.par: 2.15 0.99 -0.31 1.39 0.06 -1.74 0.36 -2.77 -1.11 2.66 1.24 -0.05 -0.75 -1.03 -2.09 -89.27 13.46 
FixedParDiff =  0.136746 
likDiff =  0.002616073 
sigma: 0.98 0.1 -0.42 -0.29 2.01 
loglike: -5922.922 
########################################## 
[1] "estimate random effects --- done."
[1] "estimate fixed parameters --- done."
[1] "estimate dispersion parameters --- done."
############## Iteration: 4 ############### 
fixed.par: 2.15 1 -0.32 1.39 0.06 -1.76 0.38 -2.76 -1.07 2.58 1.25 -0.05 -1.13 -1.95 -3.6 -134.81 20.36 
FixedParDiff =  0.1986601 
likDiff =  0.004451034 
sigma: 0.98 0.08 -0.37 -0.31 2.01 
loglike: -5896.559 
########################################## 
[1] "estimate random effects --- done."
[1] "estimate fixed parameters --- done."
[1] "estimate dispersion parameters --- done."
############## Iteration: 5 ############### 
fixed.par: 2.15 1 -0.32 1.39 0.07 -1.74 0.38 -2.75 -1.01 2.44 1.24 -0.05 -2.96 -5.4 -9.91 -349.73 52.96 
FixedParDiff =  0.5041141 
likDiff =  0.009104941 
sigma: 0.98 0.05 -0.31 -0.36 2 
loglike: -5842.872 
########################################## 
[1] "estimate random effects --- done."
Error in estFixeff(RespLog, fixed = Jfixed, str_val = fixedest0, Dpars = Jraneff,  : 
  Iteration stops because fixed parameters can not be successfully estimated.

### [bt]: Job terminated with an exception [batchtools job.id=194]
### [bt]: Calculation finished!
