### [bt]: This is batchtools v0.9.15
### [bt]: Starting calculation of 1 jobs
### [bt]: Setting working directory to '/data/home/mengwang/21-summer-project/src'
### [bt]: Memory measurement disabled
### [bt]: Starting job [batchtools job.id=7]
### [bt]: Generating problem instance for problem 'generate_data' ...
### [bt]: Applying algorithm 'fit_JMest' on problem 'generate_data' for job 7 (seed = 21071031) ...
[1] "get initial values for LME & GLM models --- done."
[1] "get initial values for GLME model --- done."
[1] "get initial values for survival models --- done."
[1] "estimate random effects --- done."
[1] "estimate fixed parameters --- done."
[1] "estimate dispersion parameters --- done."
############## Iteration: 1 ############### 
fixed.par: 2.63 0.67 -0.17 1.07 0.07 -1.69 0.33 -2.74 -1.21 2.89 1.16 -0.05 -0.52 -0.33 -1.05 -57.89 8.7 
FixedParDiff =  0.3014604 
likDiff =  1 
sigma: 0.95 0.09 -0.46 -0.29 2 
loglike: -5983.801 
########################################## 
[1] "estimate random effects --- done."
Warning in log(det(H/2/pi)) : NaNs produced
[1] "estimate fixed parameters --- done."
[1] "estimate dispersion parameters --- done."
############## Iteration: 2 ############### 
fixed.par: 2.2 0.96 -0.3 1.35 0.06 -1.72 0.33 -2.78 -1.15 2.74 1.22 -0.05 -0.6 -0.58 -1.43 -69.67 10.49 
FixedParDiff =  0.217673 
likDiff =  0.007534882 
sigma: 0.97 0.1 -0.46 -0.29 2 
loglike: -5938.714 
########################################## 
[1] "estimate random effects --- done."
[1] "estimate fixed parameters --- done."
[1] "estimate dispersion parameters --- done."
############## Iteration: 3 ############### 
fixed.par: 2.15 1 -0.31 1.39 0.06 -1.76 0.37 -2.77 -1.11 2.66 1.23 -0.05 -0.73 -1.01 -2.04 -86.73 13.07 
FixedParDiff =  0.1358622 
likDiff =  0.002631298 
sigma: 0.98 0.1 -0.42 -0.29 2.01 
loglike: -5923.087 
########################################## 
[1] "estimate random effects --- done."
[1] "estimate fixed parameters --- done."
[1] "estimate dispersion parameters --- done."
############## Iteration: 4 ############### 
fixed.par: 2.15 1 -0.32 1.39 0.06 -1.75 0.37 -2.76 -1.07 2.59 1.24 -0.05 -1.11 -1.92 -3.53 -131.88 19.92 
FixedParDiff =  0.1950728 
likDiff =  0.004332926 
sigma: 0.98 0.08 -0.38 -0.31 2.01 
loglike: -5897.423 
########################################## 
[1] "estimate random effects --- done."
[1] "estimate fixed parameters --- done."
[1] "estimate dispersion parameters --- done."
############## Iteration: 5 ############### 
fixed.par: 2.15 1 -0.32 1.39 0.06 -1.74 0.37 -2.75 -1.01 2.46 1.24 -0.05 -2.48 -4.59 -8.38 -292.29 44.26 
FixedParDiff =  0.3915941 
likDiff =  0.00913852 
sigma: 0.98 0.05 -0.31 -0.36 2 
loglike: -5843.529 
########################################## 
[1] "estimate random effects --- done."
Warning in log(det(H/2/pi)) : NaNs produced
Error in estFixeff(RespLog, fixed = Jfixed, str_val = fixedest0, Dpars = Jraneff,  : 
  Iteration stops because fixed parameters can not be successfully estimated.

### [bt]: Job terminated with an exception [batchtools job.id=7]
### [bt]: Calculation finished!
