### [bt]: This is batchtools v0.9.15
### [bt]: Starting calculation of 1 jobs
### [bt]: Setting working directory to '/data/home/mengwang/21-summer-project/src'
### [bt]: Memory measurement disabled
### [bt]: Starting job [batchtools job.id=136]
### [bt]: Generating problem instance for problem 'generate_data' ...
### [bt]: Applying algorithm 'fit_JMest' on problem 'generate_data' for job 136 (seed = 21071160) ...
[1] "get initial values for LME & GLM models --- done."
[1] "get initial values for GLME model --- done."
[1] "get initial values for survival models --- done."
[1] "estimate random effects --- done."
[1] "estimate fixed parameters --- done."
[1] "estimate dispersion parameters --- done."
############## Iteration: 1 ############### 
fixed.par: 2.63 0.67 -0.17 1.07 0.06 -1.67 0.32 -2.74 -1.21 2.89 1.17 -0.05 -0.52 -0.33 -1.05 -58.25 8.75 
FixedParDiff =  0.3095386 
likDiff =  1 
sigma: 0.95 0.09 -0.46 -0.29 2 
loglike: -5983.826 
########################################## 
[1] "estimate random effects --- done."
[1] "estimate fixed parameters --- done."
[1] "estimate dispersion parameters --- done."
############## Iteration: 2 ############### 
fixed.par: 2.2 0.96 -0.3 1.36 0.06 -1.73 0.34 -2.78 -1.15 2.74 1.22 -0.05 -0.6 -0.58 -1.43 -69.48 10.46 
FixedParDiff =  0.2145701 
likDiff =  0.007560585 
sigma: 0.97 0.1 -0.46 -0.29 2 
loglike: -5938.585 
########################################## 
[1] "estimate random effects --- done."
[1] "estimate fixed parameters --- done."
[1] "estimate dispersion parameters --- done."
############## Iteration: 3 ############### 
fixed.par: 2.15 1 -0.31 1.39 0.06 -1.75 0.37 -2.77 -1.11 2.66 1.24 -0.05 -0.73 -1 -2.03 -86.35 13.02 
FixedParDiff =  0.1332572 
likDiff =  0.002608717 
sigma: 0.98 0.1 -0.42 -0.29 2.01 
loglike: -5923.092 
########################################## 
[1] "estimate random effects --- done."
[1] "estimate fixed parameters --- done."
[1] "estimate dispersion parameters --- done."
############## Iteration: 4 ############### 
fixed.par: 2.14 1 -0.32 1.39 0.06 -1.75 0.37 -2.76 -1.07 2.59 1.24 -0.05 -1.07 -1.88 -3.44 -128.11 19.35 
FixedParDiff =  0.1847545 
likDiff =  0.004306151 
sigma: 0.98 0.08 -0.38 -0.31 2.01 
loglike: -5897.587 
########################################## 
[1] "estimate random effects --- done."
[1] "estimate fixed parameters --- done."
[1] "estimate dispersion parameters --- done."
############## Iteration: 5 ############### 
fixed.par: 2.15 1 -0.31 1.39 0.07 -1.75 0.38 -2.75 -1.02 2.47 1.24 -0.05 -2.29 -4.3 -7.79 -270.14 40.91 
FixedParDiff =  0.3618939 
likDiff =  0.008834593 
sigma: 0.98 0.05 -0.31 -0.36 2 
loglike: -5845.484 
########################################## 
[1] "estimate random effects --- done."
Error in estFixeff(RespLog, fixed = Jfixed, str_val = fixedest0, Dpars = Jraneff,  : 
  Iteration stops because fixed parameters can not be successfully estimated.

### [bt]: Job terminated with an exception [batchtools job.id=136]
### [bt]: Calculation finished!
