### [bt]: This is batchtools v0.9.15
### [bt]: Starting calculation of 1 jobs
### [bt]: Setting working directory to '/data/home/mengwang/21-summer-project/src'
### [bt]: Memory measurement disabled
### [bt]: Starting job [batchtools job.id=82]
### [bt]: Generating problem instance for problem 'generate_data' ...
### [bt]: Applying algorithm 'fit_JMest' on problem 'generate_data' for job 82 (seed = 21071106) ...
[1] "get initial values for LME & GLM models --- done."
[1] "get initial values for GLME model --- done."
[1] "get initial values for survival models --- done."
[1] "estimate random effects --- done."
[1] "estimate fixed parameters --- done."
[1] "estimate dispersion parameters --- done."
############## Iteration: 1 ############### 
fixed.par: 2.63 0.67 -0.17 1.07 0.07 -1.69 0.33 -2.73 -1.21 2.89 1.17 -0.05 -0.51 -0.32 -1.04 -57.15 8.59 
FixedParDiff =  0.2959808 
likDiff =  1 
sigma: 0.95 0.09 -0.46 -0.29 2 
loglike: -5983.838 
########################################## 
[1] "estimate random effects --- done."
[1] "estimate fixed parameters --- done."
[1] "estimate dispersion parameters --- done."
############## Iteration: 2 ############### 
fixed.par: 2.2 0.96 -0.3 1.36 0.06 -1.73 0.34 -2.78 -1.15 2.75 1.22 -0.05 -0.6 -0.57 -1.42 -69.28 10.43 
FixedParDiff =  0.2182489 
likDiff =  0.007503726 
sigma: 0.97 0.1 -0.46 -0.29 2 
loglike: -5938.936 
########################################## 
[1] "estimate random effects --- done."
[1] "estimate fixed parameters --- done."
[1] "estimate dispersion parameters --- done."
############## Iteration: 3 ############### 
fixed.par: 2.15 1 -0.31 1.39 0.06 -1.74 0.36 -2.77 -1.11 2.66 1.22 -0.05 -0.73 -1.01 -2.04 -87.04 13.12 
FixedParDiff =  0.131613 
likDiff =  0.002636579 
sigma: 0.98 0.1 -0.42 -0.29 2.01 
loglike: -5923.278 
########################################## 
[1] "estimate random effects --- done."
[1] "estimate fixed parameters --- done."
[1] "estimate dispersion parameters --- done."
############## Iteration: 4 ############### 
fixed.par: 2.14 1 -0.32 1.39 0.06 -1.74 0.37 -2.76 -1.07 2.59 1.24 -0.05 -1.11 -1.93 -3.56 -132.82 20.06 
FixedParDiff =  0.1990063 
likDiff =  0.004360973 
sigma: 0.98 0.08 -0.37 -0.31 2.01 
loglike: -5897.447 
########################################## 
[1] "estimate random effects --- done."
[1] "estimate fixed parameters --- done."
[1] "estimate dispersion parameters --- done."
############## Iteration: 5 ############### 
fixed.par: 2.15 1 -0.31 1.39 0.06 -1.72 0.36 -2.75 -1.01 2.45 1.24 -0.05 -2.53 -4.68 -8.56 -298.55 45.21 
FixedParDiff =  0.4013331 
likDiff =  0.009196278 
sigma: 0.98 0.05 -0.31 -0.36 2 
loglike: -5843.212 
########################################## 
[1] "estimate random effects --- done."
Error in estFixeff(RespLog, fixed = Jfixed, str_val = fixedest0, Dpars = Jraneff,  : 
  Iteration stops because fixed parameters can not be successfully estimated.

### [bt]: Job terminated with an exception [batchtools job.id=82]
### [bt]: Calculation finished!
