### [bt]: This is batchtools v0.9.15
### [bt]: Starting calculation of 1 jobs
### [bt]: Setting working directory to '/data/home/mengwang/21-summer-project/src'
### [bt]: Memory measurement disabled
### [bt]: Starting job [batchtools job.id=189]
### [bt]: Generating problem instance for problem 'generate_data' ...
### [bt]: Applying algorithm 'fit_JMest' on problem 'generate_data' for job 189 (seed = 21071213) ...
[1] "get initial values for LME & GLM models --- done."
[1] "get initial values for GLME model --- done."
[1] "get initial values for survival models --- done."
[1] "estimate random effects --- done."
[1] "estimate fixed parameters --- done."
[1] "estimate dispersion parameters --- done."
############## Iteration: 1 ############### 
fixed.par: 2.63 0.67 -0.17 1.07 0.07 -1.68 0.32 -2.74 -1.21 2.89 1.17 -0.05 -0.52 -0.33 -1.05 -57.97 8.71 
FixedParDiff =  0.3048078 
likDiff =  1 
sigma: 0.95 0.09 -0.46 -0.29 2 
loglike: -5983.814 
########################################## 
[1] "estimate random effects --- done."
[1] "estimate fixed parameters --- done."
[1] "estimate dispersion parameters --- done."
############## Iteration: 2 ############### 
fixed.par: 2.2 0.96 -0.3 1.36 0.06 -1.75 0.35 -2.77 -1.15 2.74 1.22 -0.05 -0.6 -0.58 -1.43 -69.85 10.51 
FixedParDiff =  0.2194573 
likDiff =  0.007543928 
sigma: 0.97 0.1 -0.46 -0.29 2 
loglike: -5938.673 
########################################## 
[1] "estimate random effects --- done."
[1] "estimate fixed parameters --- done."
[1] "estimate dispersion parameters --- done."
############## Iteration: 3 ############### 
fixed.par: 2.15 0.99 -0.31 1.39 0.06 -1.74 0.36 -2.77 -1.11 2.66 1.24 -0.05 -0.72 -1 -2.03 -85.72 12.92 
FixedParDiff =  0.1209475 
likDiff =  0.002634426 
sigma: 0.98 0.1 -0.42 -0.29 2.01 
loglike: -5923.028 
########################################## 
[1] "estimate random effects --- done."
[1] "estimate fixed parameters --- done."
[1] "estimate dispersion parameters --- done."
############## Iteration: 4 ############### 
fixed.par: 2.15 1 -0.32 1.39 0.06 -1.74 0.37 -2.76 -1.08 2.6 1.24 -0.05 -1.08 -1.9 -3.48 -129.38 19.54 
FixedParDiff =  0.194016 
likDiff =  0.004293226 
sigma: 0.98 0.08 -0.38 -0.31 2.01 
loglike: -5897.599 
########################################## 
[1] "estimate random effects --- done."
[1] "estimate fixed parameters --- done."
[1] "estimate dispersion parameters --- done."
############## Iteration: 5 ############### 
fixed.par: 2.15 1 -0.31 1.39 0.06 -1.73 0.37 -2.75 -1.02 2.47 1.24 -0.05 -2.45 -4.58 -8.32 -289.17 43.79 
FixedParDiff =  0.3966908 
likDiff =  0.009017556 
sigma: 0.98 0.05 -0.31 -0.36 2 
loglike: -5844.417 
########################################## 
[1] "estimate random effects --- done."
Error in estFixeff(RespLog, fixed = Jfixed, str_val = fixedest0, Dpars = Jraneff,  : 
  Iteration stops because fixed parameters can not be successfully estimated.

### [bt]: Job terminated with an exception [batchtools job.id=189]
### [bt]: Calculation finished!
