### [bt]: This is batchtools v0.9.15
### [bt]: Starting calculation of 1 jobs
### [bt]: Setting working directory to '/data/home/mengwang/21-summer-project/src'
### [bt]: Memory measurement disabled
### [bt]: Starting job [batchtools job.id=30]
### [bt]: Generating problem instance for problem 'generate_data' ...
### [bt]: Applying algorithm 'fit_JMest' on problem 'generate_data' for job 30 (seed = 21071054) ...
[1] "get initial values for LME & GLM models --- done."
[1] "get initial values for GLME model --- done."
[1] "get initial values for survival models --- done."
[1] "estimate random effects --- done."
[1] "estimate fixed parameters --- done."
[1] "estimate dispersion parameters --- done."
############## Iteration: 1 ############### 
fixed.par: 2.63 0.67 -0.17 1.07 0.07 -1.71 0.35 -2.74 -1.21 2.89 1.17 -0.05 -0.52 -0.32 -1.04 -57.42 8.63 
FixedParDiff =  0.2898098 
likDiff =  1 
sigma: 0.95 0.09 -0.46 -0.29 2 
loglike: -5983.81 
########################################## 
[1] "estimate random effects --- done."
[1] "estimate fixed parameters --- done."
[1] "estimate dispersion parameters --- done."
############## Iteration: 2 ############### 
fixed.par: 2.2 0.96 -0.3 1.36 0.06 -1.72 0.33 -2.78 -1.15 2.74 1.22 -0.05 -0.61 -0.58 -1.43 -69.93 10.53 
FixedParDiff =  0.2260469 
likDiff =  0.007514888 
sigma: 0.97 0.1 -0.46 -0.29 2 
loglike: -5938.843 
########################################## 
[1] "estimate random effects --- done."
[1] "estimate fixed parameters --- done."
[1] "estimate dispersion parameters --- done."
############## Iteration: 3 ############### 
fixed.par: 2.15 1 -0.32 1.39 0.06 -1.74 0.36 -2.77 -1.11 2.66 1.23 -0.05 -0.74 -1.02 -2.08 -88.48 13.34 
FixedParDiff =  0.1391171 
likDiff =  0.002662944 
sigma: 0.98 0.1 -0.42 -0.29 2.01 
loglike: -5923.028 
########################################## 
[1] "estimate random effects --- done."
[1] "estimate fixed parameters --- done."
[1] "estimate dispersion parameters --- done."
############## Iteration: 4 ############### 
fixed.par: 2.15 1 -0.31 1.39 0.06 -1.75 0.38 -2.76 -1.07 2.58 1.25 -0.05 -1.12 -1.94 -3.58 -133.92 20.23 
FixedParDiff =  0.1966353 
likDiff =  0.004407616 
sigma: 0.98 0.08 -0.37 -0.31 2.01 
loglike: -5896.922 
########################################## 
[1] "estimate random effects --- done."
[1] "estimate fixed parameters --- done."
[1] "estimate dispersion parameters --- done."
############## Iteration: 5 ############### 
fixed.par: 2.15 1 -0.32 1.39 0.06 -1.73 0.37 -2.75 -1.01 2.44 1.24 -0.05 -2.54 -4.68 -8.58 -300.04 45.44 
FixedParDiff =  0.4013045 
likDiff =  0.00920682 
sigma: 0.98 0.05 -0.31 -0.36 2 
loglike: -5842.63 
########################################## 
[1] "estimate random effects --- done."
Error in estFixeff(RespLog, fixed = Jfixed, str_val = fixedest0, Dpars = Jraneff,  : 
  Iteration stops because fixed parameters can not be successfully estimated.

### [bt]: Job terminated with an exception [batchtools job.id=30]
### [bt]: Calculation finished!
