### [bt]: This is batchtools v0.9.15
### [bt]: Starting calculation of 1 jobs
### [bt]: Setting working directory to '/data/home/mengwang/21-summer-project/src'
### [bt]: Memory measurement disabled
### [bt]: Starting job [batchtools job.id=262]
### [bt]: Generating problem instance for problem 'generate_data' ...
### [bt]: Applying algorithm 'fit_JMest' on problem 'generate_data' for job 262 (seed = 21071286) ...
[1] "get initial values for LME & GLM models --- done."
[1] "get initial values for GLME model --- done."
[1] "get initial values for survival models --- done."
[1] "estimate random effects --- done."
[1] "estimate fixed parameters --- done."
[1] "estimate dispersion parameters --- done."
############## Iteration: 1 ############### 
fixed.par: 2.63 0.67 -0.17 1.07 0.07 -1.71 0.34 -2.73 -1.21 2.89 1.17 -0.05 -0.52 -0.32 -1.05 -57.65 8.67 
FixedParDiff =  0.2965325 
likDiff =  1 
sigma: 0.95 0.09 -0.46 -0.29 2 
loglike: -5983.819 
########################################## 
[1] "estimate random effects --- done."
[1] "estimate fixed parameters --- done."
[1] "estimate dispersion parameters --- done."
############## Iteration: 2 ############### 
fixed.par: 2.21 0.96 -0.3 1.36 0.06 -1.74 0.35 -2.77 -1.16 2.74 1.23 -0.05 -0.59 -0.57 -1.41 -68.41 10.3 
FixedParDiff =  0.2094965 
likDiff =  0.007523704 
sigma: 0.97 0.1 -0.46 -0.29 2 
loglike: -5938.798 
########################################## 
[1] "estimate random effects --- done."
[1] "estimate fixed parameters --- done."
[1] "estimate dispersion parameters --- done."
############## Iteration: 3 ############### 
fixed.par: 2.15 1 -0.31 1.39 0.06 -1.74 0.35 -2.77 -1.11 2.67 1.24 -0.05 -0.73 -1 -2.03 -86.37 13.02 
FixedParDiff =  0.1302695 
likDiff =  0.002584868 
sigma: 0.98 0.1 -0.42 -0.29 2.01 
loglike: -5923.447 
########################################## 
[1] "estimate random effects --- done."
[1] "estimate fixed parameters --- done."
[1] "estimate dispersion parameters --- done."
############## Iteration: 4 ############### 
fixed.par: 2.15 1 -0.31 1.39 0.06 -1.74 0.37 -2.76 -1.08 2.59 1.24 -0.05 -1.13 -1.97 -3.61 -135.18 20.42 
FixedParDiff =  0.2121135 
likDiff =  0.004347814 
sigma: 0.98 0.08 -0.38 -0.31 2.01 
loglike: -5897.693 
########################################## 
[1] "estimate random effects --- done."
[1] "estimate fixed parameters --- done."
[1] "estimate dispersion parameters --- done."
############## Iteration: 5 ############### 
fixed.par: 2.15 1 -0.31 1.39 0.07 -1.74 0.38 -2.75 -1.01 2.44 1.24 -0.05 -2.7 -4.97 -9.11 -319.13 48.33 
FixedParDiff =  0.4380302 
likDiff =  0.009403877 
sigma: 0.98 0.05 -0.31 -0.36 2 
loglike: -5842.232 
########################################## 
[1] "estimate random effects --- done."
Error in estFixeff(RespLog, fixed = Jfixed, str_val = fixedest0, Dpars = Jraneff,  : 
  Iteration stops because fixed parameters can not be successfully estimated.

### [bt]: Job terminated with an exception [batchtools job.id=262]
### [bt]: Calculation finished!
