### [bt]: This is batchtools v0.9.15
### [bt]: Starting calculation of 1 jobs
### [bt]: Setting working directory to '/data/home/mengwang/21-summer-project/src'
### [bt]: Memory measurement disabled
### [bt]: Starting job [batchtools job.id=257]
### [bt]: Generating problem instance for problem 'generate_data' ...
### [bt]: Applying algorithm 'fit_JMest' on problem 'generate_data' for job 257 (seed = 21071281) ...
[1] "get initial values for LME & GLM models --- done."
[1] "get initial values for GLME model --- done."
[1] "get initial values for survival models --- done."
[1] "estimate random effects --- done."
[1] "estimate fixed parameters --- done."
[1] "estimate dispersion parameters --- done."
############## Iteration: 1 ############### 
fixed.par: 2.63 0.67 -0.17 1.07 0.07 -1.69 0.33 -2.74 -1.21 2.89 1.17 -0.05 -0.5 -0.32 -1.03 -56.24 8.45 
FixedParDiff =  0.2899019 
likDiff =  1 
sigma: 0.95 0.09 -0.46 -0.29 2 
loglike: -5983.874 
########################################## 
[1] "estimate random effects --- done."
[1] "estimate fixed parameters --- done."
[1] "estimate dispersion parameters --- done."
############## Iteration: 2 ############### 
fixed.par: 2.2 0.96 -0.3 1.36 0.06 -1.74 0.35 -2.78 -1.16 2.75 1.22 -0.05 -0.58 -0.56 -1.39 -67.6 10.18 
FixedParDiff =  0.21452 
likDiff =  0.007457065 
sigma: 0.97 0.1 -0.46 -0.29 2 
loglike: -5939.252 
########################################## 
[1] "estimate random effects --- done."
[1] "estimate fixed parameters --- done."
[1] "estimate dispersion parameters --- done."
############## Iteration: 3 ############### 
fixed.par: 2.15 1 -0.31 1.39 0.06 -1.75 0.36 -2.77 -1.12 2.68 1.24 -0.05 -0.72 -0.99 -2.01 -85.79 12.93 
FixedParDiff =  0.1336152 
likDiff =  0.002584515 
sigma: 0.98 0.1 -0.42 -0.29 2.01 
loglike: -5923.902 
########################################## 
[1] "estimate random effects --- done."
[1] "estimate fixed parameters --- done."
[1] "estimate dispersion parameters --- done."
############## Iteration: 4 ############### 
fixed.par: 2.15 1 -0.32 1.39 0.06 -1.74 0.37 -2.76 -1.08 2.6 1.25 -0.05 -1.07 -1.87 -3.43 -127.53 19.26 
FixedParDiff =  0.1873024 
likDiff =  0.004351444 
sigma: 0.98 0.08 -0.38 -0.31 2.01 
loglike: -5898.125 
########################################## 
[1] "estimate random effects --- done."
Warning in log(det(H/2/pi)) : NaNs produced
[1] "estimate fixed parameters --- done."
[1] "estimate dispersion parameters --- done."
############## Iteration: 5 ############### 
fixed.par: 2.15 1 -0.31 1.39 0.07 -1.75 0.38 -2.75 -1.02 2.47 1.24 -0.05 -2.47 -4.63 -8.41 -291.72 44.17 
FixedParDiff =  0.4168858 
likDiff =  0.008884712 
sigma: 0.98 0.06 -0.31 -0.36 2 
loglike: -5845.722 
########################################## 
[1] "estimate random effects --- done."
Error in estFixeff(RespLog, fixed = Jfixed, str_val = fixedest0, Dpars = Jraneff,  : 
  Iteration stops because fixed parameters can not be successfully estimated.

### [bt]: Job terminated with an exception [batchtools job.id=257]
### [bt]: Calculation finished!
