### [bt]: This is batchtools v0.9.15
### [bt]: Starting calculation of 1 jobs
### [bt]: Setting working directory to '/data/home/mengwang/21-summer-project/src'
### [bt]: Memory measurement disabled
### [bt]: Starting job [batchtools job.id=90]
### [bt]: Generating problem instance for problem 'generate_data' ...
### [bt]: Applying algorithm 'fit_JMest' on problem 'generate_data' for job 90 (seed = 21071114) ...
[1] "get initial values for LME & GLM models --- done."
[1] "get initial values for GLME model --- done."
[1] "get initial values for survival models --- done."
[1] "estimate random effects --- done."
[1] "estimate fixed parameters --- done."
[1] "estimate dispersion parameters --- done."
############## Iteration: 1 ############### 
fixed.par: 2.63 0.67 -0.17 1.07 0.07 -1.69 0.33 -2.73 -1.21 2.89 1.18 -0.05 -0.53 -0.33 -1.07 -59.09 8.88 
FixedParDiff =  0.3118498 
likDiff =  1 
sigma: 0.95 0.09 -0.46 -0.29 2 
loglike: -5983.854 
########################################## 
[1] "estimate random effects --- done."
[1] "estimate fixed parameters --- done."
[1] "estimate dispersion parameters --- done."
############## Iteration: 2 ############### 
fixed.par: 2.2 0.96 -0.3 1.36 0.06 -1.71 0.33 -2.78 -1.15 2.73 1.22 -0.05 -0.61 -0.59 -1.45 -70.77 10.65 
FixedParDiff =  0.2165791 
likDiff =  0.007608815 
sigma: 0.97 0.1 -0.46 -0.29 2 
loglike: -5938.324 
########################################## 
[1] "estimate random effects --- done."
[1] "estimate fixed parameters --- done."
[1] "estimate dispersion parameters --- done."
############## Iteration: 3 ############### 
fixed.par: 2.15 1 -0.31 1.39 0.06 -1.75 0.37 -2.77 -1.11 2.65 1.24 -0.05 -0.75 -1.03 -2.09 -88.64 13.36 
FixedParDiff =  0.141071 
likDiff =  0.002646724 
sigma: 0.98 0.1 -0.42 -0.28 2.01 
loglike: -5922.606 
########################################## 
[1] "estimate random effects --- done."
[1] "estimate fixed parameters --- done."
[1] "estimate dispersion parameters --- done."
############## Iteration: 4 ############### 
fixed.par: 2.15 1 -0.31 1.39 0.06 -1.74 0.37 -2.76 -1.07 2.58 1.24 -0.05 -1.19 -2.04 -3.75 -141.38 21.35 
FixedParDiff =  0.2156495 
likDiff =  0.004370647 
sigma: 0.98 0.08 -0.37 -0.31 2.01 
loglike: -5896.721 
########################################## 
[1] "estimate random effects --- done."
[1] "estimate fixed parameters --- done."
[1] "estimate dispersion parameters --- done."
############## Iteration: 5 ############### 
fixed.par: 2.15 1 -0.31 1.39 0.07 -1.74 0.37 -2.75 -1 2.42 1.23 -0.05 -2.52 -4.58 -8.45 -296.63 44.93 
FixedParDiff =  0.3599392 
likDiff =  0.009671069 
sigma: 0.98 0.05 -0.31 -0.36 2 
loglike: -5839.693 
########################################## 
[1] "estimate random effects --- done."
Error in estFixeff(RespLog, fixed = Jfixed, str_val = fixedest0, Dpars = Jraneff,  : 
  Iteration stops because fixed parameters can not be successfully estimated.

### [bt]: Job terminated with an exception [batchtools job.id=90]
### [bt]: Calculation finished!
