### [bt]: This is batchtools v0.9.15
### [bt]: Starting calculation of 1 jobs
### [bt]: Setting working directory to '/data/home/mengwang/21-summer-project/src'
### [bt]: Memory measurement disabled
### [bt]: Starting job [batchtools job.id=240]
### [bt]: Generating problem instance for problem 'generate_data' ...
### [bt]: Applying algorithm 'fit_JMest' on problem 'generate_data' for job 240 (seed = 21071264) ...
[1] "get initial values for LME & GLM models --- done."
[1] "get initial values for GLME model --- done."
[1] "get initial values for survival models --- done."
[1] "estimate random effects --- done."
[1] "estimate fixed parameters --- done."
[1] "estimate dispersion parameters --- done."
############## Iteration: 1 ############### 
fixed.par: 2.63 0.67 -0.17 1.07 0.07 -1.72 0.35 -2.74 -1.22 2.89 1.18 -0.05 -0.5 -0.32 -1.03 -56.36 8.47 
FixedParDiff =  0.2831339 
likDiff =  1 
sigma: 0.95 0.09 -0.46 -0.29 2 
loglike: -5983.851 
########################################## 
[1] "estimate random effects --- done."
[1] "estimate fixed parameters --- done."
[1] "estimate dispersion parameters --- done."
############## Iteration: 2 ############### 
fixed.par: 2.2 0.96 -0.3 1.36 0.06 -1.73 0.34 -2.78 -1.16 2.75 1.22 -0.05 -0.6 -0.57 -1.42 -69.34 10.44 
FixedParDiff =  0.2254122 
likDiff =  0.00746376 
sigma: 0.97 0.1 -0.46 -0.29 2 
loglike: -5939.189 
########################################## 
[1] "estimate random effects --- done."
[1] "estimate fixed parameters --- done."
[1] "estimate dispersion parameters --- done."
############## Iteration: 3 ############### 
fixed.par: 2.15 0.99 -0.31 1.39 0.06 -1.73 0.35 -2.77 -1.11 2.66 1.23 -0.05 -0.74 -1.01 -2.05 -87.67 13.21 
FixedParDiff =  0.1321348 
likDiff =  0.002667494 
sigma: 0.98 0.1 -0.42 -0.29 2.01 
loglike: -5923.346 
########################################## 
[1] "estimate random effects --- done."
[1] "estimate fixed parameters --- done."
[1] "estimate dispersion parameters --- done."
############## Iteration: 4 ############### 
fixed.par: 2.15 1 -0.31 1.39 0.06 -1.74 0.37 -2.76 -1.07 2.59 1.24 -0.05 -1.12 -1.94 -3.57 -133.46 20.16 
FixedParDiff =  0.200801 
likDiff =  0.004384957 
sigma: 0.98 0.08 -0.37 -0.31 2.01 
loglike: -5897.373 
########################################## 
[1] "estimate random effects --- done."
[1] "estimate fixed parameters --- done."
[1] "estimate dispersion parameters --- done."
############## Iteration: 5 ############### 
fixed.par: 2.15 1 -0.31 1.39 0.06 -1.74 0.37 -2.75 -1.01 2.45 1.24 -0.05 -2.56 -4.72 -8.64 -302.04 45.74 
FixedParDiff =  0.4077702 
likDiff =  0.009211678 
sigma: 0.98 0.05 -0.31 -0.36 2 
loglike: -5843.048 
########################################## 
[1] "estimate random effects --- done."
Error in estFixeff(RespLog, fixed = Jfixed, str_val = fixedest0, Dpars = Jraneff,  : 
  Iteration stops because fixed parameters can not be successfully estimated.

### [bt]: Job terminated with an exception [batchtools job.id=240]
### [bt]: Calculation finished!
