### [bt]: This is batchtools v0.9.15
### [bt]: Starting calculation of 1 jobs
### [bt]: Setting working directory to '/data/home/mengwang/21-summer-project/src'
### [bt]: Memory measurement disabled
### [bt]: Starting job [batchtools job.id=162]
### [bt]: Generating problem instance for problem 'generate_data' ...
### [bt]: Applying algorithm 'fit_JMest' on problem 'generate_data' for job 162 (seed = 21071186) ...
[1] "get initial values for LME & GLM models --- done."
[1] "get initial values for GLME model --- done."
[1] "get initial values for survival models --- done."
[1] "estimate random effects --- done."
[1] "estimate fixed parameters --- done."
[1] "estimate dispersion parameters --- done."
############## Iteration: 1 ############### 
fixed.par: 2.63 0.67 -0.17 1.07 0.07 -1.7 0.34 -2.73 -1.21 2.89 1.17 -0.05 -0.5 -0.32 -1.03 -56.25 8.46 
FixedParDiff =  0.287855 
likDiff =  1 
sigma: 0.95 0.09 -0.46 -0.29 2 
loglike: -5983.881 
########################################## 
[1] "estimate random effects --- done."
[1] "estimate fixed parameters --- done."
[1] "estimate dispersion parameters --- done."
############## Iteration: 2 ############### 
fixed.par: 2.2 0.96 -0.3 1.36 0.06 -1.75 0.35 -2.77 -1.16 2.75 1.22 -0.05 -0.59 -0.56 -1.39 -67.71 10.19 
FixedParDiff =  0.2155811 
likDiff =  0.007454597 
sigma: 0.97 0.1 -0.46 -0.29 2 
loglike: -5939.274 
########################################## 
[1] "estimate random effects --- done."
[1] "estimate fixed parameters --- done."
[1] "estimate dispersion parameters --- done."
############## Iteration: 3 ############### 
fixed.par: 2.15 1 -0.31 1.39 0.06 -1.76 0.37 -2.77 -1.12 2.67 1.24 -0.05 -0.73 -1 -2.02 -86.51 13.04 
FixedParDiff =  0.1356631 
likDiff =  0.002589687 
sigma: 0.98 0.1 -0.42 -0.29 2.01 
loglike: -5923.893 
########################################## 
[1] "estimate random effects --- done."
[1] "estimate fixed parameters --- done."
[1] "estimate dispersion parameters --- done."
############## Iteration: 4 ############### 
fixed.par: 2.15 1 -0.32 1.39 0.06 -1.76 0.38 -2.76 -1.08 2.59 1.25 -0.05 -1.07 -1.87 -3.44 -127.93 19.32 
FixedParDiff =  0.1868021 
likDiff =  0.004378156 
sigma: 0.98 0.08 -0.38 -0.31 2.01 
loglike: -5897.957 
########################################## 
[1] "estimate random effects --- done."
[1] "estimate fixed parameters --- done."
[1] "estimate dispersion parameters --- done."
############## Iteration: 5 ############### 
fixed.par: 2.15 1 -0.31 1.39 0.07 -1.74 0.38 -2.75 -1.02 2.47 1.24 -0.05 -2.5 -4.67 -8.49 -295.15 44.69 
FixedParDiff =  0.418593 
likDiff =  0.008863443 
sigma: 0.98 0.06 -0.31 -0.36 2 
loglike: -5845.681 
########################################## 
[1] "estimate random effects --- done."
Error in estFixeff(RespLog, fixed = Jfixed, str_val = fixedest0, Dpars = Jraneff,  : 
  Iteration stops because fixed parameters can not be successfully estimated.

### [bt]: Job terminated with an exception [batchtools job.id=162]
### [bt]: Calculation finished!
