### [bt]: This is batchtools v0.9.15
### [bt]: Starting calculation of 1 jobs
### [bt]: Setting working directory to '/data/home/mengwang/21-summer-project/src'
### [bt]: Memory measurement disabled
### [bt]: Starting job [batchtools job.id=139]
### [bt]: Generating problem instance for problem 'generate_data' ...
### [bt]: Applying algorithm 'fit_JMest' on problem 'generate_data' for job 139 (seed = 21071163) ...
[1] "get initial values for LME & GLM models --- done."
[1] "get initial values for GLME model --- done."
[1] "get initial values for survival models --- done."
[1] "estimate random effects --- done."
[1] "estimate fixed parameters --- done."
[1] "estimate dispersion parameters --- done."
############## Iteration: 1 ############### 
fixed.par: 2.63 0.67 -0.17 1.07 0.07 -1.68 0.32 -2.74 -1.21 2.89 1.18 -0.05 -0.5 -0.32 -1.02 -56.06 8.43 
FixedParDiff =  0.2908017 
likDiff =  1 
sigma: 0.95 0.09 -0.46 -0.29 2 
loglike: -5983.878 
########################################## 
[1] "estimate random effects --- done."
[1] "estimate fixed parameters --- done."
[1] "estimate dispersion parameters --- done."
############## Iteration: 2 ############### 
fixed.par: 2.2 0.96 -0.3 1.36 0.06 -1.73 0.34 -2.78 -1.16 2.76 1.22 -0.05 -0.59 -0.57 -1.4 -68.66 10.33 
FixedParDiff =  0.2216695 
likDiff =  0.007451213 
sigma: 0.97 0.1 -0.46 -0.29 2 
loglike: -5939.291 
########################################## 
[1] "estimate random effects --- done."
[1] "estimate fixed parameters --- done."
[1] "estimate dispersion parameters --- done."
############## Iteration: 3 ############### 
fixed.par: 2.15 1 -0.31 1.39 0.06 -1.76 0.37 -2.77 -1.12 2.67 1.24 -0.05 -0.73 -1.01 -2.04 -87.15 13.14 
FixedParDiff =  0.1408496 
likDiff =  0.002641611 
sigma: 0.98 0.1 -0.42 -0.29 2.01 
loglike: -5923.602 
########################################## 
[1] "estimate random effects --- done."
[1] "estimate fixed parameters --- done."
[1] "estimate dispersion parameters --- done."
############## Iteration: 4 ############### 
fixed.par: 2.14 1 -0.32 1.39 0.06 -1.75 0.37 -2.76 -1.07 2.59 1.24 -0.05 -1.06 -1.85 -3.4 -126.27 19.07 
FixedParDiff =  0.1753968 
likDiff =  0.004364186 
sigma: 0.98 0.08 -0.37 -0.31 2.01 
loglike: -5897.75 
########################################## 
[1] "estimate random effects --- done."
[1] "estimate fixed parameters --- done."
[1] "estimate dispersion parameters --- done."
############## Iteration: 5 ############### 
fixed.par: 2.15 1 -0.32 1.39 0.06 -1.73 0.36 -2.75 -1.02 2.48 1.24 -0.05 -2.36 -4.44 -8.05 -279.09 42.26 
FixedParDiff =  0.3896595 
likDiff =  0.008729987 
sigma: 0.98 0.06 -0.31 -0.36 2 
loglike: -5846.263 
########################################## 
[1] "estimate random effects --- done."
Error in estFixeff(RespLog, fixed = Jfixed, str_val = fixedest0, Dpars = Jraneff,  : 
  Iteration stops because fixed parameters can not be successfully estimated.

### [bt]: Job terminated with an exception [batchtools job.id=139]
### [bt]: Calculation finished!
