### [bt]: This is batchtools v0.9.15
### [bt]: Starting calculation of 1 jobs
### [bt]: Setting working directory to '/data/home/mengwang/21-summer-project/src'
### [bt]: Memory measurement disabled
### [bt]: Starting job [batchtools job.id=113]
### [bt]: Generating problem instance for problem 'generate_data' ...
### [bt]: Applying algorithm 'fit_JMest' on problem 'generate_data' for job 113 (seed = 21071137) ...
[1] "get initial values for LME & GLM models --- done."
[1] "get initial values for GLME model --- done."
[1] "get initial values for survival models --- done."
[1] "estimate random effects --- done."
[1] "estimate fixed parameters --- done."
[1] "estimate dispersion parameters --- done."
############## Iteration: 1 ############### 
fixed.par: 2.63 0.67 -0.17 1.07 0.06 -1.67 0.32 -2.73 -1.22 2.89 1.17 -0.05 -0.49 -0.31 -1.01 -54.79 8.24 
FixedParDiff =  0.2844793 
likDiff =  1 
sigma: 0.95 0.09 -0.46 -0.29 2 
loglike: -5984.075 
########################################## 
[1] "estimate random effects --- done."
[1] "estimate fixed parameters --- done."
[1] "estimate dispersion parameters --- done."
############## Iteration: 2 ############### 
fixed.par: 2.2 0.96 -0.3 1.36 0.06 -1.72 0.34 -2.78 -1.16 2.77 1.22 -0.05 -0.58 -0.55 -1.37 -66.84 10.06 
FixedParDiff =  0.2168381 
likDiff =  0.007403895 
sigma: 0.97 0.1 -0.46 -0.29 2 
loglike: -5939.77 
########################################## 
[1] "estimate random effects --- done."
[1] "estimate fixed parameters --- done."
[1] "estimate dispersion parameters --- done."
############## Iteration: 3 ############### 
fixed.par: 2.15 1 -0.32 1.39 0.06 -1.75 0.36 -2.77 -1.12 2.68 1.23 -0.05 -0.71 -0.98 -1.98 -84.65 12.76 
FixedParDiff =  0.1382558 
likDiff =  0.002595491 
sigma: 0.98 0.1 -0.42 -0.29 2 
loglike: -5924.353 
########################################## 
[1] "estimate random effects --- done."
[1] "estimate fixed parameters --- done."
[1] "estimate dispersion parameters --- done."
############## Iteration: 4 ############### 
fixed.par: 2.14 1 -0.32 1.39 0.06 -1.76 0.38 -2.76 -1.08 2.61 1.25 -0.05 -1.07 -1.88 -3.44 -127.92 19.32 
FixedParDiff =  0.1996774 
likDiff =  0.004320524 
sigma: 0.98 0.08 -0.38 -0.31 2.01 
loglike: -5898.757 
########################################## 
[1] "estimate random effects --- done."
[1] "estimate fixed parameters --- done."
[1] "estimate dispersion parameters --- done."
############## Iteration: 5 ############### 
fixed.par: 2.15 1 -0.32 1.39 0.07 -1.74 0.37 -2.75 -1.02 2.47 1.24 -0.05 -2.57 -4.82 -8.76 -304.11 46.04 
FixedParDiff =  0.4416391 
likDiff =  0.00889735 
sigma: 0.98 0.06 -0.31 -0.36 2 
loglike: -5846.273 
########################################## 
[1] "estimate random effects --- done."
Error in estFixeff(RespLog, fixed = Jfixed, str_val = fixedest0, Dpars = Jraneff,  : 
  Iteration stops because fixed parameters can not be successfully estimated.

### [bt]: Job terminated with an exception [batchtools job.id=113]
### [bt]: Calculation finished!
