### [bt]: This is batchtools v0.9.15
### [bt]: Starting calculation of 1 jobs
### [bt]: Setting working directory to '/data/home/mengwang/21-summer-project/src'
### [bt]: Memory measurement disabled
### [bt]: Starting job [batchtools job.id=229]
### [bt]: Generating problem instance for problem 'generate_data' ...
### [bt]: Applying algorithm 'fit_JMest' on problem 'generate_data' for job 229 (seed = 21071253) ...
[1] "get initial values for LME & GLM models --- done."
[1] "get initial values for GLME model --- done."
[1] "get initial values for survival models --- done."
[1] "estimate random effects --- done."
[1] "estimate fixed parameters --- done."
[1] "estimate dispersion parameters --- done."
############## Iteration: 1 ############### 
fixed.par: 2.63 0.67 -0.17 1.07 0.06 -1.64 0.29 -2.74 -1.21 2.89 1.16 -0.05 -0.52 -0.32 -1.04 -57.48 8.64 
FixedParDiff =  0.3110695 
likDiff =  1 
sigma: 0.95 0.09 -0.46 -0.29 2 
loglike: -5983.854 
########################################## 
[1] "estimate random effects --- done."
[1] "estimate fixed parameters --- done."
[1] "estimate dispersion parameters --- done."
############## Iteration: 2 ############### 
fixed.par: 2.2 0.96 -0.3 1.36 0.06 -1.73 0.34 -2.78 -1.15 2.74 1.22 -0.05 -0.6 -0.58 -1.43 -69.84 10.51 
FixedParDiff =  0.2250035 
likDiff =  0.007520847 
sigma: 0.97 0.1 -0.46 -0.29 2 
loglike: -5938.85 
########################################## 
[1] "estimate random effects --- done."
[1] "estimate fixed parameters --- done."
[1] "estimate dispersion parameters --- done."
############## Iteration: 3 ############### 
fixed.par: 2.15 1 -0.32 1.39 0.06 -1.74 0.36 -2.77 -1.11 2.66 1.23 -0.05 -0.74 -1.02 -2.07 -88.02 13.27 
FixedParDiff =  0.132178 
likDiff =  0.002648067 
sigma: 0.98 0.1 -0.42 -0.29 2.01 
loglike: -5923.124 
########################################## 
[1] "estimate random effects --- done."
[1] "estimate fixed parameters --- done."
[1] "estimate dispersion parameters --- done."
############## Iteration: 4 ############### 
fixed.par: 2.14 1 -0.32 1.39 0.07 -1.76 0.38 -2.76 -1.07 2.58 1.24 -0.05 -1.13 -1.95 -3.6 -134.69 20.34 
FixedParDiff =  0.2075486 
likDiff =  0.004385267 
sigma: 0.98 0.08 -0.37 -0.31 2.01 
loglike: -5897.149 
########################################## 
[1] "estimate random effects --- done."
[1] "estimate fixed parameters --- done."
[1] "estimate dispersion parameters --- done."
############## Iteration: 5 ############### 
fixed.par: 2.15 1 -0.31 1.39 0.06 -1.73 0.37 -2.75 -1.01 2.44 1.24 -0.05 -2.61 -4.8 -8.81 -308.91 46.78 
FixedParDiff =  0.4179445 
likDiff =  0.009268916 
sigma: 0.98 0.05 -0.31 -0.36 2 
loglike: -5842.489 
########################################## 
[1] "estimate random effects --- done."
Warning in log(det(H/2/pi)) : NaNs produced
Error in estFixeff(RespLog, fixed = Jfixed, str_val = fixedest0, Dpars = Jraneff,  : 
  Iteration stops because fixed parameters can not be successfully estimated.

### [bt]: Job terminated with an exception [batchtools job.id=229]
### [bt]: Calculation finished!
