### [bt]: This is batchtools v0.9.15
### [bt]: Starting calculation of 1 jobs
### [bt]: Setting working directory to '/data/home/mengwang/21-summer-project/src'
### [bt]: Memory measurement disabled
### [bt]: Starting job [batchtools job.id=27]
### [bt]: Generating problem instance for problem 'generate_data' ...
### [bt]: Applying algorithm 'fit_JMest' on problem 'generate_data' for job 27 (seed = 21071051) ...
[1] "get initial values for LME & GLM models --- done."
[1] "get initial values for GLME model --- done."
[1] "get initial values for survival models --- done."
[1] "estimate random effects --- done."
[1] "estimate fixed parameters --- done."
[1] "estimate dispersion parameters --- done."
############## Iteration: 1 ############### 
fixed.par: 2.63 0.67 -0.17 1.07 0.06 -1.65 0.3 -2.74 -1.22 2.89 1.18 -0.05 -0.52 -0.32 -1.04 -57.58 8.65 
FixedParDiff =  0.3115022 
likDiff =  1 
sigma: 0.95 0.09 -0.46 -0.29 2 
loglike: -5983.83 
########################################## 
[1] "estimate random effects --- done."
[1] "estimate fixed parameters --- done."
[1] "estimate dispersion parameters --- done."
############## Iteration: 2 ############### 
fixed.par: 2.2 0.96 -0.3 1.35 0.06 -1.72 0.34 -2.78 -1.15 2.74 1.22 -0.05 -0.6 -0.58 -1.42 -69.11 10.4 
FixedParDiff =  0.2168455 
likDiff =  0.007520101 
sigma: 0.97 0.1 -0.46 -0.29 2 
loglike: -5938.831 
########################################## 
[1] "estimate random effects --- done."
[1] "estimate fixed parameters --- done."
[1] "estimate dispersion parameters --- done."
############## Iteration: 3 ############### 
fixed.par: 2.15 1 -0.31 1.39 0.06 -1.76 0.37 -2.77 -1.11 2.66 1.24 -0.05 -0.74 -1.02 -2.06 -87.78 13.23 
FixedParDiff =  0.1446326 
likDiff =  0.002622441 
sigma: 0.98 0.1 -0.42 -0.29 2.01 
loglike: -5923.257 
########################################## 
[1] "estimate random effects --- done."
[1] "estimate fixed parameters --- done."
[1] "estimate dispersion parameters --- done."
############## Iteration: 4 ############### 
fixed.par: 2.15 1 -0.32 1.39 0.06 -1.73 0.36 -2.76 -1.07 2.59 1.24 -0.05 -1.13 -1.96 -3.61 -135.04 20.39 
FixedParDiff =  0.2058684 
likDiff =  0.004401973 
sigma: 0.98 0.08 -0.37 -0.31 2.01 
loglike: -5897.183 
########################################## 
[1] "estimate random effects --- done."
[1] "estimate fixed parameters --- done."
[1] "estimate dispersion parameters --- done."
############## Iteration: 5 ############### 
fixed.par: 2.15 1 -0.31 1.39 0.06 -1.74 0.38 -2.75 -1.01 2.44 1.24 -0.05 -2.58 -4.76 -8.73 -305.46 46.26 
FixedParDiff =  0.4116878 
likDiff =  0.009311371 
sigma: 0.98 0.05 -0.31 -0.36 2 
loglike: -5842.272 
########################################## 
[1] "estimate random effects --- done."
Error in estFixeff(RespLog, fixed = Jfixed, str_val = fixedest0, Dpars = Jraneff,  : 
  Iteration stops because fixed parameters can not be successfully estimated.

### [bt]: Job terminated with an exception [batchtools job.id=27]
### [bt]: Calculation finished!
