### [bt]: This is batchtools v0.9.15
### [bt]: Starting calculation of 1 jobs
### [bt]: Setting working directory to '/data/home/mengwang/21-summer-project/src'
### [bt]: Memory measurement disabled
### [bt]: Starting job [batchtools job.id=24]
### [bt]: Generating problem instance for problem 'generate_data' ...
### [bt]: Applying algorithm 'fit_JMest' on problem 'generate_data' for job 24 (seed = 21071048) ...
[1] "get initial values for LME & GLM models --- done."
[1] "get initial values for GLME model --- done."
[1] "get initial values for survival models --- done."
[1] "estimate random effects --- done."
[1] "estimate fixed parameters --- done."
[1] "estimate dispersion parameters --- done."
############## Iteration: 1 ############### 
fixed.par: 2.63 0.67 -0.17 1.07 0.07 -1.69 0.33 -2.73 -1.22 2.89 1.19 -0.05 -0.5 -0.32 -1.03 -56.36 8.47 
FixedParDiff =  0.2930554 
likDiff =  1 
sigma: 0.95 0.09 -0.46 -0.29 2 
loglike: -5983.884 
########################################## 
[1] "estimate random effects --- done."
[1] "estimate fixed parameters --- done."
[1] "estimate dispersion parameters --- done."
############## Iteration: 2 ############### 
fixed.par: 2.2 0.96 -0.3 1.36 0.06 -1.71 0.33 -2.78 -1.16 2.75 1.22 -0.05 -0.6 -0.58 -1.42 -69.79 10.5 
FixedParDiff =  0.2250809 
likDiff =  0.007467974 
sigma: 0.97 0.1 -0.46 -0.29 2 
loglike: -5939.196 
########################################## 
[1] "estimate random effects --- done."
[1] "estimate fixed parameters --- done."
[1] "estimate dispersion parameters --- done."
############## Iteration: 3 ############### 
fixed.par: 2.15 0.99 -0.31 1.39 0.06 -1.75 0.37 -2.77 -1.11 2.66 1.24 -0.05 -0.72 -0.99 -2.01 -85.01 12.81 
FixedParDiff =  0.1314122 
likDiff =  0.002677867 
sigma: 0.98 0.1 -0.42 -0.29 2.01 
loglike: -5923.292 
########################################## 
[1] "estimate random effects --- done."
[1] "estimate fixed parameters --- done."
[1] "estimate dispersion parameters --- done."
############## Iteration: 4 ############### 
fixed.par: 2.15 1 -0.32 1.39 0.06 -1.75 0.37 -2.76 -1.08 2.6 1.24 -0.05 -1.09 -1.9 -3.48 -129.82 19.61 
FixedParDiff =  0.197821 
likDiff =  0.00426487 
sigma: 0.98 0.08 -0.38 -0.31 2.01 
loglike: -5898.03 
########################################## 
[1] "estimate random effects --- done."
[1] "estimate fixed parameters --- done."
[1] "estimate dispersion parameters --- done."
############## Iteration: 5 ############### 
fixed.par: 2.15 1 -0.31 1.39 0.07 -1.74 0.38 -2.75 -1.02 2.47 1.25 -0.05 -2.32 -4.35 -7.91 -274.14 41.51 
FixedParDiff =  0.3616736 
likDiff =  0.009014976 
sigma: 0.98 0.06 -0.31 -0.36 2 
loglike: -5844.859 
########################################## 
[1] "estimate random effects --- done."
Error in estFixeff(RespLog, fixed = Jfixed, str_val = fixedest0, Dpars = Jraneff,  : 
  Iteration stops because fixed parameters can not be successfully estimated.

### [bt]: Job terminated with an exception [batchtools job.id=24]
### [bt]: Calculation finished!
