### [bt]: This is batchtools v0.9.15
### [bt]: Starting calculation of 1 jobs
### [bt]: Setting working directory to '/data/home/mengwang/21-summer-project/src'
### [bt]: Memory measurement disabled
### [bt]: Starting job [batchtools job.id=62]
### [bt]: Generating problem instance for problem 'generate_data' ...
### [bt]: Applying algorithm 'fit_JMest' on problem 'generate_data' for job 62 (seed = 21071086) ...
[1] "get initial values for LME & GLM models --- done."
[1] "get initial values for GLME model --- done."
[1] "get initial values for survival models --- done."
[1] "estimate random effects --- done."
[1] "estimate fixed parameters --- done."
[1] "estimate dispersion parameters --- done."
############## Iteration: 1 ############### 
fixed.par: 2.63 0.67 -0.17 1.07 0.08 -1.76 0.38 -2.73 -1.22 2.89 1.19 -0.05 -0.5 -0.32 -1.03 -56.3 8.46 
FixedParDiff =  0.2857974 
likDiff =  1 
sigma: 0.95 0.09 -0.46 -0.29 2 
loglike: -5983.875 
########################################## 
[1] "estimate random effects --- done."
[1] "estimate fixed parameters --- done."
[1] "estimate dispersion parameters --- done."
############## Iteration: 2 ############### 
fixed.par: 2.2 0.96 -0.3 1.36 0.06 -1.74 0.35 -2.78 -1.16 2.75 1.22 -0.05 -0.6 -0.57 -1.41 -69.03 10.39 
FixedParDiff =  0.23029 
likDiff =  0.007466287 
sigma: 0.97 0.1 -0.46 -0.29 2 
loglike: -5939.197 
########################################## 
[1] "estimate random effects --- done."
[1] "estimate fixed parameters --- done."
[1] "estimate dispersion parameters --- done."
############## Iteration: 3 ############### 
fixed.par: 2.15 0.99 -0.31 1.39 0.06 -1.75 0.37 -2.77 -1.11 2.66 1.23 -0.05 -0.71 -0.98 -1.99 -84.2 12.69 
FixedParDiff =  0.1214189 
likDiff =  0.002640054 
sigma: 0.98 0.1 -0.42 -0.29 2.01 
loglike: -5923.518 
########################################## 
[1] "estimate random effects --- done."
[1] "estimate fixed parameters --- done."
[1] "estimate dispersion parameters --- done."
############## Iteration: 4 ############### 
fixed.par: 2.15 1 -0.32 1.39 0.06 -1.74 0.37 -2.76 -1.08 2.6 1.24 -0.05 -1.07 -1.88 -3.44 -127.78 19.3 
FixedParDiff =  0.1943747 
likDiff =  0.004248681 
sigma: 0.98 0.08 -0.38 -0.31 2.01 
loglike: -5898.35 
########################################## 
[1] "estimate random effects --- done."
[1] "estimate fixed parameters --- done."
[1] "estimate dispersion parameters --- done."
############## Iteration: 5 ############### 
fixed.par: 2.15 1 -0.31 1.39 0.06 -1.73 0.37 -2.75 -1.02 2.48 1.24 -0.05 -2.18 -4.14 -7.5 -258.31 39.11 
FixedParDiff =  0.3341026 
likDiff =  0.00884326 
sigma: 0.98 0.06 -0.31 -0.36 2 
loglike: -5846.19 
########################################## 
[1] "estimate random effects --- done."
Error in estFixeff(RespLog, fixed = Jfixed, str_val = fixedest0, Dpars = Jraneff,  : 
  Iteration stops because fixed parameters can not be successfully estimated.

### [bt]: Job terminated with an exception [batchtools job.id=62]
### [bt]: Calculation finished!
