### [bt]: This is batchtools v0.9.15
### [bt]: Starting calculation of 1 jobs
### [bt]: Setting working directory to '/data/home/mengwang/21-summer-project/src'
### [bt]: Memory measurement disabled
### [bt]: Starting job [batchtools job.id=154]
### [bt]: Generating problem instance for problem 'generate_data' ...
### [bt]: Applying algorithm 'fit_JMest' on problem 'generate_data' for job 154 (seed = 21071178) ...
[1] "get initial values for LME & GLM models --- done."
[1] "get initial values for GLME model --- done."
[1] "get initial values for survival models --- done."
[1] "estimate random effects --- done."
[1] "estimate fixed parameters --- done."
[1] "estimate dispersion parameters --- done."
############## Iteration: 1 ############### 
fixed.par: 2.63 0.67 -0.17 1.07 0.06 -1.65 0.3 -2.74 -1.21 2.89 1.17 -0.05 -0.51 -0.32 -1.04 -57.06 8.58 
FixedParDiff =  0.3098477 
likDiff =  1 
sigma: 0.95 0.09 -0.46 -0.29 2 
loglike: -5983.852 
########################################## 
[1] "estimate random effects --- done."
[1] "estimate fixed parameters --- done."
[1] "estimate dispersion parameters --- done."
############## Iteration: 2 ############### 
fixed.par: 2.2 0.96 -0.3 1.36 0.06 -1.73 0.34 -2.77 -1.16 2.75 1.22 -0.05 -0.59 -0.57 -1.41 -68.8 10.36 
FixedParDiff =  0.2214755 
likDiff =  0.007504231 
sigma: 0.97 0.1 -0.46 -0.29 2 
loglike: -5938.948 
########################################## 
[1] "estimate random effects --- done."
[1] "estimate fixed parameters --- done."
[1] "estimate dispersion parameters --- done."
############## Iteration: 3 ############### 
fixed.par: 2.15 1 -0.31 1.39 0.06 -1.73 0.35 -2.77 -1.11 2.66 1.24 -0.05 -0.74 -1.01 -2.05 -87.64 13.21 
FixedParDiff =  0.133971 
likDiff =  0.002617579 
sigma: 0.98 0.1 -0.42 -0.29 2.01 
loglike: -5923.403 
########################################## 
[1] "estimate random effects --- done."
[1] "estimate fixed parameters --- done."
[1] "estimate dispersion parameters --- done."
############## Iteration: 4 ############### 
fixed.par: 2.15 1 -0.32 1.39 0.06 -1.74 0.36 -2.76 -1.07 2.59 1.25 -0.05 -1.11 -1.93 -3.55 -132.7 20.04 
FixedParDiff =  0.1982233 
likDiff =  0.004401741 
sigma: 0.98 0.08 -0.37 -0.31 2.01 
loglike: -5897.329 
########################################## 
[1] "estimate random effects --- done."
[1] "estimate fixed parameters --- done."
[1] "estimate dispersion parameters --- done."
############## Iteration: 5 ############### 
fixed.par: 2.15 1 -0.31 1.39 0.06 -1.73 0.37 -2.75 -1.01 2.45 1.24 -0.05 -2.4 -4.46 -8.16 -284.16 43.03 
FixedParDiff =  0.3701781 
likDiff =  0.009116027 
sigma: 0.98 0.05 -0.31 -0.36 2 
loglike: -5843.569 
########################################## 
[1] "estimate random effects --- done."
Error in estFixeff(RespLog, fixed = Jfixed, str_val = fixedest0, Dpars = Jraneff,  : 
  Iteration stops because fixed parameters can not be successfully estimated.

### [bt]: Job terminated with an exception [batchtools job.id=154]
### [bt]: Calculation finished!
