### [bt]: This is batchtools v0.9.15
### [bt]: Starting calculation of 1 jobs
### [bt]: Setting working directory to '/data/home/mengwang/21-summer-project/src'
### [bt]: Memory measurement disabled
### [bt]: Starting job [batchtools job.id=40]
### [bt]: Generating problem instance for problem 'generate_data' ...
### [bt]: Applying algorithm 'fit_JMest' on problem 'generate_data' for job 40 (seed = 21071064) ...
[1] "get initial values for LME & GLM models --- done."
[1] "get initial values for GLME model --- done."
[1] "get initial values for survival models --- done."
[1] "estimate random effects --- done."
[1] "estimate fixed parameters --- done."
[1] "estimate dispersion parameters --- done."
############## Iteration: 1 ############### 
fixed.par: 2.63 0.67 -0.17 1.07 0.07 -1.71 0.34 -2.74 -1.22 2.89 1.18 -0.05 -0.52 -0.33 -1.05 -58.16 8.74 
FixedParDiff =  0.2982783 
likDiff =  1 
sigma: 0.95 0.09 -0.46 -0.29 2 
loglike: -5983.808 
########################################## 
[1] "estimate random effects --- done."
[1] "estimate fixed parameters --- done."
[1] "estimate dispersion parameters --- done."
############## Iteration: 2 ############### 
fixed.par: 2.2 0.96 -0.3 1.35 0.06 -1.72 0.34 -2.78 -1.15 2.74 1.22 -0.05 -0.62 -0.59 -1.46 -71.6 10.78 
FixedParDiff =  0.2276023 
likDiff =  0.007547059 
sigma: 0.97 0.1 -0.46 -0.29 2 
loglike: -5938.648 
########################################## 
[1] "estimate random effects --- done."
[1] "estimate fixed parameters --- done."
[1] "estimate dispersion parameters --- done."
############## Iteration: 3 ############### 
fixed.par: 2.15 1 -0.31 1.39 0.06 -1.74 0.36 -2.77 -1.1 2.64 1.24 -0.05 -0.76 -1.04 -2.12 -90.33 13.62 
FixedParDiff =  0.1350178 
likDiff =  0.002726386 
sigma: 0.98 0.1 -0.42 -0.28 2.01 
loglike: -5922.457 
########################################## 
[1] "estimate random effects --- done."
[1] "estimate fixed parameters --- done."
[1] "estimate dispersion parameters --- done."
############## Iteration: 4 ############### 
fixed.par: 2.15 1 -0.32 1.39 0.06 -1.75 0.37 -2.76 -1.07 2.57 1.25 -0.05 -1.14 -1.96 -3.62 -135.68 20.5 
FixedParDiff =  0.1932626 
likDiff =  0.0044463 
sigma: 0.98 0.08 -0.37 -0.31 2.01 
loglike: -5896.124 
########################################## 
[1] "estimate random effects --- done."
[1] "estimate fixed parameters --- done."
[1] "estimate dispersion parameters --- done."
############## Iteration: 5 ############### 
fixed.par: 2.15 1 -0.31 1.39 0.07 -1.74 0.38 -2.75 -1.01 2.43 1.24 -0.05 -2.76 -5.02 -9.24 -325.52 49.3 
FixedParDiff =  0.4455907 
likDiff =  0.009258157 
sigma: 0.98 0.05 -0.31 -0.36 2 
loglike: -5841.536 
########################################## 
[1] "estimate random effects --- done."
Error in estFixeff(RespLog, fixed = Jfixed, str_val = fixedest0, Dpars = Jraneff,  : 
  Iteration stops because fixed parameters can not be successfully estimated.

### [bt]: Job terminated with an exception [batchtools job.id=40]
### [bt]: Calculation finished!
