### [bt]: This is batchtools v0.9.15
### [bt]: Starting calculation of 1 jobs
### [bt]: Setting working directory to '/data/home/mengwang/21-summer-project/src'
### [bt]: Memory measurement disabled
### [bt]: Starting job [batchtools job.id=182]
### [bt]: Generating problem instance for problem 'generate_data' ...
### [bt]: Applying algorithm 'fit_JMest' on problem 'generate_data' for job 182 (seed = 21071206) ...
[1] "get initial values for LME & GLM models --- done."
[1] "get initial values for GLME model --- done."
[1] "get initial values for survival models --- done."
[1] "estimate random effects --- done."
[1] "estimate fixed parameters --- done."
[1] "estimate dispersion parameters --- done."
############## Iteration: 1 ############### 
fixed.par: 2.63 0.67 -0.17 1.07 0.07 -1.69 0.33 -2.73 -1.22 2.89 1.17 -0.05 -0.51 -0.32 -1.04 -57.11 8.58 
FixedParDiff =  0.2961651 
likDiff =  1 
sigma: 0.95 0.09 -0.46 -0.29 2 
loglike: -5983.85 
########################################## 
[1] "estimate random effects --- done."
[1] "estimate fixed parameters --- done."
[1] "estimate dispersion parameters --- done."
############## Iteration: 2 ############### 
fixed.par: 2.2 0.96 -0.3 1.36 0.06 -1.74 0.35 -2.78 -1.15 2.75 1.22 -0.05 -0.62 -0.59 -1.46 -72.15 10.86 
FixedParDiff =  0.2326225 
likDiff =  0.007487899 
sigma: 0.97 0.1 -0.46 -0.29 2 
loglike: -5939.043 
########################################## 
[1] "estimate random effects --- done."
[1] "estimate fixed parameters --- done."
[1] "estimate dispersion parameters --- done."
############## Iteration: 3 ############### 
fixed.par: 2.15 1 -0.31 1.39 0.06 -1.74 0.36 -2.77 -1.1 2.64 1.24 -0.05 -0.76 -1.04 -2.12 -90.3 13.61 
FixedParDiff =  0.129937 
likDiff =  0.002791945 
sigma: 0.98 0.1 -0.42 -0.28 2.01 
loglike: -5922.462 
########################################## 
[1] "estimate random effects --- done."
Warning in log(det(H/2/pi)) : NaNs produced
[1] "estimate fixed parameters --- done."
[1] "estimate dispersion parameters --- done."
############## Iteration: 4 ############### 
fixed.par: 2.15 1 -0.32 1.39 0.06 -1.74 0.37 -2.76 -1.06 2.57 1.24 -0.05 -1.16 -1.98 -3.68 -138.02 20.85 
FixedParDiff =  0.1967914 
likDiff =  0.004435443 
sigma: 0.98 0.08 -0.37 -0.31 2.01 
loglike: -5896.193 
########################################## 
[1] "estimate random effects --- done."
[1] "estimate fixed parameters --- done."
[1] "estimate dispersion parameters --- done."
############## Iteration: 5 ############### 
fixed.par: 2.15 1 -0.32 1.39 0.06 -1.73 0.37 -2.75 -1.01 2.43 1.24 -0.05 -2.76 -5.01 -9.24 -325.65 49.32 
FixedParDiff =  0.4352014 
likDiff =  0.009417909 
sigma: 0.98 0.05 -0.31 -0.36 2 
loglike: -5840.663 
########################################## 
[1] "estimate random effects --- done."
Error in estFixeff(RespLog, fixed = Jfixed, str_val = fixedest0, Dpars = Jraneff,  : 
  Iteration stops because fixed parameters can not be successfully estimated.

### [bt]: Job terminated with an exception [batchtools job.id=182]
### [bt]: Calculation finished!
