### [bt]: This is batchtools v0.9.15
### [bt]: Starting calculation of 1 jobs
### [bt]: Setting working directory to '/data/home/mengwang/21-summer-project/src'
### [bt]: Memory measurement disabled
### [bt]: Starting job [batchtools job.id=251]
### [bt]: Generating problem instance for problem 'generate_data' ...
### [bt]: Applying algorithm 'fit_JMest' on problem 'generate_data' for job 251 (seed = 21071275) ...
[1] "get initial values for LME & GLM models --- done."
[1] "get initial values for GLME model --- done."
[1] "get initial values for survival models --- done."
[1] "estimate random effects --- done."
[1] "estimate fixed parameters --- done."
[1] "estimate dispersion parameters --- done."
############## Iteration: 1 ############### 
fixed.par: 2.63 0.67 -0.17 1.07 0.07 -1.71 0.35 -2.73 -1.22 2.89 1.18 -0.05 -0.5 -0.32 -1.03 -56.34 8.47 
FixedParDiff =  0.2844367 
likDiff =  1 
sigma: 0.95 0.09 -0.46 -0.29 2 
loglike: -5983.866 
########################################## 
[1] "estimate random effects --- done."
[1] "estimate fixed parameters --- done."
[1] "estimate dispersion parameters --- done."
############## Iteration: 2 ############### 
fixed.par: 2.2 0.96 -0.3 1.35 0.06 -1.73 0.34 -2.78 -1.16 2.75 1.22 -0.05 -0.6 -0.57 -1.42 -69.73 10.49 
FixedParDiff =  0.2274881 
likDiff =  0.007461225 
sigma: 0.97 0.1 -0.46 -0.29 2 
loglike: -5939.219 
########################################## 
[1] "estimate random effects --- done."
[1] "estimate fixed parameters --- done."
[1] "estimate dispersion parameters --- done."
############## Iteration: 3 ############### 
fixed.par: 2.15 1 -0.31 1.39 0.06 -1.76 0.37 -2.77 -1.11 2.66 1.24 -0.05 -0.74 -1.01 -2.06 -87.73 13.22 
FixedParDiff =  0.1387903 
likDiff =  0.00268135 
sigma: 0.98 0.1 -0.42 -0.29 2.01 
loglike: -5923.294 
########################################## 
[1] "estimate random effects --- done."
[1] "estimate fixed parameters --- done."
[1] "estimate dispersion parameters --- done."
############## Iteration: 4 ############### 
fixed.par: 2.14 1 -0.32 1.39 0.06 -1.75 0.37 -2.76 -1.07 2.58 1.24 -0.05 -1.13 -1.95 -3.59 -134.46 20.31 
FixedParDiff =  0.1989284 
likDiff =  0.004376125 
sigma: 0.98 0.08 -0.37 -0.31 2.01 
loglike: -5897.372 
########################################## 
[1] "estimate random effects --- done."
[1] "estimate fixed parameters --- done."
[1] "estimate dispersion parameters --- done."
############## Iteration: 5 ############### 
fixed.par: 2.15 1 -0.31 1.39 0.07 -1.74 0.38 -2.75 -1.01 2.44 1.24 -0.05 -2.78 -5.09 -9.35 -328.37 49.72 
FixedParDiff =  0.4612449 
likDiff =  0.009216731 
sigma: 0.98 0.05 -0.31 -0.36 2 
loglike: -5843.018 
########################################## 
[1] "estimate random effects --- done."
Error in estFixeff(RespLog, fixed = Jfixed, str_val = fixedest0, Dpars = Jraneff,  : 
  Iteration stops because fixed parameters can not be successfully estimated.

### [bt]: Job terminated with an exception [batchtools job.id=251]
### [bt]: Calculation finished!
