### [bt]: This is batchtools v0.9.15
### [bt]: Starting calculation of 1 jobs
### [bt]: Setting working directory to '/data/home/mengwang/21-summer-project/src'
### [bt]: Memory measurement disabled
### [bt]: Starting job [batchtools job.id=114]
### [bt]: Generating problem instance for problem 'generate_data' ...
### [bt]: Applying algorithm 'fit_JMest' on problem 'generate_data' for job 114 (seed = 21071138) ...
[1] "get initial values for LME & GLM models --- done."
[1] "get initial values for GLME model --- done."
[1] "get initial values for survival models --- done."
[1] "estimate random effects --- done."
[1] "estimate fixed parameters --- done."
[1] "estimate dispersion parameters --- done."
############## Iteration: 1 ############### 
fixed.par: 2.63 0.67 -0.17 1.07 0.06 -1.65 0.3 -2.74 -1.22 2.89 1.18 -0.05 -0.52 -0.33 -1.05 -57.99 8.72 
FixedParDiff =  0.3164366 
likDiff =  1 
sigma: 0.95 0.09 -0.46 -0.29 2 
loglike: -5983.822 
########################################## 
[1] "estimate random effects --- done."
[1] "estimate fixed parameters --- done."
[1] "estimate dispersion parameters --- done."
############## Iteration: 2 ############### 
fixed.par: 2.2 0.96 -0.3 1.36 0.06 -1.73 0.34 -2.77 -1.15 2.74 1.22 -0.05 -0.61 -0.59 -1.45 -71.07 10.7 
FixedParDiff =  0.2269095 
likDiff =  0.00753848 
sigma: 0.97 0.1 -0.46 -0.29 2 
loglike: -5938.713 
########################################## 
[1] "estimate random effects --- done."
[1] "estimate fixed parameters --- done."
[1] "estimate dispersion parameters --- done."
############## Iteration: 3 ############### 
fixed.par: 2.15 1 -0.31 1.39 0.06 -1.76 0.38 -2.77 -1.1 2.65 1.24 -0.05 -0.73 -1.01 -2.06 -87.05 13.12 
FixedParDiff =  0.1292167 
likDiff =  0.002699001 
sigma: 0.98 0.1 -0.42 -0.29 2.01 
loglike: -5922.684 
########################################## 
[1] "estimate random effects --- done."
[1] "estimate fixed parameters --- done."
[1] "estimate dispersion parameters --- done."
############## Iteration: 4 ############### 
fixed.par: 2.14 1 -0.32 1.39 0.06 -1.75 0.37 -2.76 -1.07 2.59 1.25 -0.05 -1.13 -1.97 -3.62 -135.37 20.45 
FixedParDiff =  0.2042301 
likDiff =  0.004326877 
sigma: 0.98 0.08 -0.37 -0.31 2.01 
loglike: -5897.058 
########################################## 
[1] "estimate random effects --- done."
[1] "estimate fixed parameters --- done."
[1] "estimate dispersion parameters --- done."
############## Iteration: 5 ############### 
fixed.par: 2.15 1 -0.32 1.39 0.06 -1.74 0.37 -2.75 -1.01 2.44 1.24 -0.05 -2.37 -4.38 -8.02 -279.57 42.34 
FixedParDiff =  0.3475841 
likDiff =  0.009272384 
sigma: 0.98 0.05 -0.31 -0.36 2 
loglike: -5842.378 
########################################## 
[1] "estimate random effects --- done."
Error in estFixeff(RespLog, fixed = Jfixed, str_val = fixedest0, Dpars = Jraneff,  : 
  Iteration stops because fixed parameters can not be successfully estimated.

### [bt]: Job terminated with an exception [batchtools job.id=114]
### [bt]: Calculation finished!
