### [bt]: This is batchtools v0.9.15
### [bt]: Starting calculation of 1 jobs
### [bt]: Setting working directory to '/data/home/mengwang/21-summer-project/src'
### [bt]: Memory measurement disabled
### [bt]: Starting job [batchtools job.id=228]
### [bt]: Generating problem instance for problem 'generate_data' ...
### [bt]: Applying algorithm 'fit_JMest' on problem 'generate_data' for job 228 (seed = 21071252) ...
[1] "get initial values for LME & GLM models --- done."
[1] "get initial values for GLME model --- done."
[1] "get initial values for survival models --- done."
[1] "estimate random effects --- done."
[1] "estimate fixed parameters --- done."
[1] "estimate dispersion parameters --- done."
############## Iteration: 1 ############### 
fixed.par: 2.63 0.67 -0.17 1.07 0.07 -1.72 0.36 -2.73 -1.21 2.89 1.17 -0.05 -0.54 -0.34 -1.08 -60.2 9.05 
FixedParDiff =  0.3096217 
likDiff =  1 
sigma: 0.95 0.09 -0.46 -0.29 2 
loglike: -5983.938 
########################################## 
[1] "estimate random effects --- done."
[1] "estimate fixed parameters --- done."
[1] "estimate dispersion parameters --- done."
############## Iteration: 2 ############### 
fixed.par: 2.2 0.96 -0.3 1.36 0.06 -1.73 0.34 -2.78 -1.14 2.72 1.21 -0.05 -0.62 -0.6 -1.47 -71.46 10.76 
FixedParDiff =  0.2175339 
likDiff =  0.00767753 
sigma: 0.97 0.1 -0.46 -0.29 2 
loglike: -5937.996 
########################################## 
[1] "estimate random effects --- done."
[1] "estimate fixed parameters --- done."
[1] "estimate dispersion parameters --- done."
############## Iteration: 3 ############### 
fixed.par: 2.15 0.99 -0.31 1.39 0.06 -1.74 0.36 -2.77 -1.1 2.64 1.23 -0.05 -0.77 -1.06 -2.14 -91.3 13.76 
FixedParDiff =  0.1381928 
likDiff =  0.002653692 
sigma: 0.98 0.1 -0.42 -0.28 2.01 
loglike: -5922.239 
########################################## 
[1] "estimate random effects --- done."
[1] "estimate fixed parameters --- done."
[1] "estimate dispersion parameters --- done."
############## Iteration: 4 ############### 
fixed.par: 2.15 1 -0.32 1.39 0.06 -1.73 0.36 -2.76 -1.06 2.56 1.24 -0.05 -1.19 -2.04 -3.78 -142.5 21.53 
FixedParDiff =  0.2054727 
likDiff =  0.004483643 
sigma: 0.98 0.08 -0.37 -0.31 2.01 
loglike: -5895.685 
########################################## 
[1] "estimate random effects --- done."
[1] "estimate fixed parameters --- done."
[1] "estimate dispersion parameters --- done."
############## Iteration: 5 ############### 
fixed.par: 2.15 1 -0.31 1.39 0.07 -1.75 0.38 -2.75 -1 2.41 1.24 -0.05 -2.92 -5.25 -9.73 -344.83 52.23 
FixedParDiff =  0.460788 
likDiff =  0.009724439 
sigma: 0.99 0.05 -0.31 -0.36 2 
loglike: -5838.353 
########################################## 
[1] "estimate random effects --- done."
Error in estFixeff(RespLog, fixed = Jfixed, str_val = fixedest0, Dpars = Jraneff,  : 
  Iteration stops because fixed parameters can not be successfully estimated.

### [bt]: Job terminated with an exception [batchtools job.id=228]
### [bt]: Calculation finished!
