### [bt]: This is batchtools v0.9.15
### [bt]: Starting calculation of 1 jobs
### [bt]: Setting working directory to '/data/home/mengwang/21-summer-project/src'
### [bt]: Memory measurement disabled
### [bt]: Starting job [batchtools job.id=248]
### [bt]: Generating problem instance for problem 'generate_data' ...
### [bt]: Applying algorithm 'fit_JMest' on problem 'generate_data' for job 248 (seed = 21071272) ...
[1] "get initial values for LME & GLM models --- done."
[1] "get initial values for GLME model --- done."
[1] "get initial values for survival models --- done."
[1] "estimate random effects --- done."
[1] "estimate fixed parameters --- done."
[1] "estimate dispersion parameters --- done."
############## Iteration: 1 ############### 
fixed.par: 2.63 0.67 -0.17 1.07 0.07 -1.7 0.34 -2.73 -1.22 2.89 1.19 -0.05 -0.53 -0.33 -1.06 -58.87 8.85 
FixedParDiff =  0.308719 
likDiff =  1 
sigma: 0.95 0.09 -0.46 -0.29 2 
loglike: -5983.834 
########################################## 
[1] "estimate random effects --- done."
[1] "estimate fixed parameters --- done."
[1] "estimate dispersion parameters --- done."
############## Iteration: 2 ############### 
fixed.par: 2.2 0.96 -0.3 1.36 0.06 -1.72 0.33 -2.78 -1.15 2.73 1.22 -0.05 -0.62 -0.6 -1.47 -72.1 10.85 
FixedParDiff =  0.2252298 
likDiff =  0.007590458 
sigma: 0.97 0.1 -0.46 -0.29 2 
loglike: -5938.414 
########################################## 
[1] "estimate random effects --- done."
[1] "estimate fixed parameters --- done."
[1] "estimate dispersion parameters --- done."
############## Iteration: 3 ############### 
fixed.par: 2.15 0.99 -0.31 1.39 0.06 -1.75 0.36 -2.77 -1.1 2.64 1.23 -0.05 -0.78 -1.06 -2.16 -92.24 13.9 
FixedParDiff =  0.1441743 
likDiff =  0.002724305 
sigma: 0.98 0.1 -0.42 -0.28 2.01 
loglike: -5922.236 
########################################## 
[1] "estimate random effects --- done."
[1] "estimate fixed parameters --- done."
[1] "estimate dispersion parameters --- done."
############## Iteration: 4 ############### 
fixed.par: 2.14 1 -0.32 1.39 0.06 -1.76 0.38 -2.76 -1.06 2.56 1.24 -0.05 -1.12 -1.93 -3.58 -133.95 20.24 
FixedParDiff =  0.1801766 
likDiff =  0.004499054 
sigma: 0.98 0.08 -0.37 -0.31 2.01 
loglike: -5895.592 
########################################## 
[1] "estimate random effects --- done."
[1] "estimate fixed parameters --- done."
[1] "estimate dispersion parameters --- done."
############## Iteration: 5 ############### 
fixed.par: 2.15 1 -0.31 1.39 0.06 -1.72 0.36 -2.75 -1.01 2.44 1.24 -0.05 -2.64 -4.8 -8.82 -310.52 47.03 
FixedParDiff =  0.4248715 
likDiff =  0.009059998 
sigma: 0.98 0.05 -0.31 -0.36 2 
loglike: -5842.178 
########################################## 
[1] "estimate random effects --- done."
Error in estFixeff(RespLog, fixed = Jfixed, str_val = fixedest0, Dpars = Jraneff,  : 
  Iteration stops because fixed parameters can not be successfully estimated.

### [bt]: Job terminated with an exception [batchtools job.id=248]
### [bt]: Calculation finished!
