### [bt]: This is batchtools v0.9.15
### [bt]: Starting calculation of 1 jobs
### [bt]: Setting working directory to '/data/home/mengwang/21-summer-project/src'
### [bt]: Memory measurement disabled
### [bt]: Starting job [batchtools job.id=207]
### [bt]: Generating problem instance for problem 'generate_data' ...
### [bt]: Applying algorithm 'fit_JMest' on problem 'generate_data' for job 207 (seed = 21071231) ...
[1] "get initial values for LME & GLM models --- done."
[1] "get initial values for GLME model --- done."
[1] "get initial values for survival models --- done."
[1] "estimate random effects --- done."
[1] "estimate fixed parameters --- done."
[1] "estimate dispersion parameters --- done."
############## Iteration: 1 ############### 
fixed.par: 2.63 0.67 -0.17 1.07 0.07 -1.7 0.34 -2.74 -1.22 2.89 1.18 -0.05 -0.53 -0.33 -1.07 -59.51 8.94 
FixedParDiff =  0.3098408 
likDiff =  1 
sigma: 0.95 0.09 -0.46 -0.29 2 
loglike: -5983.865 
########################################## 
[1] "estimate random effects --- done."
[1] "estimate fixed parameters --- done."
[1] "estimate dispersion parameters --- done."
############## Iteration: 2 ############### 
fixed.par: 2.2 0.96 -0.3 1.36 0.06 -1.73 0.34 -2.78 -1.14 2.73 1.22 -0.05 -0.61 -0.59 -1.44 -70.19 10.57 
FixedParDiff =  0.2110999 
likDiff =  0.007629416 
sigma: 0.97 0.1 -0.46 -0.29 2 
loglike: -5938.212 
########################################## 
[1] "estimate random effects --- done."
[1] "estimate fixed parameters --- done."
[1] "estimate dispersion parameters --- done."
############## Iteration: 3 ############### 
fixed.par: 2.15 1 -0.31 1.39 0.06 -1.76 0.37 -2.77 -1.11 2.65 1.24 -0.05 -0.75 -1.03 -2.09 -88.96 13.41 
FixedParDiff =  0.1398549 
likDiff =  0.002611842 
sigma: 0.98 0.1 -0.42 -0.28 2.01 
loglike: -5922.702 
########################################## 
[1] "estimate random effects --- done."
[1] "estimate fixed parameters --- done."
[1] "estimate dispersion parameters --- done."
############## Iteration: 4 ############### 
fixed.par: 2.14 1 -0.32 1.39 0.06 -1.74 0.37 -2.76 -1.07 2.58 1.23 -0.05 -1.09 -1.89 -3.49 -129.88 19.62 
FixedParDiff =  0.1798794 
likDiff =  0.004391202 
sigma: 0.98 0.08 -0.37 -0.31 2.01 
loglike: -5896.694 
########################################## 
[1] "estimate random effects --- done."
[1] "estimate fixed parameters --- done."
[1] "estimate dispersion parameters --- done."
############## Iteration: 5 ############### 
fixed.par: 2.15 1 -0.31 1.39 0.06 -1.74 0.38 -2.75 -1.02 2.46 1.24 -0.05 -2.58 -4.77 -8.69 -304.19 46.06 
FixedParDiff =  0.4319254 
likDiff =  0.008926446 
sigma: 0.98 0.05 -0.31 -0.36 2 
loglike: -5844.058 
########################################## 
[1] "estimate random effects --- done."
Error in estFixeff(RespLog, fixed = Jfixed, str_val = fixedest0, Dpars = Jraneff,  : 
  Iteration stops because fixed parameters can not be successfully estimated.

### [bt]: Job terminated with an exception [batchtools job.id=207]
### [bt]: Calculation finished!
