### [bt]: This is batchtools v0.9.15
### [bt]: Starting calculation of 1 jobs
### [bt]: Setting working directory to '/data/home/mengwang/21-summer-project/src'
### [bt]: Memory measurement disabled
### [bt]: Starting job [batchtools job.id=36]
### [bt]: Generating problem instance for problem 'generate_data' ...
### [bt]: Applying algorithm 'fit_JMest' on problem 'generate_data' for job 36 (seed = 21071060) ...
[1] "get initial values for LME & GLM models --- done."
[1] "get initial values for GLME model --- done."
[1] "get initial values for survival models --- done."
[1] "estimate random effects --- done."
[1] "estimate fixed parameters --- done."
[1] "estimate dispersion parameters --- done."
############## Iteration: 1 ############### 
fixed.par: 2.63 0.67 -0.17 1.07 0.06 -1.67 0.32 -2.74 -1.22 2.89 1.18 -0.05 -0.51 -0.32 -1.04 -57.03 8.57 
FixedParDiff =  0.2997172 
likDiff =  1 
sigma: 0.95 0.09 -0.46 -0.29 2 
loglike: -5983.829 
########################################## 
[1] "estimate random effects --- done."
[1] "estimate fixed parameters --- done."
[1] "estimate dispersion parameters --- done."
############## Iteration: 2 ############### 
fixed.par: 2.2 0.96 -0.3 1.35 0.06 -1.72 0.33 -2.78 -1.16 2.75 1.22 -0.05 -0.6 -0.57 -1.42 -69.19 10.41 
FixedParDiff =  0.2194437 
likDiff =  0.007496515 
sigma: 0.97 0.1 -0.46 -0.29 2 
loglike: -5938.971 
########################################## 
[1] "estimate random effects --- done."
[1] "estimate fixed parameters --- done."
[1] "estimate dispersion parameters --- done."
############## Iteration: 3 ############### 
fixed.par: 2.15 0.99 -0.31 1.39 0.06 -1.76 0.37 -2.77 -1.11 2.66 1.24 -0.05 -0.74 -1.02 -2.06 -87.82 13.24 
FixedParDiff =  0.1427358 
likDiff =  0.002637758 
sigma: 0.98 0.1 -0.42 -0.29 2.01 
loglike: -5923.306 
########################################## 
[1] "estimate random effects --- done."
[1] "estimate fixed parameters --- done."
[1] "estimate dispersion parameters --- done."
############## Iteration: 4 ############### 
fixed.par: 2.15 1 -0.32 1.39 0.06 -1.73 0.36 -2.76 -1.07 2.58 1.24 -0.05 -1.08 -1.88 -3.46 -128.57 19.42 
FixedParDiff =  0.1832563 
likDiff =  0.004389213 
sigma: 0.98 0.08 -0.37 -0.31 2.01 
loglike: -5897.307 
########################################## 
[1] "estimate random effects --- done."
[1] "estimate fixed parameters --- done."
[1] "estimate dispersion parameters --- done."
############## Iteration: 5 ############### 
fixed.par: 2.15 1 -0.31 1.39 0.06 -1.71 0.35 -2.75 -1.02 2.47 1.24 -0.05 -2.5 -4.66 -8.48 -295.42 44.73 
FixedParDiff =  0.4165367 
likDiff =  0.00886402 
sigma: 0.98 0.05 -0.31 -0.36 2 
loglike: -5845.033 
########################################## 
[1] "estimate random effects --- done."
Error in estFixeff(RespLog, fixed = Jfixed, str_val = fixedest0, Dpars = Jraneff,  : 
  Iteration stops because fixed parameters can not be successfully estimated.

### [bt]: Job terminated with an exception [batchtools job.id=36]
### [bt]: Calculation finished!
