### [bt]: This is batchtools v0.9.15
### [bt]: Starting calculation of 1 jobs
### [bt]: Setting working directory to '/data/home/mengwang/21-summer-project/src'
### [bt]: Memory measurement disabled
### [bt]: Starting job [batchtools job.id=286]
### [bt]: Generating problem instance for problem 'generate_data' ...
### [bt]: Applying algorithm 'fit_JMest' on problem 'generate_data' for job 286 (seed = 21071310) ...
[1] "get initial values for LME & GLM models --- done."
[1] "get initial values for GLME model --- done."
[1] "get initial values for survival models --- done."
[1] "estimate random effects --- done."
[1] "estimate fixed parameters --- done."
[1] "estimate dispersion parameters --- done."
############## Iteration: 1 ############### 
fixed.par: 2.63 0.67 -0.17 1.07 0.07 -1.71 0.35 -2.73 -1.21 2.89 1.17 -0.05 -0.53 -0.33 -1.07 -58.96 8.86 
FixedParDiff =  0.3044089 
likDiff =  1 
sigma: 0.95 0.09 -0.46 -0.29 2 
loglike: -5983.836 
########################################## 
[1] "estimate random effects --- done."
[1] "estimate fixed parameters --- done."
[1] "estimate dispersion parameters --- done."
############## Iteration: 2 ############### 
fixed.par: 2.2 0.96 -0.3 1.35 0.06 -1.74 0.35 -2.78 -1.15 2.73 1.22 -0.05 -0.59 -0.58 -1.42 -68.53 10.32 
FixedParDiff =  0.2034716 
likDiff =  0.00759058 
sigma: 0.97 0.1 -0.46 -0.29 2 
loglike: -5938.416 
########################################## 
[1] "estimate random effects --- done."
[1] "estimate fixed parameters --- done."
[1] "estimate dispersion parameters --- done."
############## Iteration: 3 ############### 
fixed.par: 2.15 1 -0.31 1.39 0.06 -1.75 0.37 -2.77 -1.11 2.66 1.24 -0.05 -0.75 -1.03 -2.08 -88.75 13.38 
FixedParDiff =  0.1410136 
likDiff =  0.002552447 
sigma: 0.98 0.1 -0.42 -0.29 2.01 
loglike: -5923.258 
########################################## 
[1] "estimate random effects --- done."
[1] "estimate fixed parameters --- done."
[1] "estimate dispersion parameters --- done."
############## Iteration: 4 ############### 
fixed.par: 2.15 1 -0.32 1.39 0.06 -1.75 0.38 -2.76 -1.07 2.58 1.24 -0.05 -1.11 -1.93 -3.56 -132.96 20.08 
FixedParDiff =  0.1920787 
likDiff =  0.004450311 
sigma: 0.98 0.08 -0.37 -0.31 2.01 
loglike: -5896.898 
########################################## 
[1] "estimate random effects --- done."
[1] "estimate fixed parameters --- done."
[1] "estimate dispersion parameters --- done."
############## Iteration: 5 ############### 
fixed.par: 2.15 1 -0.31 1.39 0.06 -1.7 0.35 -2.75 -1.01 2.45 1.24 -0.05 -2.63 -4.84 -8.86 -310.62 47.04 
FixedParDiff =  0.4358607 
likDiff =  0.009145716 
sigma: 0.98 0.05 -0.31 -0.36 2 
loglike: -5842.967 
########################################## 
[1] "estimate random effects --- done."
Error in estFixeff(RespLog, fixed = Jfixed, str_val = fixedest0, Dpars = Jraneff,  : 
  Iteration stops because fixed parameters can not be successfully estimated.

### [bt]: Job terminated with an exception [batchtools job.id=286]
### [bt]: Calculation finished!
