### [bt]: This is batchtools v0.9.15
### [bt]: Starting calculation of 1 jobs
### [bt]: Setting working directory to '/data/home/mengwang/21-summer-project/src'
### [bt]: Memory measurement disabled
### [bt]: Starting job [batchtools job.id=32]
### [bt]: Generating problem instance for problem 'generate_data' ...
### [bt]: Applying algorithm 'fit_JMest' on problem 'generate_data' for job 32 (seed = 21071056) ...
[1] "get initial values for LME & GLM models --- done."
[1] "get initial values for GLME model --- done."
[1] "get initial values for survival models --- done."
[1] "estimate random effects --- done."
[1] "estimate fixed parameters --- done."
[1] "estimate dispersion parameters --- done."
############## Iteration: 1 ############### 
fixed.par: 2.63 0.67 -0.17 1.07 0.07 -1.69 0.33 -2.73 -1.22 2.89 1.18 -0.05 -0.51 -0.32 -1.04 -56.9 8.55 
FixedParDiff =  0.29538 
likDiff =  1 
sigma: 0.95 0.09 -0.46 -0.29 2 
loglike: -5983.861 
########################################## 
[1] "estimate random effects --- done."
[1] "estimate fixed parameters --- done."
[1] "estimate dispersion parameters --- done."
############## Iteration: 2 ############### 
fixed.par: 2.2 0.96 -0.3 1.36 0.06 -1.73 0.34 -2.77 -1.15 2.75 1.21 -0.05 -0.6 -0.58 -1.42 -69.45 10.45 
FixedParDiff =  0.2212933 
likDiff =  0.007492508 
sigma: 0.97 0.1 -0.46 -0.29 2 
loglike: -5939.027 
########################################## 
[1] "estimate random effects --- done."
[1] "estimate fixed parameters --- done."
[1] "estimate dispersion parameters --- done."
############## Iteration: 3 ############### 
fixed.par: 2.15 1 -0.31 1.39 0.06 -1.74 0.36 -2.77 -1.11 2.66 1.24 -0.05 -0.73 -1 -2.03 -86.38 13.02 
FixedParDiff =  0.1293344 
likDiff =  0.00265904 
sigma: 0.98 0.1 -0.42 -0.29 2.01 
loglike: -5923.235 
########################################## 
[1] "estimate random effects --- done."
[1] "estimate fixed parameters --- done."
[1] "estimate dispersion parameters --- done."
############## Iteration: 4 ############### 
fixed.par: 2.14 1 -0.32 1.39 0.06 -1.75 0.38 -2.76 -1.07 2.59 1.24 -0.05 -1.13 -1.96 -3.6 -134.57 20.32 
FixedParDiff =  0.2126918 
likDiff =  0.004326139 
sigma: 0.98 0.08 -0.38 -0.31 2.01 
loglike: -5897.61 
########################################## 
[1] "estimate random effects --- done."
[1] "estimate fixed parameters --- done."
[1] "estimate dispersion parameters --- done."
############## Iteration: 5 ############### 
fixed.par: 2.15 1 -0.31 1.39 0.06 -1.73 0.36 -2.75 -1.01 2.45 1.24 -0.05 -2.48 -4.59 -8.4 -292.75 44.33 
FixedParDiff =  0.3832656 
likDiff =  0.009338988 
sigma: 0.98 0.05 -0.31 -0.36 2 
loglike: -5842.533 
########################################## 
[1] "estimate random effects --- done."
Error in estFixeff(RespLog, fixed = Jfixed, str_val = fixedest0, Dpars = Jraneff,  : 
  Iteration stops because fixed parameters can not be successfully estimated.

### [bt]: Job terminated with an exception [batchtools job.id=32]
### [bt]: Calculation finished!
