### [bt]: This is batchtools v0.9.15
### [bt]: Starting calculation of 1 jobs
### [bt]: Setting working directory to '/data/home/mengwang/21-summer-project/src'
### [bt]: Memory measurement disabled
### [bt]: Starting job [batchtools job.id=193]
### [bt]: Generating problem instance for problem 'generate_data' ...
### [bt]: Applying algorithm 'fit_JMest' on problem 'generate_data' for job 193 (seed = 21071217) ...
[1] "get initial values for LME & GLM models --- done."
[1] "get initial values for GLME model --- done."
[1] "get initial values for survival models --- done."
[1] "estimate random effects --- done."
[1] "estimate fixed parameters --- done."
[1] "estimate dispersion parameters --- done."
############## Iteration: 1 ############### 
fixed.par: 2.63 0.67 -0.17 1.07 0.07 -1.68 0.33 -2.74 -1.22 2.89 1.18 -0.05 -0.53 -0.33 -1.06 -58.66 8.82 
FixedParDiff =  0.3098469 
likDiff =  1 
sigma: 0.95 0.09 -0.46 -0.29 2 
loglike: -5983.822 
########################################## 
[1] "estimate random effects --- done."
[1] "estimate fixed parameters --- done."
[1] "estimate dispersion parameters --- done."
############## Iteration: 2 ############### 
fixed.par: 2.2 0.96 -0.3 1.36 0.06 -1.73 0.34 -2.78 -1.15 2.73 1.22 -0.05 -0.61 -0.59 -1.44 -70.37 10.59 
FixedParDiff =  0.2172946 
likDiff =  0.007580894 
sigma: 0.97 0.1 -0.46 -0.29 2 
loglike: -5938.459 
########################################## 
[1] "estimate random effects --- done."
[1] "estimate fixed parameters --- done."
[1] "estimate dispersion parameters --- done."
############## Iteration: 3 ############### 
fixed.par: 2.15 0.99 -0.31 1.39 0.06 -1.75 0.37 -2.77 -1.11 2.65 1.23 -0.05 -0.75 -1.03 -2.1 -89.34 13.47 
FixedParDiff =  0.1371337 
likDiff =  0.002643509 
sigma: 0.98 0.1 -0.42 -0.29 2.01 
loglike: -5922.76 
########################################## 
[1] "estimate random effects --- done."
[1] "estimate fixed parameters --- done."
[1] "estimate dispersion parameters --- done."
############## Iteration: 4 ############### 
fixed.par: 2.15 1 -0.31 1.39 0.06 -1.75 0.38 -2.76 -1.07 2.57 1.24 -0.05 -1.13 -1.95 -3.61 -135.07 20.4 
FixedParDiff =  0.1933936 
likDiff =  0.004435269 
sigma: 0.98 0.08 -0.37 -0.31 2.01 
loglike: -5896.491 
########################################## 
[1] "estimate random effects --- done."
[1] "estimate fixed parameters --- done."
[1] "estimate dispersion parameters --- done."
############## Iteration: 5 ############### 
fixed.par: 2.15 1 -0.31 1.39 0.07 -1.74 0.38 -2.75 -1.01 2.44 1.24 -0.05 -2.54 -4.66 -8.55 -299.77 45.4 
FixedParDiff =  0.3916927 
likDiff =  0.009244379 
sigma: 0.98 0.05 -0.31 -0.36 2 
loglike: -5841.982 
########################################## 
[1] "estimate random effects --- done."
Error in estFixeff(RespLog, fixed = Jfixed, str_val = fixedest0, Dpars = Jraneff,  : 
  Iteration stops because fixed parameters can not be successfully estimated.

### [bt]: Job terminated with an exception [batchtools job.id=193]
### [bt]: Calculation finished!
