### [bt]: This is batchtools v0.9.15
### [bt]: Starting calculation of 1 jobs
### [bt]: Setting working directory to '/data/home/mengwang/21-summer-project/src'
### [bt]: Memory measurement disabled
### [bt]: Starting job [batchtools job.id=64]
### [bt]: Generating problem instance for problem 'generate_data' ...
### [bt]: Applying algorithm 'fit_JMest' on problem 'generate_data' for job 64 (seed = 21071088) ...
[1] "get initial values for LME & GLM models --- done."
[1] "get initial values for GLME model --- done."
[1] "get initial values for survival models --- done."
[1] "estimate random effects --- done."
[1] "estimate fixed parameters --- done."
[1] "estimate dispersion parameters --- done."
############## Iteration: 1 ############### 
fixed.par: 2.63 0.67 -0.17 1.07 0.07 -1.71 0.35 -2.74 -1.21 2.89 1.17 -0.05 -0.5 -0.32 -1.02 -55.55 8.35 
FixedParDiff =  0.2776923 
likDiff =  1 
sigma: 0.95 0.09 -0.46 -0.29 2 
loglike: -5983.938 
########################################## 
[1] "estimate random effects --- done."
[1] "estimate fixed parameters --- done."
[1] "estimate dispersion parameters --- done."
############## Iteration: 2 ############### 
fixed.par: 2.2 0.96 -0.3 1.36 0.06 -1.73 0.34 -2.78 -1.16 2.76 1.22 -0.05 -0.59 -0.56 -1.4 -68.32 10.28 
FixedParDiff =  0.2234641 
likDiff =  0.007433574 
sigma: 0.97 0.1 -0.46 -0.29 2 
loglike: -5939.456 
########################################## 
[1] "estimate random effects --- done."
[1] "estimate fixed parameters --- done."
[1] "estimate dispersion parameters --- done."
############## Iteration: 3 ############### 
fixed.par: 2.15 1 -0.31 1.39 0.06 -1.75 0.37 -2.77 -1.11 2.67 1.23 -0.05 -0.72 -0.99 -2 -85.15 12.83 
FixedParDiff =  0.1327285 
likDiff =  0.002643816 
sigma: 0.98 0.1 -0.42 -0.29 2.01 
loglike: -5923.753 
########################################## 
[1] "estimate random effects --- done."
[1] "estimate fixed parameters --- done."
[1] "estimate dispersion parameters --- done."
############## Iteration: 4 ############### 
fixed.par: 2.14 1 -0.32 1.39 0.06 -1.75 0.37 -2.76 -1.08 2.6 1.25 -0.05 -1.05 -1.85 -3.38 -125.43 18.94 
FixedParDiff =  0.1830554 
likDiff =  0.004301991 
sigma: 0.98 0.08 -0.38 -0.31 2.01 
loglike: -5898.269 
########################################## 
[1] "estimate random effects --- done."
[1] "estimate fixed parameters --- done."
[1] "estimate dispersion parameters --- done."
############## Iteration: 5 ############### 
fixed.par: 2.15 1 -0.31 1.39 0.06 -1.73 0.37 -2.75 -1.03 2.48 1.24 -0.05 -2.34 -4.43 -8.01 -276.79 41.91 
FixedParDiff =  0.3889229 
likDiff =  0.008757066 
sigma: 0.98 0.06 -0.32 -0.36 2 
loglike: -5846.618 
########################################## 
[1] "estimate random effects --- done."
Error in estFixeff(RespLog, fixed = Jfixed, str_val = fixedest0, Dpars = Jraneff,  : 
  Iteration stops because fixed parameters can not be successfully estimated.

### [bt]: Job terminated with an exception [batchtools job.id=64]
### [bt]: Calculation finished!
