### [bt]: This is batchtools v0.9.15
### [bt]: Starting calculation of 1 jobs
### [bt]: Setting working directory to '/data/home/mengwang/21-summer-project/src'
### [bt]: Memory measurement disabled
### [bt]: Starting job [batchtools job.id=200]
### [bt]: Generating problem instance for problem 'generate_data' ...
### [bt]: Applying algorithm 'fit_JMest' on problem 'generate_data' for job 200 (seed = 21071224) ...
[1] "get initial values for LME & GLM models --- done."
[1] "get initial values for GLME model --- done."
[1] "get initial values for survival models --- done."
[1] "estimate random effects --- done."
[1] "estimate fixed parameters --- done."
[1] "estimate dispersion parameters --- done."
############## Iteration: 1 ############### 
fixed.par: 2.63 0.67 -0.17 1.07 0.06 -1.68 0.32 -2.74 -1.21 2.89 1.18 -0.05 -0.51 -0.32 -1.04 -57.19 8.6 
FixedParDiff =  0.301295 
likDiff =  1 
sigma: 0.95 0.09 -0.46 -0.29 2 
loglike: -5983.831 
########################################## 
[1] "estimate random effects --- done."
[1] "estimate fixed parameters --- done."
[1] "estimate dispersion parameters --- done."
############## Iteration: 2 ############### 
fixed.par: 2.2 0.96 -0.3 1.36 0.06 -1.72 0.33 -2.78 -1.15 2.75 1.22 -0.05 -0.6 -0.58 -1.42 -69.42 10.45 
FixedParDiff =  0.2191271 
likDiff =  0.007508587 
sigma: 0.97 0.1 -0.46 -0.29 2 
loglike: -5938.9 
########################################## 
[1] "estimate random effects --- done."
[1] "estimate fixed parameters --- done."
[1] "estimate dispersion parameters --- done."
############## Iteration: 3 ############### 
fixed.par: 2.15 1 -0.31 1.39 0.06 -1.76 0.37 -2.77 -1.11 2.66 1.24 -0.05 -0.74 -1.02 -2.06 -87.92 13.25 
FixedParDiff =  0.1449789 
likDiff =  0.002647933 
sigma: 0.98 0.1 -0.42 -0.29 2.01 
loglike: -5923.175 
########################################## 
[1] "estimate random effects --- done."
[1] "estimate fixed parameters --- done."
[1] "estimate dispersion parameters --- done."
############## Iteration: 4 ############### 
fixed.par: 2.15 1 -0.32 1.39 0.06 -1.75 0.38 -2.76 -1.07 2.58 1.24 -0.05 -1.14 -1.97 -3.62 -135.68 20.49 
FixedParDiff =  0.2025168 
likDiff =  0.004402488 
sigma: 0.98 0.08 -0.37 -0.31 2.01 
loglike: -5897.098 
########################################## 
[1] "estimate random effects --- done."
[1] "estimate fixed parameters --- done."
[1] "estimate dispersion parameters --- done."
############## Iteration: 5 ############### 
fixed.par: 2.15 1 -0.32 1.39 0.06 -1.74 0.37 -2.75 -1.01 2.44 1.24 -0.05 -2.47 -4.55 -8.36 -291.81 44.19 
FixedParDiff =  0.3720637 
likDiff =  0.009344966 
sigma: 0.98 0.05 -0.31 -0.36 2 
loglike: -5841.99 
########################################## 
[1] "estimate random effects --- done."
Error in estFixeff(RespLog, fixed = Jfixed, str_val = fixedest0, Dpars = Jraneff,  : 
  Iteration stops because fixed parameters can not be successfully estimated.

### [bt]: Job terminated with an exception [batchtools job.id=200]
### [bt]: Calculation finished!
