### [bt]: This is batchtools v0.9.15
### [bt]: Starting calculation of 1 jobs
### [bt]: Setting working directory to '/data/home/mengwang/21-summer-project/src'
### [bt]: Memory measurement disabled
### [bt]: Starting job [batchtools job.id=107]
### [bt]: Generating problem instance for problem 'generate_data' ...
### [bt]: Applying algorithm 'fit_JMest' on problem 'generate_data' for job 107 (seed = 21071131) ...
[1] "get initial values for LME & GLM models --- done."
[1] "get initial values for GLME model --- done."
[1] "get initial values for survival models --- done."
[1] "estimate random effects --- done."
[1] "estimate fixed parameters --- done."
[1] "estimate dispersion parameters --- done."
############## Iteration: 1 ############### 
fixed.par: 2.63 0.67 -0.17 1.07 0.07 -1.69 0.33 -2.74 -1.22 2.89 1.18 -0.05 -0.52 -0.33 -1.05 -58.08 8.73 
FixedParDiff =  0.3053239 
likDiff =  1 
sigma: 0.95 0.09 -0.46 -0.29 2 
loglike: -5983.819 
########################################## 
[1] "estimate random effects --- done."
[1] "estimate fixed parameters --- done."
[1] "estimate dispersion parameters --- done."
############## Iteration: 2 ############### 
fixed.par: 2.2 0.96 -0.3 1.35 0.06 -1.75 0.35 -2.78 -1.15 2.74 1.23 -0.05 -0.62 -0.59 -1.46 -71.55 10.77 
FixedParDiff =  0.2269019 
likDiff =  0.007547869 
sigma: 0.97 0.1 -0.46 -0.29 2 
loglike: -5938.654 
########################################## 
[1] "estimate random effects --- done."
[1] "estimate fixed parameters --- done."
[1] "estimate dispersion parameters --- done."
############## Iteration: 3 ############### 
fixed.par: 2.15 1 -0.31 1.39 0.06 -1.74 0.36 -2.77 -1.1 2.64 1.23 -0.05 -0.75 -1.04 -2.1 -89.41 13.48 
FixedParDiff =  0.1284431 
likDiff =  0.002725499 
sigma: 0.98 0.1 -0.42 -0.28 2.01 
loglike: -5922.468 
########################################## 
[1] "estimate random effects --- done."
[1] "estimate fixed parameters --- done."
[1] "estimate dispersion parameters --- done."
############## Iteration: 4 ############### 
fixed.par: 2.15 1 -0.31 1.39 0.06 -1.75 0.38 -2.76 -1.07 2.57 1.24 -0.05 -1.14 -1.96 -3.62 -135.63 20.49 
FixedParDiff =  0.1977877 
likDiff =  0.004412623 
sigma: 0.98 0.08 -0.37 -0.31 2.01 
loglike: -5896.334 
########################################## 
[1] "estimate random effects --- done."
[1] "estimate fixed parameters --- done."
[1] "estimate dispersion parameters --- done."
############## Iteration: 5 ############### 
fixed.par: 2.15 1 -0.32 1.39 0.06 -1.73 0.37 -2.75 -1.01 2.44 1.24 -0.05 -2.39 -4.39 -8.05 -281.45 42.63 
FixedParDiff =  0.3496083 
likDiff =  0.009173475 
sigma: 0.98 0.05 -0.31 -0.36 2 
loglike: -5842.244 
########################################## 
[1] "estimate random effects --- done."
Error in estFixeff(RespLog, fixed = Jfixed, str_val = fixedest0, Dpars = Jraneff,  : 
  Iteration stops because fixed parameters can not be successfully estimated.

### [bt]: Job terminated with an exception [batchtools job.id=107]
### [bt]: Calculation finished!
