### [bt]: This is batchtools v0.9.15
### [bt]: Starting calculation of 1 jobs
### [bt]: Setting working directory to '/data/home/mengwang/21-summer-project/src'
### [bt]: Memory measurement disabled
### [bt]: Starting job [batchtools job.id=226]
### [bt]: Generating problem instance for problem 'generate_data' ...
### [bt]: Applying algorithm 'fit_JMest' on problem 'generate_data' for job 226 (seed = 21071250) ...
[1] "get initial values for LME & GLM models --- done."
[1] "get initial values for GLME model --- done."
[1] "get initial values for survival models --- done."
[1] "estimate random effects --- done."
[1] "estimate fixed parameters --- done."
[1] "estimate dispersion parameters --- done."
############## Iteration: 1 ############### 
fixed.par: 2.63 0.67 -0.17 1.07 0.07 -1.72 0.36 -2.73 -1.22 2.89 1.18 -0.05 -0.52 -0.33 -1.06 -58.29 8.76 
FixedParDiff =  0.2959739 
likDiff =  1 
sigma: 0.95 0.09 -0.46 -0.29 2 
loglike: -5983.822 
########################################## 
[1] "estimate random effects --- done."
[1] "estimate fixed parameters --- done."
[1] "estimate dispersion parameters --- done."
############## Iteration: 2 ############### 
fixed.par: 2.2 0.96 -0.3 1.36 0.06 -1.73 0.34 -2.78 -1.15 2.74 1.21 -0.05 -0.61 -0.59 -1.45 -70.92 10.67 
FixedParDiff =  0.2233806 
likDiff =  0.007557606 
sigma: 0.97 0.1 -0.46 -0.29 2 
loglike: -5938.598 
########################################## 
[1] "estimate random effects --- done."
[1] "estimate fixed parameters --- done."
[1] "estimate dispersion parameters --- done."
############## Iteration: 3 ############### 
fixed.par: 2.15 0.99 -0.31 1.39 0.06 -1.75 0.36 -2.77 -1.11 2.65 1.24 -0.05 -0.75 -1.03 -2.09 -89.04 13.42 
FixedParDiff =  0.1327284 
likDiff =  0.002683364 
sigma: 0.98 0.1 -0.42 -0.28 2.01 
loglike: -5922.663 
########################################## 
[1] "estimate random effects --- done."
[1] "estimate fixed parameters --- done."
[1] "estimate dispersion parameters --- done."
############## Iteration: 4 ############### 
fixed.par: 2.14 1 -0.32 1.39 0.06 -1.74 0.37 -2.76 -1.07 2.58 1.25 -0.05 -1.13 -1.96 -3.61 -135.31 20.44 
FixedParDiff =  0.1951577 
likDiff =  0.004406615 
sigma: 0.98 0.08 -0.37 -0.31 2.01 
loglike: -5896.564 
########################################## 
[1] "estimate random effects --- done."
[1] "estimate fixed parameters --- done."
[1] "estimate dispersion parameters --- done."
############## Iteration: 5 ############### 
fixed.par: 2.15 1 -0.31 1.39 0.07 -1.75 0.38 -2.75 -1.01 2.44 1.24 -0.05 -2.64 -4.84 -8.88 -311.92 47.24 
FixedParDiff =  0.4211894 
likDiff =  0.009291771 
sigma: 0.98 0.05 -0.31 -0.36 2 
loglike: -5841.774 
########################################## 
[1] "estimate random effects --- done."
Warning in log(det(H/2/pi)) : NaNs produced
Error in estFixeff(RespLog, fixed = Jfixed, str_val = fixedest0, Dpars = Jraneff,  : 
  Iteration stops because fixed parameters can not be successfully estimated.

### [bt]: Job terminated with an exception [batchtools job.id=226]
### [bt]: Calculation finished!
