### [bt]: This is batchtools v0.9.15
### [bt]: Starting calculation of 1 jobs
### [bt]: Setting working directory to '/data/home/mengwang/21-summer-project/src'
### [bt]: Memory measurement disabled
### [bt]: Starting job [batchtools job.id=23]
### [bt]: Generating problem instance for problem 'generate_data' ...
### [bt]: Applying algorithm 'fit_JMest' on problem 'generate_data' for job 23 (seed = 21071047) ...
[1] "get initial values for LME & GLM models --- done."
[1] "get initial values for GLME model --- done."
[1] "get initial values for survival models --- done."
[1] "estimate random effects --- done."
[1] "estimate fixed parameters --- done."
[1] "estimate dispersion parameters --- done."
############## Iteration: 1 ############### 
fixed.par: 2.63 0.67 -0.17 1.07 0.06 -1.67 0.32 -2.74 -1.22 2.89 1.2 -0.05 -0.51 -0.32 -1.04 -57.31 8.61 
FixedParDiff =  0.304896 
likDiff =  1 
sigma: 0.95 0.09 -0.46 -0.29 2 
loglike: -5983.821 
########################################## 
[1] "estimate random effects --- done."
[1] "estimate fixed parameters --- done."
[1] "estimate dispersion parameters --- done."
############## Iteration: 2 ############### 
fixed.par: 2.2 0.96 -0.3 1.35 0.06 -1.73 0.34 -2.77 -1.15 2.75 1.22 -0.05 -0.6 -0.58 -1.43 -69.72 10.49 
FixedParDiff =  0.2193536 
likDiff =  0.007508439 
sigma: 0.97 0.1 -0.46 -0.29 2 
loglike: -5938.892 
########################################## 
[1] "estimate random effects --- done."
[1] "estimate fixed parameters --- done."
[1] "estimate dispersion parameters --- done."
############## Iteration: 3 ############### 
fixed.par: 2.15 1 -0.31 1.39 0.06 -1.72 0.35 -2.77 -1.11 2.66 1.24 -0.05 -0.74 -1.02 -2.06 -87.98 13.26 
FixedParDiff =  0.1309235 
likDiff =  0.002656435 
sigma: 0.98 0.1 -0.42 -0.29 2.01 
loglike: -5923.116 
########################################## 
[1] "estimate random effects --- done."
[1] "estimate fixed parameters --- done."
[1] "estimate dispersion parameters --- done."
############## Iteration: 4 ############### 
fixed.par: 2.14 1 -0.32 1.39 0.06 -1.74 0.37 -2.76 -1.07 2.58 1.24 -0.05 -1.11 -1.93 -3.56 -133 20.09 
FixedParDiff =  0.2004878 
likDiff =  0.004392318 
sigma: 0.98 0.08 -0.37 -0.31 2.01 
loglike: -5897.1 
########################################## 
[1] "estimate random effects --- done."
[1] "estimate fixed parameters --- done."
[1] "estimate dispersion parameters --- done."
############## Iteration: 5 ############### 
fixed.par: 2.15 1 -0.31 1.39 0.07 -1.75 0.38 -2.75 -1.01 2.45 1.24 -0.05 -2.64 -4.86 -8.9 -311.67 47.2 
FixedParDiff =  0.433922 
likDiff =  0.009164139 
sigma: 0.98 0.05 -0.31 -0.36 2 
loglike: -5843.058 
########################################## 
[1] "estimate random effects --- done."
Error in estFixeff(RespLog, fixed = Jfixed, str_val = fixedest0, Dpars = Jraneff,  : 
  Iteration stops because fixed parameters can not be successfully estimated.

### [bt]: Job terminated with an exception [batchtools job.id=23]
### [bt]: Calculation finished!
