### [bt]: This is batchtools v0.9.15
### [bt]: Starting calculation of 1 jobs
### [bt]: Setting working directory to '/data/home/mengwang/21-summer-project/src'
### [bt]: Memory measurement disabled
### [bt]: Starting job [batchtools job.id=216]
### [bt]: Generating problem instance for problem 'generate_data' ...
### [bt]: Applying algorithm 'fit_JMest' on problem 'generate_data' for job 216 (seed = 21071240) ...
[1] "get initial values for LME & GLM models --- done."
[1] "get initial values for GLME model --- done."
[1] "get initial values for survival models --- done."
[1] "estimate random effects --- done."
[1] "estimate fixed parameters --- done."
[1] "estimate dispersion parameters --- done."
############## Iteration: 1 ############### 
fixed.par: 2.63 0.67 -0.17 1.07 0.06 -1.64 0.29 -2.74 -1.22 2.89 1.2 -0.05 -0.5 -0.32 -1.02 -55.67 8.37 
FixedParDiff =  0.3001564 
likDiff =  1 
sigma: 0.95 0.09 -0.46 -0.29 2 
loglike: -5983.926 
########################################## 
[1] "estimate random effects --- done."
[1] "estimate fixed parameters --- done."
[1] "estimate dispersion parameters --- done."
############## Iteration: 2 ############### 
fixed.par: 2.2 0.96 -0.3 1.36 0.06 -1.72 0.33 -2.78 -1.16 2.76 1.22 -0.05 -0.59 -0.56 -1.38 -67.59 10.17 
FixedParDiff =  0.2203209 
likDiff =  0.007432172 
sigma: 0.97 0.1 -0.46 -0.29 2 
loglike: -5939.453 
########################################## 
[1] "estimate random effects --- done."
[1] "estimate fixed parameters --- done."
[1] "estimate dispersion parameters --- done."
############## Iteration: 3 ############### 
fixed.par: 2.15 1 -0.31 1.39 0.06 -1.73 0.35 -2.77 -1.12 2.68 1.23 -0.05 -0.74 -1.01 -2.04 -87.52 13.19 
FixedParDiff =  0.1435859 
likDiff =  0.002601994 
sigma: 0.98 0.1 -0.42 -0.29 2.01 
loglike: -5923.998 
########################################## 
[1] "estimate random effects --- done."
[1] "estimate fixed parameters --- done."
[1] "estimate dispersion parameters --- done."
############## Iteration: 4 ############### 
fixed.par: 2.15 1 -0.31 1.39 0.06 -1.73 0.36 -2.76 -1.07 2.59 1.24 -0.05 -1.08 -1.88 -3.47 -129.18 19.51 
FixedParDiff =  0.187112 
likDiff =  0.004437185 
sigma: 0.98 0.08 -0.37 -0.31 2.01 
loglike: -5897.712 
########################################## 
[1] "estimate random effects --- done."
[1] "estimate fixed parameters --- done."
[1] "estimate dispersion parameters --- done."
############## Iteration: 5 ############### 
fixed.par: 2.15 1 -0.32 1.39 0.06 -1.71 0.35 -2.75 -1.02 2.46 1.24 -0.05 -2.65 -4.93 -8.98 -313.34 47.44 
FixedParDiff =  0.4547453 
likDiff =  0.008864602 
sigma: 0.98 0.06 -0.31 -0.36 2 
loglike: -5845.431 
########################################## 
[1] "estimate random effects --- done."
Error in estFixeff(RespLog, fixed = Jfixed, str_val = fixedest0, Dpars = Jraneff,  : 
  Iteration stops because fixed parameters can not be successfully estimated.

### [bt]: Job terminated with an exception [batchtools job.id=216]
### [bt]: Calculation finished!
