### [bt]: This is batchtools v0.9.15
### [bt]: Starting calculation of 1 jobs
### [bt]: Setting working directory to '/data/home/mengwang/21-summer-project/src'
### [bt]: Memory measurement disabled
### [bt]: Starting job [batchtools job.id=206]
### [bt]: Generating problem instance for problem 'generate_data' ...
### [bt]: Applying algorithm 'fit_JMest' on problem 'generate_data' for job 206 (seed = 21071230) ...
[1] "get initial values for LME & GLM models --- done."
[1] "get initial values for GLME model --- done."
[1] "get initial values for survival models --- done."
[1] "estimate random effects --- done."
[1] "estimate fixed parameters --- done."
[1] "estimate dispersion parameters --- done."
############## Iteration: 1 ############### 
fixed.par: 2.63 0.67 -0.17 1.07 0.07 -1.7 0.34 -2.73 -1.22 2.89 1.18 -0.05 -0.52 -0.33 -1.05 -58 8.72 
FixedParDiff =  0.3026371 
likDiff =  1 
sigma: 0.95 0.09 -0.46 -0.29 2 
loglike: -5983.825 
########################################## 
[1] "estimate random effects --- done."
[1] "estimate fixed parameters --- done."
[1] "estimate dispersion parameters --- done."
############## Iteration: 2 ############### 
fixed.par: 2.2 0.96 -0.3 1.35 0.06 -1.74 0.35 -2.77 -1.15 2.74 1.22 -0.05 -0.59 -0.57 -1.41 -68.21 10.27 
FixedParDiff =  0.2071232 
likDiff =  0.007537796 
sigma: 0.97 0.1 -0.46 -0.29 2 
loglike: -5938.72 
########################################## 
[1] "estimate random effects --- done."
[1] "estimate fixed parameters --- done."
[1] "estimate dispersion parameters --- done."
############## Iteration: 3 ############### 
fixed.par: 2.15 1 -0.31 1.39 0.06 -1.75 0.37 -2.77 -1.11 2.67 1.23 -0.05 -0.72 -1 -2.02 -85.96 12.96 
FixedParDiff =  0.132606 
likDiff =  0.002565284 
sigma: 0.98 0.1 -0.42 -0.29 2.01 
loglike: -5923.485 
########################################## 
[1] "estimate random effects --- done."
Warning in log(det(H/2/pi)) : NaNs produced
[1] "estimate fixed parameters --- done."
[1] "estimate dispersion parameters --- done."
############## Iteration: 4 ############### 
fixed.par: 2.14 1 -0.32 1.39 0.06 -1.75 0.37 -2.76 -1.07 2.6 1.24 -0.05 -1.05 -1.85 -3.38 -125.51 18.96 
FixedParDiff =  0.177896 
likDiff =  0.004314463 
sigma: 0.98 0.08 -0.38 -0.31 2.01 
loglike: -5897.929 
########################################## 
[1] "estimate random effects --- done."
[1] "estimate fixed parameters --- done."
[1] "estimate dispersion parameters --- done."
############## Iteration: 5 ############### 
fixed.par: 2.15 1 -0.31 1.39 0.06 -1.74 0.37 -2.75 -1.02 2.48 1.24 -0.05 -2.36 -4.46 -8.06 -279.35 42.3 
FixedParDiff =  0.3940936 
likDiff =  0.008740527 
sigma: 0.98 0.06 -0.32 -0.36 2 
loglike: -5846.378 
########################################## 
[1] "estimate random effects --- done."
Error in estFixeff(RespLog, fixed = Jfixed, str_val = fixedest0, Dpars = Jraneff,  : 
  Iteration stops because fixed parameters can not be successfully estimated.

### [bt]: Job terminated with an exception [batchtools job.id=206]
### [bt]: Calculation finished!
