### [bt]: This is batchtools v0.9.15
### [bt]: Starting calculation of 1 jobs
### [bt]: Setting working directory to '/data/home/mengwang/21-summer-project/src'
### [bt]: Memory measurement disabled
### [bt]: Starting job [batchtools job.id=101]
### [bt]: Generating problem instance for problem 'generate_data' ...
### [bt]: Applying algorithm 'fit_JMest' on problem 'generate_data' for job 101 (seed = 21071125) ...
[1] "get initial values for LME & GLM models --- done."
[1] "get initial values for GLME model --- done."
[1] "get initial values for survival models --- done."
[1] "estimate random effects --- done."
[1] "estimate fixed parameters --- done."
[1] "estimate dispersion parameters --- done."
############## Iteration: 1 ############### 
fixed.par: 2.63 0.67 -0.17 1.07 0.07 -1.71 0.35 -2.73 -1.21 2.89 1.17 -0.05 -0.52 -0.32 -1.05 -57.71 8.67 
FixedParDiff =  0.2948205 
likDiff =  1 
sigma: 0.95 0.09 -0.46 -0.29 2 
loglike: -5983.81 
########################################## 
[1] "estimate random effects --- done."
[1] "estimate fixed parameters --- done."
[1] "estimate dispersion parameters --- done."
############## Iteration: 2 ############### 
fixed.par: 2.2 0.96 -0.3 1.36 0.06 -1.72 0.34 -2.78 -1.15 2.74 1.22 -0.05 -0.6 -0.58 -1.43 -69.74 10.5 
FixedParDiff =  0.220748 
likDiff =  0.007530409 
sigma: 0.97 0.1 -0.46 -0.29 2 
loglike: -5938.749 
########################################## 
[1] "estimate random effects --- done."
[1] "estimate fixed parameters --- done."
[1] "estimate dispersion parameters --- done."
############## Iteration: 3 ############### 
fixed.par: 2.15 0.99 -0.31 1.39 0.06 -1.74 0.36 -2.77 -1.11 2.66 1.24 -0.05 -0.75 -1.02 -2.08 -88.72 13.37 
FixedParDiff =  0.1389168 
likDiff =  0.002640102 
sigma: 0.98 0.1 -0.42 -0.29 2.01 
loglike: -5923.07 
########################################## 
[1] "estimate random effects --- done."
[1] "estimate fixed parameters --- done."
[1] "estimate dispersion parameters --- done."
############## Iteration: 4 ############### 
fixed.par: 2.15 1 -0.31 1.39 0.06 -1.73 0.36 -2.76 -1.07 2.58 1.25 -0.05 -1.11 -1.92 -3.54 -132.19 19.97 
FixedParDiff =  0.1861643 
likDiff =  0.004407063 
sigma: 0.98 0.08 -0.37 -0.31 2.01 
loglike: -5896.967 
########################################## 
[1] "estimate random effects --- done."
[1] "estimate fixed parameters --- done."
[1] "estimate dispersion parameters --- done."
############## Iteration: 5 ############### 
fixed.par: 2.15 1 -0.31 1.39 0.06 -1.74 0.37 -2.75 -1.01 2.45 1.24 -0.05 -2.57 -4.74 -8.68 -303.64 45.98 
FixedParDiff =  0.4194749 
likDiff =  0.009087326 
sigma: 0.98 0.05 -0.31 -0.36 2 
loglike: -5843.379 
########################################## 
[1] "estimate random effects --- done."
Warning in log(det(H/2/pi)) : NaNs produced
Error in estFixeff(RespLog, fixed = Jfixed, str_val = fixedest0, Dpars = Jraneff,  : 
  Iteration stops because fixed parameters can not be successfully estimated.

### [bt]: Job terminated with an exception [batchtools job.id=101]
### [bt]: Calculation finished!
