### [bt]: This is batchtools v0.9.15
### [bt]: Starting calculation of 1 jobs
### [bt]: Setting working directory to '/data/home/mengwang/21-summer-project/src'
### [bt]: Memory measurement disabled
### [bt]: Starting job [batchtools job.id=14]
### [bt]: Generating problem instance for problem 'generate_data' ...
### [bt]: Applying algorithm 'fit_JMest' on problem 'generate_data' for job 14 (seed = 21071038) ...
[1] "get initial values for LME & GLM models --- done."
[1] "get initial values for GLME model --- done."
[1] "get initial values for survival models --- done."
[1] "estimate random effects --- done."
[1] "estimate fixed parameters --- done."
[1] "estimate dispersion parameters --- done."
############## Iteration: 1 ############### 
fixed.par: 2.63 0.67 -0.17 1.07 0.07 -1.69 0.33 -2.73 -1.22 2.89 1.18 -0.05 -0.51 -0.32 -1.04 -57.12 8.59 
FixedParDiff =  0.2973953 
likDiff =  1 
sigma: 0.95 0.09 -0.46 -0.29 2 
loglike: -5983.834 
########################################## 
[1] "estimate random effects --- done."
[1] "estimate fixed parameters --- done."
[1] "estimate dispersion parameters --- done."
############## Iteration: 2 ############### 
fixed.par: 2.2 0.96 -0.3 1.36 0.06 -1.75 0.36 -2.77 -1.15 2.75 1.22 -0.05 -0.6 -0.57 -1.41 -68.94 10.38 
FixedParDiff =  0.2168915 
likDiff =  0.007498743 
sigma: 0.97 0.1 -0.46 -0.29 2 
loglike: -5938.963 
########################################## 
[1] "estimate random effects --- done."
[1] "estimate fixed parameters --- done."
[1] "estimate dispersion parameters --- done."
############## Iteration: 3 ############### 
fixed.par: 2.15 0.99 -0.31 1.39 0.06 -1.75 0.36 -2.77 -1.11 2.66 1.23 -0.05 -0.74 -1.02 -2.06 -88.07 13.27 
FixedParDiff =  0.1349831 
likDiff =  0.002623812 
sigma: 0.98 0.1 -0.42 -0.29 2.01 
loglike: -5923.38 
########################################## 
[1] "estimate random effects --- done."
[1] "estimate fixed parameters --- done."
[1] "estimate dispersion parameters --- done."
############## Iteration: 4 ############### 
fixed.par: 2.15 1 -0.32 1.39 0.06 -1.73 0.36 -2.76 -1.07 2.58 1.24 -0.05 -1.08 -1.88 -3.47 -129.01 19.49 
FixedParDiff =  0.1801364 
likDiff =  0.004401536 
sigma: 0.98 0.08 -0.37 -0.31 2.01 
loglike: -5897.308 
########################################## 
[1] "estimate random effects --- done."
[1] "estimate fixed parameters --- done."
[1] "estimate dispersion parameters --- done."
############## Iteration: 5 ############### 
fixed.par: 2.14 1 -0.32 1.39 0.07 -1.75 0.38 -2.75 -1.02 2.46 1.24 -0.05 -2.42 -4.52 -8.24 -286.6 43.4 
FixedParDiff =  0.3999215 
likDiff =  0.008887073 
sigma: 0.98 0.05 -0.31 -0.36 2 
loglike: -5844.898 
########################################## 
[1] "estimate random effects --- done."
Error in estFixeff(RespLog, fixed = Jfixed, str_val = fixedest0, Dpars = Jraneff,  : 
  Iteration stops because fixed parameters can not be successfully estimated.

### [bt]: Job terminated with an exception [batchtools job.id=14]
### [bt]: Calculation finished!
