### [bt]: This is batchtools v0.9.15
### [bt]: Starting calculation of 1 jobs
### [bt]: Setting working directory to '/data/home/mengwang/21-summer-project/src'
### [bt]: Memory measurement disabled
### [bt]: Starting job [batchtools job.id=258]
### [bt]: Generating problem instance for problem 'generate_data' ...
### [bt]: Applying algorithm 'fit_JMest' on problem 'generate_data' for job 258 (seed = 21071282) ...
[1] "get initial values for LME & GLM models --- done."
[1] "get initial values for GLME model --- done."
[1] "get initial values for survival models --- done."
[1] "estimate random effects --- done."
[1] "estimate fixed parameters --- done."
[1] "estimate dispersion parameters --- done."
############## Iteration: 1 ############### 
fixed.par: 2.63 0.67 -0.17 1.07 0.07 -1.68 0.32 -2.74 -1.22 2.89 1.17 -0.05 -0.51 -0.32 -1.04 -56.99 8.57 
FixedParDiff =  0.2974354 
likDiff =  1 
sigma: 0.95 0.09 -0.46 -0.29 2 
loglike: -5983.827 
########################################## 
[1] "estimate random effects --- done."
[1] "estimate fixed parameters --- done."
[1] "estimate dispersion parameters --- done."
############## Iteration: 2 ############### 
fixed.par: 2.2 0.96 -0.3 1.36 0.06 -1.72 0.34 -2.77 -1.15 2.75 1.22 -0.05 -0.59 -0.57 -1.4 -68.33 10.29 
FixedParDiff =  0.2177802 
likDiff =  0.007484624 
sigma: 0.97 0.1 -0.46 -0.29 2 
loglike: -5939.04 
########################################## 
[1] "estimate random effects --- done."
[1] "estimate fixed parameters --- done."
[1] "estimate dispersion parameters --- done."
############## Iteration: 3 ############### 
fixed.par: 2.15 1 -0.31 1.39 0.06 -1.76 0.37 -2.77 -1.11 2.67 1.23 -0.05 -0.75 -1.02 -2.07 -88.94 13.4 
FixedParDiff =  0.1519743 
likDiff =  0.002594728 
sigma: 0.98 0.1 -0.42 -0.29 2.01 
loglike: -5923.63 
########################################## 
[1] "estimate random effects --- done."
[1] "estimate fixed parameters --- done."
[1] "estimate dispersion parameters --- done."
############## Iteration: 4 ############### 
fixed.par: 2.14 1 -0.32 1.39 0.06 -1.73 0.36 -2.76 -1.07 2.58 1.24 -0.05 -1.07 -1.86 -3.43 -127.4 19.24 
FixedParDiff =  0.1738663 
likDiff =  0.004447438 
sigma: 0.98 0.08 -0.37 -0.31 2.01 
loglike: -5897.285 
########################################## 
[1] "estimate random effects --- done."
[1] "estimate fixed parameters --- done."
[1] "estimate dispersion parameters --- done."
############## Iteration: 5 ############### 
fixed.par: 2.15 1 -0.31 1.39 0.06 -1.73 0.37 -2.75 -1.02 2.47 1.24 -0.05 -2.46 -4.58 -8.33 -290.17 43.94 
FixedParDiff =  0.4118055 
likDiff =  0.008729899 
sigma: 0.98 0.06 -0.31 -0.36 2 
loglike: -5845.803 
########################################## 
[1] "estimate random effects --- done."
Warning in log(det(H/2/pi)) : NaNs produced
Error in estFixeff(RespLog, fixed = Jfixed, str_val = fixedest0, Dpars = Jraneff,  : 
  Iteration stops because fixed parameters can not be successfully estimated.

### [bt]: Job terminated with an exception [batchtools job.id=258]
### [bt]: Calculation finished!
