### [bt]: This is batchtools v0.9.15
### [bt]: Starting calculation of 1 jobs
### [bt]: Setting working directory to '/data/home/mengwang/21-summer-project/src'
### [bt]: Memory measurement disabled
### [bt]: Starting job [batchtools job.id=237]
### [bt]: Generating problem instance for problem 'generate_data' ...
### [bt]: Applying algorithm 'fit_JMest' on problem 'generate_data' for job 237 (seed = 21071261) ...
[1] "get initial values for LME & GLM models --- done."
[1] "get initial values for GLME model --- done."
[1] "get initial values for survival models --- done."
[1] "estimate random effects --- done."
[1] "estimate fixed parameters --- done."
[1] "estimate dispersion parameters --- done."
############## Iteration: 1 ############### 
fixed.par: 2.63 0.67 -0.17 1.07 0.06 -1.65 0.3 -2.74 -1.22 2.89 1.18 -0.05 -0.52 -0.33 -1.05 -57.78 8.68 
FixedParDiff =  0.3126895 
likDiff =  1 
sigma: 0.95 0.09 -0.46 -0.29 2 
loglike: -5983.841 
########################################## 
[1] "estimate random effects --- done."
[1] "estimate fixed parameters --- done."
[1] "estimate dispersion parameters --- done."
############## Iteration: 2 ############### 
fixed.par: 2.2 0.96 -0.3 1.35 0.06 -1.73 0.34 -2.77 -1.15 2.74 1.22 -0.05 -0.59 -0.57 -1.41 -68.17 10.26 
FixedParDiff =  0.2123815 
likDiff =  0.007533526 
sigma: 0.97 0.1 -0.46 -0.29 2 
loglike: -5938.761 
########################################## 
[1] "estimate random effects --- done."
[1] "estimate fixed parameters --- done."
[1] "estimate dispersion parameters --- done."
############## Iteration: 3 ############### 
fixed.par: 2.15 1 -0.31 1.39 0.06 -1.74 0.36 -2.77 -1.12 2.67 1.24 -0.05 -0.71 -0.99 -2 -84.9 12.8 
FixedParDiff =  0.1260016 
likDiff =  0.002569281 
sigma: 0.98 0.1 -0.42 -0.29 2.01 
loglike: -5923.503 
########################################## 
[1] "estimate random effects --- done."
[1] "estimate fixed parameters --- done."
[1] "estimate dispersion parameters --- done."
############## Iteration: 4 ############### 
fixed.par: 2.15 1 -0.32 1.39 0.06 -1.74 0.37 -2.76 -1.08 2.6 1.24 -0.05 -1.09 -1.92 -3.5 -130.32 19.68 
FixedParDiff =  0.2039604 
likDiff =  0.0042953 
sigma: 0.98 0.08 -0.38 -0.31 2.01 
loglike: -5898.06 
########################################## 
[1] "estimate random effects --- done."
[1] "estimate fixed parameters --- done."
[1] "estimate dispersion parameters --- done."
############## Iteration: 5 ############### 
fixed.par: 2.15 1 -0.31 1.39 0.06 -1.74 0.37 -2.75 -1.02 2.47 1.24 -0.05 -2.37 -4.44 -8.07 -279.9 42.38 
FixedParDiff =  0.3730143 
likDiff =  0.009103062 
sigma: 0.98 0.06 -0.31 -0.36 2 
loglike: -5844.37 
########################################## 
[1] "estimate random effects --- done."
Error in estFixeff(RespLog, fixed = Jfixed, str_val = fixedest0, Dpars = Jraneff,  : 
  Iteration stops because fixed parameters can not be successfully estimated.

### [bt]: Job terminated with an exception [batchtools job.id=237]
### [bt]: Calculation finished!
