### [bt]: This is batchtools v0.9.15
### [bt]: Starting calculation of 1 jobs
### [bt]: Setting working directory to '/data/home/mengwang/21-summer-project/src'
### [bt]: Memory measurement disabled
### [bt]: Starting job [batchtools job.id=175]
### [bt]: Generating problem instance for problem 'generate_data' ...
### [bt]: Applying algorithm 'fit_JMest' on problem 'generate_data' for job 175 (seed = 21071199) ...
[1] "get initial values for LME & GLM models --- done."
[1] "get initial values for GLME model --- done."
[1] "get initial values for survival models --- done."
[1] "estimate random effects --- done."
[1] "estimate fixed parameters --- done."
[1] "estimate dispersion parameters --- done."
############## Iteration: 1 ############### 
fixed.par: 2.63 0.67 -0.17 1.07 0.07 -1.68 0.33 -2.73 -1.21 2.89 1.17 -0.05 -0.51 -0.32 -1.03 -56.56 8.5 
FixedParDiff =  0.2930326 
likDiff =  1 
sigma: 0.95 0.09 -0.46 -0.29 2 
loglike: -5983.867 
########################################## 
[1] "estimate random effects --- done."
[1] "estimate fixed parameters --- done."
[1] "estimate dispersion parameters --- done."
############## Iteration: 2 ############### 
fixed.par: 2.2 0.96 -0.3 1.36 0.06 -1.75 0.36 -2.78 -1.16 2.75 1.22 -0.05 -0.6 -0.57 -1.41 -69.18 10.41 
FixedParDiff =  0.2196151 
likDiff =  0.007477441 
sigma: 0.97 0.1 -0.46 -0.29 2 
loglike: -5939.123 
########################################## 
[1] "estimate random effects --- done."
[1] "estimate fixed parameters --- done."
[1] "estimate dispersion parameters --- done."
############## Iteration: 3 ############### 
fixed.par: 2.15 1 -0.31 1.39 0.06 -1.75 0.37 -2.77 -1.11 2.66 1.24 -0.05 -0.73 -1.01 -2.05 -87.37 13.17 
FixedParDiff =  0.1345451 
likDiff =  0.002658594 
sigma: 0.98 0.1 -0.42 -0.29 2.01 
loglike: -5923.333 
########################################## 
[1] "estimate random effects --- done."
[1] "estimate fixed parameters --- done."
[1] "estimate dispersion parameters --- done."
############## Iteration: 4 ############### 
fixed.par: 2.14 1 -0.32 1.39 0.06 -1.76 0.38 -2.76 -1.07 2.59 1.24 -0.05 -1.1 -1.91 -3.52 -131.1 19.8 
FixedParDiff =  0.193866 
likDiff =  0.004385676 
sigma: 0.98 0.08 -0.37 -0.31 2.01 
loglike: -5897.356 
########################################## 
[1] "estimate random effects --- done."
[1] "estimate fixed parameters --- done."
[1] "estimate dispersion parameters --- done."
############## Iteration: 5 ############### 
fixed.par: 2.15 1 -0.32 1.39 0.06 -1.73 0.37 -2.75 -1.02 2.46 1.24 -0.05 -2.31 -4.31 -7.86 -272.63 41.29 
FixedParDiff =  0.3509468 
likDiff =  0.008997302 
sigma: 0.98 0.05 -0.31 -0.36 2 
loglike: -5844.295 
########################################## 
[1] "estimate random effects --- done."
Error in estFixeff(RespLog, fixed = Jfixed, str_val = fixedest0, Dpars = Jraneff,  : 
  Iteration stops because fixed parameters can not be successfully estimated.

### [bt]: Job terminated with an exception [batchtools job.id=175]
### [bt]: Calculation finished!
