### [bt]: This is batchtools v0.9.15
### [bt]: Starting calculation of 1 jobs
### [bt]: Setting working directory to '/data/home/mengwang/21-summer-project/src'
### [bt]: Memory measurement disabled
### [bt]: Starting job [batchtools job.id=108]
### [bt]: Generating problem instance for problem 'generate_data' ...
### [bt]: Applying algorithm 'fit_JMest' on problem 'generate_data' for job 108 (seed = 21071132) ...
[1] "get initial values for LME & GLM models --- done."
[1] "get initial values for GLME model --- done."
[1] "get initial values for survival models --- done."
[1] "estimate random effects --- done."
[1] "estimate fixed parameters --- done."
[1] "estimate dispersion parameters --- done."
############## Iteration: 1 ############### 
fixed.par: 2.63 0.67 -0.17 1.07 0.07 -1.7 0.34 -2.73 -1.21 2.89 1.18 -0.05 -0.52 -0.33 -1.05 -57.85 8.7 
FixedParDiff =  0.3019277 
likDiff =  1 
sigma: 0.95 0.09 -0.46 -0.29 2 
loglike: -5983.825 
########################################## 
[1] "estimate random effects --- done."
[1] "estimate fixed parameters --- done."
[1] "estimate dispersion parameters --- done."
############## Iteration: 2 ############### 
fixed.par: 2.2 0.96 -0.3 1.36 0.06 -1.73 0.34 -2.77 -1.15 2.74 1.23 -0.05 -0.62 -0.59 -1.45 -71.33 10.74 
FixedParDiff =  0.2239039 
likDiff =  0.007536547 
sigma: 0.97 0.1 -0.46 -0.29 2 
loglike: -5938.728 
########################################## 
[1] "estimate random effects --- done."
[1] "estimate fixed parameters --- done."
[1] "estimate dispersion parameters --- done."
############## Iteration: 3 ############### 
fixed.par: 2.15 1 -0.31 1.39 0.06 -1.76 0.37 -2.77 -1.1 2.65 1.24 -0.05 -0.75 -1.03 -2.09 -89.09 13.43 
FixedParDiff =  0.1343253 
likDiff =  0.002719529 
sigma: 0.98 0.1 -0.42 -0.29 2.01 
loglike: -5922.577 
########################################## 
[1] "estimate random effects --- done."
[1] "estimate fixed parameters --- done."
[1] "estimate dispersion parameters --- done."
############## Iteration: 4 ############### 
fixed.par: 2.15 1 -0.32 1.39 0.06 -1.74 0.37 -2.76 -1.07 2.57 1.24 -0.05 -1.17 -2.02 -3.72 -139.96 21.14 
FixedParDiff =  0.2089665 
likDiff =  0.004395157 
sigma: 0.98 0.08 -0.37 -0.31 2.01 
loglike: -5896.546 
########################################## 
[1] "estimate random effects --- done."
[1] "estimate fixed parameters --- done."
[1] "estimate dispersion parameters --- done."
############## Iteration: 5 ############### 
fixed.par: 2.14 1 -0.32 1.39 0.06 -1.74 0.37 -2.75 -1 2.42 1.24 -0.05 -2.78 -5.04 -9.31 -328.3 49.72 
FixedParDiff =  0.4309372 
likDiff =  0.009650094 
sigma: 0.98 0.05 -0.31 -0.37 2 
loglike: -5839.644 
########################################## 
[1] "estimate random effects --- done."
Warning in log(det(H/2/pi)) : NaNs produced
Error in estFixeff(RespLog, fixed = Jfixed, str_val = fixedest0, Dpars = Jraneff,  : 
  Iteration stops because fixed parameters can not be successfully estimated.

### [bt]: Job terminated with an exception [batchtools job.id=108]
### [bt]: Calculation finished!
