### [bt]: This is batchtools v0.9.15
### [bt]: Starting calculation of 1 jobs
### [bt]: Setting working directory to '/data/home/mengwang/21-summer-project/src'
### [bt]: Memory measurement disabled
### [bt]: Starting job [batchtools job.id=75]
### [bt]: Generating problem instance for problem 'generate_data' ...
### [bt]: Applying algorithm 'fit_JMest' on problem 'generate_data' for job 75 (seed = 21071099) ...
[1] "get initial values for LME & GLM models --- done."
[1] "get initial values for GLME model --- done."
[1] "get initial values for survival models --- done."
[1] "estimate random effects --- done."
[1] "estimate fixed parameters --- done."
[1] "estimate dispersion parameters --- done."
############## Iteration: 1 ############### 
fixed.par: 2.63 0.67 -0.17 1.07 0.07 -1.69 0.33 -2.73 -1.21 2.89 1.17 -0.05 -0.52 -0.32 -1.05 -57.77 8.68 
FixedParDiff =  0.3001507 
likDiff =  1 
sigma: 0.95 0.09 -0.46 -0.29 2 
loglike: -5983.816 
########################################## 
[1] "estimate random effects --- done."
[1] "estimate fixed parameters --- done."
[1] "estimate dispersion parameters --- done."
############## Iteration: 2 ############### 
fixed.par: 2.2 0.96 -0.3 1.35 0.06 -1.72 0.33 -2.78 -1.15 2.74 1.23 -0.05 -0.62 -0.59 -1.46 -71.54 10.77 
FixedParDiff =  0.2270013 
likDiff =  0.007528099 
sigma: 0.97 0.1 -0.46 -0.29 2 
loglike: -5938.769 
########################################## 
[1] "estimate random effects --- done."
[1] "estimate fixed parameters --- done."
[1] "estimate dispersion parameters --- done."
############## Iteration: 3 ############### 
fixed.par: 2.15 1 -0.31 1.39 0.06 -1.76 0.37 -2.77 -1.1 2.64 1.23 -0.05 -0.76 -1.04 -2.12 -90.55 13.65 
FixedParDiff =  0.1419484 
likDiff =  0.002733938 
sigma: 0.98 0.1 -0.42 -0.29 2.01 
loglike: -5922.533 
########################################## 
[1] "estimate random effects --- done."
[1] "estimate fixed parameters --- done."
[1] "estimate dispersion parameters --- done."
############## Iteration: 4 ############### 
fixed.par: 2.15 1 -0.31 1.39 0.06 -1.75 0.37 -2.76 -1.06 2.57 1.24 -0.05 -1.16 -1.99 -3.68 -138.23 20.88 
FixedParDiff =  0.1961217 
likDiff =  0.004461272 
sigma: 0.98 0.08 -0.37 -0.31 2.01 
loglike: -5896.111 
########################################## 
[1] "estimate random effects --- done."
[1] "estimate fixed parameters --- done."
[1] "estimate dispersion parameters --- done."
############## Iteration: 5 ############### 
fixed.par: 2.15 1 -0.31 1.39 0.06 -1.73 0.37 -2.75 -1 2.42 1.24 -0.05 -2.91 -5.26 -9.72 -343.41 52.01 
FixedParDiff =  0.4700473 
likDiff =  0.009391818 
sigma: 0.98 0.05 -0.31 -0.37 2 
loglike: -5840.736 
########################################## 
[1] "estimate random effects --- done."
Error in estFixeff(RespLog, fixed = Jfixed, str_val = fixedest0, Dpars = Jraneff,  : 
  Iteration stops because fixed parameters can not be successfully estimated.

### [bt]: Job terminated with an exception [batchtools job.id=75]
### [bt]: Calculation finished!
