### [bt]: This is batchtools v0.9.15
### [bt]: Starting calculation of 1 jobs
### [bt]: Setting working directory to '/data/home/mengwang/21-summer-project/src'
### [bt]: Memory measurement disabled
### [bt]: Starting job [batchtools job.id=135]
### [bt]: Generating problem instance for problem 'generate_data' ...
### [bt]: Applying algorithm 'fit_JMest' on problem 'generate_data' for job 135 (seed = 21071159) ...
[1] "get initial values for LME & GLM models --- done."
[1] "get initial values for GLME model --- done."
[1] "get initial values for survival models --- done."
[1] "estimate random effects --- done."
[1] "estimate fixed parameters --- done."
[1] "estimate dispersion parameters --- done."
############## Iteration: 1 ############### 
fixed.par: 2.63 0.67 -0.17 1.07 0.07 -1.69 0.33 -2.73 -1.22 2.89 1.18 -0.05 -0.53 -0.33 -1.07 -59.13 8.89 
FixedParDiff =  0.3131175 
likDiff =  1 
sigma: 0.95 0.09 -0.46 -0.29 2 
loglike: -5983.867 
########################################## 
[1] "estimate random effects --- done."
[1] "estimate fixed parameters --- done."
[1] "estimate dispersion parameters --- done."
############## Iteration: 2 ############### 
fixed.par: 2.2 0.96 -0.3 1.36 0.06 -1.74 0.35 -2.78 -1.15 2.73 1.22 -0.05 -0.61 -0.59 -1.45 -70.75 10.65 
FixedParDiff =  0.2151036 
likDiff =  0.007610299 
sigma: 0.97 0.1 -0.46 -0.29 2 
loglike: -5938.328 
########################################## 
[1] "estimate random effects --- done."
[1] "estimate fixed parameters --- done."
[1] "estimate dispersion parameters --- done."
############## Iteration: 3 ############### 
fixed.par: 2.15 0.99 -0.31 1.39 0.06 -1.76 0.37 -2.77 -1.11 2.65 1.24 -0.05 -0.75 -1.04 -2.1 -89.22 13.45 
FixedParDiff =  0.1334852 
likDiff =  0.002654036 
sigma: 0.98 0.1 -0.42 -0.28 2.01 
loglike: -5922.567 
########################################## 
[1] "estimate random effects --- done."
[1] "estimate fixed parameters --- done."
[1] "estimate dispersion parameters --- done."
############## Iteration: 4 ############### 
fixed.par: 2.14 1 -0.32 1.39 0.06 -1.75 0.37 -2.76 -1.07 2.58 1.24 -0.05 -1.1 -1.9 -3.5 -130.51 19.71 
FixedParDiff =  0.1769457 
likDiff =  0.004392974 
sigma: 0.98 0.08 -0.37 -0.31 2.01 
loglike: -5896.55 
########################################## 
[1] "estimate random effects --- done."
[1] "estimate fixed parameters --- done."
[1] "estimate dispersion parameters --- done."
############## Iteration: 5 ############### 
fixed.par: 2.14 1 -0.32 1.39 0.06 -1.72 0.36 -2.75 -1.02 2.46 1.24 -0.05 -2.44 -4.52 -8.25 -288.12 43.63 
FixedParDiff =  0.3921093 
likDiff =  0.008930411 
sigma: 0.98 0.05 -0.31 -0.36 2 
loglike: -5843.891 
########################################## 
[1] "estimate random effects --- done."
Warning in log(det(H/2/pi)) : NaNs produced
Error in estFixeff(RespLog, fixed = Jfixed, str_val = fixedest0, Dpars = Jraneff,  : 
  Iteration stops because fixed parameters can not be successfully estimated.

### [bt]: Job terminated with an exception [batchtools job.id=135]
### [bt]: Calculation finished!
