### [bt]: This is batchtools v0.9.15
### [bt]: Starting calculation of 1 jobs
### [bt]: Setting working directory to '/data/home/mengwang/21-summer-project/src'
### [bt]: Memory measurement disabled
### [bt]: Starting job [batchtools job.id=105]
### [bt]: Generating problem instance for problem 'generate_data' ...
### [bt]: Applying algorithm 'fit_JMest' on problem 'generate_data' for job 105 (seed = 21071129) ...
[1] "get initial values for LME & GLM models --- done."
[1] "get initial values for GLME model --- done."
[1] "get initial values for survival models --- done."
[1] "estimate random effects --- done."
[1] "estimate fixed parameters --- done."
[1] "estimate dispersion parameters --- done."
############## Iteration: 1 ############### 
fixed.par: 2.63 0.67 -0.17 1.07 0.06 -1.68 0.33 -2.74 -1.22 2.89 1.18 -0.05 -0.52 -0.33 -1.06 -58.54 8.8 
FixedParDiff =  0.3095094 
likDiff =  1 
sigma: 0.95 0.09 -0.46 -0.29 2 
loglike: -5983.828 
########################################## 
[1] "estimate random effects --- done."
[1] "estimate fixed parameters --- done."
[1] "estimate dispersion parameters --- done."
############## Iteration: 2 ############### 
fixed.par: 2.2 0.96 -0.3 1.36 0.06 -1.72 0.34 -2.78 -1.15 2.73 1.23 -0.05 -0.61 -0.59 -1.44 -70.46 10.61 
FixedParDiff =  0.217544 
likDiff =  0.007578496 
sigma: 0.97 0.1 -0.46 -0.29 2 
loglike: -5938.48 
########################################## 
[1] "estimate random effects --- done."
Warning in log(det(H/2/pi)) : NaNs produced
Warning in log(det(H/2/pi)) : NaNs produced
[1] "estimate fixed parameters --- done."
[1] "estimate dispersion parameters --- done."
############## Iteration: 3 ############### 
fixed.par: 2.15 1 -0.31 1.39 0.06 -1.74 0.36 -2.77 -1.11 2.65 1.24 -0.05 -0.75 -1.03 -2.09 -88.71 13.37 
FixedParDiff =  0.1338903 
likDiff =  0.002656085 
sigma: 0.98 0.1 -0.42 -0.29 2.01 
loglike: -5922.706 
########################################## 
[1] "estimate random effects --- done."
[1] "estimate fixed parameters --- done."
[1] "estimate dispersion parameters --- done."
############## Iteration: 4 ############### 
fixed.par: 2.14 1 -0.32 1.39 0.07 -1.76 0.38 -2.76 -1.07 2.58 1.24 -0.05 -1.13 -1.96 -3.6 -134.82 20.36 
FixedParDiff =  0.2026566 
likDiff =  0.004407719 
sigma: 0.98 0.08 -0.37 -0.31 2.01 
loglike: -5896.601 
########################################## 
[1] "estimate random effects --- done."
[1] "estimate fixed parameters --- done."
[1] "estimate dispersion parameters --- done."
############## Iteration: 5 ############### 
fixed.par: 2.15 1 -0.31 1.39 0.07 -1.75 0.38 -2.75 -1.01 2.44 1.24 -0.05 -2.61 -4.8 -8.8 -308.28 46.69 
FixedParDiff =  0.4112623 
likDiff =  0.009281263 
sigma: 0.98 0.05 -0.31 -0.36 2 
loglike: -5841.873 
########################################## 
[1] "estimate random effects --- done."
Error in estFixeff(RespLog, fixed = Jfixed, str_val = fixedest0, Dpars = Jraneff,  : 
  Iteration stops because fixed parameters can not be successfully estimated.

### [bt]: Job terminated with an exception [batchtools job.id=105]
### [bt]: Calculation finished!
