### [bt]: This is batchtools v0.9.15
### [bt]: Starting calculation of 1 jobs
### [bt]: Setting working directory to '/data/home/mengwang/21-summer-project/src'
### [bt]: Memory measurement disabled
### [bt]: Starting job [batchtools job.id=119]
### [bt]: Generating problem instance for problem 'generate_data' ...
### [bt]: Applying algorithm 'fit_JMest' on problem 'generate_data' for job 119 (seed = 21071143) ...
[1] "get initial values for LME & GLM models --- done."
[1] "get initial values for GLME model --- done."
[1] "get initial values for survival models --- done."
[1] "estimate random effects --- done."
[1] "estimate fixed parameters --- done."
[1] "estimate dispersion parameters --- done."
############## Iteration: 1 ############### 
fixed.par: 2.63 0.67 -0.17 1.07 0.07 -1.71 0.35 -2.73 -1.21 2.89 1.17 -0.05 -0.52 -0.33 -1.05 -57.91 8.7 
FixedParDiff =  0.2967991 
likDiff =  1 
sigma: 0.95 0.09 -0.46 -0.29 2 
loglike: -5983.815 
########################################## 
[1] "estimate random effects --- done."
[1] "estimate fixed parameters --- done."
[1] "estimate dispersion parameters --- done."
############## Iteration: 2 ############### 
fixed.par: 2.21 0.96 -0.3 1.35 0.06 -1.72 0.34 -2.78 -1.15 2.74 1.22 -0.05 -0.6 -0.58 -1.43 -69.88 10.52 
FixedParDiff =  0.2199274 
likDiff =  0.007543306 
sigma: 0.97 0.1 -0.46 -0.29 2 
loglike: -5938.678 
########################################## 
[1] "estimate random effects --- done."
[1] "estimate fixed parameters --- done."
[1] "estimate dispersion parameters --- done."
############## Iteration: 3 ############### 
fixed.par: 2.15 0.99 -0.31 1.39 0.06 -1.73 0.35 -2.77 -1.11 2.66 1.24 -0.05 -0.74 -1.02 -2.06 -87.55 13.2 
FixedParDiff =  0.1292747 
likDiff =  0.002647936 
sigma: 0.98 0.1 -0.42 -0.29 2.01 
loglike: -5922.952 
########################################## 
[1] "estimate random effects --- done."
[1] "estimate fixed parameters --- done."
[1] "estimate dispersion parameters --- done."
############## Iteration: 4 ############### 
fixed.par: 2.14 1 -0.32 1.39 0.06 -1.73 0.36 -2.76 -1.07 2.59 1.25 -0.05 -1.14 -1.97 -3.63 -135.79 20.51 
FixedParDiff =  0.2055471 
likDiff =  0.004372499 
sigma: 0.98 0.08 -0.37 -0.31 2.01 
loglike: -5897.054 
########################################## 
[1] "estimate random effects --- done."
[1] "estimate fixed parameters --- done."
[1] "estimate dispersion parameters --- done."
############## Iteration: 5 ############### 
fixed.par: 2.15 1 -0.31 1.39 0.06 -1.73 0.37 -2.75 -1.01 2.44 1.24 -0.05 -2.54 -4.68 -8.6 -300.48 45.51 
FixedParDiff =  0.3953751 
likDiff =  0.009387736 
sigma: 0.98 0.05 -0.31 -0.36 2 
loglike: -5841.694 
########################################## 
[1] "estimate random effects --- done."
Error in estFixeff(RespLog, fixed = Jfixed, str_val = fixedest0, Dpars = Jraneff,  : 
  Iteration stops because fixed parameters can not be successfully estimated.

### [bt]: Job terminated with an exception [batchtools job.id=119]
### [bt]: Calculation finished!
