### [bt]: This is batchtools v0.9.15
### [bt]: Starting calculation of 1 jobs
### [bt]: Setting working directory to '/data/home/mengwang/21-summer-project/src'
### [bt]: Memory measurement disabled
### [bt]: Starting job [batchtools job.id=109]
### [bt]: Generating problem instance for problem 'generate_data' ...
### [bt]: Applying algorithm 'fit_JMest' on problem 'generate_data' for job 109 (seed = 21071133) ...
[1] "get initial values for LME & GLM models --- done."
[1] "get initial values for GLME model --- done."
[1] "get initial values for survival models --- done."
[1] "estimate random effects --- done."
[1] "estimate fixed parameters --- done."
[1] "estimate dispersion parameters --- done."
############## Iteration: 1 ############### 
fixed.par: 2.63 0.67 -0.17 1.07 0.06 -1.67 0.31 -2.73 -1.21 2.89 1.17 -0.05 -0.52 -0.33 -1.06 -58.32 8.76 
FixedParDiff =  0.313316 
likDiff =  1 
sigma: 0.95 0.09 -0.46 -0.29 2 
loglike: -5983.842 
########################################## 
[1] "estimate random effects --- done."
[1] "estimate fixed parameters --- done."
[1] "estimate dispersion parameters --- done."
############## Iteration: 2 ############### 
fixed.par: 2.2 0.96 -0.3 1.36 0.06 -1.72 0.33 -2.78 -1.15 2.74 1.22 -0.05 -0.61 -0.59 -1.45 -70.98 10.68 
FixedParDiff =  0.220283 
likDiff =  0.007565718 
sigma: 0.97 0.1 -0.46 -0.29 2 
loglike: -5938.57 
########################################## 
[1] "estimate random effects --- done."
[1] "estimate fixed parameters --- done."
[1] "estimate dispersion parameters --- done."
############## Iteration: 3 ############### 
fixed.par: 2.15 1 -0.32 1.39 0.07 -1.77 0.38 -2.77 -1.11 2.65 1.24 -0.05 -0.74 -1.02 -2.08 -88.17 13.29 
FixedParDiff =  0.1423751 
likDiff =  0.002683772 
sigma: 0.98 0.1 -0.42 -0.28 2.01 
loglike: -5922.633 
########################################## 
[1] "estimate random effects --- done."
[1] "estimate fixed parameters --- done."
[1] "estimate dispersion parameters --- done."
############## Iteration: 4 ############### 
fixed.par: 2.14 1 -0.32 1.39 0.06 -1.73 0.36 -2.76 -1.07 2.58 1.25 -0.05 -1.1 -1.91 -3.52 -131.28 19.83 
FixedParDiff =  0.1923717 
likDiff =  0.004354651 
sigma: 0.98 0.08 -0.37 -0.31 2.01 
loglike: -5896.842 
########################################## 
[1] "estimate random effects --- done."
[1] "estimate fixed parameters --- done."
[1] "estimate dispersion parameters --- done."
############## Iteration: 5 ############### 
fixed.par: 2.15 1 -0.31 1.39 0.07 -1.75 0.38 -2.75 -1.02 2.45 1.24 -0.05 -2.65 -4.88 -8.92 -312.37 47.3 
FixedParDiff =  0.4476529 
likDiff =  0.009010595 
sigma: 0.98 0.05 -0.31 -0.36 2 
loglike: -5843.708 
########################################## 
[1] "estimate random effects --- done."
Error in estFixeff(RespLog, fixed = Jfixed, str_val = fixedest0, Dpars = Jraneff,  : 
  Iteration stops because fixed parameters can not be successfully estimated.

### [bt]: Job terminated with an exception [batchtools job.id=109]
### [bt]: Calculation finished!
