### [bt]: This is batchtools v0.9.15
### [bt]: Starting calculation of 1 jobs
### [bt]: Setting working directory to '/data/home/mengwang/21-summer-project/src'
### [bt]: Memory measurement disabled
### [bt]: Starting job [batchtools job.id=37]
### [bt]: Generating problem instance for problem 'generate_data' ...
### [bt]: Applying algorithm 'fit_JMest' on problem 'generate_data' for job 37 (seed = 21071061) ...
[1] "get initial values for LME & GLM models --- done."
[1] "get initial values for GLME model --- done."
[1] "get initial values for survival models --- done."
[1] "estimate random effects --- done."
[1] "estimate fixed parameters --- done."
[1] "estimate dispersion parameters --- done."
############## Iteration: 1 ############### 
fixed.par: 2.63 0.67 -0.17 1.07 0.06 -1.65 0.3 -2.74 -1.21 2.89 1.17 -0.05 -0.51 -0.32 -1.04 -56.87 8.55 
FixedParDiff =  0.3043896 
likDiff =  1 
sigma: 0.95 0.09 -0.46 -0.29 2 
loglike: -5983.853 
########################################## 
[1] "estimate random effects --- done."
[1] "estimate fixed parameters --- done."
[1] "estimate dispersion parameters --- done."
############## Iteration: 2 ############### 
fixed.par: 2.2 0.96 -0.3 1.36 0.06 -1.74 0.35 -2.78 -1.16 2.75 1.22 -0.05 -0.6 -0.57 -1.42 -69.2 10.42 
FixedParDiff =  0.2260812 
likDiff =  0.007493867 
sigma: 0.97 0.1 -0.46 -0.29 2 
loglike: -5939.011 
########################################## 
[1] "estimate random effects --- done."
[1] "estimate fixed parameters --- done."
[1] "estimate dispersion parameters --- done."
############## Iteration: 3 ############### 
fixed.par: 2.15 1 -0.31 1.39 0.06 -1.76 0.37 -2.77 -1.11 2.66 1.24 -0.05 -0.73 -1.01 -2.05 -87.15 13.14 
FixedParDiff =  0.1319175 
likDiff =  0.002641585 
sigma: 0.98 0.1 -0.42 -0.29 2.01 
loglike: -5923.322 
########################################## 
[1] "estimate random effects --- done."
[1] "estimate fixed parameters --- done."
[1] "estimate dispersion parameters --- done."
############## Iteration: 4 ############### 
fixed.par: 2.14 1 -0.32 1.39 0.06 -1.74 0.37 -2.76 -1.08 2.59 1.25 -0.05 -1.17 -2.03 -3.72 -140 21.14 
FixedParDiff =  0.2218401 
likDiff =  0.004339018 
sigma: 0.98 0.08 -0.37 -0.31 2.01 
loglike: -5897.621 
########################################## 
[1] "estimate random effects --- done."
[1] "estimate fixed parameters --- done."
[1] "estimate dispersion parameters --- done."
############## Iteration: 5 ############### 
fixed.par: 2.15 1 -0.31 1.39 0.06 -1.74 0.37 -2.75 -1 2.43 1.23 -0.05 -2.27 -4.19 -7.71 -268.5 40.67 
FixedParDiff =  0.3063182 
likDiff =  0.009432954 
sigma: 0.98 0.05 -0.31 -0.37 2 
loglike: -5841.989 
########################################## 
[1] "estimate random effects --- done."
Error in estFixeff(RespLog, fixed = Jfixed, str_val = fixedest0, Dpars = Jraneff,  : 
  Iteration stops because fixed parameters can not be successfully estimated.

### [bt]: Job terminated with an exception [batchtools job.id=37]
### [bt]: Calculation finished!
