### [bt]: This is batchtools v0.9.15
### [bt]: Starting calculation of 1 jobs
### [bt]: Setting working directory to '/data/home/mengwang/21-summer-project/src'
### [bt]: Memory measurement disabled
### [bt]: Starting job [batchtools job.id=210]
### [bt]: Generating problem instance for problem 'generate_data' ...
### [bt]: Applying algorithm 'fit_JMest' on problem 'generate_data' for job 210 (seed = 21071234) ...
[1] "get initial values for LME & GLM models --- done."
[1] "get initial values for GLME model --- done."
[1] "get initial values for survival models --- done."
[1] "estimate random effects --- done."
[1] "estimate fixed parameters --- done."
[1] "estimate dispersion parameters --- done."
############## Iteration: 1 ############### 
fixed.par: 2.63 0.67 -0.17 1.07 0.07 -1.73 0.36 -2.73 -1.21 2.89 1.17 -0.05 -0.51 -0.32 -1.03 -56.81 8.54 
FixedParDiff =  0.2838029 
likDiff =  1 
sigma: 0.95 0.09 -0.46 -0.29 2 
loglike: -5983.843 
########################################## 
[1] "estimate random effects --- done."
[1] "estimate fixed parameters --- done."
[1] "estimate dispersion parameters --- done."
############## Iteration: 2 ############### 
fixed.par: 2.2 0.96 -0.3 1.35 0.06 -1.74 0.35 -2.78 -1.16 2.75 1.22 -0.05 -0.6 -0.57 -1.41 -68.85 10.36 
FixedParDiff =  0.2219796 
likDiff =  0.007484143 
sigma: 0.97 0.1 -0.46 -0.29 2 
loglike: -5939.059 
########################################## 
[1] "estimate random effects --- done."
[1] "estimate fixed parameters --- done."
[1] "estimate dispersion parameters --- done."
############## Iteration: 3 ############### 
fixed.par: 2.15 1 -0.31 1.39 0.06 -1.75 0.36 -2.77 -1.11 2.67 1.24 -0.05 -0.71 -0.98 -1.99 -84.09 12.68 
FixedParDiff =  0.1218229 
likDiff =  0.002613751 
sigma: 0.98 0.1 -0.42 -0.29 2.01 
loglike: -5923.536 
########################################## 
[1] "estimate random effects --- done."
[1] "estimate fixed parameters --- done."
[1] "estimate dispersion parameters --- done."
############## Iteration: 4 ############### 
fixed.par: 2.14 1 -0.32 1.39 0.06 -1.74 0.37 -2.76 -1.08 2.61 1.24 -0.05 -1.03 -1.82 -3.32 -122.73 18.54 
FixedParDiff =  0.1770501 
likDiff =  0.004211816 
sigma: 0.98 0.08 -0.38 -0.31 2.01 
loglike: -5898.587 
########################################## 
[1] "estimate random effects --- done."
[1] "estimate fixed parameters --- done."
[1] "estimate dispersion parameters --- done."
############## Iteration: 5 ############### 
fixed.par: 2.15 1 -0.31 1.39 0.06 -1.74 0.37 -2.75 -1.03 2.49 1.24 -0.05 -2.47 -4.69 -8.45 -292.51 44.28 
FixedParDiff =  0.4419366 
likDiff =  0.008573451 
sigma: 0.98 0.06 -0.32 -0.36 2 
loglike: -5848.016 
########################################## 
[1] "estimate random effects --- done."
Warning in log(det(H/2/pi)) : NaNs produced
Error in estFixeff(RespLog, fixed = Jfixed, str_val = fixedest0, Dpars = Jraneff,  : 
  Iteration stops because fixed parameters can not be successfully estimated.

### [bt]: Job terminated with an exception [batchtools job.id=210]
### [bt]: Calculation finished!
