### [bt]: This is batchtools v0.9.15
### [bt]: Starting calculation of 1 jobs
### [bt]: Setting working directory to '/data/home/mengwang/21-summer-project/src'
### [bt]: Memory measurement disabled
### [bt]: Starting job [batchtools job.id=238]
### [bt]: Generating problem instance for problem 'generate_data' ...
### [bt]: Applying algorithm 'fit_JMest' on problem 'generate_data' for job 238 (seed = 21071262) ...
[1] "get initial values for LME & GLM models --- done."
[1] "get initial values for GLME model --- done."
[1] "get initial values for survival models --- done."
[1] "estimate random effects --- done."
[1] "estimate fixed parameters --- done."
[1] "estimate dispersion parameters --- done."
############## Iteration: 1 ############### 
fixed.par: 2.63 0.67 -0.17 1.07 0.07 -1.7 0.34 -2.73 -1.22 2.89 1.18 -0.05 -0.5 -0.32 -1.02 -55.51 8.35 
FixedParDiff =  0.2830983 
likDiff =  1 
sigma: 0.95 0.09 -0.46 -0.29 2 
loglike: -5983.945 
########################################## 
[1] "estimate random effects --- done."
[1] "estimate fixed parameters --- done."
[1] "estimate dispersion parameters --- done."
############## Iteration: 2 ############### 
fixed.par: 2.2 0.96 -0.3 1.35 0.06 -1.72 0.34 -2.78 -1.16 2.76 1.22 -0.05 -0.59 -0.56 -1.4 -68.48 10.31 
FixedParDiff =  0.2232069 
likDiff =  0.007432724 
sigma: 0.97 0.1 -0.46 -0.29 2 
loglike: -5939.468 
########################################## 
[1] "estimate random effects --- done."
[1] "estimate fixed parameters --- done."
[1] "estimate dispersion parameters --- done."
############## Iteration: 3 ############### 
fixed.par: 2.15 1 -0.31 1.39 0.06 -1.74 0.36 -2.77 -1.11 2.67 1.24 -0.05 -0.71 -0.97 -1.98 -83.92 12.65 
FixedParDiff =  0.1257863 
likDiff =  0.002645727 
sigma: 0.98 0.1 -0.42 -0.29 2.01 
loglike: -5923.753 
########################################## 
[1] "estimate random effects --- done."
[1] "estimate fixed parameters --- done."
[1] "estimate dispersion parameters --- done."
############## Iteration: 4 ############### 
fixed.par: 2.14 1 -0.32 1.39 0.07 -1.76 0.38 -2.76 -1.08 2.61 1.25 -0.05 -1.1 -1.93 -3.53 -131.63 19.88 
FixedParDiff =  0.217887 
likDiff =  0.004243029 
sigma: 0.98 0.08 -0.38 -0.31 2.01 
loglike: -5898.619 
########################################## 
[1] "estimate random effects --- done."
[1] "estimate fixed parameters --- done."
[1] "estimate dispersion parameters --- done."
############## Iteration: 5 ############### 
fixed.par: 2.15 1 -0.31 1.39 0.06 -1.74 0.37 -2.75 -1.01 2.46 1.24 -0.05 -2.52 -4.7 -8.57 -297.9 45.11 
FixedParDiff =  0.4090819 
likDiff =  0.009255012 
sigma: 0.98 0.06 -0.31 -0.36 2 
loglike: -5844.027 
########################################## 
[1] "estimate random effects --- done."
Error in estFixeff(RespLog, fixed = Jfixed, str_val = fixedest0, Dpars = Jraneff,  : 
  Iteration stops because fixed parameters can not be successfully estimated.

### [bt]: Job terminated with an exception [batchtools job.id=238]
### [bt]: Calculation finished!
