### [bt]: This is batchtools v0.9.15
### [bt]: Starting calculation of 1 jobs
### [bt]: Setting working directory to '/data/home/mengwang/21-summer-project/src'
### [bt]: Memory measurement disabled
### [bt]: Starting job [batchtools job.id=111]
### [bt]: Generating problem instance for problem 'generate_data' ...
### [bt]: Applying algorithm 'fit_JMest' on problem 'generate_data' for job 111 (seed = 21071135) ...
[1] "get initial values for LME & GLM models --- done."
[1] "get initial values for GLME model --- done."
[1] "get initial values for survival models --- done."
[1] "estimate random effects --- done."
[1] "estimate fixed parameters --- done."
[1] "estimate dispersion parameters --- done."
############## Iteration: 1 ############### 
fixed.par: 2.63 0.67 -0.17 1.07 0.07 -1.72 0.35 -2.73 -1.21 2.89 1.17 -0.05 -0.52 -0.33 -1.05 -58.02 8.72 
FixedParDiff =  0.2951972 
likDiff =  1 
sigma: 0.95 0.09 -0.46 -0.29 2 
loglike: -5983.815 
########################################## 
[1] "estimate random effects --- done."
[1] "estimate fixed parameters --- done."
[1] "estimate dispersion parameters --- done."
############## Iteration: 2 ############### 
fixed.par: 2.2 0.96 -0.3 1.36 0.06 -1.73 0.34 -2.78 -1.15 2.74 1.22 -0.05 -0.61 -0.59 -1.45 -70.97 10.68 
FixedParDiff =  0.224411 
likDiff =  0.007547087 
sigma: 0.97 0.1 -0.46 -0.29 2 
loglike: -5938.654 
########################################## 
[1] "estimate random effects --- done."
[1] "estimate fixed parameters --- done."
[1] "estimate dispersion parameters --- done."
############## Iteration: 3 ############### 
fixed.par: 2.15 1 -0.32 1.39 0.06 -1.75 0.37 -2.77 -1.11 2.65 1.24 -0.05 -0.78 -1.06 -2.16 -92.37 13.92 
FixedParDiff =  0.1481014 
likDiff =  0.002683066 
sigma: 0.98 0.1 -0.42 -0.29 2.01 
loglike: -5922.72 
########################################## 
[1] "estimate random effects --- done."
[1] "estimate fixed parameters --- done."
[1] "estimate dispersion parameters --- done."
############## Iteration: 4 ############### 
fixed.par: 2.15 1 -0.32 1.39 0.06 -1.75 0.38 -2.76 -1.06 2.56 1.24 -0.05 -1.17 -2 -3.71 -139.64 21.09 
FixedParDiff =  0.1957025 
likDiff =  0.004566913 
sigma: 0.98 0.08 -0.37 -0.31 2.01 
loglike: -5895.672 
########################################## 
[1] "estimate random effects --- done."
[1] "estimate fixed parameters --- done."
[1] "estimate dispersion parameters --- done."
############## Iteration: 5 ############### 
fixed.par: 2.15 1 -0.31 1.39 0.07 -1.74 0.38 -2.75 -1 2.42 1.24 -0.05 -2.69 -4.86 -9.01 -317.71 48.12 
FixedParDiff =  0.4085566 
likDiff =  0.009455136 
sigma: 0.98 0.05 -0.31 -0.36 2 
loglike: -5839.928 
########################################## 
[1] "estimate random effects --- done."
Error in estFixeff(RespLog, fixed = Jfixed, str_val = fixedest0, Dpars = Jraneff,  : 
  Iteration stops because fixed parameters can not be successfully estimated.

### [bt]: Job terminated with an exception [batchtools job.id=111]
### [bt]: Calculation finished!
