### [bt]: This is batchtools v0.9.15
### [bt]: Starting calculation of 1 jobs
### [bt]: Setting working directory to '/data/home/mengwang/21-summer-project/src'
### [bt]: Memory measurement disabled
### [bt]: Starting job [batchtools job.id=159]
### [bt]: Generating problem instance for problem 'generate_data' ...
### [bt]: Applying algorithm 'fit_JMest' on problem 'generate_data' for job 159 (seed = 21071183) ...
[1] "get initial values for LME & GLM models --- done."
[1] "get initial values for GLME model --- done."
[1] "get initial values for survival models --- done."
[1] "estimate random effects --- done."
[1] "estimate fixed parameters --- done."
[1] "estimate dispersion parameters --- done."
############## Iteration: 1 ############### 
fixed.par: 2.63 0.67 -0.17 1.07 0.06 -1.65 0.3 -2.74 -1.22 2.89 1.18 -0.05 -0.52 -0.32 -1.05 -57.59 8.66 
FixedParDiff =  0.3105505 
likDiff =  1 
sigma: 0.95 0.09 -0.46 -0.29 2 
loglike: -5983.811 
########################################## 
[1] "estimate random effects --- done."
[1] "estimate fixed parameters --- done."
[1] "estimate dispersion parameters --- done."
############## Iteration: 2 ############### 
fixed.par: 2.2 0.96 -0.3 1.36 0.06 -1.74 0.35 -2.78 -1.15 2.74 1.22 -0.05 -0.59 -0.57 -1.41 -68.42 10.3 
FixedParDiff =  0.2170616 
likDiff =  0.007517692 
sigma: 0.97 0.1 -0.46 -0.29 2 
loglike: -5938.827 
########################################## 
[1] "estimate random effects --- done."
[1] "estimate fixed parameters --- done."
[1] "estimate dispersion parameters --- done."
############## Iteration: 3 ############### 
fixed.par: 2.15 1 -0.31 1.39 0.06 -1.73 0.35 -2.77 -1.11 2.67 1.24 -0.05 -0.75 -1.02 -2.07 -88.53 13.34 
FixedParDiff =  0.140389 
likDiff =  0.002590733 
sigma: 0.98 0.1 -0.42 -0.29 2.01 
loglike: -5923.441 
########################################## 
[1] "estimate random effects --- done."
[1] "estimate fixed parameters --- done."
[1] "estimate dispersion parameters --- done."
############## Iteration: 4 ############### 
fixed.par: 2.15 1 -0.32 1.39 0.06 -1.74 0.37 -2.76 -1.07 2.58 1.24 -0.05 -1.12 -1.94 -3.57 -133.38 20.15 
FixedParDiff =  0.1952053 
likDiff =  0.00446049 
sigma: 0.98 0.08 -0.37 -0.31 2.01 
loglike: -5897.019 
########################################## 
[1] "estimate random effects --- done."
[1] "estimate fixed parameters --- done."
[1] "estimate dispersion parameters --- done."
############## Iteration: 5 ############### 
fixed.par: 2.15 1 -0.32 1.39 0.07 -1.75 0.38 -2.74 -1.01 2.45 1.24 -0.05 -2.5 -4.62 -8.46 -295.47 44.75 
FixedParDiff =  0.3972979 
likDiff =  0.00917989 
sigma: 0.98 0.05 -0.31 -0.36 2 
loglike: -5842.885 
########################################## 
[1] "estimate random effects --- done."
Error in estFixeff(RespLog, fixed = Jfixed, str_val = fixedest0, Dpars = Jraneff,  : 
  Iteration stops because fixed parameters can not be successfully estimated.

### [bt]: Job terminated with an exception [batchtools job.id=159]
### [bt]: Calculation finished!
