### [bt]: This is batchtools v0.9.15
### [bt]: Starting calculation of 1 jobs
### [bt]: Setting working directory to '/data/home/mengwang/21-summer-project/src'
### [bt]: Memory measurement disabled
### [bt]: Starting job [batchtools job.id=5]
### [bt]: Generating problem instance for problem 'generate_data' ...
### [bt]: Applying algorithm 'fit_JMest' on problem 'generate_data' for job 5 (seed = 21071029) ...
[1] "get initial values for LME & GLM models --- done."
[1] "get initial values for GLME model --- done."
[1] "get initial values for survival models --- done."
[1] "estimate random effects --- done."
[1] "estimate fixed parameters --- done."
[1] "estimate dispersion parameters --- done."
############## Iteration: 1 ############### 
fixed.par: 2.63 0.67 -0.17 1.07 0.07 -1.7 0.34 -2.74 -1.21 2.89 1.18 -0.05 -0.49 -0.31 -1 -54.41 8.18 
FixedParDiff =  0.2712275 
likDiff =  1 
sigma: 0.95 0.09 -0.46 -0.29 2 
loglike: -5984.087 
########################################## 
[1] "estimate random effects --- done."
[1] "estimate fixed parameters --- done."
[1] "estimate dispersion parameters --- done."
############## Iteration: 2 ############### 
fixed.par: 2.2 0.96 -0.3 1.35 0.06 -1.74 0.35 -2.78 -1.17 2.77 1.22 -0.05 -0.59 -0.56 -1.4 -68.66 10.33 
FixedParDiff =  0.2314686 
likDiff =  0.007401641 
sigma: 0.97 0.1 -0.46 -0.29 2 
loglike: -5939.795 
########################################## 
[1] "estimate random effects --- done."
[1] "estimate fixed parameters --- done."
[1] "estimate dispersion parameters --- done."
############## Iteration: 3 ############### 
fixed.par: 2.15 1 -0.31 1.39 0.06 -1.75 0.37 -2.77 -1.11 2.67 1.23 -0.05 -0.73 -0.99 -2.02 -86.26 13 
FixedParDiff =  0.1321791 
likDiff =  0.002704234 
sigma: 0.98 0.1 -0.42 -0.29 2.01 
loglike: -5923.733 
########################################## 
[1] "estimate random effects --- done."
[1] "estimate fixed parameters --- done."
[1] "estimate dispersion parameters --- done."
############## Iteration: 4 ############### 
fixed.par: 2.15 1 -0.31 1.39 0.06 -1.72 0.35 -2.76 -1.08 2.59 1.25 -0.05 -1.09 -1.91 -3.51 -130.63 19.73 
FixedParDiff =  0.1997995 
likDiff =  0.004366013 
sigma: 0.98 0.08 -0.37 -0.31 2.01 
loglike: -5897.87 
########################################## 
[1] "estimate random effects --- done."
[1] "estimate fixed parameters --- done."
[1] "estimate dispersion parameters --- done."
############## Iteration: 5 ############### 
fixed.par: 2.14 1 -0.32 1.39 0.06 -1.73 0.37 -2.75 -1.02 2.46 1.24 -0.05 -2.48 -4.64 -8.47 -293.97 44.51 
FixedParDiff =  0.4078456 
likDiff =  0.009086657 
sigma: 0.98 0.05 -0.31 -0.37 2 
loglike: -5844.278 
########################################## 
[1] "estimate random effects --- done."
Error in estFixeff(RespLog, fixed = Jfixed, str_val = fixedest0, Dpars = Jraneff,  : 
  Iteration stops because fixed parameters can not be successfully estimated.

### [bt]: Job terminated with an exception [batchtools job.id=5]
### [bt]: Calculation finished!
