### [bt]: This is batchtools v0.9.15
### [bt]: Starting calculation of 1 jobs
### [bt]: Setting working directory to '/data/home/mengwang/21-summer-project/src'
### [bt]: Memory measurement disabled
### [bt]: Starting job [batchtools job.id=250]
### [bt]: Generating problem instance for problem 'generate_data' ...
### [bt]: Applying algorithm 'fit_JMest' on problem 'generate_data' for job 250 (seed = 21071274) ...
[1] "get initial values for LME & GLM models --- done."
[1] "get initial values for GLME model --- done."
[1] "get initial values for survival models --- done."
[1] "estimate random effects --- done."
[1] "estimate fixed parameters --- done."
[1] "estimate dispersion parameters --- done."
############## Iteration: 1 ############### 
fixed.par: 2.63 0.67 -0.17 1.07 0.07 -1.7 0.34 -2.74 -1.22 2.89 1.18 -0.05 -0.51 -0.32 -1.03 -56.66 8.52 
FixedParDiff =  0.2903389 
likDiff =  1 
sigma: 0.95 0.09 -0.46 -0.29 2 
loglike: -5983.851 
########################################## 
[1] "estimate random effects --- done."
[1] "estimate fixed parameters --- done."
[1] "estimate dispersion parameters --- done."
############## Iteration: 2 ############### 
fixed.par: 2.2 0.96 -0.3 1.36 0.06 -1.74 0.35 -2.77 -1.16 2.75 1.22 -0.05 -0.59 -0.57 -1.41 -68.62 10.33 
FixedParDiff =  0.2181861 
likDiff =  0.007476857 
sigma: 0.97 0.1 -0.46 -0.29 2 
loglike: -5939.111 
########################################## 
[1] "estimate random effects --- done."
[1] "estimate fixed parameters --- done."
[1] "estimate dispersion parameters --- done."
############## Iteration: 3 ############### 
fixed.par: 2.15 1 -0.31 1.39 0.06 -1.74 0.36 -2.77 -1.11 2.67 1.23 -0.05 -0.72 -1 -2.02 -86.08 12.97 
FixedParDiff =  0.1288934 
likDiff =  0.002625657 
sigma: 0.98 0.1 -0.42 -0.29 2.01 
loglike: -5923.517 
########################################## 
[1] "estimate random effects --- done."
[1] "estimate fixed parameters --- done."
[1] "estimate dispersion parameters --- done."
############## Iteration: 4 ############### 
fixed.par: 2.15 1 -0.32 1.39 0.06 -1.74 0.37 -2.76 -1.08 2.6 1.25 -0.05 -1.07 -1.88 -3.44 -127.78 19.3 
FixedParDiff =  0.1874631 
likDiff =  0.004331805 
sigma: 0.98 0.08 -0.38 -0.31 2.01 
loglike: -5897.857 
########################################## 
[1] "estimate random effects --- done."
[1] "estimate fixed parameters --- done."
[1] "estimate dispersion parameters --- done."
############## Iteration: 5 ############### 
fixed.par: 2.15 1 -0.31 1.39 0.06 -1.74 0.37 -2.75 -1.02 2.47 1.24 -0.05 -2.51 -4.71 -8.56 -297.55 45.05 
FixedParDiff =  0.4270086 
likDiff =  0.008884112 
sigma: 0.98 0.06 -0.31 -0.36 2 
loglike: -5845.46 
########################################## 
[1] "estimate random effects --- done."
Error in estFixeff(RespLog, fixed = Jfixed, str_val = fixedest0, Dpars = Jraneff,  : 
  Iteration stops because fixed parameters can not be successfully estimated.

### [bt]: Job terminated with an exception [batchtools job.id=250]
### [bt]: Calculation finished!
