### [bt]: This is batchtools v0.9.15
### [bt]: Starting calculation of 1 jobs
### [bt]: Setting working directory to '/data/home/mengwang/21-summer-project/src'
### [bt]: Memory measurement disabled
### [bt]: Starting job [batchtools job.id=203]
### [bt]: Generating problem instance for problem 'generate_data' ...
### [bt]: Applying algorithm 'fit_JMest' on problem 'generate_data' for job 203 (seed = 21071227) ...
[1] "get initial values for LME & GLM models --- done."
[1] "get initial values for GLME model --- done."
[1] "get initial values for survival models --- done."
[1] "estimate random effects --- done."
[1] "estimate fixed parameters --- done."
[1] "estimate dispersion parameters --- done."
############## Iteration: 1 ############### 
fixed.par: 2.63 0.67 -0.17 1.07 0.08 -1.74 0.37 -2.73 -1.21 2.89 1.18 -0.05 -0.51 -0.32 -1.04 -57.06 8.58 
FixedParDiff =  0.2881286 
likDiff =  1 
sigma: 0.95 0.09 -0.46 -0.29 2 
loglike: -5983.833 
########################################## 
[1] "estimate random effects --- done."
[1] "estimate fixed parameters --- done."
[1] "estimate dispersion parameters --- done."
############## Iteration: 2 ############### 
fixed.par: 2.2 0.96 -0.3 1.36 0.06 -1.74 0.35 -2.78 -1.16 2.75 1.22 -0.05 -0.62 -0.59 -1.45 -71.09 10.7 
FixedParDiff =  0.232876 
likDiff =  0.007497146 
sigma: 0.97 0.1 -0.46 -0.29 2 
loglike: -5938.972 
########################################## 
[1] "estimate random effects --- done."
[1] "estimate fixed parameters --- done."
[1] "estimate dispersion parameters --- done."
############## Iteration: 3 ############### 
fixed.par: 2.15 0.99 -0.31 1.39 0.06 -1.74 0.35 -2.77 -1.1 2.65 1.23 -0.05 -0.76 -1.04 -2.11 -90.2 13.6 
FixedParDiff =  0.1346163 
likDiff =  0.002725907 
sigma: 0.98 0.1 -0.42 -0.29 2.01 
loglike: -5922.783 
########################################## 
[1] "estimate random effects --- done."
[1] "estimate fixed parameters --- done."
[1] "estimate dispersion parameters --- done."
############## Iteration: 4 ############### 
fixed.par: 2.14 1 -0.32 1.39 0.06 -1.74 0.37 -2.76 -1.06 2.57 1.24 -0.05 -1.15 -1.97 -3.66 -137.29 20.74 
FixedParDiff =  0.2003569 
likDiff =  0.004458123 
sigma: 0.98 0.08 -0.37 -0.31 2.01 
loglike: -5896.378 
########################################## 
[1] "estimate random effects --- done."
[1] "estimate fixed parameters --- done."
[1] "estimate dispersion parameters --- done."
############## Iteration: 5 ############### 
fixed.par: 2.15 1 -0.31 1.39 0.07 -1.74 0.38 -2.75 -1 2.43 1.24 -0.05 -2.47 -4.52 -8.33 -292.03 44.23 
FixedParDiff =  0.368906 
likDiff =  0.009292429 
sigma: 0.98 0.05 -0.31 -0.36 2 
loglike: -5841.586 
########################################## 
[1] "estimate random effects --- done."
Error in estFixeff(RespLog, fixed = Jfixed, str_val = fixedest0, Dpars = Jraneff,  : 
  Iteration stops because fixed parameters can not be successfully estimated.

### [bt]: Job terminated with an exception [batchtools job.id=203]
### [bt]: Calculation finished!
