### [bt]: This is batchtools v0.9.15
### [bt]: Starting calculation of 1 jobs
### [bt]: Setting working directory to '/data/home/mengwang/21-summer-project/src'
### [bt]: Memory measurement disabled
### [bt]: Starting job [batchtools job.id=103]
### [bt]: Generating problem instance for problem 'generate_data' ...
### [bt]: Applying algorithm 'fit_JMest' on problem 'generate_data' for job 103 (seed = 21071127) ...
[1] "get initial values for LME & GLM models --- done."
[1] "get initial values for GLME model --- done."
[1] "get initial values for survival models --- done."
[1] "estimate random effects --- done."
[1] "estimate fixed parameters --- done."
[1] "estimate dispersion parameters --- done."
############## Iteration: 1 ############### 
fixed.par: 2.63 0.67 -0.17 1.07 0.07 -1.69 0.33 -2.74 -1.21 2.89 1.17 -0.05 -0.52 -0.32 -1.05 -57.65 8.67 
FixedParDiff =  0.3006293 
likDiff =  1 
sigma: 0.95 0.09 -0.46 -0.29 2 
loglike: -5983.818 
########################################## 
[1] "estimate random effects --- done."
[1] "estimate fixed parameters --- done."
[1] "estimate dispersion parameters --- done."
############## Iteration: 2 ############### 
fixed.par: 2.2 0.96 -0.3 1.36 0.06 -1.72 0.34 -2.78 -1.15 2.74 1.22 -0.05 -0.61 -0.58 -1.43 -69.97 10.53 
FixedParDiff =  0.2192567 
likDiff =  0.007525835 
sigma: 0.97 0.1 -0.46 -0.29 2 
loglike: -5938.785 
########################################## 
[1] "estimate random effects --- done."
[1] "estimate fixed parameters --- done."
[1] "estimate dispersion parameters --- done."
############## Iteration: 3 ############### 
fixed.par: 2.15 0.99 -0.31 1.39 0.06 -1.73 0.35 -2.77 -1.11 2.66 1.24 -0.05 -0.75 -1.03 -2.09 -89.18 13.44 
FixedParDiff =  0.1357626 
likDiff =  0.002651072 
sigma: 0.98 0.1 -0.42 -0.29 2.01 
loglike: -5923.041 
########################################## 
[1] "estimate random effects --- done."
[1] "estimate fixed parameters --- done."
[1] "estimate dispersion parameters --- done."
############## Iteration: 4 ############### 
fixed.par: 2.15 1 -0.32 1.39 0.06 -1.74 0.37 -2.76 -1.07 2.58 1.24 -0.05 -1.14 -1.97 -3.64 -136.46 20.61 
FixedParDiff =  0.2048462 
likDiff =  0.00443654 
sigma: 0.98 0.08 -0.37 -0.31 2.01 
loglike: -5896.763 
########################################## 
[1] "estimate random effects --- done."
[1] "estimate fixed parameters --- done."
[1] "estimate dispersion parameters --- done."
############## Iteration: 5 ############### 
fixed.par: 2.15 1 -0.31 1.39 0.07 -1.74 0.38 -2.75 -1 2.43 1.23 -0.05 -2.5 -4.59 -8.44 -295.6 44.77 
FixedParDiff =  0.3792671 
likDiff =  0.009330153 
sigma: 0.98 0.05 -0.31 -0.36 2 
loglike: -5841.745 
########################################## 
[1] "estimate random effects --- done."
Error in estFixeff(RespLog, fixed = Jfixed, str_val = fixedest0, Dpars = Jraneff,  : 
  Iteration stops because fixed parameters can not be successfully estimated.

### [bt]: Job terminated with an exception [batchtools job.id=103]
### [bt]: Calculation finished!
