### [bt]: This is batchtools v0.9.15
### [bt]: Starting calculation of 1 jobs
### [bt]: Setting working directory to '/data/home/mengwang/21-summer-project/src'
### [bt]: Memory measurement disabled
### [bt]: Starting job [batchtools job.id=209]
### [bt]: Generating problem instance for problem 'generate_data' ...
### [bt]: Applying algorithm 'fit_JMest' on problem 'generate_data' for job 209 (seed = 21071233) ...
[1] "get initial values for LME & GLM models --- done."
[1] "get initial values for GLME model --- done."
[1] "get initial values for survival models --- done."
[1] "estimate random effects --- done."
[1] "estimate fixed parameters --- done."
[1] "estimate dispersion parameters --- done."
############## Iteration: 1 ############### 
fixed.par: 2.63 0.67 -0.17 1.07 0.07 -1.7 0.34 -2.73 -1.22 2.89 1.19 -0.05 -0.53 -0.33 -1.07 -58.98 8.86 
FixedParDiff =  0.310027 
likDiff =  1 
sigma: 0.95 0.09 -0.46 -0.29 2 
loglike: -5983.846 
########################################## 
[1] "estimate random effects --- done."
[1] "estimate fixed parameters --- done."
[1] "estimate dispersion parameters --- done."
############## Iteration: 2 ############### 
fixed.par: 2.2 0.96 -0.3 1.36 0.06 -1.73 0.34 -2.78 -1.14 2.73 1.22 -0.05 -0.61 -0.59 -1.45 -70.91 10.67 
FixedParDiff =  0.2150727 
likDiff =  0.007600572 
sigma: 0.97 0.1 -0.46 -0.29 2 
loglike: -5938.365 
########################################## 
[1] "estimate random effects --- done."
[1] "estimate fixed parameters --- done."
[1] "estimate dispersion parameters --- done."
############## Iteration: 3 ############### 
fixed.par: 2.15 1 -0.31 1.39 0.06 -1.74 0.36 -2.77 -1.1 2.65 1.24 -0.05 -0.75 -1.03 -2.09 -88.75 13.38 
FixedParDiff =  0.1298863 
likDiff =  0.002664873 
sigma: 0.98 0.1 -0.42 -0.28 2.01 
loglike: -5922.54 
########################################## 
[1] "estimate random effects --- done."
[1] "estimate fixed parameters --- done."
[1] "estimate dispersion parameters --- done."
############## Iteration: 4 ############### 
fixed.par: 2.14 1 -0.32 1.39 0.06 -1.74 0.37 -2.76 -1.07 2.58 1.24 -0.05 -1.15 -1.98 -3.65 -136.85 20.67 
FixedParDiff =  0.2023151 
likDiff =  0.004391485 
sigma: 0.98 0.08 -0.37 -0.31 2.01 
loglike: -5896.531 
########################################## 
[1] "estimate random effects --- done."
[1] "estimate fixed parameters --- done."
[1] "estimate dispersion parameters --- done."
############## Iteration: 5 ############### 
fixed.par: 2.15 1 -0.32 1.39 0.06 -1.73 0.37 -2.75 -1 2.43 1.24 -0.05 -2.89 -5.25 -9.66 -340.73 51.6 
FixedParDiff =  0.4730035 
likDiff =  0.009357001 
sigma: 0.98 0.05 -0.31 -0.36 2 
loglike: -5841.358 
########################################## 
[1] "estimate random effects --- done."
Error in estFixeff(RespLog, fixed = Jfixed, str_val = fixedest0, Dpars = Jraneff,  : 
  Iteration stops because fixed parameters can not be successfully estimated.

### [bt]: Job terminated with an exception [batchtools job.id=209]
### [bt]: Calculation finished!
