### [bt]: This is batchtools v0.9.15
### [bt]: Starting calculation of 1 jobs
### [bt]: Setting working directory to '/data/home/mengwang/21-summer-project/src'
### [bt]: Memory measurement disabled
### [bt]: Starting job [batchtools job.id=293]
### [bt]: Generating problem instance for problem 'generate_data' ...
### [bt]: Applying algorithm 'fit_JMest' on problem 'generate_data' for job 293 (seed = 21071317) ...
[1] "get initial values for LME & GLM models --- done."
[1] "get initial values for GLME model --- done."
[1] "get initial values for survival models --- done."
[1] "estimate random effects --- done."
[1] "estimate fixed parameters --- done."
[1] "estimate dispersion parameters --- done."
############## Iteration: 1 ############### 
fixed.par: 2.63 0.67 -0.17 1.07 0.06 -1.64 0.29 -2.74 -1.22 2.89 1.18 -0.05 -0.51 -0.32 -1.04 -56.98 8.57 
FixedParDiff =  0.3091986 
likDiff =  1 
sigma: 0.95 0.09 -0.46 -0.29 2 
loglike: -5983.859 
########################################## 
[1] "estimate random effects --- done."
[1] "estimate fixed parameters --- done."
[1] "estimate dispersion parameters --- done."
############## Iteration: 2 ############### 
fixed.par: 2.2 0.96 -0.3 1.36 0.06 -1.73 0.34 -2.77 -1.16 2.75 1.22 -0.05 -0.59 -0.57 -1.41 -68.57 10.32 
FixedParDiff =  0.2205639 
likDiff =  0.007495095 
sigma: 0.97 0.1 -0.46 -0.29 2 
loglike: -5939.009 
########################################## 
[1] "estimate random effects --- done."
[1] "estimate fixed parameters --- done."
[1] "estimate dispersion parameters --- done."
############## Iteration: 3 ############### 
fixed.par: 2.15 1 -0.31 1.39 0.06 -1.75 0.37 -2.77 -1.11 2.67 1.24 -0.05 -0.74 -1.01 -2.05 -87.59 13.2 
FixedParDiff =  0.1421417 
likDiff =  0.002612087 
sigma: 0.98 0.1 -0.42 -0.29 2.01 
loglike: -5923.496 
########################################## 
[1] "estimate random effects --- done."
[1] "estimate fixed parameters --- done."
[1] "estimate dispersion parameters --- done."
############## Iteration: 4 ############### 
fixed.par: 2.14 1 -0.32 1.39 0.06 -1.74 0.37 -2.76 -1.07 2.59 1.24 -0.05 -1.06 -1.85 -3.41 -126.4 19.09 
FixedParDiff =  0.1730979 
likDiff =  0.004387281 
sigma: 0.98 0.08 -0.37 -0.31 2.01 
loglike: -5897.508 
########################################## 
[1] "estimate random effects --- done."
[1] "estimate fixed parameters --- done."
[1] "estimate dispersion parameters --- done."
############## Iteration: 5 ############### 
fixed.par: 2.15 1 -0.32 1.39 0.07 -1.75 0.38 -2.75 -1.02 2.47 1.24 -0.05 -2.31 -4.35 -7.88 -272.8 41.31 
FixedParDiff =  0.3771289 
likDiff =  0.008720361 
sigma: 0.98 0.06 -0.32 -0.36 2 
loglike: -5846.08 
########################################## 
[1] "estimate random effects --- done."
Error in estFixeff(RespLog, fixed = Jfixed, str_val = fixedest0, Dpars = Jraneff,  : 
  Iteration stops because fixed parameters can not be successfully estimated.

### [bt]: Job terminated with an exception [batchtools job.id=293]
### [bt]: Calculation finished!
