### [bt]: This is batchtools v0.9.15
### [bt]: Starting calculation of 1 jobs
### [bt]: Setting working directory to '/data/home/mengwang/21-summer-project/src'
### [bt]: Memory measurement disabled
### [bt]: Starting job [batchtools job.id=178]
### [bt]: Generating problem instance for problem 'generate_data' ...
### [bt]: Applying algorithm 'fit_JMest' on problem 'generate_data' for job 178 (seed = 21071202) ...
[1] "get initial values for LME & GLM models --- done."
[1] "get initial values for GLME model --- done."
[1] "get initial values for survival models --- done."
[1] "estimate random effects --- done."
[1] "estimate fixed parameters --- done."
[1] "estimate dispersion parameters --- done."
############## Iteration: 1 ############### 
fixed.par: 2.63 0.67 -0.17 1.07 0.07 -1.71 0.34 -2.73 -1.22 2.89 1.18 -0.05 -0.51 -0.32 -1.04 -57.36 8.62 
FixedParDiff =  0.2940364 
likDiff =  1 
sigma: 0.95 0.09 -0.46 -0.29 2 
loglike: -5983.83 
########################################## 
[1] "estimate random effects --- done."
[1] "estimate fixed parameters --- done."
[1] "estimate dispersion parameters --- done."
############## Iteration: 2 ############### 
fixed.par: 2.2 0.96 -0.3 1.36 0.06 -1.75 0.35 -2.78 -1.15 2.75 1.22 -0.05 -0.59 -0.57 -1.41 -68.75 10.35 
FixedParDiff =  0.2134433 
likDiff =  0.007509432 
sigma: 0.97 0.1 -0.46 -0.29 2 
loglike: -5938.895 
########################################## 
[1] "estimate random effects --- done."
[1] "estimate fixed parameters --- done."
[1] "estimate dispersion parameters --- done."
############## Iteration: 3 ############### 
fixed.par: 2.15 1 -0.31 1.39 0.07 -1.77 0.38 -2.77 -1.11 2.66 1.23 -0.05 -0.7 -0.98 -1.98 -83.85 12.64 
FixedParDiff =  0.1218732 
likDiff =  0.00258707 
sigma: 0.98 0.1 -0.42 -0.29 2.01 
loglike: -5923.53 
########################################## 
[1] "estimate random effects --- done."
[1] "estimate fixed parameters --- done."
[1] "estimate dispersion parameters --- done."
############## Iteration: 4 ############### 
fixed.par: 2.15 1 -0.32 1.39 0.06 -1.74 0.37 -2.76 -1.08 2.61 1.24 -0.05 -1.08 -1.89 -3.45 -128.61 19.42 
FixedParDiff =  0.2037896 
likDiff =  0.004228965 
sigma: 0.98 0.08 -0.38 -0.31 2.01 
loglike: -5898.48 
########################################## 
[1] "estimate random effects --- done."
[1] "estimate fixed parameters --- done."
[1] "estimate dispersion parameters --- done."
############## Iteration: 5 ############### 
fixed.par: 2.15 1 -0.31 1.39 0.07 -1.74 0.38 -2.75 -1.02 2.47 1.24 -0.05 -2.4 -4.53 -8.21 -284.63 43.1 
FixedParDiff =  0.3947096 
likDiff =  0.009017345 
sigma: 0.98 0.06 -0.31 -0.36 2 
loglike: -5845.291 
########################################## 
[1] "estimate random effects --- done."
Error in estFixeff(RespLog, fixed = Jfixed, str_val = fixedest0, Dpars = Jraneff,  : 
  Iteration stops because fixed parameters can not be successfully estimated.

### [bt]: Job terminated with an exception [batchtools job.id=178]
### [bt]: Calculation finished!
