### [bt]: This is batchtools v0.9.15
### [bt]: Starting calculation of 1 jobs
### [bt]: Setting working directory to '/data/home/mengwang/21-summer-project/src'
### [bt]: Memory measurement disabled
### [bt]: Starting job [batchtools job.id=69]
### [bt]: Generating problem instance for problem 'generate_data' ...
### [bt]: Applying algorithm 'fit_JMest' on problem 'generate_data' for job 69 (seed = 21071093) ...
[1] "get initial values for LME & GLM models --- done."
[1] "get initial values for GLME model --- done."
[1] "get initial values for survival models --- done."
[1] "estimate random effects --- done."
[1] "estimate fixed parameters --- done."
[1] "estimate dispersion parameters --- done."
############## Iteration: 1 ############### 
fixed.par: 2.63 0.67 -0.17 1.07 0.07 -1.71 0.34 -2.74 -1.21 2.89 1.18 -0.05 -0.52 -0.33 -1.05 -57.89 8.7 
FixedParDiff =  0.2964315 
likDiff =  1 
sigma: 0.95 0.09 -0.46 -0.29 2 
loglike: -5983.798 
########################################## 
[1] "estimate random effects --- done."
[1] "estimate fixed parameters --- done."
[1] "estimate dispersion parameters --- done."
############## Iteration: 2 ############### 
fixed.par: 2.2 0.96 -0.3 1.36 0.06 -1.73 0.35 -2.78 -1.15 2.74 1.22 -0.05 -0.6 -0.58 -1.43 -69.7 10.49 
FixedParDiff =  0.2169972 
likDiff =  0.007538366 
sigma: 0.97 0.1 -0.46 -0.29 2 
loglike: -5938.69 
########################################## 
[1] "estimate random effects --- done."
[1] "estimate fixed parameters --- done."
[1] "estimate dispersion parameters --- done."
############## Iteration: 3 ############### 
fixed.par: 2.15 1 -0.32 1.39 0.06 -1.74 0.36 -2.77 -1.11 2.66 1.23 -0.05 -0.74 -1.02 -2.06 -87.89 13.25 
FixedParDiff =  0.1312458 
likDiff =  0.002633488 
sigma: 0.98 0.1 -0.42 -0.29 2.01 
loglike: -5923.05 
########################################## 
[1] "estimate random effects --- done."
[1] "estimate fixed parameters --- done."
[1] "estimate dispersion parameters --- done."
############## Iteration: 4 ############### 
fixed.par: 2.14 1 -0.32 1.39 0.06 -1.76 0.38 -2.76 -1.07 2.58 1.24 -0.05 -1.12 -1.94 -3.58 -133.75 20.2 
FixedParDiff =  0.203582 
likDiff =  0.004390626 
sigma: 0.98 0.08 -0.37 -0.31 2.01 
loglike: -5897.045 
########################################## 
[1] "estimate random effects --- done."
[1] "estimate fixed parameters --- done."
[1] "estimate dispersion parameters --- done."
############## Iteration: 5 ############### 
fixed.par: 2.15 1 -0.31 1.39 0.06 -1.74 0.38 -2.75 -1.01 2.45 1.24 -0.05 -2.59 -4.78 -8.75 -306.24 46.38 
FixedParDiff =  0.4124209 
likDiff =  0.009227236 
sigma: 0.98 0.05 -0.31 -0.36 2 
loglike: -5842.631 
########################################## 
[1] "estimate random effects --- done."
Error in estFixeff(RespLog, fixed = Jfixed, str_val = fixedest0, Dpars = Jraneff,  : 
  Iteration stops because fixed parameters can not be successfully estimated.

### [bt]: Job terminated with an exception [batchtools job.id=69]
### [bt]: Calculation finished!
