### [bt]: This is batchtools v0.9.15
### [bt]: Starting calculation of 1 jobs
### [bt]: Setting working directory to '/data/home/mengwang/21-summer-project/src'
### [bt]: Memory measurement disabled
### [bt]: Starting job [batchtools job.id=288]
### [bt]: Generating problem instance for problem 'generate_data' ...
### [bt]: Applying algorithm 'fit_JMest' on problem 'generate_data' for job 288 (seed = 21071312) ...
[1] "get initial values for LME & GLM models --- done."
[1] "get initial values for GLME model --- done."
[1] "get initial values for survival models --- done."
[1] "estimate random effects --- done."
[1] "estimate fixed parameters --- done."
[1] "estimate dispersion parameters --- done."
############## Iteration: 1 ############### 
fixed.par: 2.63 0.67 -0.17 1.07 0.07 -1.69 0.33 -2.73 -1.21 2.89 1.17 -0.05 -0.52 -0.33 -1.06 -58.4 8.78 
FixedParDiff =  0.303945 
likDiff =  1 
sigma: 0.95 0.09 -0.46 -0.29 2 
loglike: -5983.836 
########################################## 
[1] "estimate random effects --- done."
[1] "estimate fixed parameters --- done."
[1] "estimate dispersion parameters --- done."
############## Iteration: 2 ############### 
fixed.par: 2.2 0.96 -0.3 1.36 0.06 -1.74 0.35 -2.78 -1.15 2.74 1.22 -0.05 -0.6 -0.58 -1.43 -69.5 10.46 
FixedParDiff =  0.2128617 
likDiff =  0.007567881 
sigma: 0.97 0.1 -0.46 -0.29 2 
loglike: -5938.551 
########################################## 
[1] "estimate random effects --- done."
[1] "estimate fixed parameters --- done."
[1] "estimate dispersion parameters --- done."
############## Iteration: 3 ############### 
fixed.par: 2.15 1 -0.32 1.39 0.06 -1.74 0.36 -2.77 -1.11 2.66 1.24 -0.05 -0.74 -1.02 -2.06 -87.83 13.24 
FixedParDiff =  0.1325854 
likDiff =  0.002614265 
sigma: 0.98 0.1 -0.42 -0.29 2.01 
loglike: -5923.026 
########################################## 
[1] "estimate random effects --- done."
[1] "estimate fixed parameters --- done."
[1] "estimate dispersion parameters --- done."
############## Iteration: 4 ############### 
fixed.par: 2.15 1 -0.32 1.39 0.06 -1.75 0.38 -2.76 -1.07 2.58 1.24 -0.05 -1.12 -1.94 -3.57 -133.56 20.17 
FixedParDiff =  0.1986398 
likDiff =  0.004394628 
sigma: 0.98 0.08 -0.37 -0.31 2.01 
loglike: -5896.997 
########################################## 
[1] "estimate random effects --- done."
[1] "estimate fixed parameters --- done."
[1] "estimate dispersion parameters --- done."
############## Iteration: 5 ############### 
fixed.par: 2.15 1 -0.32 1.39 0.06 -1.74 0.38 -2.75 -1.01 2.45 1.24 -0.05 -2.59 -4.77 -8.74 -305.63 46.28 
FixedParDiff =  0.4119149 
likDiff =  0.00922824 
sigma: 0.98 0.05 -0.31 -0.36 2 
loglike: -5842.578 
########################################## 
[1] "estimate random effects --- done."
Error in estFixeff(RespLog, fixed = Jfixed, str_val = fixedest0, Dpars = Jraneff,  : 
  Iteration stops because fixed parameters can not be successfully estimated.

### [bt]: Job terminated with an exception [batchtools job.id=288]
### [bt]: Calculation finished!
