### [bt]: This is batchtools v0.9.15
### [bt]: Starting calculation of 1 jobs
### [bt]: Setting working directory to '/data/home/mengwang/21-summer-project/src'
### [bt]: Memory measurement disabled
### [bt]: Starting job [batchtools job.id=227]
### [bt]: Generating problem instance for problem 'generate_data' ...
### [bt]: Applying algorithm 'fit_JMest' on problem 'generate_data' for job 227 (seed = 21071251) ...
[1] "get initial values for LME & GLM models --- done."
[1] "get initial values for GLME model --- done."
[1] "get initial values for survival models --- done."
[1] "estimate random effects --- done."
[1] "estimate fixed parameters --- done."
[1] "estimate dispersion parameters --- done."
############## Iteration: 1 ############### 
fixed.par: 2.63 0.67 -0.17 1.07 0.07 -1.69 0.33 -2.74 -1.22 2.89 1.18 -0.05 -0.51 -0.32 -1.04 -56.91 8.55 
FixedParDiff =  0.2949658 
likDiff =  1 
sigma: 0.95 0.09 -0.46 -0.29 2 
loglike: -5983.834 
########################################## 
[1] "estimate random effects --- done."
[1] "estimate fixed parameters --- done."
[1] "estimate dispersion parameters --- done."
############## Iteration: 2 ############### 
fixed.par: 2.2 0.96 -0.3 1.36 0.06 -1.72 0.33 -2.78 -1.16 2.75 1.22 -0.05 -0.61 -0.58 -1.43 -70.37 10.59 
FixedParDiff =  0.2247169 
likDiff =  0.007486727 
sigma: 0.97 0.1 -0.46 -0.29 2 
loglike: -5939.035 
########################################## 
[1] "estimate random effects --- done."
[1] "estimate fixed parameters --- done."
[1] "estimate dispersion parameters --- done."
############## Iteration: 3 ############### 
fixed.par: 2.15 1 -0.31 1.39 0.06 -1.74 0.36 -2.77 -1.11 2.65 1.23 -0.05 -0.73 -1 -2.04 -86.44 13.03 
FixedParDiff =  0.1259066 
likDiff =  0.002697596 
sigma: 0.98 0.1 -0.42 -0.29 2.01 
loglike: -5923.014 
########################################## 
[1] "estimate random effects --- done."
[1] "estimate fixed parameters --- done."
[1] "estimate dispersion parameters --- done."
############## Iteration: 4 ############### 
fixed.par: 2.14 1 -0.32 1.39 0.07 -1.76 0.38 -2.76 -1.07 2.59 1.24 -0.05 -1.05 -1.85 -3.39 -125.41 18.94 
FixedParDiff =  0.181807 
likDiff =  0.004298779 
sigma: 0.98 0.08 -0.37 -0.31 2.01 
loglike: -5897.552 
########################################## 
[1] "estimate random effects --- done."
[1] "estimate fixed parameters --- done."
[1] "estimate dispersion parameters --- done."
############## Iteration: 5 ############### 
fixed.par: 2.15 1 -0.31 1.39 0.06 -1.73 0.37 -2.75 -1.02 2.48 1.24 -0.05 -2.14 -4.07 -7.35 -253.15 38.33 
FixedParDiff =  0.3333133 
likDiff =  0.008584747 
sigma: 0.98 0.06 -0.32 -0.36 2 
loglike: -5846.923 
########################################## 
[1] "estimate random effects --- done."
Error in estFixeff(RespLog, fixed = Jfixed, str_val = fixedest0, Dpars = Jraneff,  : 
  Iteration stops because fixed parameters can not be successfully estimated.

### [bt]: Job terminated with an exception [batchtools job.id=227]
### [bt]: Calculation finished!
