### [bt]: This is batchtools v0.9.15
### [bt]: Starting calculation of 1 jobs
### [bt]: Setting working directory to '/data/home/mengwang/21-summer-project/src'
### [bt]: Memory measurement disabled
### [bt]: Starting job [batchtools job.id=131]
### [bt]: Generating problem instance for problem 'generate_data' ...
### [bt]: Applying algorithm 'fit_JMest' on problem 'generate_data' for job 131 (seed = 21071155) ...
[1] "get initial values for LME & GLM models --- done."
[1] "get initial values for GLME model --- done."
[1] "get initial values for survival models --- done."
[1] "estimate random effects --- done."
[1] "estimate fixed parameters --- done."
[1] "estimate dispersion parameters --- done."
############## Iteration: 1 ############### 
fixed.par: 2.63 0.67 -0.17 1.07 0.07 -1.7 0.34 -2.73 -1.21 2.89 1.18 -0.05 -0.52 -0.33 -1.05 -58.18 8.74 
FixedParDiff =  0.3001103 
likDiff =  1 
sigma: 0.95 0.09 -0.46 -0.29 2 
loglike: -5983.828 
########################################## 
[1] "estimate random effects --- done."
[1] "estimate fixed parameters --- done."
[1] "estimate dispersion parameters --- done."
############## Iteration: 2 ############### 
fixed.par: 2.2 0.96 -0.3 1.35 0.06 -1.73 0.34 -2.77 -1.15 2.74 1.22 -0.05 -0.61 -0.59 -1.44 -70.39 10.6 
FixedParDiff =  0.2175766 
likDiff =  0.00755767 
sigma: 0.97 0.1 -0.46 -0.29 2 
loglike: -5938.604 
########################################## 
[1] "estimate random effects --- done."
[1] "estimate fixed parameters --- done."
[1] "estimate dispersion parameters --- done."
############## Iteration: 3 ############### 
fixed.par: 2.15 1 -0.31 1.39 0.06 -1.75 0.36 -2.77 -1.11 2.65 1.24 -0.05 -0.76 -1.04 -2.12 -90.35 13.62 
FixedParDiff =  0.1406397 
likDiff =  0.002658745 
sigma: 0.98 0.1 -0.42 -0.29 2.01 
loglike: -5922.815 
########################################## 
[1] "estimate random effects --- done."
Warning in log(det(H/2/pi)) : NaNs produced
Warning in log(det(H/2/pi)) : NaNs produced
Warning in log(det(H/2/pi)) : NaNs produced
[1] "estimate fixed parameters --- done."
[1] "estimate dispersion parameters --- done."
############## Iteration: 4 ############### 
fixed.par: 2.15 1 -0.32 1.39 0.06 -1.76 0.38 -2.76 -1.06 2.57 1.24 -0.05 -1.16 -1.99 -3.69 -138.34 20.9 
FixedParDiff =  0.2029079 
likDiff =  0.00448374 
sigma: 0.98 0.08 -0.37 -0.31 2.01 
loglike: -5896.259 
########################################## 
[1] "estimate random effects --- done."
[1] "estimate fixed parameters --- done."
[1] "estimate dispersion parameters --- done."
############## Iteration: 5 ############### 
fixed.par: 2.15 1 -0.31 1.39 0.06 -1.72 0.36 -2.75 -1 2.43 1.24 -0.05 -2.68 -4.88 -9 -316.79 47.98 
FixedParDiff =  0.4188482 
likDiff =  0.009469158 
sigma: 0.98 0.05 -0.31 -0.36 2 
loglike: -5840.426 
########################################## 
[1] "estimate random effects --- done."
Error in estFixeff(RespLog, fixed = Jfixed, str_val = fixedest0, Dpars = Jraneff,  : 
  Iteration stops because fixed parameters can not be successfully estimated.

### [bt]: Job terminated with an exception [batchtools job.id=131]
### [bt]: Calculation finished!
