### [bt]: This is batchtools v0.9.15
### [bt]: Starting calculation of 1 jobs
### [bt]: Setting working directory to '/data/home/mengwang/21-summer-project/src'
### [bt]: Memory measurement disabled
### [bt]: Starting job [batchtools job.id=78]
### [bt]: Generating problem instance for problem 'generate_data' ...
### [bt]: Applying algorithm 'fit_JMest' on problem 'generate_data' for job 78 (seed = 21071102) ...
[1] "get initial values for LME & GLM models --- done."
[1] "get initial values for GLME model --- done."
[1] "get initial values for survival models --- done."
[1] "estimate random effects --- done."
[1] "estimate fixed parameters --- done."
[1] "estimate dispersion parameters --- done."
############## Iteration: 1 ############### 
fixed.par: 2.63 0.67 -0.17 1.07 0.06 -1.67 0.31 -2.73 -1.22 2.89 1.18 -0.05 -0.52 -0.33 -1.05 -57.94 8.71 
FixedParDiff =  0.3099459 
likDiff =  1 
sigma: 0.95 0.09 -0.46 -0.29 2 
loglike: -5983.818 
########################################## 
[1] "estimate random effects --- done."
[1] "estimate fixed parameters --- done."
[1] "estimate dispersion parameters --- done."
############## Iteration: 2 ############### 
fixed.par: 2.2 0.96 -0.3 1.36 0.06 -1.74 0.35 -2.78 -1.15 2.74 1.22 -0.05 -0.61 -0.59 -1.44 -70.53 10.62 
FixedParDiff =  0.2209698 
likDiff =  0.007540989 
sigma: 0.97 0.1 -0.46 -0.29 2 
loglike: -5938.694 
########################################## 
[1] "estimate random effects --- done."
[1] "estimate fixed parameters --- done."
[1] "estimate dispersion parameters --- done."
############## Iteration: 3 ############### 
fixed.par: 2.15 1 -0.31 1.39 0.06 -1.75 0.37 -2.77 -1.1 2.65 1.23 -0.05 -0.73 -1.01 -2.05 -86.93 13.11 
FixedParDiff =  0.1230725 
likDiff =  0.002673042 
sigma: 0.98 0.1 -0.42 -0.29 2.01 
loglike: -5922.82 
########################################## 
[1] "estimate random effects --- done."
[1] "estimate fixed parameters --- done."
[1] "estimate dispersion parameters --- done."
############## Iteration: 4 ############### 
fixed.par: 2.15 1 -0.32 1.39 0.06 -1.75 0.38 -2.76 -1.07 2.59 1.24 -0.05 -1.12 -1.94 -3.57 -133.45 20.16 
FixedParDiff =  0.2003495 
likDiff =  0.004327106 
sigma: 0.98 0.08 -0.38 -0.31 2.01 
loglike: -5897.191 
########################################## 
[1] "estimate random effects --- done."
[1] "estimate fixed parameters --- done."
[1] "estimate dispersion parameters --- done."
############## Iteration: 5 ############### 
fixed.par: 2.15 1 -0.32 1.39 0.06 -1.73 0.37 -2.75 -1.02 2.45 1.25 -0.05 -2.58 -4.76 -8.71 -304.72 46.14 
FixedParDiff =  0.4104625 
likDiff =  0.009254138 
sigma: 0.98 0.05 -0.31 -0.36 2 
loglike: -5842.618 
########################################## 
[1] "estimate random effects --- done."
Error in estFixeff(RespLog, fixed = Jfixed, str_val = fixedest0, Dpars = Jraneff,  : 
  Iteration stops because fixed parameters can not be successfully estimated.

### [bt]: Job terminated with an exception [batchtools job.id=78]
### [bt]: Calculation finished!
