### [bt]: This is batchtools v0.9.15
### [bt]: Starting calculation of 1 jobs
### [bt]: Setting working directory to '/data/home/mengwang/21-summer-project/src'
### [bt]: Memory measurement disabled
### [bt]: Starting job [batchtools job.id=214]
### [bt]: Generating problem instance for problem 'generate_data' ...
### [bt]: Applying algorithm 'fit_JMest' on problem 'generate_data' for job 214 (seed = 21071238) ...
[1] "get initial values for LME & GLM models --- done."
[1] "get initial values for GLME model --- done."
[1] "get initial values for survival models --- done."
[1] "estimate random effects --- done."
[1] "estimate fixed parameters --- done."
[1] "estimate dispersion parameters --- done."
############## Iteration: 1 ############### 
fixed.par: 2.63 0.67 -0.17 1.07 0.07 -1.7 0.34 -2.73 -1.21 2.89 1.17 -0.05 -0.5 -0.32 -1.03 -56.35 8.47 
FixedParDiff =  0.2884739 
likDiff =  1 
sigma: 0.95 0.09 -0.46 -0.29 2 
loglike: -5983.871 
########################################## 
[1] "estimate random effects --- done."
[1] "estimate fixed parameters --- done."
[1] "estimate dispersion parameters --- done."
############## Iteration: 2 ############### 
fixed.par: 2.2 0.96 -0.3 1.36 0.06 -1.73 0.34 -2.78 -1.16 2.75 1.22 -0.05 -0.61 -0.58 -1.43 -70.19 10.56 
FixedParDiff =  0.227701 
likDiff =  0.007462752 
sigma: 0.97 0.1 -0.46 -0.29 2 
loglike: -5939.215 
########################################## 
[1] "estimate random effects --- done."
[1] "estimate fixed parameters --- done."
[1] "estimate dispersion parameters --- done."
############## Iteration: 3 ############### 
fixed.par: 2.15 0.99 -0.31 1.39 0.06 -1.76 0.38 -2.77 -1.11 2.66 1.24 -0.05 -0.75 -1.02 -2.08 -88.78 13.38 
FixedParDiff =  0.139262 
likDiff =  0.002712061 
sigma: 0.98 0.1 -0.42 -0.29 2.01 
loglike: -5923.108 
########################################## 
[1] "estimate random effects --- done."
[1] "estimate fixed parameters --- done."
[1] "estimate dispersion parameters --- done."
############## Iteration: 4 ############### 
fixed.par: 2.15 1 -0.32 1.39 0.06 -1.75 0.38 -2.76 -1.07 2.58 1.24 -0.05 -1.13 -1.95 -3.59 -134.49 20.31 
FixedParDiff =  0.1943537 
likDiff =  0.004425406 
sigma: 0.98 0.08 -0.37 -0.31 2.01 
loglike: -5896.895 
########################################## 
[1] "estimate random effects --- done."
[1] "estimate fixed parameters --- done."
[1] "estimate dispersion parameters --- done."
############## Iteration: 5 ############### 
fixed.par: 2.15 1 -0.31 1.39 0.06 -1.73 0.37 -2.75 -1.01 2.44 1.25 -0.05 -2.45 -4.51 -8.28 -289.13 43.79 
FixedParDiff =  0.3726534 
likDiff =  0.009188839 
sigma: 0.98 0.05 -0.31 -0.36 2 
loglike: -5842.71 
########################################## 
[1] "estimate random effects --- done."
Error in estFixeff(RespLog, fixed = Jfixed, str_val = fixedest0, Dpars = Jraneff,  : 
  Iteration stops because fixed parameters can not be successfully estimated.

### [bt]: Job terminated with an exception [batchtools job.id=214]
### [bt]: Calculation finished!
