### [bt]: This is batchtools v0.9.15
### [bt]: Starting calculation of 1 jobs
### [bt]: Setting working directory to '/data/home/mengwang/21-summer-project/src'
### [bt]: Memory measurement disabled
### [bt]: Starting job [batchtools job.id=225]
### [bt]: Generating problem instance for problem 'generate_data' ...
### [bt]: Applying algorithm 'fit_JMest' on problem 'generate_data' for job 225 (seed = 21071249) ...
[1] "get initial values for LME & GLM models --- done."
[1] "get initial values for GLME model --- done."
[1] "get initial values for survival models --- done."
[1] "estimate random effects --- done."
[1] "estimate fixed parameters --- done."
[1] "estimate dispersion parameters --- done."
############## Iteration: 1 ############### 
fixed.par: 2.63 0.67 -0.17 1.07 0.06 -1.67 0.32 -2.74 -1.21 2.89 1.17 -0.05 -0.52 -0.32 -1.05 -57.61 8.66 
FixedParDiff =  0.3059523 
likDiff =  1 
sigma: 0.95 0.09 -0.46 -0.29 2 
loglike: -5983.814 
########################################## 
[1] "estimate random effects --- done."
[1] "estimate fixed parameters --- done."
[1] "estimate dispersion parameters --- done."
############## Iteration: 2 ############### 
fixed.par: 2.2 0.96 -0.3 1.36 0.06 -1.75 0.35 -2.78 -1.15 2.74 1.22 -0.05 -0.6 -0.57 -1.42 -68.94 10.38 
FixedParDiff =  0.2157487 
likDiff =  0.007522853 
sigma: 0.97 0.1 -0.46 -0.29 2 
loglike: -5938.798 
########################################## 
[1] "estimate random effects --- done."
[1] "estimate fixed parameters --- done."
[1] "estimate dispersion parameters --- done."
############## Iteration: 3 ############### 
fixed.par: 2.15 0.99 -0.31 1.39 0.06 -1.75 0.37 -2.77 -1.11 2.66 1.23 -0.05 -0.75 -1.03 -2.08 -88.81 13.39 
FixedParDiff =  0.1387877 
likDiff =  0.002604172 
sigma: 0.98 0.1 -0.42 -0.29 2.01 
loglike: -5923.333 
########################################## 
[1] "estimate random effects --- done."
[1] "estimate fixed parameters --- done."
[1] "estimate dispersion parameters --- done."
############## Iteration: 4 ############### 
fixed.par: 2.14 1 -0.32 1.39 0.06 -1.73 0.36 -2.76 -1.07 2.58 1.24 -0.05 -1.11 -1.92 -3.55 -132.6 20.03 
FixedParDiff =  0.1910432 
likDiff =  0.004446146 
sigma: 0.98 0.08 -0.37 -0.31 2.01 
loglike: -5896.997 
########################################## 
[1] "estimate random effects --- done."
[1] "estimate fixed parameters --- done."
[1] "estimate dispersion parameters --- done."
############## Iteration: 5 ############### 
fixed.par: 2.15 1 -0.31 1.39 0.06 -1.74 0.37 -2.75 -1.01 2.45 1.24 -0.05 -2.45 -4.53 -8.29 -289.28 43.81 
FixedParDiff =  0.385491 
likDiff =  0.009081004 
sigma: 0.98 0.05 -0.31 -0.36 2 
loglike: -5843.446 
########################################## 
[1] "estimate random effects --- done."
Error in estFixeff(RespLog, fixed = Jfixed, str_val = fixedest0, Dpars = Jraneff,  : 
  Iteration stops because fixed parameters can not be successfully estimated.

### [bt]: Job terminated with an exception [batchtools job.id=225]
### [bt]: Calculation finished!
