### [bt]: This is batchtools v0.9.15
### [bt]: Starting calculation of 1 jobs
### [bt]: Setting working directory to '/data/home/mengwang/21-summer-project/src'
### [bt]: Memory measurement disabled
### [bt]: Starting job [batchtools job.id=184]
### [bt]: Generating problem instance for problem 'generate_data' ...
### [bt]: Applying algorithm 'fit_JMest' on problem 'generate_data' for job 184 (seed = 21071208) ...
[1] "get initial values for LME & GLM models --- done."
[1] "get initial values for GLME model --- done."
[1] "get initial values for survival models --- done."
[1] "estimate random effects --- done."
[1] "estimate fixed parameters --- done."
[1] "estimate dispersion parameters --- done."
############## Iteration: 1 ############### 
fixed.par: 2.63 0.67 -0.17 1.07 0.07 -1.69 0.33 -2.74 -1.21 2.89 1.17 -0.05 -0.51 -0.32 -1.04 -57.01 8.57 
FixedParDiff =  0.2946345 
likDiff =  1 
sigma: 0.95 0.09 -0.46 -0.29 2 
loglike: -5983.829 
########################################## 
[1] "estimate random effects --- done."
[1] "estimate fixed parameters --- done."
[1] "estimate dispersion parameters --- done."
############## Iteration: 2 ############### 
fixed.par: 2.2 0.96 -0.3 1.36 0.06 -1.73 0.34 -2.77 -1.15 2.75 1.22 -0.05 -0.61 -0.58 -1.43 -70.32 10.58 
FixedParDiff =  0.224124 
likDiff =  0.007496482 
sigma: 0.97 0.1 -0.46 -0.29 2 
loglike: -5938.972 
########################################## 
[1] "estimate random effects --- done."
[1] "estimate fixed parameters --- done."
[1] "estimate dispersion parameters --- done."
############## Iteration: 3 ############### 
fixed.par: 2.15 1 -0.31 1.39 0.06 -1.74 0.36 -2.77 -1.11 2.65 1.24 -0.05 -0.74 -1.02 -2.07 -88.11 13.28 
FixedParDiff =  0.1308137 
likDiff =  0.002693889 
sigma: 0.98 0.1 -0.42 -0.29 2.01 
loglike: -5922.973 
########################################## 
[1] "estimate random effects --- done."
[1] "estimate fixed parameters --- done."
[1] "estimate dispersion parameters --- done."
############## Iteration: 4 ############### 
fixed.par: 2.15 1 -0.32 1.39 0.06 -1.74 0.37 -2.76 -1.07 2.58 1.24 -0.05 -1.15 -1.98 -3.65 -136.95 20.68 
FixedParDiff =  0.208191 
likDiff =  0.004380272 
sigma: 0.98 0.08 -0.37 -0.31 2.01 
loglike: -5897.029 
########################################## 
[1] "estimate random effects --- done."
[1] "estimate fixed parameters --- done."
[1] "estimate dispersion parameters --- done."
############## Iteration: 5 ############### 
fixed.par: 2.15 1 -0.31 1.39 0.06 -1.73 0.37 -2.75 -1.01 2.43 1.24 -0.05 -2.68 -4.91 -9.03 -316.85 47.98 
FixedParDiff =  0.4208171 
likDiff =  0.009452591 
sigma: 0.98 0.05 -0.31 -0.36 2 
loglike: -5841.286 
########################################## 
[1] "estimate random effects --- done."
Error in estFixeff(RespLog, fixed = Jfixed, str_val = fixedest0, Dpars = Jraneff,  : 
  Iteration stops because fixed parameters can not be successfully estimated.

### [bt]: Job terminated with an exception [batchtools job.id=184]
### [bt]: Calculation finished!
