### [bt]: This is batchtools v0.9.15
### [bt]: Starting calculation of 1 jobs
### [bt]: Setting working directory to '/data/home/mengwang/21-summer-project/src'
### [bt]: Memory measurement disabled
### [bt]: Starting job [batchtools job.id=277]
### [bt]: Generating problem instance for problem 'generate_data' ...
### [bt]: Applying algorithm 'fit_JMest' on problem 'generate_data' for job 277 (seed = 21071301) ...
[1] "get initial values for LME & GLM models --- done."
[1] "get initial values for GLME model --- done."
[1] "get initial values for survival models --- done."
[1] "estimate random effects --- done."
[1] "estimate fixed parameters --- done."
[1] "estimate dispersion parameters --- done."
############## Iteration: 1 ############### 
fixed.par: 2.63 0.67 -0.17 1.07 0.07 -1.74 0.37 -2.73 -1.21 2.89 1.18 -0.05 -0.52 -0.32 -1.04 -57.49 8.64 
FixedParDiff =  0.2895036 
likDiff =  1 
sigma: 0.95 0.09 -0.46 -0.29 2 
loglike: -5983.817 
########################################## 
[1] "estimate random effects --- done."
[1] "estimate fixed parameters --- done."
[1] "estimate dispersion parameters --- done."
############## Iteration: 2 ############### 
fixed.par: 2.2 0.96 -0.3 1.36 0.06 -1.72 0.33 -2.78 -1.15 2.74 1.22 -0.05 -0.61 -0.58 -1.43 -69.99 10.53 
FixedParDiff =  0.2322028 
likDiff =  0.007513663 
sigma: 0.97 0.1 -0.46 -0.29 2 
loglike: -5938.856 
########################################## 
[1] "estimate random effects --- done."
[1] "estimate fixed parameters --- done."
[1] "estimate dispersion parameters --- done."
############## Iteration: 3 ############### 
fixed.par: 2.15 1 -0.31 1.39 0.06 -1.75 0.36 -2.77 -1.11 2.66 1.23 -0.05 -0.74 -1.02 -2.07 -88.12 13.28 
FixedParDiff =  0.1375069 
likDiff =  0.002664354 
sigma: 0.98 0.1 -0.42 -0.29 2.01 
loglike: -5923.033 
########################################## 
[1] "estimate random effects --- done."
[1] "estimate fixed parameters --- done."
[1] "estimate dispersion parameters --- done."
############## Iteration: 4 ############### 
fixed.par: 2.14 1 -0.32 1.39 0.06 -1.75 0.38 -2.76 -1.07 2.58 1.24 -0.05 -1.12 -1.94 -3.58 -133.85 20.22 
FixedParDiff =  0.1982608 
likDiff =  0.004398035 
sigma: 0.98 0.08 -0.37 -0.31 2.01 
loglike: -5896.983 
########################################## 
[1] "estimate random effects --- done."
[1] "estimate fixed parameters --- done."
[1] "estimate dispersion parameters --- done."
############## Iteration: 5 ############### 
fixed.par: 2.15 1 -0.32 1.39 0.06 -1.73 0.37 -2.75 -1.01 2.45 1.24 -0.05 -2.59 -4.77 -8.74 -305.94 46.33 
FixedParDiff =  0.4127071 
likDiff =  0.009228514 
sigma: 0.98 0.05 -0.31 -0.36 2 
loglike: -5842.563 
########################################## 
[1] "estimate random effects --- done."
Error in estFixeff(RespLog, fixed = Jfixed, str_val = fixedest0, Dpars = Jraneff,  : 
  Iteration stops because fixed parameters can not be successfully estimated.

### [bt]: Job terminated with an exception [batchtools job.id=277]
### [bt]: Calculation finished!
