### [bt]: This is batchtools v0.9.15
### [bt]: Starting calculation of 1 jobs
### [bt]: Setting working directory to '/data/home/mengwang/21-summer-project/src'
### [bt]: Memory measurement disabled
### [bt]: Starting job [batchtools job.id=6]
### [bt]: Generating problem instance for problem 'generate_data' ...
### [bt]: Applying algorithm 'fit_JMest' on problem 'generate_data' for job 6 (seed = 21071030) ...
[1] "get initial values for LME & GLM models --- done."
[1] "get initial values for GLME model --- done."
[1] "get initial values for survival models --- done."
[1] "estimate random effects --- done."
[1] "estimate fixed parameters --- done."
[1] "estimate dispersion parameters --- done."
############## Iteration: 1 ############### 
fixed.par: 2.63 0.67 -0.17 1.07 0.06 -1.67 0.31 -2.73 -1.21 2.89 1.18 -0.05 -0.52 -0.33 -1.05 -58.2 8.75 
FixedParDiff =  0.3130455 
likDiff =  1 
sigma: 0.95 0.09 -0.46 -0.29 2 
loglike: -5983.824 
########################################## 
[1] "estimate random effects --- done."
[1] "estimate fixed parameters --- done."
[1] "estimate dispersion parameters --- done."
############## Iteration: 2 ############### 
fixed.par: 2.2 0.96 -0.3 1.36 0.06 -1.72 0.33 -2.78 -1.15 2.74 1.21 -0.05 -0.59 -0.57 -1.41 -68.42 10.3 
FixedParDiff =  0.2056378 
likDiff =  0.007553108 
sigma: 0.97 0.1 -0.46 -0.29 2 
loglike: -5938.628 
########################################## 
[1] "estimate random effects --- done."
[1] "estimate fixed parameters --- done."
[1] "estimate dispersion parameters --- done."
############## Iteration: 3 ############### 
fixed.par: 2.15 1 -0.31 1.39 0.06 -1.75 0.36 -2.77 -1.11 2.66 1.24 -0.05 -0.73 -1.01 -2.04 -86.7 13.07 
FixedParDiff =  0.1372805 
likDiff =  0.002569928 
sigma: 0.98 0.1 -0.42 -0.29 2.01 
loglike: -5923.366 
########################################## 
[1] "estimate random effects --- done."
[1] "estimate fixed parameters --- done."
[1] "estimate dispersion parameters --- done."
############## Iteration: 4 ############### 
fixed.par: 2.14 1 -0.32 1.39 0.06 -1.73 0.36 -2.76 -1.07 2.59 1.24 -0.05 -1.16 -2.02 -3.7 -138.93 20.98 
FixedParDiff =  0.2207135 
likDiff =  0.004331964 
sigma: 0.98 0.08 -0.38 -0.31 2.01 
loglike: -5897.706 
########################################## 
[1] "estimate random effects --- done."
[1] "estimate fixed parameters --- done."
[1] "estimate dispersion parameters --- done."
############## Iteration: 5 ############### 
fixed.par: 2.15 1 -0.31 1.39 0.06 -1.73 0.37 -2.75 -1 2.43 1.24 -0.05 -2.68 -4.9 -9.03 -316.66 47.96 
FixedParDiff =  0.4132352 
likDiff =  0.009695788 
sigma: 0.98 0.05 -0.31 -0.37 2 
loglike: -5840.523 
########################################## 
[1] "estimate random effects --- done."
Error in estFixeff(RespLog, fixed = Jfixed, str_val = fixedest0, Dpars = Jraneff,  : 
  Iteration stops because fixed parameters can not be successfully estimated.

### [bt]: Job terminated with an exception [batchtools job.id=6]
### [bt]: Calculation finished!
