### [bt]: This is batchtools v0.9.15
### [bt]: Starting calculation of 1 jobs
### [bt]: Setting working directory to '/data/home/mengwang/21-summer-project/src'
### [bt]: Memory measurement disabled
### [bt]: Starting job [batchtools job.id=174]
### [bt]: Generating problem instance for problem 'generate_data' ...
### [bt]: Applying algorithm 'fit_JMest' on problem 'generate_data' for job 174 (seed = 21071198) ...
[1] "get initial values for LME & GLM models --- done."
[1] "get initial values for GLME model --- done."
[1] "get initial values for survival models --- done."
[1] "estimate random effects --- done."
[1] "estimate fixed parameters --- done."
[1] "estimate dispersion parameters --- done."
############## Iteration: 1 ############### 
fixed.par: 2.63 0.67 -0.17 1.07 0.07 -1.69 0.33 -2.73 -1.22 2.89 1.18 -0.05 -0.5 -0.32 -1.03 -56.33 8.47 
FixedParDiff =  0.2917121 
likDiff =  1 
sigma: 0.95 0.09 -0.46 -0.29 2 
loglike: -5983.883 
########################################## 
[1] "estimate random effects --- done."
[1] "estimate fixed parameters --- done."
[1] "estimate dispersion parameters --- done."
############## Iteration: 2 ############### 
fixed.par: 2.2 0.96 -0.3 1.36 0.06 -1.74 0.35 -2.78 -1.16 2.75 1.22 -0.05 -0.6 -0.57 -1.42 -69.43 10.45 
FixedParDiff =  0.2233379 
likDiff =  0.007468194 
sigma: 0.97 0.1 -0.46 -0.29 2 
loglike: -5939.194 
########################################## 
[1] "estimate random effects --- done."
[1] "estimate fixed parameters --- done."
[1] "estimate dispersion parameters --- done."
############## Iteration: 3 ############### 
fixed.par: 2.15 1 -0.32 1.39 0.06 -1.73 0.35 -2.77 -1.11 2.66 1.24 -0.05 -0.74 -1.01 -2.06 -87.78 13.23 
FixedParDiff =  0.1340188 
likDiff =  0.002673889 
sigma: 0.98 0.1 -0.42 -0.29 2.01 
loglike: -5923.314 
########################################## 
[1] "estimate random effects --- done."
[1] "estimate fixed parameters --- done."
[1] "estimate dispersion parameters --- done."
############## Iteration: 4 ############### 
fixed.par: 2.14 1 -0.32 1.39 0.06 -1.73 0.36 -2.76 -1.07 2.58 1.23 -0.05 -1.13 -1.95 -3.6 -134.53 20.32 
FixedParDiff =  0.2020676 
likDiff =  0.004389373 
sigma: 0.98 0.08 -0.37 -0.31 2.01 
loglike: -5897.314 
########################################## 
[1] "estimate random effects --- done."
[1] "estimate fixed parameters --- done."
[1] "estimate dispersion parameters --- done."
############## Iteration: 5 ############### 
fixed.par: 2.14 1 -0.32 1.39 0.06 -1.75 0.38 -2.74 -1.01 2.44 1.25 -0.05 -2.71 -4.98 -9.14 -320.46 48.53 
FixedParDiff =  0.4465982 
likDiff =  0.009273181 
sigma: 0.98 0.05 -0.31 -0.36 2 
loglike: -5842.627 
########################################## 
[1] "estimate random effects --- done."
Error in estFixeff(RespLog, fixed = Jfixed, str_val = fixedest0, Dpars = Jraneff,  : 
  Iteration stops because fixed parameters can not be successfully estimated.

### [bt]: Job terminated with an exception [batchtools job.id=174]
### [bt]: Calculation finished!
