### [bt]: This is batchtools v0.9.15
### [bt]: Starting calculation of 1 jobs
### [bt]: Setting working directory to '/data/home/mengwang/21-summer-project/src'
### [bt]: Memory measurement disabled
### [bt]: Starting job [batchtools job.id=155]
### [bt]: Generating problem instance for problem 'generate_data' ...
### [bt]: Applying algorithm 'fit_JMest' on problem 'generate_data' for job 155 (seed = 21071179) ...
[1] "get initial values for LME & GLM models --- done."
[1] "get initial values for GLME model --- done."
[1] "get initial values for survival models --- done."
[1] "estimate random effects --- done."
[1] "estimate fixed parameters --- done."
[1] "estimate dispersion parameters --- done."
############## Iteration: 1 ############### 
fixed.par: 2.63 0.67 -0.17 1.07 0.07 -1.69 0.33 -2.74 -1.22 2.89 1.18 -0.05 -0.53 -0.33 -1.06 -58.73 8.83 
FixedParDiff =  0.3075046 
likDiff =  1 
sigma: 0.95 0.09 -0.46 -0.29 2 
loglike: -5983.819 
########################################## 
[1] "estimate random effects --- done."
[1] "estimate fixed parameters --- done."
[1] "estimate dispersion parameters --- done."
############## Iteration: 2 ############### 
fixed.par: 2.2 0.96 -0.3 1.35 0.06 -1.72 0.34 -2.78 -1.15 2.73 1.22 -0.05 -0.62 -0.6 -1.47 -71.87 10.82 
FixedParDiff =  0.2244238 
likDiff =  0.007578973 
sigma: 0.97 0.1 -0.46 -0.29 2 
loglike: -5938.467 
########################################## 
[1] "estimate random effects --- done."
[1] "estimate fixed parameters --- done."
[1] "estimate dispersion parameters --- done."
############## Iteration: 3 ############### 
fixed.par: 2.15 1 -0.31 1.39 0.06 -1.75 0.36 -2.77 -1.1 2.64 1.23 -0.05 -0.75 -1.03 -2.1 -88.91 13.4 
FixedParDiff =  0.1291016 
likDiff =  0.002715828 
sigma: 0.98 0.1 -0.42 -0.28 2.01 
loglike: -5922.339 
########################################## 
[1] "estimate random effects --- done."
[1] "estimate fixed parameters --- done."
[1] "estimate dispersion parameters --- done."
############## Iteration: 4 ############### 
fixed.par: 2.14 1 -0.32 1.39 0.07 -1.76 0.38 -2.76 -1.07 2.57 1.24 -0.05 -1.1 -1.91 -3.53 -131.57 19.87 
FixedParDiff =  0.1869287 
likDiff =  0.004356226 
sigma: 0.98 0.08 -0.37 -0.31 2.01 
loglike: -5896.54 
########################################## 
[1] "estimate random effects --- done."
[1] "estimate fixed parameters --- done."
[1] "estimate dispersion parameters --- done."
############## Iteration: 5 ############### 
fixed.par: 2.14 1 -0.32 1.39 0.07 -1.74 0.38 -2.75 -1.01 2.45 1.24 -0.05 -2.65 -4.89 -8.93 -313.42 47.46 
FixedParDiff =  0.4400391 
likDiff =  0.009009075 
sigma: 0.98 0.05 -0.31 -0.36 2 
loglike: -5843.418 
########################################## 
[1] "estimate random effects --- done."
Error in estFixeff(RespLog, fixed = Jfixed, str_val = fixedest0, Dpars = Jraneff,  : 
  Iteration stops because fixed parameters can not be successfully estimated.

### [bt]: Job terminated with an exception [batchtools job.id=155]
### [bt]: Calculation finished!
