### [bt]: This is batchtools v0.9.15
### [bt]: Starting calculation of 1 jobs
### [bt]: Setting working directory to '/data/home/mengwang/21-summer-project/src'
### [bt]: Memory measurement disabled
### [bt]: Starting job [batchtools job.id=215]
### [bt]: Generating problem instance for problem 'generate_data' ...
### [bt]: Applying algorithm 'fit_JMest' on problem 'generate_data' for job 215 (seed = 21071239) ...
[1] "get initial values for LME & GLM models --- done."
[1] "get initial values for GLME model --- done."
[1] "get initial values for survival models --- done."
[1] "estimate random effects --- done."
[1] "estimate fixed parameters --- done."
[1] "estimate dispersion parameters --- done."
############## Iteration: 1 ############### 
fixed.par: 2.63 0.67 -0.17 1.07 0.07 -1.69 0.33 -2.74 -1.22 2.89 1.17 -0.05 -0.54 -0.33 -1.08 -59.75 8.98 
FixedParDiff =  0.3160522 
likDiff =  1 
sigma: 0.95 0.09 -0.46 -0.29 2 
loglike: -5983.887 
########################################## 
[1] "estimate random effects --- done."
[1] "estimate fixed parameters --- done."
[1] "estimate dispersion parameters --- done."
############## Iteration: 2 ############### 
fixed.par: 2.2 0.96 -0.3 1.35 0.06 -1.75 0.36 -2.78 -1.14 2.72 1.22 -0.05 -0.61 -0.59 -1.46 -71.12 10.71 
FixedParDiff =  0.2131994 
likDiff =  0.007641169 
sigma: 0.97 0.1 -0.46 -0.29 2 
loglike: -5938.163 
########################################## 
[1] "estimate random effects --- done."
[1] "estimate fixed parameters --- done."
[1] "estimate dispersion parameters --- done."
############## Iteration: 3 ############### 
fixed.par: 2.15 0.99 -0.31 1.39 0.06 -1.74 0.36 -2.77 -1.1 2.64 1.24 -0.05 -0.74 -1.02 -2.08 -88.09 13.28 
FixedParDiff =  0.1266678 
likDiff =  0.002648279 
sigma: 0.98 0.1 -0.42 -0.28 2.01 
loglike: -5922.437 
########################################## 
[1] "estimate random effects --- done."
[1] "estimate fixed parameters --- done."
[1] "estimate dispersion parameters --- done."
############## Iteration: 4 ############### 
fixed.par: 2.15 1 -0.32 1.39 0.06 -1.76 0.38 -2.76 -1.07 2.58 1.23 -0.05 -1.12 -1.94 -3.57 -133.6 20.18 
FixedParDiff =  0.2011361 
likDiff =  0.004344626 
sigma: 0.98 0.08 -0.37 -0.31 2.01 
loglike: -5896.707 
########################################## 
[1] "estimate random effects --- done."
[1] "estimate fixed parameters --- done."
[1] "estimate dispersion parameters --- done."
############## Iteration: 5 ############### 
fixed.par: 2.15 1 -0.32 1.39 0.06 -1.73 0.37 -2.75 -1.01 2.45 1.24 -0.05 -2.59 -4.76 -8.71 -305.58 46.28 
FixedParDiff =  0.4133276 
likDiff =  0.009177063 
sigma: 0.98 0.05 -0.31 -0.36 2 
loglike: -5842.592 
########################################## 
[1] "estimate random effects --- done."
Error in estFixeff(RespLog, fixed = Jfixed, str_val = fixedest0, Dpars = Jraneff,  : 
  Iteration stops because fixed parameters can not be successfully estimated.

### [bt]: Job terminated with an exception [batchtools job.id=215]
### [bt]: Calculation finished!
