### [bt]: This is batchtools v0.9.15
### [bt]: Starting calculation of 1 jobs
### [bt]: Setting working directory to '/data/home/mengwang/21-summer-project/src'
### [bt]: Memory measurement disabled
### [bt]: Starting job [batchtools job.id=289]
### [bt]: Generating problem instance for problem 'generate_data' ...
### [bt]: Applying algorithm 'fit_JMest' on problem 'generate_data' for job 289 (seed = 21071313) ...
[1] "get initial values for LME & GLM models --- done."
[1] "get initial values for GLME model --- done."
[1] "get initial values for survival models --- done."
[1] "estimate random effects --- done."
[1] "estimate fixed parameters --- done."
[1] "estimate dispersion parameters --- done."
############## Iteration: 1 ############### 
fixed.par: 2.63 0.67 -0.17 1.07 0.06 -1.67 0.32 -2.74 -1.22 2.89 1.18 -0.05 -0.52 -0.33 -1.05 -57.88 8.7 
FixedParDiff =  0.3074589 
likDiff =  1 
sigma: 0.95 0.09 -0.46 -0.29 2 
loglike: -5983.819 
########################################## 
[1] "estimate random effects --- done."
[1] "estimate fixed parameters --- done."
[1] "estimate dispersion parameters --- done."
############## Iteration: 2 ############### 
fixed.par: 2.2 0.96 -0.3 1.36 0.06 -1.73 0.34 -2.77 -1.15 2.74 1.22 -0.05 -0.59 -0.57 -1.41 -68.66 10.34 
FixedParDiff =  0.2124646 
likDiff =  0.007536546 
sigma: 0.97 0.1 -0.46 -0.29 2 
loglike: -5938.721 
########################################## 
[1] "estimate random effects --- done."
[1] "estimate fixed parameters --- done."
[1] "estimate dispersion parameters --- done."
############## Iteration: 3 ############### 
fixed.par: 2.15 1 -0.31 1.39 0.06 -1.74 0.36 -2.77 -1.11 2.66 1.23 -0.05 -0.73 -1 -2.03 -86.38 13.02 
FixedParDiff =  0.1307697 
likDiff =  0.002586808 
sigma: 0.98 0.1 -0.42 -0.29 2.01 
loglike: -5923.359 
########################################## 
[1] "estimate random effects --- done."
[1] "estimate fixed parameters --- done."
[1] "estimate dispersion parameters --- done."
############## Iteration: 4 ############### 
fixed.par: 2.14 1 -0.32 1.39 0.06 -1.74 0.37 -2.76 -1.08 2.59 1.24 -0.05 -1.07 -1.88 -3.45 -128.1 19.35 
FixedParDiff =  0.1845707 
likDiff =  0.004341143 
sigma: 0.98 0.08 -0.38 -0.31 2.01 
loglike: -5897.645 
########################################## 
[1] "estimate random effects --- done."
[1] "estimate fixed parameters --- done."
[1] "estimate dispersion parameters --- done."
############## Iteration: 5 ############### 
fixed.par: 2.15 1 -0.31 1.39 0.06 -1.72 0.36 -2.75 -1.02 2.47 1.24 -0.05 -2.42 -4.54 -8.25 -286.4 43.37 
FixedParDiff =  0.3978659 
likDiff =  0.008905908 
sigma: 0.98 0.06 -0.31 -0.36 2 
loglike: -5845.121 
########################################## 
[1] "estimate random effects --- done."
Error in estFixeff(RespLog, fixed = Jfixed, str_val = fixedest0, Dpars = Jraneff,  : 
  Iteration stops because fixed parameters can not be successfully estimated.

### [bt]: Job terminated with an exception [batchtools job.id=289]
### [bt]: Calculation finished!
