### [bt]: This is batchtools v0.9.15
### [bt]: Starting calculation of 1 jobs
### [bt]: Setting working directory to '/data/home/mengwang/21-summer-project/src'
### [bt]: Memory measurement disabled
### [bt]: Starting job [batchtools job.id=88]
### [bt]: Generating problem instance for problem 'generate_data' ...
### [bt]: Applying algorithm 'fit_JMest' on problem 'generate_data' for job 88 (seed = 21071112) ...
[1] "get initial values for LME & GLM models --- done."
[1] "get initial values for GLME model --- done."
[1] "get initial values for survival models --- done."
[1] "estimate random effects --- done."
[1] "estimate fixed parameters --- done."
[1] "estimate dispersion parameters --- done."
############## Iteration: 1 ############### 
fixed.par: 2.63 0.67 -0.17 1.07 0.07 -1.71 0.34 -2.73 -1.22 2.89 1.19 -0.05 -0.51 -0.32 -1.04 -57.27 8.61 
FixedParDiff =  0.2945722 
likDiff =  1 
sigma: 0.95 0.09 -0.46 -0.29 2 
loglike: -5983.854 
########################################## 
[1] "estimate random effects --- done."
[1] "estimate fixed parameters --- done."
[1] "estimate dispersion parameters --- done."
############## Iteration: 2 ############### 
fixed.par: 2.2 0.96 -0.3 1.36 0.06 -1.73 0.34 -2.78 -1.15 2.75 1.22 -0.05 -0.6 -0.57 -1.42 -69.2 10.42 
FixedParDiff =  0.2155855 
likDiff =  0.007513779 
sigma: 0.97 0.1 -0.46 -0.29 2 
loglike: -5938.893 
########################################## 
[1] "estimate random effects --- done."
[1] "estimate fixed parameters --- done."
[1] "estimate dispersion parameters --- done."
############## Iteration: 3 ############### 
fixed.par: 2.15 1 -0.31 1.39 0.06 -1.73 0.35 -2.77 -1.11 2.66 1.24 -0.05 -0.75 -1.03 -2.09 -89.53 13.49 
FixedParDiff =  0.140477 
likDiff =  0.002626936 
sigma: 0.98 0.1 -0.42 -0.29 2.01 
loglike: -5923.292 
########################################## 
[1] "estimate random effects --- done."
[1] "estimate fixed parameters --- done."
[1] "estimate dispersion parameters --- done."
############## Iteration: 4 ############### 
fixed.par: 2.15 1 -0.32 1.39 0.06 -1.75 0.37 -2.76 -1.07 2.58 1.24 -0.05 -1.11 -1.92 -3.56 -132.81 20.06 
FixedParDiff =  0.1917999 
likDiff =  0.004479347 
sigma: 0.98 0.08 -0.37 -0.31 2.01 
loglike: -5896.759 
########################################## 
[1] "estimate random effects --- done."
[1] "estimate fixed parameters --- done."
[1] "estimate dispersion parameters --- done."
############## Iteration: 5 ############### 
fixed.par: 2.15 1 -0.31 1.39 0.07 -1.74 0.38 -2.75 -1.01 2.45 1.24 -0.05 -2.55 -4.69 -8.6 -300.72 45.54 
FixedParDiff =  0.4083458 
likDiff =  0.009097911 
sigma: 0.98 0.05 -0.31 -0.36 2 
loglike: -5843.111 
########################################## 
[1] "estimate random effects --- done."
Error in estFixeff(RespLog, fixed = Jfixed, str_val = fixedest0, Dpars = Jraneff,  : 
  Iteration stops because fixed parameters can not be successfully estimated.

### [bt]: Job terminated with an exception [batchtools job.id=88]
### [bt]: Calculation finished!
