### [bt]: This is batchtools v0.9.15
### [bt]: Starting calculation of 1 jobs
### [bt]: Setting working directory to '/data/home/mengwang/21-summer-project/src'
### [bt]: Memory measurement disabled
### [bt]: Starting job [batchtools job.id=295]
### [bt]: Generating problem instance for problem 'generate_data' ...
### [bt]: Applying algorithm 'fit_JMest' on problem 'generate_data' for job 295 (seed = 21071319) ...
[1] "get initial values for LME & GLM models --- done."
[1] "get initial values for GLME model --- done."
[1] "get initial values for survival models --- done."
[1] "estimate random effects --- done."
[1] "estimate fixed parameters --- done."
[1] "estimate dispersion parameters --- done."
############## Iteration: 1 ############### 
fixed.par: 2.63 0.67 -0.17 1.07 0.07 -1.71 0.35 -2.74 -1.22 2.89 1.18 -0.05 -0.51 -0.32 -1.04 -56.92 8.56 
FixedParDiff =  0.288474 
likDiff =  1 
sigma: 0.95 0.09 -0.46 -0.29 2 
loglike: -5983.834 
########################################## 
[1] "estimate random effects --- done."
[1] "estimate fixed parameters --- done."
[1] "estimate dispersion parameters --- done."
############## Iteration: 2 ############### 
fixed.par: 2.2 0.96 -0.3 1.36 0.06 -1.71 0.33 -2.78 -1.15 2.75 1.22 -0.05 -0.58 -0.56 -1.39 -67.7 10.19 
FixedParDiff =  0.217112 
likDiff =  0.00748082 
sigma: 0.97 0.1 -0.46 -0.29 2 
loglike: -5939.07 
########################################## 
[1] "estimate random effects --- done."
[1] "estimate fixed parameters --- done."
[1] "estimate dispersion parameters --- done."
############## Iteration: 3 ############### 
fixed.par: 2.15 1 -0.31 1.39 0.06 -1.74 0.36 -2.77 -1.12 2.67 1.24 -0.05 -0.7 -0.97 -1.97 -83.62 12.6 
FixedParDiff =  0.1300833 
likDiff =  0.002565395 
sigma: 0.98 0.1 -0.42 -0.29 2.01 
loglike: -5923.834 
########################################## 
[1] "estimate random effects --- done."
[1] "estimate fixed parameters --- done."
[1] "estimate dispersion parameters --- done."
############## Iteration: 4 ############### 
fixed.par: 2.14 1 -0.32 1.39 0.06 -1.74 0.37 -2.76 -1.08 2.61 1.25 -0.05 -1.01 -1.8 -3.27 -120.65 18.22 
FixedParDiff =  0.1747026 
likDiff =  0.004216585 
sigma: 0.98 0.08 -0.38 -0.31 2.01 
loglike: -5898.855 
########################################## 
[1] "estimate random effects --- done."
[1] "estimate fixed parameters --- done."
[1] "estimate dispersion parameters --- done."
############## Iteration: 5 ############### 
fixed.par: 2.14 1 -0.32 1.39 0.07 -1.74 0.38 -2.75 -1.04 2.5 1.25 -0.05 -2.14 -4.14 -7.42 -254.07 38.47 
FixedParDiff =  0.3610583 
likDiff =  0.008484465 
sigma: 0.98 0.06 -0.32 -0.36 2 
loglike: -5848.807 
########################################## 
[1] "estimate random effects --- done."
Error in estFixeff(RespLog, fixed = Jfixed, str_val = fixedest0, Dpars = Jraneff,  : 
  Iteration stops because fixed parameters can not be successfully estimated.

### [bt]: Job terminated with an exception [batchtools job.id=295]
### [bt]: Calculation finished!
