### [bt]: This is batchtools v0.9.15
### [bt]: Starting calculation of 1 jobs
### [bt]: Setting working directory to '/data/home/mengwang/21-summer-project/src'
### [bt]: Memory measurement disabled
### [bt]: Starting job [batchtools job.id=299]
### [bt]: Generating problem instance for problem 'generate_data' ...
### [bt]: Applying algorithm 'fit_JMest' on problem 'generate_data' for job 299 (seed = 21071323) ...
[1] "get initial values for LME & GLM models --- done."
[1] "get initial values for GLME model --- done."
[1] "get initial values for survival models --- done."
[1] "estimate random effects --- done."
[1] "estimate fixed parameters --- done."
[1] "estimate dispersion parameters --- done."
############## Iteration: 1 ############### 
fixed.par: 2.63 0.67 -0.17 1.07 0.07 -1.68 0.33 -2.74 -1.22 2.89 1.18 -0.05 -0.51 -0.32 -1.04 -57.36 8.62 
FixedParDiff =  0.299815 
likDiff =  1 
sigma: 0.95 0.09 -0.46 -0.29 2 
loglike: -5983.836 
########################################## 
[1] "estimate random effects --- done."
[1] "estimate fixed parameters --- done."
[1] "estimate dispersion parameters --- done."
############## Iteration: 2 ############### 
fixed.par: 2.2 0.96 -0.3 1.35 0.06 -1.72 0.34 -2.78 -1.15 2.75 1.22 -0.05 -0.59 -0.57 -1.41 -68.44 10.3 
FixedParDiff =  0.2137682 
likDiff =  0.007508969 
sigma: 0.97 0.1 -0.46 -0.29 2 
loglike: -5938.904 
########################################## 
[1] "estimate random effects --- done."
[1] "estimate fixed parameters --- done."
[1] "estimate dispersion parameters --- done."
############## Iteration: 3 ############### 
fixed.par: 2.15 1 -0.31 1.39 0.06 -1.74 0.36 -2.77 -1.12 2.67 1.24 -0.05 -0.7 -0.97 -1.97 -83.29 12.56 
FixedParDiff =  0.120666 
likDiff =  0.002565261 
sigma: 0.98 0.1 -0.42 -0.29 2.01 
loglike: -5923.669 
########################################## 
[1] "estimate random effects --- done."
[1] "estimate fixed parameters --- done."
[1] "estimate dispersion parameters --- done."
############## Iteration: 4 ############### 
fixed.par: 2.15 1 -0.32 1.39 0.06 -1.74 0.37 -2.76 -1.08 2.61 1.24 -0.05 -1.04 -1.84 -3.35 -124.4 18.79 
FixedParDiff =  0.1907205 
likDiff =  0.004209493 
sigma: 0.98 0.08 -0.38 -0.31 2.01 
loglike: -5898.733 
########################################## 
[1] "estimate random effects --- done."
[1] "estimate fixed parameters --- done."
[1] "estimate dispersion parameters --- done."
############## Iteration: 5 ############### 
fixed.par: 2.15 1 -0.32 1.39 0.07 -1.74 0.37 -2.75 -1.03 2.49 1.24 -0.05 -2.26 -4.3 -7.74 -266.84 40.4 
FixedParDiff =  0.3709415 
likDiff =  0.00873164 
sigma: 0.98 0.06 -0.32 -0.36 2 
loglike: -5847.227 
########################################## 
[1] "estimate random effects --- done."
Error in estFixeff(RespLog, fixed = Jfixed, str_val = fixedest0, Dpars = Jraneff,  : 
  Iteration stops because fixed parameters can not be successfully estimated.

### [bt]: Job terminated with an exception [batchtools job.id=299]
### [bt]: Calculation finished!
