### [bt]: This is batchtools v0.9.15
### [bt]: Starting calculation of 1 jobs
### [bt]: Setting working directory to '/data/home/mengwang/21-summer-project/src'
### [bt]: Memory measurement disabled
### [bt]: Starting job [batchtools job.id=84]
### [bt]: Generating problem instance for problem 'generate_data' ...
### [bt]: Applying algorithm 'fit_JMest' on problem 'generate_data' for job 84 (seed = 21071108) ...
[1] "get initial values for LME & GLM models --- done."
[1] "get initial values for GLME model --- done."
[1] "get initial values for survival models --- done."
[1] "estimate random effects --- done."
[1] "estimate fixed parameters --- done."
[1] "estimate dispersion parameters --- done."
############## Iteration: 1 ############### 
fixed.par: 2.63 0.67 -0.17 1.07 0.07 -1.69 0.33 -2.74 -1.21 2.89 1.17 -0.05 -0.54 -0.33 -1.07 -59.54 8.95 
FixedParDiff =  0.3123732 
likDiff =  1 
sigma: 0.95 0.09 -0.46 -0.29 2 
loglike: -5983.887 
########################################## 
[1] "estimate random effects --- done."
[1] "estimate fixed parameters --- done."
[1] "estimate dispersion parameters --- done."
############## Iteration: 2 ############### 
fixed.par: 2.2 0.96 -0.3 1.36 0.06 -1.73 0.34 -2.78 -1.15 2.73 1.23 -0.05 -0.61 -0.59 -1.44 -70.14 10.56 
FixedParDiff =  0.2108193 
likDiff =  0.007637102 
sigma: 0.97 0.1 -0.46 -0.29 2 
loglike: -5938.187 
########################################## 
[1] "estimate random effects --- done."
[1] "estimate fixed parameters --- done."
[1] "estimate dispersion parameters --- done."
############## Iteration: 3 ############### 
fixed.par: 2.15 1 -0.31 1.39 0.06 -1.75 0.37 -2.77 -1.11 2.65 1.24 -0.05 -0.73 -1.02 -2.06 -87.34 13.17 
FixedParDiff =  0.1296959 
likDiff =  0.002601835 
sigma: 0.98 0.1 -0.42 -0.28 2.01 
loglike: -5922.737 
########################################## 
[1] "estimate random effects --- done."
[1] "estimate fixed parameters --- done."
[1] "estimate dispersion parameters --- done."
############## Iteration: 4 ############### 
fixed.par: 2.15 1 -0.32 1.39 0.07 -1.76 0.38 -2.76 -1.07 2.59 1.23 -0.05 -1.14 -1.97 -3.62 -135.73 20.5 
FixedParDiff =  0.2097085 
likDiff =  0.004346869 
sigma: 0.98 0.08 -0.38 -0.31 2.01 
loglike: -5896.992 
########################################## 
[1] "estimate random effects --- done."
[1] "estimate fixed parameters --- done."
[1] "estimate dispersion parameters --- done."
############## Iteration: 5 ############### 
fixed.par: 2.15 1 -0.31 1.39 0.07 -1.74 0.38 -2.75 -1.01 2.44 1.24 -0.05 -2.56 -4.71 -8.64 -302.57 45.82 
FixedParDiff =  0.3945835 
likDiff =  0.009398412 
sigma: 0.98 0.05 -0.31 -0.36 2 
loglike: -5841.569 
########################################## 
[1] "estimate random effects --- done."
Error in estFixeff(RespLog, fixed = Jfixed, str_val = fixedest0, Dpars = Jraneff,  : 
  Iteration stops because fixed parameters can not be successfully estimated.

### [bt]: Job terminated with an exception [batchtools job.id=84]
### [bt]: Calculation finished!
