### [bt]: This is batchtools v0.9.15
### [bt]: Starting calculation of 1 jobs
### [bt]: Setting working directory to '/data/home/mengwang/21-summer-project/src'
### [bt]: Memory measurement disabled
### [bt]: Starting job [batchtools job.id=275]
### [bt]: Generating problem instance for problem 'generate_data' ...
### [bt]: Applying algorithm 'fit_JMest' on problem 'generate_data' for job 275 (seed = 21071299) ...
[1] "get initial values for LME & GLM models --- done."
[1] "get initial values for GLME model --- done."
[1] "get initial values for survival models --- done."
[1] "estimate random effects --- done."
[1] "estimate fixed parameters --- done."
[1] "estimate dispersion parameters --- done."
############## Iteration: 1 ############### 
fixed.par: 2.63 0.67 -0.17 1.07 0.06 -1.66 0.31 -2.73 -1.21 2.89 1.17 -0.05 -0.52 -0.32 -1.04 -57.45 8.64 
FixedParDiff =  0.309026 
likDiff =  1 
sigma: 0.95 0.09 -0.46 -0.29 2 
loglike: -5983.841 
########################################## 
[1] "estimate random effects --- done."
[1] "estimate fixed parameters --- done."
[1] "estimate dispersion parameters --- done."
############## Iteration: 2 ############### 
fixed.par: 2.2 0.96 -0.3 1.36 0.06 -1.74 0.35 -2.77 -1.15 2.74 1.22 -0.05 -0.61 -0.58 -1.43 -69.93 10.53 
FixedParDiff =  0.2234273 
likDiff =  0.007523276 
sigma: 0.97 0.1 -0.46 -0.29 2 
loglike: -5938.823 
########################################## 
[1] "estimate random effects --- done."
[1] "estimate fixed parameters --- done."
[1] "estimate dispersion parameters --- done."
############## Iteration: 3 ############### 
fixed.par: 2.15 0.99 -0.31 1.39 0.06 -1.74 0.36 -2.77 -1.11 2.66 1.23 -0.05 -0.74 -1.02 -2.06 -87.58 13.2 
FixedParDiff =  0.1277496 
likDiff =  0.002666753 
sigma: 0.98 0.1 -0.42 -0.29 2.01 
loglike: -5922.985 
########################################## 
[1] "estimate random effects --- done."
[1] "estimate fixed parameters --- done."
[1] "estimate dispersion parameters --- done."
############## Iteration: 4 ############### 
fixed.par: 2.15 1 -0.32 1.39 0.06 -1.73 0.36 -2.76 -1.07 2.59 1.25 -0.05 -1.11 -1.94 -3.56 -132.94 20.08 
FixedParDiff =  0.1956798 
likDiff =  0.004380631 
sigma: 0.98 0.08 -0.37 -0.31 2.01 
loglike: -5897.039 
########################################## 
[1] "estimate random effects --- done."
[1] "estimate fixed parameters --- done."
[1] "estimate dispersion parameters --- done."
############## Iteration: 5 ############### 
fixed.par: 2.15 1 -0.31 1.39 0.06 -1.73 0.37 -2.75 -1.01 2.45 1.24 -0.05 -2.54 -4.7 -8.6 -300.25 45.47 
FixedParDiff =  0.4088739 
likDiff =  0.009203113 
sigma: 0.98 0.05 -0.31 -0.36 2 
loglike: -5842.768 
########################################## 
[1] "estimate random effects --- done."
Error in estFixeff(RespLog, fixed = Jfixed, str_val = fixedest0, Dpars = Jraneff,  : 
  Iteration stops because fixed parameters can not be successfully estimated.

### [bt]: Job terminated with an exception [batchtools job.id=275]
### [bt]: Calculation finished!
