### [bt]: This is batchtools v0.9.15
### [bt]: Starting calculation of 1 jobs
### [bt]: Setting working directory to '/data/home/mengwang/21-summer-project/src'
### [bt]: Memory measurement disabled
### [bt]: Starting job [batchtools job.id=287]
### [bt]: Generating problem instance for problem 'generate_data' ...
### [bt]: Applying algorithm 'fit_JMest' on problem 'generate_data' for job 287 (seed = 21071311) ...
[1] "get initial values for LME & GLM models --- done."
[1] "get initial values for GLME model --- done."
[1] "get initial values for survival models --- done."
[1] "estimate random effects --- done."
[1] "estimate fixed parameters --- done."
[1] "estimate dispersion parameters --- done."
############## Iteration: 1 ############### 
fixed.par: 2.63 0.67 -0.17 1.07 0.07 -1.73 0.36 -2.73 -1.21 2.89 1.17 -0.05 -0.51 -0.32 -1.03 -56.59 8.51 
FixedParDiff =  0.2831701 
likDiff =  1 
sigma: 0.95 0.09 -0.46 -0.29 2 
loglike: -5983.894 
########################################## 
[1] "estimate random effects --- done."
[1] "estimate fixed parameters --- done."
[1] "estimate dispersion parameters --- done."
############## Iteration: 2 ############### 
fixed.par: 2.2 0.96 -0.3 1.36 0.06 -1.72 0.34 -2.78 -1.16 2.75 1.22 -0.05 -0.61 -0.58 -1.43 -70.27 10.58 
FixedParDiff =  0.2347785 
likDiff =  0.007482557 
sigma: 0.97 0.1 -0.46 -0.29 2 
loglike: -5939.12 
########################################## 
[1] "estimate random effects --- done."
[1] "estimate fixed parameters --- done."
[1] "estimate dispersion parameters --- done."
############## Iteration: 3 ############### 
fixed.par: 2.15 1 -0.31 1.39 0.06 -1.73 0.35 -2.77 -1.11 2.66 1.23 -0.05 -0.76 -1.03 -2.1 -89.92 13.55 
FixedParDiff =  0.1369575 
likDiff =  0.002704518 
sigma: 0.98 0.1 -0.42 -0.29 2.01 
loglike: -5923.057 
########################################## 
[1] "estimate random effects --- done."
[1] "estimate fixed parameters --- done."
[1] "estimate dispersion parameters --- done."
############## Iteration: 4 ############### 
fixed.par: 2.15 1 -0.32 1.39 0.06 -1.74 0.37 -2.76 -1.06 2.57 1.24 -0.05 -1.13 -1.94 -3.6 -134.65 20.34 
FixedParDiff =  0.1957299 
likDiff =  0.004474432 
sigma: 0.98 0.08 -0.37 -0.31 2.01 
loglike: -5896.555 
########################################## 
[1] "estimate random effects --- done."
[1] "estimate fixed parameters --- done."
[1] "estimate dispersion parameters --- done."
############## Iteration: 5 ############### 
fixed.par: 2.15 1 -0.31 1.39 0.07 -1.74 0.37 -2.75 -1.01 2.44 1.24 -0.05 -2.42 -4.46 -8.19 -286.05 43.32 
FixedParDiff =  0.3659799 
likDiff =  0.009136945 
sigma: 0.98 0.05 -0.31 -0.36 2 
loglike: -5842.678 
########################################## 
[1] "estimate random effects --- done."
Error in estFixeff(RespLog, fixed = Jfixed, str_val = fixedest0, Dpars = Jraneff,  : 
  Iteration stops because fixed parameters can not be successfully estimated.

### [bt]: Job terminated with an exception [batchtools job.id=287]
### [bt]: Calculation finished!
