### [bt]: This is batchtools v0.9.15
### [bt]: Starting calculation of 1 jobs
### [bt]: Setting working directory to '/data/home/mengwang/21-summer-project/src'
### [bt]: Memory measurement disabled
### [bt]: Starting job [batchtools job.id=146]
### [bt]: Generating problem instance for problem 'generate_data' ...
### [bt]: Applying algorithm 'fit_JMest' on problem 'generate_data' for job 146 (seed = 21071170) ...
[1] "get initial values for LME & GLM models --- done."
[1] "get initial values for GLME model --- done."
[1] "get initial values for survival models --- done."
[1] "estimate random effects --- done."
[1] "estimate fixed parameters --- done."
[1] "estimate dispersion parameters --- done."
############## Iteration: 1 ############### 
fixed.par: 2.63 0.67 -0.17 1.07 0.07 -1.69 0.33 -2.74 -1.21 2.89 1.16 -0.05 -0.52 -0.32 -1.05 -57.61 8.66 
FixedParDiff =  0.2972531 
likDiff =  1 
sigma: 0.95 0.09 -0.46 -0.29 2 
loglike: -5983.799 
########################################## 
[1] "estimate random effects --- done."
[1] "estimate fixed parameters --- done."
[1] "estimate dispersion parameters --- done."
############## Iteration: 2 ############### 
fixed.par: 2.2 0.96 -0.3 1.36 0.06 -1.75 0.35 -2.77 -1.15 2.74 1.22 -0.05 -0.6 -0.58 -1.42 -69.33 10.44 
FixedParDiff =  0.2183269 
likDiff =  0.00752188 
sigma: 0.97 0.1 -0.46 -0.29 2 
loglike: -5938.79 
########################################## 
[1] "estimate random effects --- done."
[1] "estimate fixed parameters --- done."
[1] "estimate dispersion parameters --- done."
############## Iteration: 3 ############### 
fixed.par: 2.15 1 -0.31 1.39 0.06 -1.75 0.37 -2.77 -1.11 2.66 1.24 -0.05 -0.74 -1.02 -2.06 -87.81 13.24 
FixedParDiff =  0.1319406 
likDiff =  0.002628878 
sigma: 0.98 0.1 -0.42 -0.29 2.01 
loglike: -5923.178 
########################################## 
[1] "estimate random effects --- done."
[1] "estimate fixed parameters --- done."
[1] "estimate dispersion parameters --- done."
############## Iteration: 4 ############### 
fixed.par: 2.14 1 -0.32 1.39 0.06 -1.74 0.37 -2.76 -1.07 2.58 1.24 -0.05 -1.13 -1.96 -3.61 -134.94 20.38 
FixedParDiff =  0.2001717 
likDiff =  0.004399024 
sigma: 0.98 0.08 -0.37 -0.31 2.01 
loglike: -5897.121 
########################################## 
[1] "estimate random effects --- done."
[1] "estimate fixed parameters --- done."
[1] "estimate dispersion parameters --- done."
############## Iteration: 5 ############### 
fixed.par: 2.15 1 -0.31 1.39 0.06 -1.73 0.36 -2.75 -1.01 2.44 1.24 -0.05 -2.72 -4.99 -9.16 -321.33 48.66 
FixedParDiff =  0.4405527 
likDiff =  0.009319831 
sigma: 0.98 0.05 -0.31 -0.36 2 
loglike: -5842.161 
########################################## 
[1] "estimate random effects --- done."
Error in estFixeff(RespLog, fixed = Jfixed, str_val = fixedest0, Dpars = Jraneff,  : 
  Iteration stops because fixed parameters can not be successfully estimated.

### [bt]: Job terminated with an exception [batchtools job.id=146]
### [bt]: Calculation finished!
