### [bt]: This is batchtools v0.9.15
### [bt]: Starting calculation of 1 jobs
### [bt]: Setting working directory to '/data/home/mengwang/21-summer-project/src'
### [bt]: Memory measurement disabled
### [bt]: Starting job [batchtools job.id=231]
### [bt]: Generating problem instance for problem 'generate_data' ...
### [bt]: Applying algorithm 'fit_JMest' on problem 'generate_data' for job 231 (seed = 21071255) ...
[1] "get initial values for LME & GLM models --- done."
[1] "get initial values for GLME model --- done."
[1] "get initial values for survival models --- done."
[1] "estimate random effects --- done."
[1] "estimate fixed parameters --- done."
[1] "estimate dispersion parameters --- done."
############## Iteration: 1 ############### 
fixed.par: 2.63 0.67 -0.17 1.07 0.07 -1.72 0.35 -2.73 -1.22 2.89 1.18 -0.05 -0.52 -0.33 -1.06 -58.25 8.76 
FixedParDiff =  0.2987296 
likDiff =  1 
sigma: 0.95 0.09 -0.46 -0.29 2 
loglike: -5983.81 
########################################## 
[1] "estimate random effects --- done."
[1] "estimate fixed parameters --- done."
[1] "estimate dispersion parameters --- done."
############## Iteration: 2 ############### 
fixed.par: 2.2 0.96 -0.3 1.35 0.06 -1.74 0.35 -2.78 -1.15 2.74 1.22 -0.05 -0.6 -0.58 -1.43 -69.92 10.52 
FixedParDiff =  0.2149084 
likDiff =  0.007556485 
sigma: 0.97 0.1 -0.46 -0.29 2 
loglike: -5938.594 
########################################## 
[1] "estimate random effects --- done."
[1] "estimate fixed parameters --- done."
[1] "estimate dispersion parameters --- done."
############## Iteration: 3 ############### 
fixed.par: 2.15 1 -0.31 1.39 0.06 -1.76 0.37 -2.77 -1.11 2.65 1.23 -0.05 -0.73 -1.01 -2.05 -87.02 13.12 
FixedParDiff =  0.1308925 
likDiff =  0.002637325 
sigma: 0.98 0.1 -0.42 -0.29 2.01 
loglike: -5922.932 
########################################## 
[1] "estimate random effects --- done."
[1] "estimate fixed parameters --- done."
[1] "estimate dispersion parameters --- done."
############## Iteration: 4 ############### 
fixed.par: 2.15 1 -0.31 1.39 0.06 -1.76 0.38 -2.76 -1.07 2.59 1.24 -0.05 -1.13 -1.96 -3.59 -134.47 20.31 
FixedParDiff =  0.2029719 
likDiff =  0.004345283 
sigma: 0.98 0.08 -0.38 -0.31 2.01 
loglike: -5897.195 
########################################## 
[1] "estimate random effects --- done."
[1] "estimate fixed parameters --- done."
[1] "estimate dispersion parameters --- done."
############## Iteration: 5 ############### 
fixed.par: 2.15 1 -0.31 1.39 0.07 -1.75 0.38 -2.75 -1.01 2.45 1.24 -0.05 -2.6 -4.79 -8.78 -307.11 46.51 
FixedParDiff =  0.4121467 
likDiff =  0.009336653 
sigma: 0.98 0.05 -0.31 -0.36 2 
loglike: -5842.135 
########################################## 
[1] "estimate random effects --- done."
Error in estFixeff(RespLog, fixed = Jfixed, str_val = fixedest0, Dpars = Jraneff,  : 
  Iteration stops because fixed parameters can not be successfully estimated.

### [bt]: Job terminated with an exception [batchtools job.id=231]
### [bt]: Calculation finished!
