### [bt]: This is batchtools v0.9.15
### [bt]: Starting calculation of 1 jobs
### [bt]: Setting working directory to '/data/home/mengwang/21-summer-project/src'
### [bt]: Memory measurement disabled
### [bt]: Starting job [batchtools job.id=100]
### [bt]: Generating problem instance for problem 'generate_data' ...
### [bt]: Applying algorithm 'fit_JMest' on problem 'generate_data' for job 100 (seed = 21071124) ...
[1] "get initial values for LME & GLM models --- done."
[1] "get initial values for GLME model --- done."
[1] "get initial values for survival models --- done."
[1] "estimate random effects --- done."
[1] "estimate fixed parameters --- done."
[1] "estimate dispersion parameters --- done."
############## Iteration: 1 ############### 
fixed.par: 2.63 0.67 -0.17 1.07 0.07 -1.7 0.34 -2.74 -1.21 2.89 1.17 -0.05 -0.51 -0.32 -1.03 -56.64 8.51 
FixedParDiff =  0.2887465 
likDiff =  1 
sigma: 0.95 0.09 -0.46 -0.29 2 
loglike: -5983.851 
########################################## 
[1] "estimate random effects --- done."
[1] "estimate fixed parameters --- done."
[1] "estimate dispersion parameters --- done."
############## Iteration: 2 ############### 
fixed.par: 2.2 0.96 -0.3 1.36 0.06 -1.74 0.35 -2.77 -1.16 2.75 1.22 -0.05 -0.6 -0.58 -1.42 -69.51 10.46 
FixedParDiff =  0.2228474 
likDiff =  0.007479101 
sigma: 0.97 0.1 -0.46 -0.29 2 
loglike: -5939.097 
########################################## 
[1] "estimate random effects --- done."
[1] "estimate fixed parameters --- done."
[1] "estimate dispersion parameters --- done."
############## Iteration: 3 ############### 
fixed.par: 2.15 0.99 -0.31 1.39 0.06 -1.74 0.36 -2.77 -1.11 2.66 1.23 -0.05 -0.75 -1.03 -2.09 -89.62 13.51 
FixedParDiff =  0.1382393 
likDiff =  0.002663262 
sigma: 0.98 0.1 -0.42 -0.29 2.01 
loglike: -5923.28 
########################################## 
[1] "estimate random effects --- done."
[1] "estimate fixed parameters --- done."
[1] "estimate dispersion parameters --- done."
############## Iteration: 4 ############### 
fixed.par: 2.15 1 -0.32 1.39 0.06 -1.75 0.38 -2.76 -1.06 2.57 1.24 -0.05 -1.14 -1.96 -3.62 -135.64 20.49 
FixedParDiff =  0.2000849 
likDiff =  0.004478621 
sigma: 0.98 0.08 -0.37 -0.31 2.01 
loglike: -5896.752 
########################################## 
[1] "estimate random effects --- done."
[1] "estimate fixed parameters --- done."
[1] "estimate dispersion parameters --- done."
############## Iteration: 5 ############### 
fixed.par: 2.15 1 -0.31 1.39 0.06 -1.74 0.37 -2.75 -1 2.44 1.23 -0.05 -2.72 -4.96 -9.13 -320.75 48.57 
FixedParDiff =  0.4357341 
likDiff =  0.009273612 
sigma: 0.98 0.05 -0.31 -0.36 2 
loglike: -5842.068 
########################################## 
[1] "estimate random effects --- done."
Error in estFixeff(RespLog, fixed = Jfixed, str_val = fixedest0, Dpars = Jraneff,  : 
  Iteration stops because fixed parameters can not be successfully estimated.

### [bt]: Job terminated with an exception [batchtools job.id=100]
### [bt]: Calculation finished!
