### [bt]: This is batchtools v0.9.15
### [bt]: Starting calculation of 1 jobs
### [bt]: Setting working directory to '/data/home/mengwang/21-summer-project/src'
### [bt]: Memory measurement disabled
### [bt]: Starting job [batchtools job.id=133]
### [bt]: Generating problem instance for problem 'generate_data' ...
### [bt]: Applying algorithm 'fit_JMest' on problem 'generate_data' for job 133 (seed = 21071157) ...
[1] "get initial values for LME & GLM models --- done."
[1] "get initial values for GLME model --- done."
[1] "get initial values for survival models --- done."
[1] "estimate random effects --- done."
[1] "estimate fixed parameters --- done."
[1] "estimate dispersion parameters --- done."
############## Iteration: 1 ############### 
fixed.par: 2.63 0.67 -0.17 1.07 0.07 -1.71 0.35 -2.73 -1.22 2.89 1.19 -0.05 -0.51 -0.32 -1.04 -57.3 8.61 
FixedParDiff =  0.2948362 
likDiff =  1 
sigma: 0.95 0.09 -0.46 -0.29 2 
loglike: -5983.836 
########################################## 
[1] "estimate random effects --- done."
[1] "estimate fixed parameters --- done."
[1] "estimate dispersion parameters --- done."
############## Iteration: 2 ############### 
fixed.par: 2.2 0.96 -0.3 1.36 0.06 -1.73 0.34 -2.78 -1.15 2.75 1.22 -0.05 -0.59 -0.57 -1.41 -68.66 10.33 
FixedParDiff =  0.2127157 
likDiff =  0.007509966 
sigma: 0.97 0.1 -0.46 -0.29 2 
loglike: -5938.897 
########################################## 
[1] "estimate random effects --- done."
[1] "estimate fixed parameters --- done."
[1] "estimate dispersion parameters --- done."
############## Iteration: 3 ############### 
fixed.par: 2.15 1 -0.31 1.39 0.06 -1.74 0.36 -2.77 -1.11 2.67 1.24 -0.05 -0.72 -1 -2.03 -86.16 12.99 
FixedParDiff =  0.1295887 
likDiff =  0.002603811 
sigma: 0.98 0.1 -0.42 -0.29 2.01 
loglike: -5923.433 
########################################## 
[1] "estimate random effects --- done."
[1] "estimate fixed parameters --- done."
[1] "estimate dispersion parameters --- done."
############## Iteration: 4 ############### 
fixed.par: 2.14 1 -0.32 1.39 0.06 -1.75 0.37 -2.76 -1.08 2.59 1.24 -0.05 -1.05 -1.84 -3.38 -125.38 18.94 
FixedParDiff =  0.1811125 
likDiff =  0.00431116 
sigma: 0.98 0.08 -0.38 -0.31 2.01 
loglike: -5897.897 
########################################## 
[1] "estimate random effects --- done."
[1] "estimate fixed parameters --- done."
[1] "estimate dispersion parameters --- done."
############## Iteration: 5 ############### 
fixed.par: 2.14 1 -0.32 1.39 0.06 -1.73 0.37 -2.75 -1.03 2.48 1.24 -0.05 -2.6 -4.88 -8.83 -307.54 46.56 
FixedParDiff =  0.4616718 
likDiff =  0.008645312 
sigma: 0.98 0.06 -0.32 -0.36 2 
loglike: -5846.907 
########################################## 
[1] "estimate random effects --- done."
Error in estFixeff(RespLog, fixed = Jfixed, str_val = fixedest0, Dpars = Jraneff,  : 
  Iteration stops because fixed parameters can not be successfully estimated.

### [bt]: Job terminated with an exception [batchtools job.id=133]
### [bt]: Calculation finished!
