### [bt]: This is batchtools v0.9.15
### [bt]: Starting calculation of 1 jobs
### [bt]: Setting working directory to '/data/home/mengwang/21-summer-project/src'
### [bt]: Memory measurement disabled
### [bt]: Starting job [batchtools job.id=177]
### [bt]: Generating problem instance for problem 'generate_data' ...
### [bt]: Applying algorithm 'fit_JMest' on problem 'generate_data' for job 177 (seed = 21071201) ...
[1] "get initial values for LME & GLM models --- done."
[1] "get initial values for GLME model --- done."
[1] "get initial values for survival models --- done."
[1] "estimate random effects --- done."
[1] "estimate fixed parameters --- done."
[1] "estimate dispersion parameters --- done."
############## Iteration: 1 ############### 
fixed.par: 2.63 0.67 -0.17 1.07 0.07 -1.7 0.34 -2.73 -1.22 2.89 1.18 -0.05 -0.52 -0.33 -1.05 -57.9 8.7 
FixedParDiff =  0.3007273 
likDiff =  1 
sigma: 0.95 0.09 -0.46 -0.29 2 
loglike: -5983.834 
########################################## 
[1] "estimate random effects --- done."
[1] "estimate fixed parameters --- done."
[1] "estimate dispersion parameters --- done."
############## Iteration: 2 ############### 
fixed.par: 2.2 0.96 -0.3 1.35 0.06 -1.73 0.35 -2.77 -1.15 2.74 1.22 -0.05 -0.59 -0.57 -1.41 -68.29 10.28 
FixedParDiff =  0.2096873 
likDiff =  0.007535725 
sigma: 0.97 0.1 -0.46 -0.29 2 
loglike: -5938.741 
########################################## 
[1] "estimate random effects --- done."
[1] "estimate fixed parameters --- done."
[1] "estimate dispersion parameters --- done."
############## Iteration: 3 ############### 
fixed.par: 2.15 1 -0.31 1.39 0.06 -1.73 0.35 -2.77 -1.11 2.67 1.24 -0.05 -0.74 -1.02 -2.06 -88.18 13.29 
FixedParDiff =  0.13803 
likDiff =  0.002573853 
sigma: 0.98 0.1 -0.42 -0.29 2.01 
loglike: -5923.456 
########################################## 
[1] "estimate random effects --- done."
[1] "estimate fixed parameters --- done."
[1] "estimate dispersion parameters --- done."
############## Iteration: 4 ############### 
fixed.par: 2.14 1 -0.32 1.39 0.07 -1.76 0.38 -2.76 -1.07 2.58 1.25 -0.05 -1.07 -1.87 -3.45 -128.29 19.38 
FixedParDiff =  0.1895074 
likDiff =  0.004423089 
sigma: 0.98 0.08 -0.37 -0.31 2.01 
loglike: -5897.256 
########################################## 
[1] "estimate random effects --- done."
[1] "estimate fixed parameters --- done."
[1] "estimate dispersion parameters --- done."
############## Iteration: 5 ############### 
fixed.par: 2.15 1 -0.32 1.39 0.07 -1.75 0.38 -2.74 -1.02 2.47 1.24 -0.05 -2.47 -4.61 -8.38 -291.95 44.21 
FixedParDiff =  0.4075646 
likDiff =  0.008848363 
sigma: 0.98 0.05 -0.31 -0.36 2 
loglike: -5845.075 
########################################## 
[1] "estimate random effects --- done."
Error in estFixeff(RespLog, fixed = Jfixed, str_val = fixedest0, Dpars = Jraneff,  : 
  Iteration stops because fixed parameters can not be successfully estimated.

### [bt]: Job terminated with an exception [batchtools job.id=177]
### [bt]: Calculation finished!
