### [bt]: This is batchtools v0.9.15
### [bt]: Starting calculation of 1 jobs
### [bt]: Setting working directory to '/data/home/mengwang/21-summer-project/src'
### [bt]: Memory measurement disabled
### [bt]: Starting job [batchtools job.id=21]
### [bt]: Generating problem instance for problem 'generate_data' ...
### [bt]: Applying algorithm 'fit_JMest' on problem 'generate_data' for job 21 (seed = 21071045) ...
[1] "get initial values for LME & GLM models --- done."
[1] "get initial values for GLME model --- done."
[1] "get initial values for survival models --- done."
[1] "estimate random effects --- done."
[1] "estimate fixed parameters --- done."
[1] "estimate dispersion parameters --- done."
############## Iteration: 1 ############### 
fixed.par: 2.63 0.67 -0.17 1.07 0.06 -1.69 0.33 -2.73 -1.21 2.89 1.17 -0.05 -0.52 -0.33 -1.05 -57.87 8.7 
FixedParDiff =  0.3043805 
likDiff =  1 
sigma: 0.95 0.09 -0.46 -0.29 2 
loglike: -5983.827 
########################################## 
[1] "estimate random effects --- done."
[1] "estimate fixed parameters --- done."
[1] "estimate dispersion parameters --- done."
############## Iteration: 2 ############### 
fixed.par: 2.21 0.96 -0.3 1.35 0.06 -1.73 0.34 -2.78 -1.15 2.74 1.22 -0.05 -0.59 -0.57 -1.41 -68.7 10.34 
FixedParDiff =  0.2083386 
likDiff =  0.007536109 
sigma: 0.97 0.1 -0.46 -0.29 2 
loglike: -5938.732 
########################################## 
[1] "estimate random effects --- done."
[1] "estimate fixed parameters --- done."
[1] "estimate dispersion parameters --- done."
############## Iteration: 3 ############### 
fixed.par: 2.15 0.99 -0.31 1.39 0.06 -1.74 0.36 -2.77 -1.11 2.66 1.24 -0.05 -0.74 -1.02 -2.06 -87.78 13.23 
FixedParDiff =  0.1360536 
likDiff =  0.002587775 
sigma: 0.98 0.1 -0.42 -0.29 2.01 
loglike: -5923.364 
########################################## 
[1] "estimate random effects --- done."
[1] "estimate fixed parameters --- done."
[1] "estimate dispersion parameters --- done."
############## Iteration: 4 ############### 
fixed.par: 2.14 1 -0.32 1.39 0.07 -1.77 0.39 -2.76 -1.07 2.59 1.24 -0.05 -1.11 -1.93 -3.55 -132.73 20.05 
FixedParDiff =  0.2040333 
likDiff =  0.004401128 
sigma: 0.98 0.08 -0.37 -0.31 2.01 
loglike: -5897.294 
########################################## 
[1] "estimate random effects --- done."
[1] "estimate fixed parameters --- done."
[1] "estimate dispersion parameters --- done."
############## Iteration: 5 ############### 
fixed.par: 2.15 1 -0.31 1.39 0.07 -1.75 0.38 -2.75 -1.01 2.45 1.24 -0.05 -2.5 -4.64 -8.48 -296.12 44.84 
FixedParDiff =  0.3967074 
likDiff =  0.009150973 
sigma: 0.98 0.05 -0.31 -0.36 2 
loglike: -5843.328 
########################################## 
[1] "estimate random effects --- done."
Error in estFixeff(RespLog, fixed = Jfixed, str_val = fixedest0, Dpars = Jraneff,  : 
  Iteration stops because fixed parameters can not be successfully estimated.

### [bt]: Job terminated with an exception [batchtools job.id=21]
### [bt]: Calculation finished!
