### [bt]: This is batchtools v0.9.15
### [bt]: Starting calculation of 1 jobs
### [bt]: Setting working directory to '/data/home/mengwang/21-summer-project/src'
### [bt]: Memory measurement disabled
### [bt]: Starting job [batchtools job.id=79]
### [bt]: Generating problem instance for problem 'generate_data' ...
### [bt]: Applying algorithm 'fit_JMest' on problem 'generate_data' for job 79 (seed = 21071103) ...
[1] "get initial values for LME & GLM models --- done."
[1] "get initial values for GLME model --- done."
[1] "get initial values for survival models --- done."
[1] "estimate random effects --- done."
[1] "estimate fixed parameters --- done."
[1] "estimate dispersion parameters --- done."
############## Iteration: 1 ############### 
fixed.par: 2.63 0.67 -0.17 1.07 0.07 -1.73 0.36 -2.73 -1.21 2.89 1.17 -0.05 -0.51 -0.32 -1.03 -56.79 8.54 
FixedParDiff =  0.2856359 
likDiff =  1 
sigma: 0.95 0.09 -0.46 -0.29 2 
loglike: -5983.86 
########################################## 
[1] "estimate random effects --- done."
[1] "estimate fixed parameters --- done."
[1] "estimate dispersion parameters --- done."
############## Iteration: 2 ############### 
fixed.par: 2.2 0.96 -0.3 1.35 0.06 -1.72 0.33 -2.78 -1.16 2.75 1.23 -0.05 -0.6 -0.58 -1.42 -69.6 10.48 
FixedParDiff =  0.226291 
likDiff =  0.007488099 
sigma: 0.97 0.1 -0.46 -0.29 2 
loglike: -5939.052 
########################################## 
[1] "estimate random effects --- done."
[1] "estimate fixed parameters --- done."
[1] "estimate dispersion parameters --- done."
############## Iteration: 3 ############### 
fixed.par: 2.15 1 -0.32 1.39 0.06 -1.75 0.36 -2.77 -1.11 2.66 1.24 -0.05 -0.74 -1.02 -2.06 -88.07 13.27 
FixedParDiff =  0.1382233 
likDiff =  0.002664621 
sigma: 0.98 0.1 -0.42 -0.29 2.01 
loglike: -5923.227 
########################################## 
[1] "estimate random effects --- done."
[1] "estimate fixed parameters --- done."
[1] "estimate dispersion parameters --- done."
############## Iteration: 4 ############### 
fixed.par: 2.15 1 -0.32 1.39 0.06 -1.73 0.36 -2.76 -1.07 2.58 1.25 -0.05 -1.13 -1.96 -3.6 -134.97 20.38 
FixedParDiff =  0.1998497 
likDiff =  0.004404344 
sigma: 0.98 0.08 -0.37 -0.31 2.01 
loglike: -5897.139 
########################################## 
[1] "estimate random effects --- done."
[1] "estimate fixed parameters --- done."
[1] "estimate dispersion parameters --- done."
############## Iteration: 5 ############### 
fixed.par: 2.15 1 -0.32 1.39 0.06 -1.72 0.36 -2.75 -1.01 2.44 1.25 -0.05 -2.51 -4.62 -8.49 -296.71 44.93 
FixedParDiff =  0.3878853 
likDiff =  0.009283083 
sigma: 0.98 0.05 -0.31 -0.36 2 
loglike: -5842.395 
########################################## 
[1] "estimate random effects --- done."
Error in estFixeff(RespLog, fixed = Jfixed, str_val = fixedest0, Dpars = Jraneff,  : 
  Iteration stops because fixed parameters can not be successfully estimated.

### [bt]: Job terminated with an exception [batchtools job.id=79]
### [bt]: Calculation finished!
