### [bt]: This is batchtools v0.9.15
### [bt]: Starting calculation of 1 jobs
### [bt]: Setting working directory to '/data/home/mengwang/21-summer-project/src'
### [bt]: Memory measurement disabled
### [bt]: Starting job [batchtools job.id=129]
### [bt]: Generating problem instance for problem 'generate_data' ...
### [bt]: Applying algorithm 'fit_JMest' on problem 'generate_data' for job 129 (seed = 21071153) ...
[1] "get initial values for LME & GLM models --- done."
[1] "get initial values for GLME model --- done."
[1] "get initial values for survival models --- done."
[1] "estimate random effects --- done."
[1] "estimate fixed parameters --- done."
[1] "estimate dispersion parameters --- done."
############## Iteration: 1 ############### 
fixed.par: 2.63 0.67 -0.17 1.07 0.06 -1.67 0.32 -2.74 -1.22 2.89 1.18 -0.05 -0.51 -0.32 -1.04 -57.12 8.59 
FixedParDiff =  0.302033 
likDiff =  1 
sigma: 0.95 0.09 -0.46 -0.29 2 
loglike: -5983.853 
########################################## 
[1] "estimate random effects --- done."
[1] "estimate fixed parameters --- done."
[1] "estimate dispersion parameters --- done."
############## Iteration: 2 ############### 
fixed.par: 2.2 0.96 -0.3 1.36 0.06 -1.74 0.35 -2.77 -1.15 2.75 1.22 -0.05 -0.61 -0.58 -1.44 -70.76 10.65 
FixedParDiff =  0.227352 
likDiff =  0.007498645 
sigma: 0.97 0.1 -0.46 -0.29 2 
loglike: -5938.982 
########################################## 
[1] "estimate random effects --- done."
[1] "estimate fixed parameters --- done."
[1] "estimate dispersion parameters --- done."
############## Iteration: 3 ############### 
fixed.par: 2.15 1 -0.31 1.39 0.06 -1.75 0.37 -2.77 -1.1 2.65 1.23 -0.05 -0.75 -1.02 -2.08 -88.73 13.38 
FixedParDiff =  0.1336944 
likDiff =  0.002717432 
sigma: 0.98 0.1 -0.42 -0.29 2.01 
loglike: -5922.844 
########################################## 
[1] "estimate random effects --- done."
Warning in log(det(H/2/pi)) : NaNs produced
[1] "estimate fixed parameters --- done."
[1] "estimate dispersion parameters --- done."
############## Iteration: 4 ############### 
fixed.par: 2.14 1 -0.32 1.39 0.06 -1.75 0.37 -2.76 -1.07 2.58 1.25 -0.05 -1.1 -1.91 -3.52 -131.49 19.86 
FixedParDiff =  0.1835496 
likDiff =  0.004393162 
sigma: 0.98 0.08 -0.37 -0.31 2.01 
loglike: -5896.824 
########################################## 
[1] "estimate random effects --- done."
[1] "estimate fixed parameters --- done."
[1] "estimate dispersion parameters --- done."
############## Iteration: 5 ############### 
fixed.par: 2.15 1 -0.31 1.39 0.07 -1.74 0.38 -2.75 -1.02 2.45 1.24 -0.05 -2.45 -4.53 -8.29 -289.07 43.78 
FixedParDiff =  0.3884093 
likDiff =  0.009003427 
sigma: 0.98 0.05 -0.31 -0.36 2 
loglike: -5843.732 
########################################## 
[1] "estimate random effects --- done."
Error in estFixeff(RespLog, fixed = Jfixed, str_val = fixedest0, Dpars = Jraneff,  : 
  Iteration stops because fixed parameters can not be successfully estimated.

### [bt]: Job terminated with an exception [batchtools job.id=129]
### [bt]: Calculation finished!
