### [bt]: This is batchtools v0.9.15
### [bt]: Starting calculation of 1 jobs
### [bt]: Setting working directory to '/data/home/mengwang/21-summer-project/src'
### [bt]: Memory measurement disabled
### [bt]: Starting job [batchtools job.id=223]
### [bt]: Generating problem instance for problem 'generate_data' ...
### [bt]: Applying algorithm 'fit_JMest' on problem 'generate_data' for job 223 (seed = 21071247) ...
[1] "get initial values for LME & GLM models --- done."
[1] "get initial values for GLME model --- done."
[1] "get initial values for survival models --- done."
[1] "estimate random effects --- done."
[1] "estimate fixed parameters --- done."
[1] "estimate dispersion parameters --- done."
############## Iteration: 1 ############### 
fixed.par: 2.63 0.67 -0.17 1.07 0.07 -1.71 0.35 -2.73 -1.21 2.89 1.17 -0.05 -0.52 -0.33 -1.05 -58.04 8.72 
FixedParDiff =  0.2960044 
likDiff =  1 
sigma: 0.95 0.09 -0.46 -0.29 2 
loglike: -5983.83 
########################################## 
[1] "estimate random effects --- done."
[1] "estimate fixed parameters --- done."
[1] "estimate dispersion parameters --- done."
############## Iteration: 2 ############### 
fixed.par: 2.2 0.96 -0.3 1.36 0.06 -1.74 0.35 -2.78 -1.15 2.74 1.22 -0.05 -0.59 -0.58 -1.41 -68.8 10.36 
FixedParDiff =  0.2114939 
likDiff =  0.007545172 
sigma: 0.97 0.1 -0.46 -0.29 2 
loglike: -5938.681 
########################################## 
[1] "estimate random effects --- done."
[1] "estimate fixed parameters --- done."
[1] "estimate dispersion parameters --- done."
############## Iteration: 3 ############### 
fixed.par: 2.15 1 -0.31 1.39 0.06 -1.74 0.35 -2.77 -1.11 2.66 1.24 -0.05 -0.74 -1.02 -2.06 -87.62 13.21 
FixedParDiff =  0.1337835 
likDiff =  0.002591693 
sigma: 0.98 0.1 -0.42 -0.29 2.01 
loglike: -5923.29 
########################################## 
[1] "estimate random effects --- done."
[1] "estimate fixed parameters --- done."
[1] "estimate dispersion parameters --- done."
############## Iteration: 4 ############### 
fixed.par: 2.15 1 -0.32 1.39 0.06 -1.75 0.38 -2.76 -1.07 2.59 1.24 -0.05 -1.11 -1.93 -3.55 -132.81 20.06 
FixedParDiff =  0.2017526 
likDiff =  0.004399869 
sigma: 0.98 0.08 -0.37 -0.31 2.01 
loglike: -5897.228 
########################################## 
[1] "estimate random effects --- done."
[1] "estimate fixed parameters --- done."
[1] "estimate dispersion parameters --- done."
############## Iteration: 5 ############### 
fixed.par: 2.15 1 -0.32 1.39 0.06 -1.74 0.37 -2.75 -1.01 2.45 1.24 -0.05 -2.72 -5.01 -9.16 -321.22 48.64 
FixedParDiff =  0.4522435 
likDiff =  0.009148144 
sigma: 0.98 0.05 -0.31 -0.36 2 
loglike: -5843.279 
########################################## 
[1] "estimate random effects --- done."
Error in estFixeff(RespLog, fixed = Jfixed, str_val = fixedest0, Dpars = Jraneff,  : 
  Iteration stops because fixed parameters can not be successfully estimated.

### [bt]: Job terminated with an exception [batchtools job.id=223]
### [bt]: Calculation finished!
