### [bt]: This is batchtools v0.9.15
### [bt]: Starting calculation of 1 jobs
### [bt]: Setting working directory to '/data/home/mengwang/21-summer-project/src'
### [bt]: Memory measurement disabled
### [bt]: Starting job [batchtools job.id=53]
### [bt]: Generating problem instance for problem 'generate_data' ...
### [bt]: Applying algorithm 'fit_JMest' on problem 'generate_data' for job 53 (seed = 21071077) ...
[1] "get initial values for LME & GLM models --- done."
[1] "get initial values for GLME model --- done."
[1] "get initial values for survival models --- done."
[1] "estimate random effects --- done."
[1] "estimate fixed parameters --- done."
[1] "estimate dispersion parameters --- done."
############## Iteration: 1 ############### 
fixed.par: 2.63 0.67 -0.17 1.07 0.07 -1.7 0.34 -2.74 -1.22 2.89 1.18 -0.05 -0.52 -0.33 -1.06 -58.39 8.78 
FixedParDiff =  0.3029342 
likDiff =  1 
sigma: 0.95 0.09 -0.46 -0.29 2 
loglike: -5983.807 
########################################## 
[1] "estimate random effects --- done."
[1] "estimate fixed parameters --- done."
[1] "estimate dispersion parameters --- done."
############## Iteration: 2 ############### 
fixed.par: 2.2 0.96 -0.3 1.35 0.06 -1.73 0.34 -2.77 -1.15 2.74 1.22 -0.05 -0.6 -0.58 -1.44 -69.98 10.53 
FixedParDiff =  0.2149998 
likDiff =  0.007560804 
sigma: 0.97 0.1 -0.46 -0.29 2 
loglike: -5938.564 
########################################## 
[1] "estimate random effects --- done."
[1] "estimate fixed parameters --- done."
[1] "estimate dispersion parameters --- done."
############## Iteration: 3 ############### 
fixed.par: 2.15 1 -0.31 1.39 0.06 -1.75 0.36 -2.77 -1.11 2.65 1.23 -0.05 -0.75 -1.03 -2.09 -89.19 13.44 
FixedParDiff =  0.138414 
likDiff =  0.002633508 
sigma: 0.98 0.1 -0.42 -0.29 2.01 
loglike: -5922.925 
########################################## 
[1] "estimate random effects --- done."
[1] "estimate fixed parameters --- done."
[1] "estimate dispersion parameters --- done."
############## Iteration: 4 ############### 
fixed.par: 2.14 1 -0.32 1.39 0.06 -1.75 0.38 -2.76 -1.07 2.58 1.24 -0.05 -1.1 -1.91 -3.52 -131.5 19.86 
FixedParDiff =  0.1846447 
likDiff =  0.004419088 
sigma: 0.98 0.08 -0.37 -0.31 2.01 
loglike: -5896.751 
########################################## 
[1] "estimate random effects --- done."
[1] "estimate fixed parameters --- done."
[1] "estimate dispersion parameters --- done."
############## Iteration: 5 ############### 
fixed.par: 2.15 1 -0.31 1.39 0.07 -1.76 0.39 -2.75 -1.01 2.45 1.24 -0.05 -2.56 -4.72 -8.63 -302.32 45.78 
FixedParDiff =  0.4194405 
likDiff =  0.009003108 
sigma: 0.98 0.05 -0.31 -0.36 2 
loglike: -5843.662 
########################################## 
[1] "estimate random effects --- done."
Error in estFixeff(RespLog, fixed = Jfixed, str_val = fixedest0, Dpars = Jraneff,  : 
  Iteration stops because fixed parameters can not be successfully estimated.

### [bt]: Job terminated with an exception [batchtools job.id=53]
### [bt]: Calculation finished!
