### [bt]: This is batchtools v0.9.15
### [bt]: Starting calculation of 1 jobs
### [bt]: Setting working directory to '/data/home/mengwang/21-summer-project/src'
### [bt]: Memory measurement disabled
### [bt]: Starting job [batchtools job.id=138]
### [bt]: Generating problem instance for problem 'generate_data' ...
### [bt]: Applying algorithm 'fit_JMest' on problem 'generate_data' for job 138 (seed = 21071162) ...
[1] "get initial values for LME & GLM models --- done."
[1] "get initial values for GLME model --- done."
[1] "get initial values for survival models --- done."
[1] "estimate random effects --- done."
[1] "estimate fixed parameters --- done."
[1] "estimate dispersion parameters --- done."
############## Iteration: 1 ############### 
fixed.par: 2.63 0.67 -0.17 1.07 0.07 -1.68 0.32 -2.74 -1.21 2.89 1.16 -0.05 -0.52 -0.33 -1.05 -57.85 8.69 
FixedParDiff =  0.3027934 
likDiff =  1 
sigma: 0.95 0.09 -0.46 -0.29 2 
loglike: -5983.826 
########################################## 
[1] "estimate random effects --- done."
[1] "estimate fixed parameters --- done."
[1] "estimate dispersion parameters --- done."
############## Iteration: 2 ############### 
fixed.par: 2.2 0.96 -0.3 1.36 0.06 -1.73 0.34 -2.78 -1.15 2.74 1.22 -0.05 -0.61 -0.58 -1.44 -70.29 10.58 
FixedParDiff =  0.223082 
likDiff =  0.007537402 
sigma: 0.97 0.1 -0.46 -0.29 2 
loglike: -5938.723 
########################################## 
[1] "estimate random effects --- done."
[1] "estimate fixed parameters --- done."
[1] "estimate dispersion parameters --- done."
############## Iteration: 3 ############### 
fixed.par: 2.15 1 -0.31 1.39 0.06 -1.75 0.36 -2.77 -1.11 2.65 1.24 -0.05 -0.74 -1.02 -2.06 -87.73 13.23 
FixedParDiff =  0.131424 
likDiff =  0.002664684 
sigma: 0.98 0.1 -0.42 -0.29 2.01 
loglike: -5922.898 
########################################## 
[1] "estimate random effects --- done."
[1] "estimate fixed parameters --- done."
[1] "estimate dispersion parameters --- done."
############## Iteration: 4 ############### 
fixed.par: 2.15 1 -0.32 1.39 0.06 -1.76 0.38 -2.76 -1.07 2.58 1.24 -0.05 -1.12 -1.95 -3.58 -134 20.24 
FixedParDiff =  0.202078 
likDiff =  0.004362361 
sigma: 0.98 0.08 -0.38 -0.31 2.01 
loglike: -5897.06 
########################################## 
[1] "estimate random effects --- done."
[1] "estimate fixed parameters --- done."
[1] "estimate dispersion parameters --- done."
############## Iteration: 5 ############### 
fixed.par: 2.14 1 -0.32 1.39 0.06 -1.74 0.37 -2.75 -1.01 2.45 1.24 -0.05 -2.44 -4.5 -8.24 -287.77 43.58 
FixedParDiff =  0.37176 
likDiff =  0.009201796 
sigma: 0.98 0.05 -0.31 -0.36 2 
loglike: -5842.797 
########################################## 
[1] "estimate random effects --- done."
Error in estFixeff(RespLog, fixed = Jfixed, str_val = fixedest0, Dpars = Jraneff,  : 
  Iteration stops because fixed parameters can not be successfully estimated.

### [bt]: Job terminated with an exception [batchtools job.id=138]
### [bt]: Calculation finished!
