### [bt]: This is batchtools v0.9.15
### [bt]: Starting calculation of 1 jobs
### [bt]: Setting working directory to '/data/home/mengwang/21-summer-project/src'
### [bt]: Memory measurement disabled
### [bt]: Starting job [batchtools job.id=256]
### [bt]: Generating problem instance for problem 'generate_data' ...
### [bt]: Applying algorithm 'fit_JMest' on problem 'generate_data' for job 256 (seed = 21071280) ...
[1] "get initial values for LME & GLM models --- done."
[1] "get initial values for GLME model --- done."
[1] "get initial values for survival models --- done."
[1] "estimate random effects --- done."
[1] "estimate fixed parameters --- done."
[1] "estimate dispersion parameters --- done."
############## Iteration: 1 ############### 
fixed.par: 2.63 0.67 -0.17 1.07 0.07 -1.7 0.34 -2.74 -1.22 2.89 1.18 -0.05 -0.52 -0.33 -1.05 -57.9 8.7 
FixedParDiff =  0.2977129 
likDiff =  1 
sigma: 0.95 0.09 -0.46 -0.29 2 
loglike: -5983.816 
########################################## 
[1] "estimate random effects --- done."
[1] "estimate fixed parameters --- done."
[1] "estimate dispersion parameters --- done."
############## Iteration: 2 ############### 
fixed.par: 2.2 0.96 -0.3 1.35 0.06 -1.73 0.34 -2.77 -1.15 2.74 1.22 -0.05 -0.61 -0.58 -1.44 -70.16 10.56 
FixedParDiff =  0.2200157 
likDiff =  0.00753964 
sigma: 0.97 0.1 -0.46 -0.29 2 
loglike: -5938.7 
########################################## 
[1] "estimate random effects --- done."
[1] "estimate fixed parameters --- done."
[1] "estimate dispersion parameters --- done."
############## Iteration: 3 ############### 
fixed.par: 2.15 0.99 -0.31 1.39 0.06 -1.76 0.37 -2.77 -1.11 2.65 1.24 -0.05 -0.73 -1.01 -2.04 -86.67 13.07 
FixedParDiff =  0.1287789 
likDiff =  0.002656302 
sigma: 0.98 0.1 -0.42 -0.29 2.01 
loglike: -5922.925 
########################################## 
[1] "estimate random effects --- done."
[1] "estimate fixed parameters --- done."
[1] "estimate dispersion parameters --- done."
############## Iteration: 4 ############### 
fixed.par: 2.15 1 -0.31 1.39 0.06 -1.73 0.36 -2.76 -1.08 2.59 1.24 -0.05 -1.08 -1.88 -3.46 -128.51 19.41 
FixedParDiff =  0.1855003 
likDiff =  0.004314326 
sigma: 0.98 0.08 -0.37 -0.31 2.01 
loglike: -5897.371 
########################################## 
[1] "estimate random effects --- done."
[1] "estimate fixed parameters --- done."
[1] "estimate dispersion parameters --- done."
############## Iteration: 5 ############### 
fixed.par: 2.15 1 -0.31 1.39 0.06 -1.74 0.37 -2.75 -1.02 2.47 1.24 -0.05 -2.45 -4.59 -8.33 -289.87 43.89 
FixedParDiff =  0.4067838 
likDiff =  0.008914243 
sigma: 0.98 0.05 -0.31 -0.36 2 
loglike: -5844.801 
########################################## 
[1] "estimate random effects --- done."
Error in estFixeff(RespLog, fixed = Jfixed, str_val = fixedest0, Dpars = Jraneff,  : 
  Iteration stops because fixed parameters can not be successfully estimated.

### [bt]: Job terminated with an exception [batchtools job.id=256]
### [bt]: Calculation finished!
