### [bt]: This is batchtools v0.9.15
### [bt]: Starting calculation of 1 jobs
### [bt]: Setting working directory to '/data/home/mengwang/21-summer-project/src'
### [bt]: Memory measurement disabled
### [bt]: Starting job [batchtools job.id=26]
### [bt]: Generating problem instance for problem 'generate_data' ...
### [bt]: Applying algorithm 'fit_JMest' on problem 'generate_data' for job 26 (seed = 21071050) ...
[1] "get initial values for LME & GLM models --- done."
[1] "get initial values for GLME model --- done."
[1] "get initial values for survival models --- done."
[1] "estimate random effects --- done."
[1] "estimate fixed parameters --- done."
[1] "estimate dispersion parameters --- done."
############## Iteration: 1 ############### 
fixed.par: 2.63 0.67 -0.17 1.07 0.07 -1.7 0.34 -2.74 -1.22 2.89 1.19 -0.05 -0.53 -0.33 -1.07 -59.18 8.89 
FixedParDiff =  0.309423 
likDiff =  1 
sigma: 0.95 0.09 -0.46 -0.29 2 
loglike: -5983.849 
########################################## 
[1] "estimate random effects --- done."
[1] "estimate fixed parameters --- done."
[1] "estimate dispersion parameters --- done."
############## Iteration: 2 ############### 
fixed.par: 2.2 0.96 -0.3 1.36 0.06 -1.75 0.35 -2.77 -1.15 2.73 1.22 -0.05 -0.61 -0.59 -1.46 -71.01 10.69 
FixedParDiff =  0.2170009 
likDiff =  0.007610198 
sigma: 0.97 0.1 -0.46 -0.29 2 
loglike: -5938.311 
########################################## 
[1] "estimate random effects --- done."
[1] "estimate fixed parameters --- done."
[1] "estimate dispersion parameters --- done."
############## Iteration: 3 ############### 
fixed.par: 2.15 1 -0.31 1.39 0.06 -1.76 0.37 -2.77 -1.1 2.65 1.24 -0.05 -0.74 -1.03 -2.08 -88.37 13.32 
FixedParDiff =  0.1272947 
likDiff =  0.002662367 
sigma: 0.98 0.1 -0.42 -0.28 2.01 
loglike: -5922.501 
########################################## 
[1] "estimate random effects --- done."
[1] "estimate fixed parameters --- done."
[1] "estimate dispersion parameters --- done."
############## Iteration: 4 ############### 
fixed.par: 2.14 1 -0.32 1.39 0.06 -1.76 0.38 -2.76 -1.07 2.58 1.24 -0.05 -1.13 -1.95 -3.6 -134.51 20.32 
FixedParDiff =  0.1967605 
likDiff =  0.004377476 
sigma: 0.98 0.08 -0.37 -0.31 2.01 
loglike: -5896.575 
########################################## 
[1] "estimate random effects --- done."
[1] "estimate fixed parameters --- done."
[1] "estimate dispersion parameters --- done."
############## Iteration: 5 ############### 
fixed.par: 2.15 1 -0.31 1.39 0.07 -1.75 0.38 -2.75 -1.01 2.44 1.24 -0.05 -2.63 -4.82 -8.84 -309.82 46.92 
FixedParDiff =  0.4178733 
likDiff =  0.009287665 
sigma: 0.98 0.05 -0.31 -0.36 2 
loglike: -5841.81 
########################################## 
[1] "estimate random effects --- done."
Error in estFixeff(RespLog, fixed = Jfixed, str_val = fixedest0, Dpars = Jraneff,  : 
  Iteration stops because fixed parameters can not be successfully estimated.

### [bt]: Job terminated with an exception [batchtools job.id=26]
### [bt]: Calculation finished!
