### [bt]: This is batchtools v0.9.15
### [bt]: Starting calculation of 1 jobs
### [bt]: Setting working directory to '/data/home/mengwang/21-summer-project/src'
### [bt]: Memory measurement disabled
### [bt]: Starting job [batchtools job.id=276]
### [bt]: Generating problem instance for problem 'generate_data' ...
### [bt]: Applying algorithm 'fit_JMest' on problem 'generate_data' for job 276 (seed = 21071300) ...
[1] "get initial values for LME & GLM models --- done."
[1] "get initial values for GLME model --- done."
[1] "get initial values for survival models --- done."
[1] "estimate random effects --- done."
[1] "estimate fixed parameters --- done."
[1] "estimate dispersion parameters --- done."
############## Iteration: 1 ############### 
fixed.par: 2.63 0.67 -0.17 1.07 0.06 -1.67 0.31 -2.74 -1.22 2.89 1.18 -0.05 -0.51 -0.32 -1.03 -56.41 8.48 
FixedParDiff =  0.2987876 
likDiff =  1 
sigma: 0.95 0.09 -0.46 -0.29 2 
loglike: -5983.888 
########################################## 
[1] "estimate random effects --- done."
[1] "estimate fixed parameters --- done."
[1] "estimate dispersion parameters --- done."
############## Iteration: 2 ############### 
fixed.par: 2.2 0.97 -0.3 1.35 0.06 -1.75 0.35 -2.77 -1.15 2.75 1.21 -0.05 -0.6 -0.57 -1.41 -69.13 10.4 
FixedParDiff =  0.2242945 
likDiff =  0.00747566 
sigma: 0.97 0.1 -0.46 -0.29 2 
loglike: -5939.155 
########################################## 
[1] "estimate random effects --- done."
[1] "estimate fixed parameters --- done."
[1] "estimate dispersion parameters --- done."
############## Iteration: 3 ############### 
fixed.par: 2.15 1 -0.31 1.39 0.06 -1.75 0.37 -2.77 -1.11 2.66 1.23 -0.05 -0.73 -1 -2.04 -86.76 13.08 
FixedParDiff =  0.1307922 
likDiff =  0.002654946 
sigma: 0.98 0.1 -0.42 -0.29 2.01 
loglike: -5923.387 
########################################## 
[1] "estimate random effects --- done."
[1] "estimate fixed parameters --- done."
[1] "estimate dispersion parameters --- done."
############## Iteration: 4 ############### 
fixed.par: 2.15 1 -0.32 1.39 0.07 -1.76 0.38 -2.76 -1.07 2.59 1.24 -0.05 -1.11 -1.94 -3.56 -133.18 20.11 
FixedParDiff =  0.202993 
likDiff =  0.004359594 
sigma: 0.98 0.08 -0.37 -0.31 2.01 
loglike: -5897.563 
########################################## 
[1] "estimate random effects --- done."
[1] "estimate fixed parameters --- done."
[1] "estimate dispersion parameters --- done."
############## Iteration: 5 ############### 
fixed.par: 2.15 1 -0.31 1.39 0.06 -1.74 0.37 -2.74 -1.01 2.45 1.24 -0.05 -2.52 -4.67 -8.55 -298.18 45.15 
FixedParDiff =  0.399608 
likDiff =  0.009234744 
sigma: 0.98 0.05 -0.31 -0.36 2 
loglike: -5843.101 
########################################## 
[1] "estimate random effects --- done."
Error in estFixeff(RespLog, fixed = Jfixed, str_val = fixedest0, Dpars = Jraneff,  : 
  Iteration stops because fixed parameters can not be successfully estimated.

### [bt]: Job terminated with an exception [batchtools job.id=276]
### [bt]: Calculation finished!
