### [bt]: This is batchtools v0.9.15
### [bt]: Starting calculation of 1 jobs
### [bt]: Setting working directory to '/data/home/mengwang/21-summer-project/src'
### [bt]: Memory measurement disabled
### [bt]: Starting job [batchtools job.id=117]
### [bt]: Generating problem instance for problem 'generate_data' ...
### [bt]: Applying algorithm 'fit_JMest' on problem 'generate_data' for job 117 (seed = 21071141) ...
[1] "get initial values for LME & GLM models --- done."
[1] "get initial values for GLME model --- done."
[1] "get initial values for survival models --- done."
[1] "estimate random effects --- done."
[1] "estimate fixed parameters --- done."
[1] "estimate dispersion parameters --- done."
############## Iteration: 1 ############### 
fixed.par: 2.63 0.67 -0.17 1.07 0.07 -1.73 0.36 -2.73 -1.21 2.89 1.17 -0.05 -0.51 -0.32 -1.03 -56.51 8.49 
FixedParDiff =  0.2800951 
likDiff =  1 
sigma: 0.95 0.09 -0.46 -0.29 2 
loglike: -5983.863 
########################################## 
[1] "estimate random effects --- done."
[1] "estimate fixed parameters --- done."
[1] "estimate dispersion parameters --- done."
############## Iteration: 2 ############### 
fixed.par: 2.2 0.96 -0.3 1.35 0.06 -1.73 0.34 -2.78 -1.16 2.75 1.23 -0.05 -0.6 -0.57 -1.41 -68.96 10.38 
FixedParDiff =  0.2257985 
likDiff =  0.007472333 
sigma: 0.97 0.1 -0.46 -0.29 2 
loglike: -5939.15 
########################################## 
[1] "estimate random effects --- done."
[1] "estimate fixed parameters --- done."
[1] "estimate dispersion parameters --- done."
############## Iteration: 3 ############### 
fixed.par: 2.15 0.99 -0.31 1.39 0.06 -1.75 0.36 -2.77 -1.11 2.66 1.24 -0.05 -0.72 -0.99 -2.02 -85.76 12.93 
FixedParDiff =  0.1272768 
likDiff =  0.002643783 
sigma: 0.98 0.1 -0.42 -0.29 2.01 
loglike: -5923.448 
########################################## 
[1] "estimate random effects --- done."
[1] "estimate fixed parameters --- done."
[1] "estimate dispersion parameters --- done."
############## Iteration: 4 ############### 
fixed.par: 2.15 1 -0.32 1.39 0.06 -1.75 0.37 -2.76 -1.08 2.6 1.24 -0.05 -1.08 -1.89 -3.46 -128.55 19.41 
FixedParDiff =  0.1920812 
likDiff =  0.004318485 
sigma: 0.98 0.08 -0.38 -0.31 2.01 
loglike: -5897.867 
########################################## 
[1] "estimate random effects --- done."
[1] "estimate fixed parameters --- done."
[1] "estimate dispersion parameters --- done."
############## Iteration: 5 ############### 
fixed.par: 2.14 1 -0.32 1.39 0.06 -1.73 0.37 -2.75 -1.02 2.47 1.24 -0.05 -2.39 -4.49 -8.15 -282.63 42.8 
FixedParDiff =  0.3870657 
likDiff =  0.00894253 
sigma: 0.98 0.06 -0.31 -0.36 2 
loglike: -5845.126 
########################################## 
[1] "estimate random effects --- done."
Error in estFixeff(RespLog, fixed = Jfixed, str_val = fixedest0, Dpars = Jraneff,  : 
  Iteration stops because fixed parameters can not be successfully estimated.

### [bt]: Job terminated with an exception [batchtools job.id=117]
### [bt]: Calculation finished!
