### [bt]: This is batchtools v0.9.15
### [bt]: Starting calculation of 1 jobs
### [bt]: Setting working directory to '/data/home/mengwang/21-summer-project/src'
### [bt]: Memory measurement disabled
### [bt]: Starting job [batchtools job.id=290]
### [bt]: Generating problem instance for problem 'generate_data' ...
### [bt]: Applying algorithm 'fit_JMest' on problem 'generate_data' for job 290 (seed = 21071314) ...
[1] "get initial values for LME & GLM models --- done."
[1] "get initial values for GLME model --- done."
[1] "get initial values for survival models --- done."
[1] "estimate random effects --- done."
[1] "estimate fixed parameters --- done."
[1] "estimate dispersion parameters --- done."
############## Iteration: 1 ############### 
fixed.par: 2.63 0.67 -0.17 1.07 0.07 -1.67 0.31 -2.74 -1.21 2.89 1.17 -0.05 -0.51 -0.32 -1.04 -57.25 8.6 
FixedParDiff =  0.3009611 
likDiff =  1 
sigma: 0.95 0.09 -0.46 -0.29 2 
loglike: -5983.822 
########################################## 
[1] "estimate random effects --- done."
[1] "estimate fixed parameters --- done."
[1] "estimate dispersion parameters --- done."
############## Iteration: 2 ############### 
fixed.par: 2.2 0.96 -0.3 1.36 0.06 -1.74 0.35 -2.77 -1.15 2.75 1.23 -0.05 -0.6 -0.58 -1.42 -69.35 10.44 
FixedParDiff =  0.2238001 
likDiff =  0.007503714 
sigma: 0.97 0.1 -0.46 -0.29 2 
loglike: -5938.921 
########################################## 
[1] "estimate random effects --- done."
[1] "estimate fixed parameters --- done."
[1] "estimate dispersion parameters --- done."
############## Iteration: 3 ############### 
fixed.par: 2.15 0.99 -0.31 1.39 0.06 -1.73 0.35 -2.77 -1.11 2.66 1.24 -0.05 -0.72 -1 -2.03 -86.19 12.99 
FixedParDiff =  0.1252248 
likDiff =  0.002639305 
sigma: 0.98 0.1 -0.42 -0.29 2.01 
loglike: -5923.246 
########################################## 
[1] "estimate random effects --- done."
[1] "estimate fixed parameters --- done."
[1] "estimate dispersion parameters --- done."
############## Iteration: 4 ############### 
fixed.par: 2.15 1 -0.32 1.39 0.06 -1.73 0.36 -2.76 -1.07 2.59 1.24 -0.05 -1.08 -1.89 -3.47 -129.22 19.52 
FixedParDiff =  0.1903591 
likDiff =  0.004318816 
sigma: 0.98 0.08 -0.38 -0.31 2.01 
loglike: -5897.665 
########################################## 
[1] "estimate random effects --- done."
[1] "estimate fixed parameters --- done."
[1] "estimate dispersion parameters --- done."
############## Iteration: 5 ############### 
fixed.par: 2.15 1 -0.32 1.39 0.06 -1.73 0.37 -2.75 -1.02 2.47 1.25 -0.05 -2.47 -4.62 -8.4 -292.08 44.23 
FixedParDiff =  0.406001 
likDiff =  0.008980218 
sigma: 0.98 0.05 -0.31 -0.36 2 
loglike: -5844.703 
########################################## 
[1] "estimate random effects --- done."
Error in estFixeff(RespLog, fixed = Jfixed, str_val = fixedest0, Dpars = Jraneff,  : 
  Iteration stops because fixed parameters can not be successfully estimated.

### [bt]: Job terminated with an exception [batchtools job.id=290]
### [bt]: Calculation finished!
