### [bt]: This is batchtools v0.9.15
### [bt]: Starting calculation of 1 jobs
### [bt]: Setting working directory to '/data/home/mengwang/21-summer-project/src'
### [bt]: Memory measurement disabled
### [bt]: Starting job [batchtools job.id=247]
### [bt]: Generating problem instance for problem 'generate_data' ...
### [bt]: Applying algorithm 'fit_JMest' on problem 'generate_data' for job 247 (seed = 21071271) ...
[1] "get initial values for LME & GLM models --- done."
[1] "get initial values for GLME model --- done."
[1] "get initial values for survival models --- done."
[1] "estimate random effects --- done."
[1] "estimate fixed parameters --- done."
[1] "estimate dispersion parameters --- done."
############## Iteration: 1 ############### 
fixed.par: 2.63 0.67 -0.17 1.07 0.07 -1.72 0.35 -2.73 -1.22 2.89 1.18 -0.05 -0.52 -0.32 -1.04 -57.54 8.65 
FixedParDiff =  0.2909794 
likDiff =  1 
sigma: 0.95 0.09 -0.46 -0.29 2 
loglike: -5983.832 
########################################## 
[1] "estimate random effects --- done."
[1] "estimate fixed parameters --- done."
[1] "estimate dispersion parameters --- done."
############## Iteration: 2 ############### 
fixed.par: 2.21 0.96 -0.29 1.36 0.06 -1.73 0.34 -2.78 -1.15 2.74 1.22 -0.05 -0.61 -0.58 -1.44 -70.25 10.57 
FixedParDiff =  0.223964 
likDiff =  0.007518209 
sigma: 0.97 0.1 -0.46 -0.29 2 
loglike: -5938.845 
########################################## 
[1] "estimate random effects --- done."
[1] "estimate fixed parameters --- done."
[1] "estimate dispersion parameters --- done."
############## Iteration: 3 ############### 
fixed.par: 2.15 1 -0.31 1.39 0.06 -1.76 0.37 -2.77 -1.11 2.65 1.24 -0.05 -0.75 -1.02 -2.08 -88.7 13.37 
FixedParDiff =  0.1388765 
likDiff =  0.002674825 
sigma: 0.98 0.1 -0.42 -0.29 2.01 
loglike: -5922.959 
########################################## 
[1] "estimate random effects --- done."
[1] "estimate fixed parameters --- done."
[1] "estimate dispersion parameters --- done."
############## Iteration: 4 ############### 
fixed.par: 2.15 1 -0.32 1.39 0.07 -1.76 0.38 -2.76 -1.07 2.58 1.23 -0.05 -1.16 -2 -3.69 -138.57 20.93 
FixedParDiff =  0.210712 
likDiff =  0.004393307 
sigma: 0.98 0.08 -0.37 -0.31 2.01 
loglike: -5896.938 
########################################## 
[1] "estimate random effects --- done."
[1] "estimate fixed parameters --- done."
[1] "estimate dispersion parameters --- done."
############## Iteration: 5 ############### 
fixed.par: 2.15 1 -0.31 1.39 0.07 -1.74 0.38 -2.75 -1.01 2.43 1.24 -0.05 -2.37 -4.34 -8 -279.31 42.31 
FixedParDiff =  0.3305306 
likDiff =  0.009372635 
sigma: 0.98 0.05 -0.31 -0.36 2 
loglike: -5841.668 
########################################## 
[1] "estimate random effects --- done."
Error in estFixeff(RespLog, fixed = Jfixed, str_val = fixedest0, Dpars = Jraneff,  : 
  Iteration stops because fixed parameters can not be successfully estimated.

### [bt]: Job terminated with an exception [batchtools job.id=247]
### [bt]: Calculation finished!
