### [bt]: This is batchtools v0.9.15
### [bt]: Starting calculation of 1 jobs
### [bt]: Setting working directory to '/data/home/mengwang/21-summer-project/src'
### [bt]: Memory measurement disabled
### [bt]: Starting job [batchtools job.id=208]
### [bt]: Generating problem instance for problem 'generate_data' ...
### [bt]: Applying algorithm 'fit_JMest' on problem 'generate_data' for job 208 (seed = 21071232) ...
[1] "get initial values for LME & GLM models --- done."
[1] "get initial values for GLME model --- done."
[1] "get initial values for survival models --- done."
[1] "estimate random effects --- done."
[1] "estimate fixed parameters --- done."
[1] "estimate dispersion parameters --- done."
############## Iteration: 1 ############### 
fixed.par: 2.63 0.67 -0.17 1.07 0.07 -1.7 0.34 -2.73 -1.21 2.89 1.17 -0.05 -0.52 -0.33 -1.05 -57.84 8.69 
FixedParDiff =  0.2998555 
likDiff =  1 
sigma: 0.95 0.09 -0.46 -0.29 2 
loglike: -5983.818 
########################################## 
[1] "estimate random effects --- done."
[1] "estimate fixed parameters --- done."
[1] "estimate dispersion parameters --- done."
############## Iteration: 2 ############### 
fixed.par: 2.2 0.96 -0.3 1.36 0.06 -1.73 0.34 -2.78 -1.15 2.74 1.22 -0.05 -0.59 -0.57 -1.41 -68.65 10.33 
FixedParDiff =  0.2103417 
likDiff =  0.007540085 
sigma: 0.97 0.1 -0.46 -0.29 2 
loglike: -5938.7 
########################################## 
[1] "estimate random effects --- done."
[1] "estimate fixed parameters --- done."
[1] "estimate dispersion parameters --- done."
############## Iteration: 3 ############### 
fixed.par: 2.15 0.99 -0.31 1.39 0.06 -1.74 0.36 -2.77 -1.11 2.66 1.24 -0.05 -0.73 -1.01 -2.04 -86.91 13.1 
FixedParDiff =  0.1320443 
likDiff =  0.002587166 
sigma: 0.98 0.1 -0.42 -0.29 2.01 
loglike: -5923.335 
########################################## 
[1] "estimate random effects --- done."
[1] "estimate fixed parameters --- done."
[1] "estimate dispersion parameters --- done."
############## Iteration: 4 ############### 
fixed.par: 2.14 1 -0.32 1.39 0.07 -1.76 0.38 -2.76 -1.07 2.59 1.24 -0.05 -1.13 -1.97 -3.62 -135.38 20.45 
FixedParDiff =  0.2150244 
likDiff =  0.004369413 
sigma: 0.98 0.08 -0.37 -0.31 2.01 
loglike: -5897.454 
########################################## 
[1] "estimate random effects --- done."
[1] "estimate fixed parameters --- done."
[1] "estimate dispersion parameters --- done."
############## Iteration: 5 ############### 
fixed.par: 2.15 1 -0.31 1.39 0.06 -1.72 0.36 -2.75 -1.01 2.44 1.23 -0.05 -2.61 -4.81 -8.82 -308.54 46.72 
FixedParDiff =  0.4179697 
likDiff =  0.009416389 
sigma: 0.98 0.05 -0.31 -0.36 2 
loglike: -5841.921 
########################################## 
[1] "estimate random effects --- done."
Error in estFixeff(RespLog, fixed = Jfixed, str_val = fixedest0, Dpars = Jraneff,  : 
  Iteration stops because fixed parameters can not be successfully estimated.

### [bt]: Job terminated with an exception [batchtools job.id=208]
### [bt]: Calculation finished!
