### [bt]: This is batchtools v0.9.15
### [bt]: Starting calculation of 1 jobs
### [bt]: Setting working directory to '/data/home/mengwang/21-summer-project/src'
### [bt]: Memory measurement disabled
### [bt]: Starting job [batchtools job.id=74]
### [bt]: Generating problem instance for problem 'generate_data' ...
### [bt]: Applying algorithm 'fit_JMest' on problem 'generate_data' for job 74 (seed = 21071098) ...
[1] "get initial values for LME & GLM models --- done."
[1] "get initial values for GLME model --- done."
[1] "get initial values for survival models --- done."
[1] "estimate random effects --- done."
[1] "estimate fixed parameters --- done."
[1] "estimate dispersion parameters --- done."
############## Iteration: 1 ############### 
fixed.par: 2.63 0.67 -0.17 1.07 0.07 -1.69 0.33 -2.74 -1.21 2.89 1.17 -0.05 -0.51 -0.32 -1.04 -56.81 8.54 
FixedParDiff =  0.2934297 
likDiff =  1 
sigma: 0.95 0.09 -0.46 -0.29 2 
loglike: -5983.853 
########################################## 
[1] "estimate random effects --- done."
[1] "estimate fixed parameters --- done."
[1] "estimate dispersion parameters --- done."
############## Iteration: 2 ############### 
fixed.par: 2.2 0.96 -0.3 1.36 0.06 -1.73 0.34 -2.78 -1.15 2.75 1.22 -0.05 -0.59 -0.57 -1.41 -68.6 10.33 
FixedParDiff =  0.217506 
likDiff =  0.007488566 
sigma: 0.97 0.1 -0.46 -0.29 2 
loglike: -5939.043 
########################################## 
[1] "estimate random effects --- done."
[1] "estimate fixed parameters --- done."
[1] "estimate dispersion parameters --- done."
############## Iteration: 3 ############### 
fixed.par: 2.15 0.99 -0.31 1.39 0.06 -1.75 0.37 -2.77 -1.11 2.67 1.24 -0.05 -0.73 -1.01 -2.04 -87.22 13.15 
FixedParDiff =  0.1401318 
likDiff =  0.002621966 
sigma: 0.98 0.1 -0.42 -0.29 2.01 
loglike: -5923.471 
########################################## 
[1] "estimate random effects --- done."
[1] "estimate fixed parameters --- done."
[1] "estimate dispersion parameters --- done."
############## Iteration: 4 ############### 
fixed.par: 2.15 1 -0.32 1.39 0.06 -1.74 0.37 -2.76 -1.07 2.59 1.25 -0.05 -1.07 -1.87 -3.44 -127.97 19.33 
FixedParDiff =  0.1799169 
likDiff =  0.004379595 
sigma: 0.98 0.08 -0.37 -0.31 2.01 
loglike: -5897.528 
########################################## 
[1] "estimate random effects --- done."
[1] "estimate fixed parameters --- done."
[1] "estimate dispersion parameters --- done."
############## Iteration: 5 ############### 
fixed.par: 2.15 1 -0.31 1.39 0.07 -1.74 0.37 -2.75 -1.02 2.47 1.25 -0.05 -2.37 -4.44 -8.07 -279.93 42.39 
FixedParDiff =  0.3832765 
likDiff =  0.008856345 
sigma: 0.98 0.06 -0.31 -0.36 2 
loglike: -5845.298 
########################################## 
[1] "estimate random effects --- done."
Error in estFixeff(RespLog, fixed = Jfixed, str_val = fixedest0, Dpars = Jraneff,  : 
  Iteration stops because fixed parameters can not be successfully estimated.

### [bt]: Job terminated with an exception [batchtools job.id=74]
### [bt]: Calculation finished!
